[0.031s] Invoking command in '/home/tang/tang_ws/navigation2/build/fastlio2': CMAKE_PREFIX_PATH=/home/tang/tang_ws/navigation2/install/livox_ros_driver2:/home/tang/tang_ws/navigation2/install/localizer:/home/tang/tang_ws/navigation2/install/fastlio2:/home/tang/tang_ws/navigation2/install/interface:/opt/bxi/bxi_ros2_pkg:/opt/ros/humble LD_LIBRARY_PATH=/home/tang/tang_ws/navigation2/install/livox_ros_driver2/lib:/home/tang/tang_ws/navigation2/install/interface/lib:/usr/local/lib:/usr/local/cuda-12.4/lib64:/usr/lib/x86_64-linux-gnu:/opt/bxi/bxi_ros2_pkg/lib:/opt/ros/humble/opt/rviz_ogre_vendor/lib:/opt/ros/humble/lib/x86_64-linux-gnu:/opt/ros/humble/lib:/usr/local/lib:/usr/local/cuda-12.4/lib64:/usr/lib/x86_64-linux-gnu:/home/.mujoco/mujoco-3.3.3-linux-x86_64/mujoco-3.3.3/bin:/home/tang/.mujoco/mujoco336/mujoco-3.3.6bin:/home/.mujoco/mujoco-3.3.3-linux-x86_64/mujoco-3.3.3/bin:/home/tang/.mujoco/mujoco336/mujoco-3.3.6bin /usr/bin/cmake --build /home/tang/tang_ws/navigation2/build/fastlio2 -- -j16 -l16
[0.090s] [100%] Built target lio_node
[0.096s] Invoked command in '/home/tang/tang_ws/navigation2/build/fastlio2' returned '0': CMAKE_PREFIX_PATH=/home/tang/tang_ws/navigation2/install/livox_ros_driver2:/home/tang/tang_ws/navigation2/install/localizer:/home/tang/tang_ws/navigation2/install/fastlio2:/home/tang/tang_ws/navigation2/install/interface:/opt/bxi/bxi_ros2_pkg:/opt/ros/humble LD_LIBRARY_PATH=/home/tang/tang_ws/navigation2/install/livox_ros_driver2/lib:/home/tang/tang_ws/navigation2/install/interface/lib:/usr/local/lib:/usr/local/cuda-12.4/lib64:/usr/lib/x86_64-linux-gnu:/opt/bxi/bxi_ros2_pkg/lib:/opt/ros/humble/opt/rviz_ogre_vendor/lib:/opt/ros/humble/lib/x86_64-linux-gnu:/opt/ros/humble/lib:/usr/local/lib:/usr/local/cuda-12.4/lib64:/usr/lib/x86_64-linux-gnu:/home/.mujoco/mujoco-3.3.3-linux-x86_64/mujoco-3.3.3/bin:/home/tang/.mujoco/mujoco336/mujoco-3.3.6bin:/home/.mujoco/mujoco-3.3.3-linux-x86_64/mujoco-3.3.3/bin:/home/tang/.mujoco/mujoco336/mujoco-3.3.6bin /usr/bin/cmake --build /home/tang/tang_ws/navigation2/build/fastlio2 -- -j16 -l16
[0.097s] Invoking command in '/home/tang/tang_ws/navigation2/build/fastlio2': CMAKE_PREFIX_PATH=/home/tang/tang_ws/navigation2/install/livox_ros_driver2:/home/tang/tang_ws/navigation2/install/localizer:/home/tang/tang_ws/navigation2/install/fastlio2:/home/tang/tang_ws/navigation2/install/interface:/opt/bxi/bxi_ros2_pkg:/opt/ros/humble LD_LIBRARY_PATH=/home/tang/tang_ws/navigation2/install/livox_ros_driver2/lib:/home/tang/tang_ws/navigation2/install/interface/lib:/usr/local/lib:/usr/local/cuda-12.4/lib64:/usr/lib/x86_64-linux-gnu:/opt/bxi/bxi_ros2_pkg/lib:/opt/ros/humble/opt/rviz_ogre_vendor/lib:/opt/ros/humble/lib/x86_64-linux-gnu:/opt/ros/humble/lib:/usr/local/lib:/usr/local/cuda-12.4/lib64:/usr/lib/x86_64-linux-gnu:/home/.mujoco/mujoco-3.3.3-linux-x86_64/mujoco-3.3.3/bin:/home/tang/.mujoco/mujoco336/mujoco-3.3.6bin:/home/.mujoco/mujoco-3.3.3-linux-x86_64/mujoco-3.3.3/bin:/home/tang/.mujoco/mujoco336/mujoco-3.3.6bin /usr/bin/cmake --install /home/tang/tang_ws/navigation2/build/fastlio2
[0.102s] -- Install configuration: "Release"
[0.102s] -- Up-to-date: /home/tang/tang_ws/navigation2/install/fastlio2/lib/fastlio2/lio_node
[0.102s] -- Up-to-date: /home/tang/tang_ws/navigation2/install/fastlio2/share/fastlio2/launch
[0.102s] -- Up-to-date: /home/tang/tang_ws/navigation2/install/fastlio2/share/fastlio2/launch/lio_launch.py
[0.102s] -- Up-to-date: /home/tang/tang_ws/navigation2/install/fastlio2/share/fastlio2/rviz
[0.102s] -- Up-to-date: /home/tang/tang_ws/navigation2/install/fastlio2/share/fastlio2/rviz/fastlio2.rviz
[0.102s] -- Up-to-date: /home/tang/tang_ws/navigation2/install/fastlio2/share/fastlio2/config
[0.102s] -- Up-to-date: /home/tang/tang_ws/navigation2/install/fastlio2/share/fastlio2/config/lio.yaml
[0.102s] -- Up-to-date: /home/tang/tang_ws/navigation2/install/fastlio2/share/ament_index/resource_index/package_run_dependencies/fastlio2
[0.102s] -- Up-to-date: /home/tang/tang_ws/navigation2/install/fastlio2/share/ament_index/resource_index/parent_prefix_path/fastlio2
[0.103s] -- Up-to-date: /home/tang/tang_ws/navigation2/install/fastlio2/share/fastlio2/environment/ament_prefix_path.sh
[0.103s] -- Up-to-date: /home/tang/tang_ws/navigation2/install/fastlio2/share/fastlio2/environment/ament_prefix_path.dsv
[0.103s] -- Up-to-date: /home/tang/tang_ws/navigation2/install/fastlio2/share/fastlio2/environment/path.sh
[0.103s] -- Up-to-date: /home/tang/tang_ws/navigation2/install/fastlio2/share/fastlio2/environment/path.dsv
[0.103s] -- Up-to-date: /home/tang/tang_ws/navigation2/install/fastlio2/share/fastlio2/local_setup.bash
[0.103s] -- Up-to-date: /home/tang/tang_ws/navigation2/install/fastlio2/share/fastlio2/local_setup.sh
[0.103s] -- Up-to-date: /home/tang/tang_ws/navigation2/install/fastlio2/share/fastlio2/local_setup.zsh
[0.103s] -- Up-to-date: /home/tang/tang_ws/navigation2/install/fastlio2/share/fastlio2/local_setup.dsv
[0.103s] -- Installing: /home/tang/tang_ws/navigation2/install/fastlio2/share/fastlio2/package.dsv
[0.103s] -- Up-to-date: /home/tang/tang_ws/navigation2/install/fastlio2/share/ament_index/resource_index/packages/fastlio2
[0.103s] -- Up-to-date: /home/tang/tang_ws/navigation2/install/fastlio2/share/fastlio2/cmake/fastlio2Config.cmake
[0.103s] -- Up-to-date: /home/tang/tang_ws/navigation2/install/fastlio2/share/fastlio2/cmake/fastlio2Config-version.cmake
[0.103s] -- Up-to-date: /home/tang/tang_ws/navigation2/install/fastlio2/share/fastlio2/package.xml
[0.104s] Invoked command in '/home/tang/tang_ws/navigation2/build/fastlio2' returned '0': CMAKE_PREFIX_PATH=/home/tang/tang_ws/navigation2/install/livox_ros_driver2:/home/tang/tang_ws/navigation2/install/localizer:/home/tang/tang_ws/navigation2/install/fastlio2:/home/tang/tang_ws/navigation2/install/interface:/opt/bxi/bxi_ros2_pkg:/opt/ros/humble LD_LIBRARY_PATH=/home/tang/tang_ws/navigation2/install/livox_ros_driver2/lib:/home/tang/tang_ws/navigation2/install/interface/lib:/usr/local/lib:/usr/local/cuda-12.4/lib64:/usr/lib/x86_64-linux-gnu:/opt/bxi/bxi_ros2_pkg/lib:/opt/ros/humble/opt/rviz_ogre_vendor/lib:/opt/ros/humble/lib/x86_64-linux-gnu:/opt/ros/humble/lib:/usr/local/lib:/usr/local/cuda-12.4/lib64:/usr/lib/x86_64-linux-gnu:/home/.mujoco/mujoco-3.3.3-linux-x86_64/mujoco-3.3.3/bin:/home/tang/.mujoco/mujoco336/mujoco-3.3.6bin:/home/.mujoco/mujoco-3.3.3-linux-x86_64/mujoco-3.3.3/bin:/home/tang/.mujoco/mujoco336/mujoco-3.3.6bin /usr/bin/cmake --install /home/tang/tang_ws/navigation2/build/fastlio2
