[0.009s] Invoking command in '/home/tang/voice/ws_voice/build/wheeltec_mic_aiui': CMAKE_PREFIX_PATH=${CMAKE_PREFIX_PATH}:/opt/ros/humble /usr/bin/cmake /home/tang/voice/ws_voice/src/wheeltec_mic_aiui -DCMAKE_INSTALL_PREFIX=/home/tang/voice/ws_voice/install/wheeltec_mic_aiui
[0.017s] -- Found ament_cmake: 1.3.12 (/opt/ros/humble/share/ament_cmake/cmake)
[0.112s] -- Found geometry_msgs: 4.9.0 (/opt/ros/humble/share/geometry_msgs/cmake)
[0.127s] -- Found rosidl_generator_c: 3.1.7 (/opt/ros/humble/share/rosidl_generator_c/cmake)
[0.128s] -- Found rosidl_adapter: 3.1.7 (/opt/ros/humble/share/rosidl_adapter/cmake)
[0.132s] -- Found rosidl_generator_cpp: 3.1.7 (/opt/ros/humble/share/rosidl_generator_cpp/cmake)
[0.137s] -- Using all available rosidl_typesupport_c: rosidl_typesupport_fastrtps_c;rosidl_typesupport_introspection_c
[0.143s] -- Using all available rosidl_typesupport_cpp: rosidl_typesupport_fastrtps_cpp;rosidl_typesupport_introspection_cpp
[0.162s] -- Found rosidl_default_generators: 1.2.0 (/opt/ros/humble/share/rosidl_default_generators/cmake)
[0.166s] -- Found rclcpp: 16.0.15 (/opt/ros/humble/share/rclcpp/cmake)
[0.180s] -- Found rmw_implementation_cmake: 6.1.2 (/opt/ros/humble/share/rmw_implementation_cmake/cmake)
[0.180s] -- Found rmw_cyclonedds_cpp: 1.3.4 (/opt/ros/humble/share/rmw_cyclonedds_cpp/cmake)
[0.190s] -- Using RMW implementation 'rmw_cyclonedds_cpp' as default
[0.211s] -- Found rclcpp_action: 16.0.15 (/opt/ros/humble/share/rclcpp_action/cmake)
[0.234s] [31mCMake Error at CMakeLists.txt:27 (find_package):
[0.234s]   By not providing "Findserial.cmake" in CMAKE_MODULE_PATH this project has
[0.234s]   asked CMake to find a package configuration file provided by "serial", but
[0.234s]   CMake did not find one.
[0.234s] 
[0.234s]   Could not find a package configuration file provided by "serial" with any
[0.234s]   of the following names:
[0.234s] 
[0.234s]     serialConfig.cmake
[0.234s]     serial-config.cmake
[0.234s] 
[0.234s]   Add the installation prefix of "serial" to CMAKE_PREFIX_PATH or set
[0.234s]   "serial_DIR" to a directory containing one of the above files.  If "serial"
[0.234s]   provides a separate development package or SDK, be sure it has been
[0.234s]   installed.
[0.235s] 
[0.235s] [0m
[0.235s] -- Configuring incomplete, errors occurred!
[0.235s] See also "/home/tang/voice/ws_voice/build/wheeltec_mic_aiui/CMakeFiles/CMakeOutput.log".
[0.238s] Invoked command in '/home/tang/voice/ws_voice/build/wheeltec_mic_aiui' returned '1': CMAKE_PREFIX_PATH=${CMAKE_PREFIX_PATH}:/opt/ros/humble /usr/bin/cmake /home/tang/voice/ws_voice/src/wheeltec_mic_aiui -DCMAKE_INSTALL_PREFIX=/home/tang/voice/ws_voice/install/wheeltec_mic_aiui
