[0.009s] Invoking command in '/home/tang/voice/ws_voice/build/wheeltec_mic_ros2': AMENT_PREFIX_PATH=/home/tang/voice/ws_voice/install/wheeltec_mic_msg:${AMENT_PREFIX_PATH} CMAKE_PREFIX_PATH=/home/tang/voice/ws_voice/install/wheeltec_mic_msg:/opt/bxi/bxi_ros2_pkg:/opt/ros/humble LD_LIBRARY_PATH=/home/tang/voice/ws_voice/install/wheeltec_mic_msg/lib:/usr/local/lib:/usr/local/cuda-12.4/lib64:/opt/bxi/bxi_ros2_pkg/lib:/opt/ros/humble/opt/rviz_ogre_vendor/lib:/opt/ros/humble/lib/x86_64-linux-gnu:/opt/ros/humble/lib:/usr/lib/x86_64-linux-gnu:/home/.mujoco/mujoco-3.3.3-linux-x86_64/mujoco-3.3.3/bin:/home/tang/.mujoco/mujoco336/mujoco-3.3.6bin PYTHONPATH=/home/tang/voice/ws_voice/install/wheeltec_mic_msg/local/lib/python3.10/dist-packages:${PYTHONPATH} /usr/bin/cmake --build /home/tang/voice/ws_voice/build/wheeltec_mic_ros2 -- -j16 -l16
[0.044s] [ 36%] Built target node_feedback
[0.045s] [ 36%] Built target voice_control
[0.046s] [ 54%] [32mBuilding CXX object CMakeFiles/wheeltec_mic.dir/src/wheeltec_mic.cpp.o[0m
[0.046s] [ 63%] Built target command_recognition
[0.046s] [ 72%] [32mBuilding CXX object CMakeFiles/wheeltec_mic.dir/src/ros2_service.cpp.o[0m
[0.048s] [ 90%] Built target call_recognition
[0.080s] In file included from [01m[K/home/tang/voice/ws_voice/src/wheeltec_mic/wheeltec_mic_ros2/src/ros2_service.cpp:6[m[K:
[0.080s] [01m[K/home/tang/voice/ws_voice/src/wheeltec_mic/wheeltec_mic_ros2/include/wheeltec_mic.h:7:10:[m[K [01;31m[Kfatal error: [m[Kserial/serial.h: 没有那个文件或目录
[0.080s]     7 | #include [01;31m[K<serial/serial.h>[m[K
[0.080s]       |          [01;31m[K^~~~~~~~~~~~~~~~~[m[K
[0.080s] compilation terminated.
[0.080s] In file included from [01m[K/home/tang/voice/ws_voice/src/wheeltec_mic/wheeltec_mic_ros2/src/wheeltec_mic.cpp:6[m[K:
[0.080s] [01m[K/home/tang/voice/ws_voice/src/wheeltec_mic/wheeltec_mic_ros2/include/wheeltec_mic.h:7:10:[m[K [01;31m[Kfatal error: [m[Kserial/serial.h: 没有那个文件或目录
[0.080s]     7 | #include [01;31m[K<serial/serial.h>[m[K
[0.080s]       |          [01;31m[K^~~~~~~~~~~~~~~~~[m[K
[0.081s] compilation terminated.
[0.081s] gmake[2]: *** [CMakeFiles/wheeltec_mic.dir/build.make:90：CMakeFiles/wheeltec_mic.dir/src/ros2_service.cpp.o] 错误 1
[0.081s] gmake[2]: *** 正在等待未完成的任务....
[0.081s] gmake[2]: *** [CMakeFiles/wheeltec_mic.dir/build.make:76：CMakeFiles/wheeltec_mic.dir/src/wheeltec_mic.cpp.o] 错误 1
[0.081s] gmake[1]: *** [CMakeFiles/Makefile2:223：CMakeFiles/wheeltec_mic.dir/all] 错误 2
[0.081s] gmake: *** [Makefile:146：all] 错误 2
[0.083s] Invoked command in '/home/tang/voice/ws_voice/build/wheeltec_mic_ros2' returned '2': AMENT_PREFIX_PATH=/home/tang/voice/ws_voice/install/wheeltec_mic_msg:${AMENT_PREFIX_PATH} CMAKE_PREFIX_PATH=/home/tang/voice/ws_voice/install/wheeltec_mic_msg:/opt/bxi/bxi_ros2_pkg:/opt/ros/humble LD_LIBRARY_PATH=/home/tang/voice/ws_voice/install/wheeltec_mic_msg/lib:/usr/local/lib:/usr/local/cuda-12.4/lib64:/opt/bxi/bxi_ros2_pkg/lib:/opt/ros/humble/opt/rviz_ogre_vendor/lib:/opt/ros/humble/lib/x86_64-linux-gnu:/opt/ros/humble/lib:/usr/lib/x86_64-linux-gnu:/home/.mujoco/mujoco-3.3.3-linux-x86_64/mujoco-3.3.3/bin:/home/tang/.mujoco/mujoco336/mujoco-3.3.6bin PYTHONPATH=/home/tang/voice/ws_voice/install/wheeltec_mic_msg/local/lib/python3.10/dist-packages:${PYTHONPATH} /usr/bin/cmake --build /home/tang/voice/ws_voice/build/wheeltec_mic_ros2 -- -j16 -l16
