[0.062s] [34mcolcon[0m [1;30mDEBUG[0m [32mCommand line arguments: ['/usr/bin/colcon', 'build'][0m
[0.062s] [34mcolcon[0m [1;30mDEBUG[0m [32mParsed command line arguments: Namespace(log_base=None, log_level=None, verb_name='build', build_base='build', install_base='install', merge_install=False, symlink_install=False, test_result_base=None, continue_on_error=False, executor='parallel', parallel_workers=16, event_handlers=None, ignore_user_meta=False, metas=['./colcon.meta'], base_paths=['.'], packages_ignore=None, packages_ignore_regex=None, paths=None, packages_up_to=None, packages_up_to_regex=None, packages_above=None, packages_above_and_dependencies=None, packages_above_depth=None, packages_select_by_dep=None, packages_skip_by_dep=None, packages_skip_up_to=None, packages_select_build_failed=False, packages_skip_build_finished=False, packages_select_test_failures=False, packages_skip_test_passed=False, packages_select=None, packages_skip=None, packages_select_regex=None, packages_skip_regex=None, packages_start=None, packages_end=None, allow_overriding=[], cmake_args=None, cmake_target=None, cmake_target_skip_unavailable=False, cmake_clean_cache=False, cmake_clean_first=False, cmake_force_configure=False, ament_cmake_args=None, catkin_cmake_args=None, catkin_skip_building_tests=False, verb_parser=<colcon_defaults.argument_parser.defaults.DefaultArgumentsDecorator object at 0x7f69ae107c40>, verb_extension=<colcon_core.verb.build.BuildVerb object at 0x7f69ae106c20>, main=<bound method BuildVerb.main of <colcon_core.verb.build.BuildVerb object at 0x7f69ae106c20>>)[0m
[0.150s] [34mcolcon.colcon_core.package_discovery[0m [1;30mLevel 1[0m discover_packages(colcon_meta) check parameters
[0.151s] [34mcolcon.colcon_core.package_discovery[0m [1;30mLevel 1[0m discover_packages(recursive) check parameters
[0.151s] [34mcolcon.colcon_core.package_discovery[0m [1;30mLevel 1[0m discover_packages(ignore) check parameters
[0.151s] [34mcolcon.colcon_core.package_discovery[0m [1;30mLevel 1[0m discover_packages(path) check parameters
[0.151s] [34mcolcon.colcon_core.package_discovery[0m [1;30mLevel 1[0m discover_packages(colcon_meta) discover
[0.151s] [34mcolcon.colcon_core.package_discovery[0m [1;30mLevel 1[0m discover_packages(recursive) discover
[0.151s] [34mcolcon.colcon_core.package_discovery[0m [1;30mINFO[0m Crawling recursively for packages in '/home/tang/tang_ws/navigation2'
[0.151s] [34mcolcon.colcon_core.package_identification[0m [1;30mLevel 1[0m _identify(.) by extensions ['ignore', 'ignore_ament_install']
[0.151s] [34mcolcon.colcon_core.package_identification[0m [1;30mLevel 1[0m _identify(.) by extension 'ignore'
[0.151s] [34mcolcon.colcon_core.package_identification[0m [1;30mLevel 1[0m _identify(.) by extension 'ignore_ament_install'
[0.151s] [34mcolcon.colcon_core.package_identification[0m [1;30mLevel 1[0m _identify(.) by extensions ['colcon_pkg']
[0.151s] [34mcolcon.colcon_core.package_identification[0m [1;30mLevel 1[0m _identify(.) by extension 'colcon_pkg'
[0.151s] [34mcolcon.colcon_core.package_identification[0m [1;30mLevel 1[0m _identify(.) by extensions ['colcon_meta']
[0.151s] [34mcolcon.colcon_core.package_identification[0m [1;30mLevel 1[0m _identify(.) by extension 'colcon_meta'
[0.151s] [34mcolcon.colcon_core.package_identification[0m [1;30mLevel 1[0m _identify(.) by extensions ['ros']
[0.151s] [34mcolcon.colcon_core.package_identification[0m [1;30mLevel 1[0m _identify(.) by extension 'ros'
[0.157s] [34mcolcon.colcon_core.package_identification[0m [1;30mLevel 1[0m _identify(.) by extensions ['cmake', 'python']
[0.157s] [34mcolcon.colcon_core.package_identification[0m [1;30mLevel 1[0m _identify(.) by extension 'cmake'
[0.157s] [34mcolcon.colcon_core.package_identification[0m [1;30mLevel 1[0m _identify(.) by extension 'python'
[0.157s] [34mcolcon.colcon_core.package_identification[0m [1;30mLevel 1[0m _identify(.) by extensions ['python_setup_py']
[0.157s] [34mcolcon.colcon_core.package_identification[0m [1;30mLevel 1[0m _identify(.) by extension 'python_setup_py'
[0.157s] [34mcolcon.colcon_core.package_identification[0m [1;30mLevel 1[0m _identify(build) by extensions ['ignore', 'ignore_ament_install']
[0.157s] [34mcolcon.colcon_core.package_identification[0m [1;30mLevel 1[0m _identify(build) by extension 'ignore'
[0.157s] [34mcolcon.colcon_core.package_identification[0m [1;30mLevel 1[0m _identify(build) ignored
[0.157s] [34mcolcon.colcon_core.package_identification[0m [1;30mLevel 1[0m _identify(bxi_map) by extensions ['ignore', 'ignore_ament_install']
[0.158s] [34mcolcon.colcon_core.package_identification[0m [1;30mLevel 1[0m _identify(bxi_map) by extension 'ignore'
[0.158s] [34mcolcon.colcon_core.package_identification[0m [1;30mLevel 1[0m _identify(bxi_map) by extension 'ignore_ament_install'
[0.158s] [34mcolcon.colcon_core.package_identification[0m [1;30mLevel 1[0m _identify(bxi_map) by extensions ['colcon_pkg']
[0.158s] [34mcolcon.colcon_core.package_identification[0m [1;30mLevel 1[0m _identify(bxi_map) by extension 'colcon_pkg'
[0.158s] [34mcolcon.colcon_core.package_identification[0m [1;30mLevel 1[0m _identify(bxi_map) by extensions ['colcon_meta']
[0.158s] [34mcolcon.colcon_core.package_identification[0m [1;30mLevel 1[0m _identify(bxi_map) by extension 'colcon_meta'
[0.158s] [34mcolcon.colcon_core.package_identification[0m [1;30mLevel 1[0m _identify(bxi_map) by extensions ['ros']
[0.158s] [34mcolcon.colcon_core.package_identification[0m [1;30mLevel 1[0m _identify(bxi_map) by extension 'ros'
[0.158s] [34mcolcon.colcon_core.package_identification[0m [1;30mLevel 1[0m _identify(bxi_map) by extensions ['cmake', 'python']
[0.158s] [34mcolcon.colcon_core.package_identification[0m [1;30mLevel 1[0m _identify(bxi_map) by extension 'cmake'
[0.158s] [34mcolcon.colcon_core.package_identification[0m [1;30mLevel 1[0m _identify(bxi_map) by extension 'python'
[0.158s] [34mcolcon.colcon_core.package_identification[0m [1;30mLevel 1[0m _identify(bxi_map) by extensions ['python_setup_py']
[0.158s] [34mcolcon.colcon_core.package_identification[0m [1;30mLevel 1[0m _identify(bxi_map) by extension 'python_setup_py'
[0.158s] [34mcolcon.colcon_core.package_identification[0m [1;30mLevel 1[0m _identify(data) by extensions ['ignore', 'ignore_ament_install']
[0.158s] [34mcolcon.colcon_core.package_identification[0m [1;30mLevel 1[0m _identify(data) by extension 'ignore'
[0.158s] [34mcolcon.colcon_core.package_identification[0m [1;30mLevel 1[0m _identify(data) by extension 'ignore_ament_install'
[0.158s] [34mcolcon.colcon_core.package_identification[0m [1;30mLevel 1[0m _identify(data) by extensions ['colcon_pkg']
[0.158s] [34mcolcon.colcon_core.package_identification[0m [1;30mLevel 1[0m _identify(data) by extension 'colcon_pkg'
[0.158s] [34mcolcon.colcon_core.package_identification[0m [1;30mLevel 1[0m _identify(data) by extensions ['colcon_meta']
[0.158s] [34mcolcon.colcon_core.package_identification[0m [1;30mLevel 1[0m _identify(data) by extension 'colcon_meta'
[0.158s] [34mcolcon.colcon_core.package_identification[0m [1;30mLevel 1[0m _identify(data) by extensions ['ros']
[0.158s] [34mcolcon.colcon_core.package_identification[0m [1;30mLevel 1[0m _identify(data) by extension 'ros'
[0.158s] [34mcolcon.colcon_core.package_identification[0m [1;30mLevel 1[0m _identify(data) by extensions ['cmake', 'python']
[0.158s] [34mcolcon.colcon_core.package_identification[0m [1;30mLevel 1[0m _identify(data) by extension 'cmake'
[0.158s] [34mcolcon.colcon_core.package_identification[0m [1;30mLevel 1[0m _identify(data) by extension 'python'
[0.158s] [34mcolcon.colcon_core.package_identification[0m [1;30mLevel 1[0m _identify(data) by extensions ['python_setup_py']
[0.158s] [34mcolcon.colcon_core.package_identification[0m [1;30mLevel 1[0m _identify(data) by extension 'python_setup_py'
[0.158s] [34mcolcon.colcon_core.package_identification[0m [1;30mLevel 1[0m _identify(install) by extensions ['ignore', 'ignore_ament_install']
[0.158s] [34mcolcon.colcon_core.package_identification[0m [1;30mLevel 1[0m _identify(install) by extension 'ignore'
[0.158s] [34mcolcon.colcon_core.package_identification[0m [1;30mLevel 1[0m _identify(install) ignored
[0.158s] [34mcolcon.colcon_core.package_identification[0m [1;30mLevel 1[0m _identify(log) by extensions ['ignore', 'ignore_ament_install']
[0.158s] [34mcolcon.colcon_core.package_identification[0m [1;30mLevel 1[0m _identify(log) by extension 'ignore'
[0.158s] [34mcolcon.colcon_core.package_identification[0m [1;30mLevel 1[0m _identify(log) ignored
[0.158s] [34mcolcon.colcon_core.package_identification[0m [1;30mLevel 1[0m _identify(src) by extensions ['ignore', 'ignore_ament_install']
[0.158s] [34mcolcon.colcon_core.package_identification[0m [1;30mLevel 1[0m _identify(src) by extension 'ignore'
[0.158s] [34mcolcon.colcon_core.package_identification[0m [1;30mLevel 1[0m _identify(src) by extension 'ignore_ament_install'
[0.158s] [34mcolcon.colcon_core.package_identification[0m [1;30mLevel 1[0m _identify(src) by extensions ['colcon_pkg']
[0.158s] [34mcolcon.colcon_core.package_identification[0m [1;30mLevel 1[0m _identify(src) by extension 'colcon_pkg'
[0.158s] [34mcolcon.colcon_core.package_identification[0m [1;30mLevel 1[0m _identify(src) by extensions ['colcon_meta']
[0.158s] [34mcolcon.colcon_core.package_identification[0m [1;30mLevel 1[0m _identify(src) by extension 'colcon_meta'
[0.158s] [34mcolcon.colcon_core.package_identification[0m [1;30mLevel 1[0m _identify(src) by extensions ['ros']
[0.158s] [34mcolcon.colcon_core.package_identification[0m [1;30mLevel 1[0m _identify(src) by extension 'ros'
[0.158s] [34mcolcon.colcon_core.package_identification[0m [1;30mLevel 1[0m _identify(src) by extensions ['cmake', 'python']
[0.158s] [34mcolcon.colcon_core.package_identification[0m [1;30mLevel 1[0m _identify(src) by extension 'cmake'
[0.158s] [34mcolcon.colcon_core.package_identification[0m [1;30mLevel 1[0m _identify(src) by extension 'python'
[0.158s] [34mcolcon.colcon_core.package_identification[0m [1;30mLevel 1[0m _identify(src) by extensions ['python_setup_py']
[0.158s] [34mcolcon.colcon_core.package_identification[0m [1;30mLevel 1[0m _identify(src) by extension 'python_setup_py'
[0.159s] [34mcolcon.colcon_core.package_identification[0m [1;30mLevel 1[0m _identify(src/fastlio2) by extensions ['ignore', 'ignore_ament_install']
[0.159s] [34mcolcon.colcon_core.package_identification[0m [1;30mLevel 1[0m _identify(src/fastlio2) by extension 'ignore'
[0.159s] [34mcolcon.colcon_core.package_identification[0m [1;30mLevel 1[0m _identify(src/fastlio2) by extension 'ignore_ament_install'
[0.159s] [34mcolcon.colcon_core.package_identification[0m [1;30mLevel 1[0m _identify(src/fastlio2) by extensions ['colcon_pkg']
[0.159s] [34mcolcon.colcon_core.package_identification[0m [1;30mLevel 1[0m _identify(src/fastlio2) by extension 'colcon_pkg'
[0.159s] [34mcolcon.colcon_core.package_identification[0m [1;30mLevel 1[0m _identify(src/fastlio2) by extensions ['colcon_meta']
[0.159s] [34mcolcon.colcon_core.package_identification[0m [1;30mLevel 1[0m _identify(src/fastlio2) by extension 'colcon_meta'
[0.159s] [34mcolcon.colcon_core.package_identification[0m [1;30mLevel 1[0m _identify(src/fastlio2) by extensions ['ros']
[0.159s] [34mcolcon.colcon_core.package_identification[0m [1;30mLevel 1[0m _identify(src/fastlio2) by extension 'ros'
[0.165s] [34mcolcon.colcon_core.package_identification[0m [1;30mDEBUG[0m [32mPackage 'src/fastlio2' with type 'ros.ament_cmake' and name 'fastlio2'[0m
[0.165s] [34mcolcon.colcon_core.package_identification[0m [1;30mLevel 1[0m _identify(src/interface) by extensions ['ignore', 'ignore_ament_install']
[0.165s] [34mcolcon.colcon_core.package_identification[0m [1;30mLevel 1[0m _identify(src/interface) by extension 'ignore'
[0.165s] [34mcolcon.colcon_core.package_identification[0m [1;30mLevel 1[0m _identify(src/interface) by extension 'ignore_ament_install'
[0.165s] [34mcolcon.colcon_core.package_identification[0m [1;30mLevel 1[0m _identify(src/interface) by extensions ['colcon_pkg']
[0.165s] [34mcolcon.colcon_core.package_identification[0m [1;30mLevel 1[0m _identify(src/interface) by extension 'colcon_pkg'
[0.165s] [34mcolcon.colcon_core.package_identification[0m [1;30mLevel 1[0m _identify(src/interface) by extensions ['colcon_meta']
[0.165s] [34mcolcon.colcon_core.package_identification[0m [1;30mLevel 1[0m _identify(src/interface) by extension 'colcon_meta'
[0.165s] [34mcolcon.colcon_core.package_identification[0m [1;30mLevel 1[0m _identify(src/interface) by extensions ['ros']
[0.165s] [34mcolcon.colcon_core.package_identification[0m [1;30mLevel 1[0m _identify(src/interface) by extension 'ros'
[0.166s] [34mcolcon.colcon_core.package_identification[0m [1;30mDEBUG[0m [32mPackage 'src/interface' with type 'ros.ament_cmake' and name 'interface'[0m
[0.166s] [34mcolcon.colcon_core.package_identification[0m [1;30mLevel 1[0m _identify(src/livox_ros_driver2) by extensions ['ignore', 'ignore_ament_install']
[0.166s] [34mcolcon.colcon_core.package_identification[0m [1;30mLevel 1[0m _identify(src/livox_ros_driver2) by extension 'ignore'
[0.166s] [34mcolcon.colcon_core.package_identification[0m [1;30mLevel 1[0m _identify(src/livox_ros_driver2) by extension 'ignore_ament_install'
[0.166s] [34mcolcon.colcon_core.package_identification[0m [1;30mLevel 1[0m _identify(src/livox_ros_driver2) by extensions ['colcon_pkg']
[0.166s] [34mcolcon.colcon_core.package_identification[0m [1;30mLevel 1[0m _identify(src/livox_ros_driver2) by extension 'colcon_pkg'
[0.166s] [34mcolcon.colcon_core.package_identification[0m [1;30mLevel 1[0m _identify(src/livox_ros_driver2) by extensions ['colcon_meta']
[0.166s] [34mcolcon.colcon_core.package_identification[0m [1;30mLevel 1[0m _identify(src/livox_ros_driver2) by extension 'colcon_meta'
[0.166s] [34mcolcon.colcon_core.package_identification[0m [1;30mLevel 1[0m _identify(src/livox_ros_driver2) by extensions ['ros']
[0.166s] [34mcolcon.colcon_core.package_identification[0m [1;30mLevel 1[0m _identify(src/livox_ros_driver2) by extension 'ros'
[0.167s] [34mcolcon.colcon_core.package_identification[0m [1;30mDEBUG[0m [32mPackage 'src/livox_ros_driver2' with type 'ros.ament_cmake' and name 'livox_ros_driver2'[0m
[0.167s] [34mcolcon.colcon_core.package_identification[0m [1;30mLevel 1[0m _identify(src/localizer) by extensions ['ignore', 'ignore_ament_install']
[0.167s] [34mcolcon.colcon_core.package_identification[0m [1;30mLevel 1[0m _identify(src/localizer) by extension 'ignore'
[0.167s] [34mcolcon.colcon_core.package_identification[0m [1;30mLevel 1[0m _identify(src/localizer) by extension 'ignore_ament_install'
[0.167s] [34mcolcon.colcon_core.package_identification[0m [1;30mLevel 1[0m _identify(src/localizer) by extensions ['colcon_pkg']
[0.167s] [34mcolcon.colcon_core.package_identification[0m [1;30mLevel 1[0m _identify(src/localizer) by extension 'colcon_pkg'
[0.167s] [34mcolcon.colcon_core.package_identification[0m [1;30mLevel 1[0m _identify(src/localizer) by extensions ['colcon_meta']
[0.167s] [34mcolcon.colcon_core.package_identification[0m [1;30mLevel 1[0m _identify(src/localizer) by extension 'colcon_meta'
[0.167s] [34mcolcon.colcon_core.package_identification[0m [1;30mLevel 1[0m _identify(src/localizer) by extensions ['ros']
[0.167s] [34mcolcon.colcon_core.package_identification[0m [1;30mLevel 1[0m _identify(src/localizer) by extension 'ros'
[0.168s] [34mcolcon.colcon_core.package_identification[0m [1;30mDEBUG[0m [32mPackage 'src/localizer' with type 'ros.ament_cmake' and name 'localizer'[0m
[0.168s] [34mcolcon.colcon_core.package_discovery[0m [1;30mLevel 1[0m discover_packages(recursive) using defaults
[0.168s] [34mcolcon.colcon_core.package_discovery[0m [1;30mLevel 1[0m discover_packages(ignore) discover
[0.168s] [34mcolcon.colcon_core.package_discovery[0m [1;30mLevel 1[0m discover_packages(ignore) using defaults
[0.168s] [34mcolcon.colcon_core.package_discovery[0m [1;30mLevel 1[0m discover_packages(path) discover
[0.168s] [34mcolcon.colcon_core.package_discovery[0m [1;30mLevel 1[0m discover_packages(path) using defaults
[0.177s] [34mcolcon.colcon_core.package_discovery[0m [1;30mLevel 1[0m discover_packages(prefix_path) check parameters
[0.177s] [34mcolcon.colcon_core.package_discovery[0m [1;30mLevel 1[0m discover_packages(prefix_path) discover
[0.177s] [34mcolcon.colcon_installed_package_information.package_discovery[0m [1;30mDEBUG[0m [32mFound 11 installed packages in /opt/bxi/bxi_ros2_pkg[0m
[0.178s] [34mcolcon.colcon_installed_package_information.package_discovery[0m [1;30mDEBUG[0m [32mFound 332 installed packages in /opt/ros/humble[0m
[0.179s] [34mcolcon.colcon_core.package_discovery[0m [1;30mLevel 1[0m discover_packages(prefix_path) using defaults
[0.198s] [34mcolcon.colcon_core.verb[0m [1;30mLevel 5[0m set package 'interface' build argument 'cmake_args' from command line to 'None'
[0.198s] [34mcolcon.colcon_core.verb[0m [1;30mLevel 5[0m set package 'interface' build argument 'cmake_target' from command line to 'None'
[0.198s] [34mcolcon.colcon_core.verb[0m [1;30mLevel 5[0m set package 'interface' build argument 'cmake_target_skip_unavailable' from command line to 'False'
[0.198s] [34mcolcon.colcon_core.verb[0m [1;30mLevel 5[0m set package 'interface' build argument 'cmake_clean_cache' from command line to 'False'
[0.198s] [34mcolcon.colcon_core.verb[0m [1;30mLevel 5[0m set package 'interface' build argument 'cmake_clean_first' from command line to 'False'
[0.198s] [34mcolcon.colcon_core.verb[0m [1;30mLevel 5[0m set package 'interface' build argument 'cmake_force_configure' from command line to 'False'
[0.198s] [34mcolcon.colcon_core.verb[0m [1;30mLevel 5[0m set package 'interface' build argument 'ament_cmake_args' from command line to 'None'
[0.198s] [34mcolcon.colcon_core.verb[0m [1;30mLevel 5[0m set package 'interface' build argument 'catkin_cmake_args' from command line to 'None'
[0.198s] [34mcolcon.colcon_core.verb[0m [1;30mLevel 5[0m set package 'interface' build argument 'catkin_skip_building_tests' from command line to 'False'
[0.198s] [34mcolcon.colcon_core.verb[0m [1;30mDEBUG[0m [32mBuilding package 'interface' with the following arguments: {'ament_cmake_args': None, 'build_base': '/home/tang/tang_ws/navigation2/build/interface', 'catkin_cmake_args': None, 'catkin_skip_building_tests': False, 'cmake_args': None, 'cmake_clean_cache': False, 'cmake_clean_first': False, 'cmake_force_configure': False, 'cmake_target': None, 'cmake_target_skip_unavailable': False, 'install_base': '/home/tang/tang_ws/navigation2/install/interface', 'merge_install': False, 'path': '/home/tang/tang_ws/navigation2/src/interface', 'symlink_install': False, 'test_result_base': None}[0m
[0.198s] [34mcolcon.colcon_core.verb[0m [1;30mLevel 5[0m set package 'livox_ros_driver2' build argument 'cmake_args' from command line to 'None'
[0.198s] [34mcolcon.colcon_core.verb[0m [1;30mLevel 5[0m set package 'livox_ros_driver2' build argument 'cmake_target' from command line to 'None'
[0.198s] [34mcolcon.colcon_core.verb[0m [1;30mLevel 5[0m set package 'livox_ros_driver2' build argument 'cmake_target_skip_unavailable' from command line to 'False'
[0.198s] [34mcolcon.colcon_core.verb[0m [1;30mLevel 5[0m set package 'livox_ros_driver2' build argument 'cmake_clean_cache' from command line to 'False'
[0.198s] [34mcolcon.colcon_core.verb[0m [1;30mLevel 5[0m set package 'livox_ros_driver2' build argument 'cmake_clean_first' from command line to 'False'
[0.198s] [34mcolcon.colcon_core.verb[0m [1;30mLevel 5[0m set package 'livox_ros_driver2' build argument 'cmake_force_configure' from command line to 'False'
[0.198s] [34mcolcon.colcon_core.verb[0m [1;30mLevel 5[0m set package 'livox_ros_driver2' build argument 'ament_cmake_args' from command line to 'None'
[0.198s] [34mcolcon.colcon_core.verb[0m [1;30mLevel 5[0m set package 'livox_ros_driver2' build argument 'catkin_cmake_args' from command line to 'None'
[0.198s] [34mcolcon.colcon_core.verb[0m [1;30mLevel 5[0m set package 'livox_ros_driver2' build argument 'catkin_skip_building_tests' from command line to 'False'
[0.199s] [34mcolcon.colcon_core.verb[0m [1;30mDEBUG[0m [32mBuilding package 'livox_ros_driver2' with the following arguments: {'ament_cmake_args': None, 'build_base': '/home/tang/tang_ws/navigation2/build/livox_ros_driver2', 'catkin_cmake_args': None, 'catkin_skip_building_tests': False, 'cmake_args': None, 'cmake_clean_cache': False, 'cmake_clean_first': False, 'cmake_force_configure': False, 'cmake_target': None, 'cmake_target_skip_unavailable': False, 'install_base': '/home/tang/tang_ws/navigation2/install/livox_ros_driver2', 'merge_install': False, 'path': '/home/tang/tang_ws/navigation2/src/livox_ros_driver2', 'symlink_install': False, 'test_result_base': None}[0m
[0.199s] [34mcolcon.colcon_core.verb[0m [1;30mLevel 5[0m set package 'fastlio2' build argument 'cmake_args' from command line to 'None'
[0.199s] [34mcolcon.colcon_core.verb[0m [1;30mLevel 5[0m set package 'fastlio2' build argument 'cmake_target' from command line to 'None'
[0.199s] [34mcolcon.colcon_core.verb[0m [1;30mLevel 5[0m set package 'fastlio2' build argument 'cmake_target_skip_unavailable' from command line to 'False'
[0.199s] [34mcolcon.colcon_core.verb[0m [1;30mLevel 5[0m set package 'fastlio2' build argument 'cmake_clean_cache' from command line to 'False'
[0.199s] [34mcolcon.colcon_core.verb[0m [1;30mLevel 5[0m set package 'fastlio2' build argument 'cmake_clean_first' from command line to 'False'
[0.199s] [34mcolcon.colcon_core.verb[0m [1;30mLevel 5[0m set package 'fastlio2' build argument 'cmake_force_configure' from command line to 'False'
[0.199s] [34mcolcon.colcon_core.verb[0m [1;30mLevel 5[0m set package 'fastlio2' build argument 'ament_cmake_args' from command line to 'None'
[0.199s] [34mcolcon.colcon_core.verb[0m [1;30mLevel 5[0m set package 'fastlio2' build argument 'catkin_cmake_args' from command line to 'None'
[0.199s] [34mcolcon.colcon_core.verb[0m [1;30mLevel 5[0m set package 'fastlio2' build argument 'catkin_skip_building_tests' from command line to 'False'
[0.199s] [34mcolcon.colcon_core.verb[0m [1;30mDEBUG[0m [32mBuilding package 'fastlio2' with the following arguments: {'ament_cmake_args': None, 'build_base': '/home/tang/tang_ws/navigation2/build/fastlio2', 'catkin_cmake_args': None, 'catkin_skip_building_tests': False, 'cmake_args': None, 'cmake_clean_cache': False, 'cmake_clean_first': False, 'cmake_force_configure': False, 'cmake_target': None, 'cmake_target_skip_unavailable': False, 'install_base': '/home/tang/tang_ws/navigation2/install/fastlio2', 'merge_install': False, 'path': '/home/tang/tang_ws/navigation2/src/fastlio2', 'symlink_install': False, 'test_result_base': None}[0m
[0.199s] [34mcolcon.colcon_core.verb[0m [1;30mLevel 5[0m set package 'localizer' build argument 'cmake_args' from command line to 'None'
[0.199s] [34mcolcon.colcon_core.verb[0m [1;30mLevel 5[0m set package 'localizer' build argument 'cmake_target' from command line to 'None'
[0.199s] [34mcolcon.colcon_core.verb[0m [1;30mLevel 5[0m set package 'localizer' build argument 'cmake_target_skip_unavailable' from command line to 'False'
[0.199s] [34mcolcon.colcon_core.verb[0m [1;30mLevel 5[0m set package 'localizer' build argument 'cmake_clean_cache' from command line to 'False'
[0.199s] [34mcolcon.colcon_core.verb[0m [1;30mLevel 5[0m set package 'localizer' build argument 'cmake_clean_first' from command line to 'False'
[0.199s] [34mcolcon.colcon_core.verb[0m [1;30mLevel 5[0m set package 'localizer' build argument 'cmake_force_configure' from command line to 'False'
[0.199s] [34mcolcon.colcon_core.verb[0m [1;30mLevel 5[0m set package 'localizer' build argument 'ament_cmake_args' from command line to 'None'
[0.199s] [34mcolcon.colcon_core.verb[0m [1;30mLevel 5[0m set package 'localizer' build argument 'catkin_cmake_args' from command line to 'None'
[0.199s] [34mcolcon.colcon_core.verb[0m [1;30mLevel 5[0m set package 'localizer' build argument 'catkin_skip_building_tests' from command line to 'False'
[0.199s] [34mcolcon.colcon_core.verb[0m [1;30mDEBUG[0m [32mBuilding package 'localizer' with the following arguments: {'ament_cmake_args': None, 'build_base': '/home/tang/tang_ws/navigation2/build/localizer', 'catkin_cmake_args': None, 'catkin_skip_building_tests': False, 'cmake_args': None, 'cmake_clean_cache': False, 'cmake_clean_first': False, 'cmake_force_configure': False, 'cmake_target': None, 'cmake_target_skip_unavailable': False, 'install_base': '/home/tang/tang_ws/navigation2/install/localizer', 'merge_install': False, 'path': '/home/tang/tang_ws/navigation2/src/localizer', 'symlink_install': False, 'test_result_base': None}[0m
[0.199s] [34mcolcon.colcon_core.executor[0m [1;30mINFO[0m Executing jobs using 'parallel' executor
[0.200s] [34mcolcon.colcon_parallel_executor.executor.parallel[0m [1;30mDEBUG[0m [32mrun_until_complete[0m
[0.200s] [34mcolcon.colcon_ros.task.ament_cmake.build[0m [1;30mINFO[0m Building ROS package in '/home/tang/tang_ws/navigation2/src/interface' with build type 'ament_cmake'
[0.200s] [34mcolcon.colcon_cmake.task.cmake.build[0m [1;30mINFO[0m Building CMake package in '/home/tang/tang_ws/navigation2/src/interface'
[0.201s] [34mcolcon.colcon_core.plugin_system[0m [1;30mINFO[0m Skipping extension 'colcon_core.shell.bat': Not used on non-Windows systems
[0.201s] [34mcolcon.colcon_core.shell[0m [1;30mINFO[0m Skip shell extension 'powershell' for command environment: Not usable outside of PowerShell
[0.201s] [34mcolcon.colcon_core.shell[0m [1;30mDEBUG[0m [32mSkip shell extension 'dsv' for command environment[0m
[0.203s] [34mcolcon.colcon_ros.task.ament_cmake.build[0m [1;30mINFO[0m Building ROS package in '/home/tang/tang_ws/navigation2/src/livox_ros_driver2' with build type 'ament_cmake'
[0.203s] [34mcolcon.colcon_cmake.task.cmake.build[0m [1;30mINFO[0m Building CMake package in '/home/tang/tang_ws/navigation2/src/livox_ros_driver2'
[0.203s] [34mcolcon.colcon_core.shell[0m [1;30mINFO[0m Skip shell extension 'powershell' for command environment: Not usable outside of PowerShell
[0.203s] [34mcolcon.colcon_core.shell[0m [1;30mDEBUG[0m [32mSkip shell extension 'dsv' for command environment[0m
[0.208s] [34mcolcon.colcon_core.event_handler.log_command[0m [1;30mDEBUG[0m [32mInvoking command in '/home/tang/tang_ws/navigation2/build/interface': CMAKE_PREFIX_PATH=${CMAKE_PREFIX_PATH}:/opt/ros/humble /usr/bin/cmake --build /home/tang/tang_ws/navigation2/build/interface -- -j16 -l16[0m
[0.210s] [34mcolcon.colcon_core.event_handler.log_command[0m [1;30mDEBUG[0m [32mInvoking command in '/home/tang/tang_ws/navigation2/build/livox_ros_driver2': CMAKE_PREFIX_PATH=${CMAKE_PREFIX_PATH}:/opt/ros/humble /usr/bin/cmake --build /home/tang/tang_ws/navigation2/build/livox_ros_driver2 -- -j16 -l16[0m
[0.426s] [34mcolcon.colcon_core.event_handler.log_command[0m [1;30mDEBUG[0m [32mInvoked command in '/home/tang/tang_ws/navigation2/build/interface' returned '0': CMAKE_PREFIX_PATH=${CMAKE_PREFIX_PATH}:/opt/ros/humble /usr/bin/cmake --build /home/tang/tang_ws/navigation2/build/interface -- -j16 -l16[0m
[0.433s] [34mcolcon.colcon_core.event_handler.log_command[0m [1;30mDEBUG[0m [32mInvoking command in '/home/tang/tang_ws/navigation2/build/interface': CMAKE_PREFIX_PATH=${CMAKE_PREFIX_PATH}:/opt/ros/humble /usr/bin/cmake --install /home/tang/tang_ws/navigation2/build/interface[0m
[0.434s] [34mcolcon.colcon_core.event_handler.log_command[0m [1;30mDEBUG[0m [32mInvoked command in '/home/tang/tang_ws/navigation2/build/livox_ros_driver2' returned '0': CMAKE_PREFIX_PATH=${CMAKE_PREFIX_PATH}:/opt/ros/humble /usr/bin/cmake --build /home/tang/tang_ws/navigation2/build/livox_ros_driver2 -- -j16 -l16[0m
[0.435s] [34mcolcon.colcon_core.event_handler.log_command[0m [1;30mDEBUG[0m [32mInvoking command in '/home/tang/tang_ws/navigation2/build/livox_ros_driver2': CMAKE_PREFIX_PATH=${CMAKE_PREFIX_PATH}:/opt/ros/humble /usr/bin/cmake --install /home/tang/tang_ws/navigation2/build/livox_ros_driver2[0m
[0.466s] [34mcolcon.colcon_core.environment[0m [1;30mLevel 1[0m create_environment_scripts_only(interface)
[0.468s] [34mcolcon.colcon_core.event_handler.log_command[0m [1;30mDEBUG[0m [32mInvoked command in '/home/tang/tang_ws/navigation2/build/interface' returned '0': CMAKE_PREFIX_PATH=${CMAKE_PREFIX_PATH}:/opt/ros/humble /usr/bin/cmake --install /home/tang/tang_ws/navigation2/build/interface[0m
[0.469s] [34mcolcon.colcon_core.environment[0m [1;30mLevel 1[0m checking '/home/tang/tang_ws/navigation2/install/interface' for CMake module files
[0.469s] [34mcolcon.colcon_core.environment[0m [1;30mLevel 1[0m checking '/home/tang/tang_ws/navigation2/install/interface' for CMake config files
[0.470s] [34mcolcon.colcon_core.shell[0m [1;30mLevel 1[0m create_environment_hook('interface', 'cmake_prefix_path')
[0.470s] [34mcolcon.colcon_core.shell[0m [1;30mINFO[0m Creating environment hook '/home/tang/tang_ws/navigation2/install/interface/share/interface/hook/cmake_prefix_path.ps1'
[0.470s] [34mcolcon.colcon_core.shell[0m [1;30mINFO[0m Creating environment descriptor '/home/tang/tang_ws/navigation2/install/interface/share/interface/hook/cmake_prefix_path.dsv'
[0.470s] [34mcolcon.colcon_core.shell[0m [1;30mINFO[0m Creating environment hook '/home/tang/tang_ws/navigation2/install/interface/share/interface/hook/cmake_prefix_path.sh'
[0.471s] [34mcolcon.colcon_core.environment[0m [1;30mLevel 1[0m checking '/home/tang/tang_ws/navigation2/install/interface/lib'
[0.471s] [34mcolcon.colcon_core.shell[0m [1;30mLevel 1[0m create_environment_hook('interface', 'ld_library_path_lib')
[0.471s] [34mcolcon.colcon_core.shell[0m [1;30mINFO[0m Creating environment hook '/home/tang/tang_ws/navigation2/install/interface/share/interface/hook/ld_library_path_lib.ps1'
[0.471s] [34mcolcon.colcon_core.shell[0m [1;30mINFO[0m Creating environment descriptor '/home/tang/tang_ws/navigation2/install/interface/share/interface/hook/ld_library_path_lib.dsv'
[0.472s] [34mcolcon.colcon_core.shell[0m [1;30mINFO[0m Creating environment hook '/home/tang/tang_ws/navigation2/install/interface/share/interface/hook/ld_library_path_lib.sh'
[0.472s] [34mcolcon.colcon_core.environment[0m [1;30mLevel 1[0m checking '/home/tang/tang_ws/navigation2/install/interface/bin'
[0.472s] [34mcolcon.colcon_core.environment[0m [1;30mLevel 1[0m checking '/home/tang/tang_ws/navigation2/install/interface/lib/pkgconfig/interface.pc'
[0.472s] [34mcolcon.colcon_core.environment[0m [1;30mLevel 1[0m checking '/home/tang/tang_ws/navigation2/install/interface/lib/python3.10/site-packages'
[0.472s] [34mcolcon.colcon_core.environment[0m [1;30mLevel 1[0m checking '/home/tang/tang_ws/navigation2/install/interface/bin'
[0.472s] [34mcolcon.colcon_core.shell[0m [1;30mINFO[0m Creating package script '/home/tang/tang_ws/navigation2/install/interface/share/interface/package.ps1'
[0.473s] [34mcolcon.colcon_core.shell[0m [1;30mINFO[0m Creating package descriptor '/home/tang/tang_ws/navigation2/install/interface/share/interface/package.dsv'
[0.473s] [34mcolcon.colcon_core.shell[0m [1;30mINFO[0m Creating package script '/home/tang/tang_ws/navigation2/install/interface/share/interface/package.sh'
[0.473s] [34mcolcon.colcon_core.shell[0m [1;30mINFO[0m Creating package script '/home/tang/tang_ws/navigation2/install/interface/share/interface/package.bash'
[0.474s] [34mcolcon.colcon_core.shell[0m [1;30mINFO[0m Creating package script '/home/tang/tang_ws/navigation2/install/interface/share/interface/package.zsh'
[0.474s] [34mcolcon.colcon_core.environment[0m [1;30mLevel 1[0m create_file_with_runtime_dependencies(/home/tang/tang_ws/navigation2/install/interface/share/colcon-core/packages/interface)
[0.474s] [34mcolcon.colcon_core.environment[0m [1;30mLevel 1[0m create_environment_scripts_only(interface)
[0.475s] [34mcolcon.colcon_core.environment[0m [1;30mLevel 1[0m checking '/home/tang/tang_ws/navigation2/install/interface' for CMake module files
[0.475s] [34mcolcon.colcon_core.environment[0m [1;30mLevel 1[0m checking '/home/tang/tang_ws/navigation2/install/interface' for CMake config files
[0.475s] [34mcolcon.colcon_core.shell[0m [1;30mLevel 1[0m create_environment_hook('interface', 'cmake_prefix_path')
[0.475s] [34mcolcon.colcon_core.shell[0m [1;30mINFO[0m Creating environment hook '/home/tang/tang_ws/navigation2/install/interface/share/interface/hook/cmake_prefix_path.ps1'
[0.475s] [34mcolcon.colcon_core.shell[0m [1;30mINFO[0m Creating environment descriptor '/home/tang/tang_ws/navigation2/install/interface/share/interface/hook/cmake_prefix_path.dsv'
[0.475s] [34mcolcon.colcon_core.shell[0m [1;30mINFO[0m Creating environment hook '/home/tang/tang_ws/navigation2/install/interface/share/interface/hook/cmake_prefix_path.sh'
[0.476s] [34mcolcon.colcon_core.environment[0m [1;30mLevel 1[0m checking '/home/tang/tang_ws/navigation2/install/interface/lib'
[0.476s] [34mcolcon.colcon_core.shell[0m [1;30mLevel 1[0m create_environment_hook('interface', 'ld_library_path_lib')
[0.476s] [34mcolcon.colcon_core.shell[0m [1;30mINFO[0m Creating environment hook '/home/tang/tang_ws/navigation2/install/interface/share/interface/hook/ld_library_path_lib.ps1'
[0.476s] [34mcolcon.colcon_core.shell[0m [1;30mINFO[0m Creating environment descriptor '/home/tang/tang_ws/navigation2/install/interface/share/interface/hook/ld_library_path_lib.dsv'
[0.476s] [34mcolcon.colcon_core.shell[0m [1;30mINFO[0m Creating environment hook '/home/tang/tang_ws/navigation2/install/interface/share/interface/hook/ld_library_path_lib.sh'
[0.476s] [34mcolcon.colcon_core.environment[0m [1;30mLevel 1[0m checking '/home/tang/tang_ws/navigation2/install/interface/bin'
[0.476s] [34mcolcon.colcon_core.environment[0m [1;30mLevel 1[0m checking '/home/tang/tang_ws/navigation2/install/interface/lib/pkgconfig/interface.pc'
[0.477s] [34mcolcon.colcon_core.environment[0m [1;30mLevel 1[0m checking '/home/tang/tang_ws/navigation2/install/interface/lib/python3.10/site-packages'
[0.477s] [34mcolcon.colcon_core.environment[0m [1;30mLevel 1[0m checking '/home/tang/tang_ws/navigation2/install/interface/bin'
[0.477s] [34mcolcon.colcon_core.shell[0m [1;30mINFO[0m Creating package script '/home/tang/tang_ws/navigation2/install/interface/share/interface/package.ps1'
[0.477s] [34mcolcon.colcon_core.shell[0m [1;30mINFO[0m Creating package descriptor '/home/tang/tang_ws/navigation2/install/interface/share/interface/package.dsv'
[0.477s] [34mcolcon.colcon_core.shell[0m [1;30mINFO[0m Creating package script '/home/tang/tang_ws/navigation2/install/interface/share/interface/package.sh'
[0.478s] [34mcolcon.colcon_core.shell[0m [1;30mINFO[0m Creating package script '/home/tang/tang_ws/navigation2/install/interface/share/interface/package.bash'
[0.478s] [34mcolcon.colcon_core.shell[0m [1;30mINFO[0m Creating package script '/home/tang/tang_ws/navigation2/install/interface/share/interface/package.zsh'
[0.478s] [34mcolcon.colcon_core.environment[0m [1;30mLevel 1[0m create_file_with_runtime_dependencies(/home/tang/tang_ws/navigation2/install/interface/share/colcon-core/packages/interface)
[0.478s] [34mcolcon.colcon_ros.task.ament_cmake.build[0m [1;30mINFO[0m Building ROS package in '/home/tang/tang_ws/navigation2/src/localizer' with build type 'ament_cmake'
[0.478s] [34mcolcon.colcon_cmake.task.cmake.build[0m [1;30mINFO[0m Building CMake package in '/home/tang/tang_ws/navigation2/src/localizer'
[0.478s] [34mcolcon.colcon_core.shell[0m [1;30mINFO[0m Skip shell extension 'powershell' for command environment: Not usable outside of PowerShell
[0.478s] [34mcolcon.colcon_core.shell[0m [1;30mDEBUG[0m [32mSkip shell extension 'dsv' for command environment[0m
[0.480s] [34mcolcon.colcon_core.environment[0m [1;30mLevel 1[0m create_environment_scripts_only(livox_ros_driver2)
[0.481s] [34mcolcon.colcon_core.environment[0m [1;30mLevel 1[0m checking '/home/tang/tang_ws/navigation2/install/livox_ros_driver2' for CMake module files
[0.481s] [34mcolcon.colcon_core.event_handler.log_command[0m [1;30mDEBUG[0m [32mInvoked command in '/home/tang/tang_ws/navigation2/build/livox_ros_driver2' returned '0': CMAKE_PREFIX_PATH=${CMAKE_PREFIX_PATH}:/opt/ros/humble /usr/bin/cmake --install /home/tang/tang_ws/navigation2/build/livox_ros_driver2[0m
[0.481s] [34mcolcon.colcon_core.environment[0m [1;30mLevel 1[0m checking '/home/tang/tang_ws/navigation2/install/livox_ros_driver2' for CMake config files
[0.481s] [34mcolcon.colcon_core.shell[0m [1;30mLevel 1[0m create_environment_hook('livox_ros_driver2', 'cmake_prefix_path')
[0.481s] [34mcolcon.colcon_core.shell[0m [1;30mINFO[0m Creating environment hook '/home/tang/tang_ws/navigation2/install/livox_ros_driver2/share/livox_ros_driver2/hook/cmake_prefix_path.ps1'
[0.482s] [34mcolcon.colcon_core.shell[0m [1;30mINFO[0m Creating environment descriptor '/home/tang/tang_ws/navigation2/install/livox_ros_driver2/share/livox_ros_driver2/hook/cmake_prefix_path.dsv'
[0.482s] [34mcolcon.colcon_core.shell[0m [1;30mINFO[0m Creating environment hook '/home/tang/tang_ws/navigation2/install/livox_ros_driver2/share/livox_ros_driver2/hook/cmake_prefix_path.sh'
[0.482s] [34mcolcon.colcon_core.environment[0m [1;30mLevel 1[0m checking '/home/tang/tang_ws/navigation2/install/livox_ros_driver2/lib'
[0.482s] [34mcolcon.colcon_core.shell[0m [1;30mLevel 1[0m create_environment_hook('livox_ros_driver2', 'ld_library_path_lib')
[0.482s] [34mcolcon.colcon_core.shell[0m [1;30mINFO[0m Creating environment hook '/home/tang/tang_ws/navigation2/install/livox_ros_driver2/share/livox_ros_driver2/hook/ld_library_path_lib.ps1'
[0.483s] [34mcolcon.colcon_core.shell[0m [1;30mINFO[0m Creating environment descriptor '/home/tang/tang_ws/navigation2/install/livox_ros_driver2/share/livox_ros_driver2/hook/ld_library_path_lib.dsv'
[0.483s] [34mcolcon.colcon_core.shell[0m [1;30mINFO[0m Creating environment hook '/home/tang/tang_ws/navigation2/install/livox_ros_driver2/share/livox_ros_driver2/hook/ld_library_path_lib.sh'
[0.483s] [34mcolcon.colcon_core.environment[0m [1;30mLevel 1[0m checking '/home/tang/tang_ws/navigation2/install/livox_ros_driver2/bin'
[0.483s] [34mcolcon.colcon_core.environment[0m [1;30mLevel 1[0m checking '/home/tang/tang_ws/navigation2/install/livox_ros_driver2/lib/pkgconfig/livox_ros_driver2.pc'
[0.483s] [34mcolcon.colcon_core.environment[0m [1;30mLevel 1[0m checking '/home/tang/tang_ws/navigation2/install/livox_ros_driver2/lib/python3.10/site-packages'
[0.483s] [34mcolcon.colcon_core.environment[0m [1;30mLevel 1[0m checking '/home/tang/tang_ws/navigation2/install/livox_ros_driver2/bin'
[0.483s] [34mcolcon.colcon_core.shell[0m [1;30mINFO[0m Creating package script '/home/tang/tang_ws/navigation2/install/livox_ros_driver2/share/livox_ros_driver2/package.ps1'
[0.484s] [34mcolcon.colcon_core.shell[0m [1;30mINFO[0m Creating package descriptor '/home/tang/tang_ws/navigation2/install/livox_ros_driver2/share/livox_ros_driver2/package.dsv'
[0.484s] [34mcolcon.colcon_core.shell[0m [1;30mINFO[0m Creating package script '/home/tang/tang_ws/navigation2/install/livox_ros_driver2/share/livox_ros_driver2/package.sh'
[0.484s] [34mcolcon.colcon_core.shell[0m [1;30mINFO[0m Creating package script '/home/tang/tang_ws/navigation2/install/livox_ros_driver2/share/livox_ros_driver2/package.bash'
[0.484s] [34mcolcon.colcon_core.shell[0m [1;30mINFO[0m Creating package script '/home/tang/tang_ws/navigation2/install/livox_ros_driver2/share/livox_ros_driver2/package.zsh'
[0.484s] [34mcolcon.colcon_core.environment[0m [1;30mLevel 1[0m create_file_with_runtime_dependencies(/home/tang/tang_ws/navigation2/install/livox_ros_driver2/share/colcon-core/packages/livox_ros_driver2)
[0.485s] [34mcolcon.colcon_core.environment[0m [1;30mLevel 1[0m create_environment_scripts_only(livox_ros_driver2)
[0.485s] [34mcolcon.colcon_core.environment[0m [1;30mLevel 1[0m checking '/home/tang/tang_ws/navigation2/install/livox_ros_driver2' for CMake module files
[0.485s] [34mcolcon.colcon_core.environment[0m [1;30mLevel 1[0m checking '/home/tang/tang_ws/navigation2/install/livox_ros_driver2' for CMake config files
[0.485s] [34mcolcon.colcon_core.shell[0m [1;30mLevel 1[0m create_environment_hook('livox_ros_driver2', 'cmake_prefix_path')
[0.486s] [34mcolcon.colcon_core.shell[0m [1;30mINFO[0m Creating environment hook '/home/tang/tang_ws/navigation2/install/livox_ros_driver2/share/livox_ros_driver2/hook/cmake_prefix_path.ps1'
[0.486s] [34mcolcon.colcon_core.shell[0m [1;30mINFO[0m Creating environment descriptor '/home/tang/tang_ws/navigation2/install/livox_ros_driver2/share/livox_ros_driver2/hook/cmake_prefix_path.dsv'
[0.486s] [34mcolcon.colcon_core.shell[0m [1;30mINFO[0m Creating environment hook '/home/tang/tang_ws/navigation2/install/livox_ros_driver2/share/livox_ros_driver2/hook/cmake_prefix_path.sh'
[0.486s] [34mcolcon.colcon_core.environment[0m [1;30mLevel 1[0m checking '/home/tang/tang_ws/navigation2/install/livox_ros_driver2/lib'
[0.486s] [34mcolcon.colcon_core.shell[0m [1;30mLevel 1[0m create_environment_hook('livox_ros_driver2', 'ld_library_path_lib')
[0.486s] [34mcolcon.colcon_core.shell[0m [1;30mINFO[0m Creating environment hook '/home/tang/tang_ws/navigation2/install/livox_ros_driver2/share/livox_ros_driver2/hook/ld_library_path_lib.ps1'
[0.487s] [34mcolcon.colcon_core.shell[0m [1;30mINFO[0m Creating environment descriptor '/home/tang/tang_ws/navigation2/install/livox_ros_driver2/share/livox_ros_driver2/hook/ld_library_path_lib.dsv'
[0.487s] [34mcolcon.colcon_core.shell[0m [1;30mINFO[0m Creating environment hook '/home/tang/tang_ws/navigation2/install/livox_ros_driver2/share/livox_ros_driver2/hook/ld_library_path_lib.sh'
[0.487s] [34mcolcon.colcon_core.environment[0m [1;30mLevel 1[0m checking '/home/tang/tang_ws/navigation2/install/livox_ros_driver2/bin'
[0.487s] [34mcolcon.colcon_core.environment[0m [1;30mLevel 1[0m checking '/home/tang/tang_ws/navigation2/install/livox_ros_driver2/lib/pkgconfig/livox_ros_driver2.pc'
[0.487s] [34mcolcon.colcon_core.environment[0m [1;30mLevel 1[0m checking '/home/tang/tang_ws/navigation2/install/livox_ros_driver2/lib/python3.10/site-packages'
[0.487s] [34mcolcon.colcon_core.environment[0m [1;30mLevel 1[0m checking '/home/tang/tang_ws/navigation2/install/livox_ros_driver2/bin'
[0.487s] [34mcolcon.colcon_core.shell[0m [1;30mINFO[0m Creating package script '/home/tang/tang_ws/navigation2/install/livox_ros_driver2/share/livox_ros_driver2/package.ps1'
[0.488s] [34mcolcon.colcon_core.shell[0m [1;30mINFO[0m Creating package descriptor '/home/tang/tang_ws/navigation2/install/livox_ros_driver2/share/livox_ros_driver2/package.dsv'
[0.488s] [34mcolcon.colcon_core.shell[0m [1;30mINFO[0m Creating package script '/home/tang/tang_ws/navigation2/install/livox_ros_driver2/share/livox_ros_driver2/package.sh'
[0.488s] [34mcolcon.colcon_core.shell[0m [1;30mINFO[0m Creating package script '/home/tang/tang_ws/navigation2/install/livox_ros_driver2/share/livox_ros_driver2/package.bash'
[0.488s] [34mcolcon.colcon_core.shell[0m [1;30mINFO[0m Creating package script '/home/tang/tang_ws/navigation2/install/livox_ros_driver2/share/livox_ros_driver2/package.zsh'
[0.488s] [34mcolcon.colcon_core.environment[0m [1;30mLevel 1[0m create_file_with_runtime_dependencies(/home/tang/tang_ws/navigation2/install/livox_ros_driver2/share/colcon-core/packages/livox_ros_driver2)
[0.489s] [34mcolcon.colcon_ros.task.ament_cmake.build[0m [1;30mINFO[0m Building ROS package in '/home/tang/tang_ws/navigation2/src/fastlio2' with build type 'ament_cmake'
[0.489s] [34mcolcon.colcon_cmake.task.cmake.build[0m [1;30mINFO[0m Building CMake package in '/home/tang/tang_ws/navigation2/src/fastlio2'
[0.489s] [34mcolcon.colcon_core.shell[0m [1;30mINFO[0m Skip shell extension 'powershell' for command environment: Not usable outside of PowerShell
[0.489s] [34mcolcon.colcon_core.shell[0m [1;30mDEBUG[0m [32mSkip shell extension 'dsv' for command environment[0m
[0.493s] [34mcolcon.colcon_core.event_handler.log_command[0m [1;30mDEBUG[0m [32mInvoking command in '/home/tang/tang_ws/navigation2/build/localizer': AMENT_PREFIX_PATH=/home/tang/tang_ws/navigation2/install/interface:${AMENT_PREFIX_PATH} CMAKE_PREFIX_PATH=/home/tang/tang_ws/navigation2/install/interface:/opt/bxi/bxi_ros2_pkg:/opt/ros/humble LD_LIBRARY_PATH=/home/tang/tang_ws/navigation2/install/interface/lib:/usr/local/lib:/usr/local/cuda-12.4/lib64:/usr/lib/x86_64-linux-gnu:/opt/bxi/bxi_ros2_pkg/lib:/opt/ros/humble/opt/rviz_ogre_vendor/lib:/opt/ros/humble/lib/x86_64-linux-gnu:/opt/ros/humble/lib:/usr/local/lib:/usr/local/cuda-12.4/lib64:/usr/lib/x86_64-linux-gnu:/home/.mujoco/mujoco-3.3.3-linux-x86_64/mujoco-3.3.3/bin:/home/tang/.mujoco/mujoco336/mujoco-3.3.6bin:/home/.mujoco/mujoco-3.3.3-linux-x86_64/mujoco-3.3.3/bin:/home/tang/.mujoco/mujoco336/mujoco-3.3.6bin PYTHONPATH=/home/tang/tang_ws/navigation2/install/interface/local/lib/python3.10/dist-packages:${PYTHONPATH} /usr/bin/cmake --build /home/tang/tang_ws/navigation2/build/localizer -- -j16 -l16[0m
[0.496s] [34mcolcon.colcon_core.event_handler.log_command[0m [1;30mDEBUG[0m [32mInvoking command in '/home/tang/tang_ws/navigation2/build/fastlio2': AMENT_PREFIX_PATH=/home/tang/tang_ws/navigation2/install/livox_ros_driver2:${AMENT_PREFIX_PATH} CMAKE_PREFIX_PATH=/home/tang/tang_ws/navigation2/install/livox_ros_driver2:/opt/bxi/bxi_ros2_pkg:/opt/ros/humble LD_LIBRARY_PATH=/home/tang/tang_ws/navigation2/install/livox_ros_driver2/lib:/usr/local/lib:/usr/local/cuda-12.4/lib64:/usr/lib/x86_64-linux-gnu:/opt/bxi/bxi_ros2_pkg/lib:/opt/ros/humble/opt/rviz_ogre_vendor/lib:/opt/ros/humble/lib/x86_64-linux-gnu:/opt/ros/humble/lib:/usr/local/lib:/usr/local/cuda-12.4/lib64:/usr/lib/x86_64-linux-gnu:/home/.mujoco/mujoco-3.3.3-linux-x86_64/mujoco-3.3.3/bin:/home/tang/.mujoco/mujoco336/mujoco-3.3.6bin:/home/.mujoco/mujoco-3.3.3-linux-x86_64/mujoco-3.3.3/bin:/home/tang/.mujoco/mujoco336/mujoco-3.3.6bin PYTHONPATH=/home/tang/tang_ws/navigation2/install/livox_ros_driver2/local/lib/python3.10/dist-packages:${PYTHONPATH} /usr/bin/cmake --build /home/tang/tang_ws/navigation2/build/fastlio2 -- -j16 -l16[0m
[0.544s] [34mcolcon.colcon_core.event_handler.log_command[0m [1;30mDEBUG[0m [32mInvoked command in '/home/tang/tang_ws/navigation2/build/localizer' returned '0': AMENT_PREFIX_PATH=/home/tang/tang_ws/navigation2/install/interface:${AMENT_PREFIX_PATH} CMAKE_PREFIX_PATH=/home/tang/tang_ws/navigation2/install/interface:/opt/bxi/bxi_ros2_pkg:/opt/ros/humble LD_LIBRARY_PATH=/home/tang/tang_ws/navigation2/install/interface/lib:/usr/local/lib:/usr/local/cuda-12.4/lib64:/usr/lib/x86_64-linux-gnu:/opt/bxi/bxi_ros2_pkg/lib:/opt/ros/humble/opt/rviz_ogre_vendor/lib:/opt/ros/humble/lib/x86_64-linux-gnu:/opt/ros/humble/lib:/usr/local/lib:/usr/local/cuda-12.4/lib64:/usr/lib/x86_64-linux-gnu:/home/.mujoco/mujoco-3.3.3-linux-x86_64/mujoco-3.3.3/bin:/home/tang/.mujoco/mujoco336/mujoco-3.3.6bin:/home/.mujoco/mujoco-3.3.3-linux-x86_64/mujoco-3.3.3/bin:/home/tang/.mujoco/mujoco336/mujoco-3.3.6bin PYTHONPATH=/home/tang/tang_ws/navigation2/install/interface/local/lib/python3.10/dist-packages:${PYTHONPATH} /usr/bin/cmake --build /home/tang/tang_ws/navigation2/build/localizer -- -j16 -l16[0m
[0.545s] [34mcolcon.colcon_core.event_handler.log_command[0m [1;30mDEBUG[0m [32mInvoking command in '/home/tang/tang_ws/navigation2/build/localizer': AMENT_PREFIX_PATH=/home/tang/tang_ws/navigation2/install/interface:${AMENT_PREFIX_PATH} CMAKE_PREFIX_PATH=/home/tang/tang_ws/navigation2/install/interface:/opt/bxi/bxi_ros2_pkg:/opt/ros/humble LD_LIBRARY_PATH=/home/tang/tang_ws/navigation2/install/interface/lib:/usr/local/lib:/usr/local/cuda-12.4/lib64:/usr/lib/x86_64-linux-gnu:/opt/bxi/bxi_ros2_pkg/lib:/opt/ros/humble/opt/rviz_ogre_vendor/lib:/opt/ros/humble/lib/x86_64-linux-gnu:/opt/ros/humble/lib:/usr/local/lib:/usr/local/cuda-12.4/lib64:/usr/lib/x86_64-linux-gnu:/home/.mujoco/mujoco-3.3.3-linux-x86_64/mujoco-3.3.3/bin:/home/tang/.mujoco/mujoco336/mujoco-3.3.6bin:/home/.mujoco/mujoco-3.3.3-linux-x86_64/mujoco-3.3.3/bin:/home/tang/.mujoco/mujoco336/mujoco-3.3.6bin PYTHONPATH=/home/tang/tang_ws/navigation2/install/interface/local/lib/python3.10/dist-packages:${PYTHONPATH} /usr/bin/cmake --install /home/tang/tang_ws/navigation2/build/localizer[0m
[0.550s] [34mcolcon.colcon_core.environment[0m [1;30mLevel 1[0m create_environment_scripts_only(localizer)
[0.551s] [34mcolcon.colcon_core.event_handler.log_command[0m [1;30mDEBUG[0m [32mInvoked command in '/home/tang/tang_ws/navigation2/build/localizer' returned '0': AMENT_PREFIX_PATH=/home/tang/tang_ws/navigation2/install/interface:${AMENT_PREFIX_PATH} CMAKE_PREFIX_PATH=/home/tang/tang_ws/navigation2/install/interface:/opt/bxi/bxi_ros2_pkg:/opt/ros/humble LD_LIBRARY_PATH=/home/tang/tang_ws/navigation2/install/interface/lib:/usr/local/lib:/usr/local/cuda-12.4/lib64:/usr/lib/x86_64-linux-gnu:/opt/bxi/bxi_ros2_pkg/lib:/opt/ros/humble/opt/rviz_ogre_vendor/lib:/opt/ros/humble/lib/x86_64-linux-gnu:/opt/ros/humble/lib:/usr/local/lib:/usr/local/cuda-12.4/lib64:/usr/lib/x86_64-linux-gnu:/home/.mujoco/mujoco-3.3.3-linux-x86_64/mujoco-3.3.3/bin:/home/tang/.mujoco/mujoco336/mujoco-3.3.6bin:/home/.mujoco/mujoco-3.3.3-linux-x86_64/mujoco-3.3.3/bin:/home/tang/.mujoco/mujoco336/mujoco-3.3.6bin PYTHONPATH=/home/tang/tang_ws/navigation2/install/interface/local/lib/python3.10/dist-packages:${PYTHONPATH} /usr/bin/cmake --install /home/tang/tang_ws/navigation2/build/localizer[0m
[0.551s] [34mcolcon.colcon_core.environment[0m [1;30mLevel 1[0m checking '/home/tang/tang_ws/navigation2/install/localizer' for CMake module files
[0.552s] [34mcolcon.colcon_core.environment[0m [1;30mLevel 1[0m checking '/home/tang/tang_ws/navigation2/install/localizer' for CMake config files
[0.552s] [34mcolcon.colcon_core.shell[0m [1;30mLevel 1[0m create_environment_hook('localizer', 'cmake_prefix_path')
[0.552s] [34mcolcon.colcon_core.shell[0m [1;30mINFO[0m Creating environment hook '/home/tang/tang_ws/navigation2/install/localizer/share/localizer/hook/cmake_prefix_path.ps1'
[0.553s] [34mcolcon.colcon_core.shell[0m [1;30mINFO[0m Creating environment descriptor '/home/tang/tang_ws/navigation2/install/localizer/share/localizer/hook/cmake_prefix_path.dsv'
[0.553s] [34mcolcon.colcon_core.shell[0m [1;30mINFO[0m Creating environment hook '/home/tang/tang_ws/navigation2/install/localizer/share/localizer/hook/cmake_prefix_path.sh'
[0.554s] [34mcolcon.colcon_core.environment[0m [1;30mLevel 1[0m checking '/home/tang/tang_ws/navigation2/install/localizer/lib'
[0.554s] [34mcolcon.colcon_core.environment[0m [1;30mLevel 1[0m checking '/home/tang/tang_ws/navigation2/install/localizer/bin'
[0.554s] [34mcolcon.colcon_core.environment[0m [1;30mLevel 1[0m checking '/home/tang/tang_ws/navigation2/install/localizer/lib/pkgconfig/localizer.pc'
[0.554s] [34mcolcon.colcon_core.environment[0m [1;30mLevel 1[0m checking '/home/tang/tang_ws/navigation2/install/localizer/lib/python3.10/site-packages'
[0.554s] [34mcolcon.colcon_core.environment[0m [1;30mLevel 1[0m checking '/home/tang/tang_ws/navigation2/install/localizer/bin'
[0.554s] [34mcolcon.colcon_core.shell[0m [1;30mINFO[0m Creating package script '/home/tang/tang_ws/navigation2/install/localizer/share/localizer/package.ps1'
[0.555s] [34mcolcon.colcon_core.shell[0m [1;30mINFO[0m Creating package descriptor '/home/tang/tang_ws/navigation2/install/localizer/share/localizer/package.dsv'
[0.555s] [34mcolcon.colcon_core.shell[0m [1;30mINFO[0m Creating package script '/home/tang/tang_ws/navigation2/install/localizer/share/localizer/package.sh'
[0.555s] [34mcolcon.colcon_core.shell[0m [1;30mINFO[0m Creating package script '/home/tang/tang_ws/navigation2/install/localizer/share/localizer/package.bash'
[0.555s] [34mcolcon.colcon_core.shell[0m [1;30mINFO[0m Creating package script '/home/tang/tang_ws/navigation2/install/localizer/share/localizer/package.zsh'
[0.555s] [34mcolcon.colcon_core.environment[0m [1;30mLevel 1[0m create_file_with_runtime_dependencies(/home/tang/tang_ws/navigation2/install/localizer/share/colcon-core/packages/localizer)
[0.556s] [34mcolcon.colcon_core.environment[0m [1;30mLevel 1[0m create_environment_scripts_only(localizer)
[0.556s] [34mcolcon.colcon_core.environment[0m [1;30mLevel 1[0m checking '/home/tang/tang_ws/navigation2/install/localizer' for CMake module files
[0.556s] [34mcolcon.colcon_core.environment[0m [1;30mLevel 1[0m checking '/home/tang/tang_ws/navigation2/install/localizer' for CMake config files
[0.556s] [34mcolcon.colcon_core.shell[0m [1;30mLevel 1[0m create_environment_hook('localizer', 'cmake_prefix_path')
[0.556s] [34mcolcon.colcon_core.shell[0m [1;30mINFO[0m Creating environment hook '/home/tang/tang_ws/navigation2/install/localizer/share/localizer/hook/cmake_prefix_path.ps1'
[0.556s] [34mcolcon.colcon_core.shell[0m [1;30mINFO[0m Creating environment descriptor '/home/tang/tang_ws/navigation2/install/localizer/share/localizer/hook/cmake_prefix_path.dsv'
[0.557s] [34mcolcon.colcon_core.shell[0m [1;30mINFO[0m Creating environment hook '/home/tang/tang_ws/navigation2/install/localizer/share/localizer/hook/cmake_prefix_path.sh'
[0.557s] [34mcolcon.colcon_core.environment[0m [1;30mLevel 1[0m checking '/home/tang/tang_ws/navigation2/install/localizer/lib'
[0.557s] [34mcolcon.colcon_core.environment[0m [1;30mLevel 1[0m checking '/home/tang/tang_ws/navigation2/install/localizer/bin'
[0.557s] [34mcolcon.colcon_core.environment[0m [1;30mLevel 1[0m checking '/home/tang/tang_ws/navigation2/install/localizer/lib/pkgconfig/localizer.pc'
[0.557s] [34mcolcon.colcon_core.environment[0m [1;30mLevel 1[0m checking '/home/tang/tang_ws/navigation2/install/localizer/lib/python3.10/site-packages'
[0.557s] [34mcolcon.colcon_core.environment[0m [1;30mLevel 1[0m checking '/home/tang/tang_ws/navigation2/install/localizer/bin'
[0.557s] [34mcolcon.colcon_core.shell[0m [1;30mINFO[0m Creating package script '/home/tang/tang_ws/navigation2/install/localizer/share/localizer/package.ps1'
[0.558s] [34mcolcon.colcon_core.shell[0m [1;30mINFO[0m Creating package descriptor '/home/tang/tang_ws/navigation2/install/localizer/share/localizer/package.dsv'
[0.558s] [34mcolcon.colcon_core.shell[0m [1;30mINFO[0m Creating package script '/home/tang/tang_ws/navigation2/install/localizer/share/localizer/package.sh'
[0.558s] [34mcolcon.colcon_core.shell[0m [1;30mINFO[0m Creating package script '/home/tang/tang_ws/navigation2/install/localizer/share/localizer/package.bash'
[0.559s] [34mcolcon.colcon_core.shell[0m [1;30mINFO[0m Creating package script '/home/tang/tang_ws/navigation2/install/localizer/share/localizer/package.zsh'
[0.559s] [34mcolcon.colcon_core.environment[0m [1;30mLevel 1[0m create_file_with_runtime_dependencies(/home/tang/tang_ws/navigation2/install/localizer/share/colcon-core/packages/localizer)
[0.560s] [34mcolcon.colcon_core.event_handler.log_command[0m [1;30mDEBUG[0m [32mInvoked command in '/home/tang/tang_ws/navigation2/build/fastlio2' returned '0': AMENT_PREFIX_PATH=/home/tang/tang_ws/navigation2/install/livox_ros_driver2:${AMENT_PREFIX_PATH} CMAKE_PREFIX_PATH=/home/tang/tang_ws/navigation2/install/livox_ros_driver2:/opt/bxi/bxi_ros2_pkg:/opt/ros/humble LD_LIBRARY_PATH=/home/tang/tang_ws/navigation2/install/livox_ros_driver2/lib:/usr/local/lib:/usr/local/cuda-12.4/lib64:/usr/lib/x86_64-linux-gnu:/opt/bxi/bxi_ros2_pkg/lib:/opt/ros/humble/opt/rviz_ogre_vendor/lib:/opt/ros/humble/lib/x86_64-linux-gnu:/opt/ros/humble/lib:/usr/local/lib:/usr/local/cuda-12.4/lib64:/usr/lib/x86_64-linux-gnu:/home/.mujoco/mujoco-3.3.3-linux-x86_64/mujoco-3.3.3/bin:/home/tang/.mujoco/mujoco336/mujoco-3.3.6bin:/home/.mujoco/mujoco-3.3.3-linux-x86_64/mujoco-3.3.3/bin:/home/tang/.mujoco/mujoco336/mujoco-3.3.6bin PYTHONPATH=/home/tang/tang_ws/navigation2/install/livox_ros_driver2/local/lib/python3.10/dist-packages:${PYTHONPATH} /usr/bin/cmake --build /home/tang/tang_ws/navigation2/build/fastlio2 -- -j16 -l16[0m
[0.561s] [34mcolcon.colcon_core.event_handler.log_command[0m [1;30mDEBUG[0m [32mInvoking command in '/home/tang/tang_ws/navigation2/build/fastlio2': AMENT_PREFIX_PATH=/home/tang/tang_ws/navigation2/install/livox_ros_driver2:${AMENT_PREFIX_PATH} CMAKE_PREFIX_PATH=/home/tang/tang_ws/navigation2/install/livox_ros_driver2:/opt/bxi/bxi_ros2_pkg:/opt/ros/humble LD_LIBRARY_PATH=/home/tang/tang_ws/navigation2/install/livox_ros_driver2/lib:/usr/local/lib:/usr/local/cuda-12.4/lib64:/usr/lib/x86_64-linux-gnu:/opt/bxi/bxi_ros2_pkg/lib:/opt/ros/humble/opt/rviz_ogre_vendor/lib:/opt/ros/humble/lib/x86_64-linux-gnu:/opt/ros/humble/lib:/usr/local/lib:/usr/local/cuda-12.4/lib64:/usr/lib/x86_64-linux-gnu:/home/.mujoco/mujoco-3.3.3-linux-x86_64/mujoco-3.3.3/bin:/home/tang/.mujoco/mujoco336/mujoco-3.3.6bin:/home/.mujoco/mujoco-3.3.3-linux-x86_64/mujoco-3.3.3/bin:/home/tang/.mujoco/mujoco336/mujoco-3.3.6bin PYTHONPATH=/home/tang/tang_ws/navigation2/install/livox_ros_driver2/local/lib/python3.10/dist-packages:${PYTHONPATH} /usr/bin/cmake --install /home/tang/tang_ws/navigation2/build/fastlio2[0m
[0.570s] [34mcolcon.colcon_core.environment[0m [1;30mLevel 1[0m create_environment_scripts_only(fastlio2)
[0.571s] [34mcolcon.colcon_core.event_handler.log_command[0m [1;30mDEBUG[0m [32mInvoked command in '/home/tang/tang_ws/navigation2/build/fastlio2' returned '0': AMENT_PREFIX_PATH=/home/tang/tang_ws/navigation2/install/livox_ros_driver2:${AMENT_PREFIX_PATH} CMAKE_PREFIX_PATH=/home/tang/tang_ws/navigation2/install/livox_ros_driver2:/opt/bxi/bxi_ros2_pkg:/opt/ros/humble LD_LIBRARY_PATH=/home/tang/tang_ws/navigation2/install/livox_ros_driver2/lib:/usr/local/lib:/usr/local/cuda-12.4/lib64:/usr/lib/x86_64-linux-gnu:/opt/bxi/bxi_ros2_pkg/lib:/opt/ros/humble/opt/rviz_ogre_vendor/lib:/opt/ros/humble/lib/x86_64-linux-gnu:/opt/ros/humble/lib:/usr/local/lib:/usr/local/cuda-12.4/lib64:/usr/lib/x86_64-linux-gnu:/home/.mujoco/mujoco-3.3.3-linux-x86_64/mujoco-3.3.3/bin:/home/tang/.mujoco/mujoco336/mujoco-3.3.6bin:/home/.mujoco/mujoco-3.3.3-linux-x86_64/mujoco-3.3.3/bin:/home/tang/.mujoco/mujoco336/mujoco-3.3.6bin PYTHONPATH=/home/tang/tang_ws/navigation2/install/livox_ros_driver2/local/lib/python3.10/dist-packages:${PYTHONPATH} /usr/bin/cmake --install /home/tang/tang_ws/navigation2/build/fastlio2[0m
[0.571s] [34mcolcon.colcon_core.environment[0m [1;30mLevel 1[0m checking '/home/tang/tang_ws/navigation2/install/fastlio2' for CMake module files
[0.571s] [34mcolcon.colcon_core.environment[0m [1;30mLevel 1[0m checking '/home/tang/tang_ws/navigation2/install/fastlio2' for CMake config files
[0.572s] [34mcolcon.colcon_core.shell[0m [1;30mLevel 1[0m create_environment_hook('fastlio2', 'cmake_prefix_path')
[0.572s] [34mcolcon.colcon_core.shell[0m [1;30mINFO[0m Creating environment hook '/home/tang/tang_ws/navigation2/install/fastlio2/share/fastlio2/hook/cmake_prefix_path.ps1'
[0.572s] [34mcolcon.colcon_core.shell[0m [1;30mINFO[0m Creating environment descriptor '/home/tang/tang_ws/navigation2/install/fastlio2/share/fastlio2/hook/cmake_prefix_path.dsv'
[0.573s] [34mcolcon.colcon_core.shell[0m [1;30mINFO[0m Creating environment hook '/home/tang/tang_ws/navigation2/install/fastlio2/share/fastlio2/hook/cmake_prefix_path.sh'
[0.573s] [34mcolcon.colcon_core.environment[0m [1;30mLevel 1[0m checking '/home/tang/tang_ws/navigation2/install/fastlio2/lib'
[0.573s] [34mcolcon.colcon_core.environment[0m [1;30mLevel 1[0m checking '/home/tang/tang_ws/navigation2/install/fastlio2/bin'
[0.573s] [34mcolcon.colcon_core.environment[0m [1;30mLevel 1[0m checking '/home/tang/tang_ws/navigation2/install/fastlio2/lib/pkgconfig/fastlio2.pc'
[0.574s] [34mcolcon.colcon_core.environment[0m [1;30mLevel 1[0m checking '/home/tang/tang_ws/navigation2/install/fastlio2/lib/python3.10/site-packages'
[0.574s] [34mcolcon.colcon_core.environment[0m [1;30mLevel 1[0m checking '/home/tang/tang_ws/navigation2/install/fastlio2/bin'
[0.574s] [34mcolcon.colcon_core.shell[0m [1;30mINFO[0m Creating package script '/home/tang/tang_ws/navigation2/install/fastlio2/share/fastlio2/package.ps1'
[0.574s] [34mcolcon.colcon_core.shell[0m [1;30mINFO[0m Creating package descriptor '/home/tang/tang_ws/navigation2/install/fastlio2/share/fastlio2/package.dsv'
[0.574s] [34mcolcon.colcon_core.shell[0m [1;30mINFO[0m Creating package script '/home/tang/tang_ws/navigation2/install/fastlio2/share/fastlio2/package.sh'
[0.575s] [34mcolcon.colcon_core.shell[0m [1;30mINFO[0m Creating package script '/home/tang/tang_ws/navigation2/install/fastlio2/share/fastlio2/package.bash'
[0.575s] [34mcolcon.colcon_core.shell[0m [1;30mINFO[0m Creating package script '/home/tang/tang_ws/navigation2/install/fastlio2/share/fastlio2/package.zsh'
[0.575s] [34mcolcon.colcon_core.environment[0m [1;30mLevel 1[0m create_file_with_runtime_dependencies(/home/tang/tang_ws/navigation2/install/fastlio2/share/colcon-core/packages/fastlio2)
[0.575s] [34mcolcon.colcon_core.environment[0m [1;30mLevel 1[0m create_environment_scripts_only(fastlio2)
[0.575s] [34mcolcon.colcon_core.environment[0m [1;30mLevel 1[0m checking '/home/tang/tang_ws/navigation2/install/fastlio2' for CMake module files
[0.576s] [34mcolcon.colcon_core.environment[0m [1;30mLevel 1[0m checking '/home/tang/tang_ws/navigation2/install/fastlio2' for CMake config files
[0.576s] [34mcolcon.colcon_core.shell[0m [1;30mLevel 1[0m create_environment_hook('fastlio2', 'cmake_prefix_path')
[0.576s] [34mcolcon.colcon_core.shell[0m [1;30mINFO[0m Creating environment hook '/home/tang/tang_ws/navigation2/install/fastlio2/share/fastlio2/hook/cmake_prefix_path.ps1'
[0.576s] [34mcolcon.colcon_core.shell[0m [1;30mINFO[0m Creating environment descriptor '/home/tang/tang_ws/navigation2/install/fastlio2/share/fastlio2/hook/cmake_prefix_path.dsv'
[0.576s] [34mcolcon.colcon_core.shell[0m [1;30mINFO[0m Creating environment hook '/home/tang/tang_ws/navigation2/install/fastlio2/share/fastlio2/hook/cmake_prefix_path.sh'
[0.576s] [34mcolcon.colcon_core.environment[0m [1;30mLevel 1[0m checking '/home/tang/tang_ws/navigation2/install/fastlio2/lib'
[0.576s] [34mcolcon.colcon_core.environment[0m [1;30mLevel 1[0m checking '/home/tang/tang_ws/navigation2/install/fastlio2/bin'
[0.576s] [34mcolcon.colcon_core.environment[0m [1;30mLevel 1[0m checking '/home/tang/tang_ws/navigation2/install/fastlio2/lib/pkgconfig/fastlio2.pc'
[0.576s] [34mcolcon.colcon_core.environment[0m [1;30mLevel 1[0m checking '/home/tang/tang_ws/navigation2/install/fastlio2/lib/python3.10/site-packages'
[0.577s] [34mcolcon.colcon_core.environment[0m [1;30mLevel 1[0m checking '/home/tang/tang_ws/navigation2/install/fastlio2/bin'
[0.577s] [34mcolcon.colcon_core.shell[0m [1;30mINFO[0m Creating package script '/home/tang/tang_ws/navigation2/install/fastlio2/share/fastlio2/package.ps1'
[0.577s] [34mcolcon.colcon_core.shell[0m [1;30mINFO[0m Creating package descriptor '/home/tang/tang_ws/navigation2/install/fastlio2/share/fastlio2/package.dsv'
[0.577s] [34mcolcon.colcon_core.shell[0m [1;30mINFO[0m Creating package script '/home/tang/tang_ws/navigation2/install/fastlio2/share/fastlio2/package.sh'
[0.577s] [34mcolcon.colcon_core.shell[0m [1;30mINFO[0m Creating package script '/home/tang/tang_ws/navigation2/install/fastlio2/share/fastlio2/package.bash'
[0.578s] [34mcolcon.colcon_core.shell[0m [1;30mINFO[0m Creating package script '/home/tang/tang_ws/navigation2/install/fastlio2/share/fastlio2/package.zsh'
[0.578s] [34mcolcon.colcon_core.environment[0m [1;30mLevel 1[0m create_file_with_runtime_dependencies(/home/tang/tang_ws/navigation2/install/fastlio2/share/colcon-core/packages/fastlio2)
[0.578s] [34mcolcon.colcon_parallel_executor.executor.parallel[0m [1;30mDEBUG[0m [32mclosing loop[0m
[0.578s] [34mcolcon.colcon_parallel_executor.executor.parallel[0m [1;30mDEBUG[0m [32mloop closed[0m
[0.578s] [34mcolcon.colcon_parallel_executor.executor.parallel[0m [1;30mDEBUG[0m [32mrun_until_complete finished with '0'[0m
[0.578s] [34mcolcon.colcon_core.event_reactor[0m [1;30mDEBUG[0m [32mjoining thread[0m
[0.581s] [34mcolcon.colcon_core.plugin_system[0m [1;30mINFO[0m Skipping extension 'colcon_notification.desktop_notification.terminal_notifier': Not used on non-Darwin systems
[0.581s] [34mcolcon.colcon_core.plugin_system[0m [1;30mINFO[0m Skipping extension 'colcon_notification.desktop_notification.win32': Not used on non-Windows systems
[0.581s] [34mcolcon.colcon_notification.desktop_notification[0m [1;30mINFO[0m Sending desktop notification using 'notify2'
[0.586s] [34mcolcon.colcon_core.event_reactor[0m [1;30mDEBUG[0m [32mjoined thread[0m
[0.586s] [34mcolcon.colcon_core.shell[0m [1;30mINFO[0m Creating prefix script '/home/tang/tang_ws/navigation2/install/local_setup.ps1'
[0.587s] [34mcolcon.colcon_core.shell[0m [1;30mINFO[0m Creating prefix util module '/home/tang/tang_ws/navigation2/install/_local_setup_util_ps1.py'
[0.587s] [34mcolcon.colcon_core.shell[0m [1;30mINFO[0m Creating prefix chain script '/home/tang/tang_ws/navigation2/install/setup.ps1'
[0.588s] [34mcolcon.colcon_core.shell[0m [1;30mINFO[0m Creating prefix script '/home/tang/tang_ws/navigation2/install/local_setup.sh'
[0.588s] [34mcolcon.colcon_core.shell[0m [1;30mINFO[0m Creating prefix util module '/home/tang/tang_ws/navigation2/install/_local_setup_util_sh.py'
[0.588s] [34mcolcon.colcon_core.shell[0m [1;30mINFO[0m Creating prefix chain script '/home/tang/tang_ws/navigation2/install/setup.sh'
[0.589s] [34mcolcon.colcon_core.shell[0m [1;30mINFO[0m Creating prefix script '/home/tang/tang_ws/navigation2/install/local_setup.bash'
[0.589s] [34mcolcon.colcon_core.shell[0m [1;30mINFO[0m Creating prefix chain script '/home/tang/tang_ws/navigation2/install/setup.bash'
[0.589s] [34mcolcon.colcon_core.shell[0m [1;30mINFO[0m Creating prefix script '/home/tang/tang_ws/navigation2/install/local_setup.zsh'
[0.590s] [34mcolcon.colcon_core.shell[0m [1;30mINFO[0m Creating prefix chain script '/home/tang/tang_ws/navigation2/install/setup.zsh'
