[0.006s] Invoking command in '/home/tang/voice/ws_voice/build/wheeltec_mic_msg': CMAKE_PREFIX_PATH=${CMAKE_PREFIX_PATH}:/opt/ros/humble /usr/bin/cmake /home/tang/voice/ws_voice/src/wheeltec_mic/wheeltec_mic_msg -DCMAKE_INSTALL_PREFIX=/home/tang/voice/ws_voice/install/wheeltec_mic_msg
[0.042s] -- The C compiler identification is GNU 11.4.0
[0.075s] -- The CXX compiler identification is GNU 11.4.0
[0.080s] -- Detecting C compiler ABI info
[0.127s] -- Detecting C compiler ABI info - done
[0.131s] -- Check for working C compiler: /usr/bin/gcc-11 - skipped
[0.131s] -- Detecting C compile features
[0.132s] -- Detecting C compile features - done
[0.133s] -- Detecting CXX compiler ABI info
[0.185s] -- Detecting CXX compiler ABI info - done
[0.189s] -- Check for working CXX compiler: /usr/bin/g++-11 - skipped
[0.190s] -- Detecting CXX compile features
[0.190s] -- Detecting CXX compile features - done
[0.192s] -- Found ament_cmake: 1.3.12 (/opt/ros/humble/share/ament_cmake/cmake)
[0.311s] -- Found Python3: /usr/bin/python3 (found version "3.10.12") found components: Interpreter 
[0.361s] -- Found rclcpp: 16.0.15 (/opt/ros/humble/share/rclcpp/cmake)
[0.384s] -- Found rosidl_generator_c: 3.1.7 (/opt/ros/humble/share/rosidl_generator_c/cmake)
[0.386s] -- Found rosidl_adapter: 3.1.7 (/opt/ros/humble/share/rosidl_adapter/cmake)
[0.390s] -- Found rosidl_generator_cpp: 3.1.7 (/opt/ros/humble/share/rosidl_generator_cpp/cmake)
[0.397s] -- Using all available rosidl_typesupport_c: rosidl_typesupport_fastrtps_c;rosidl_typesupport_introspection_c
[0.405s] -- Using all available rosidl_typesupport_cpp: rosidl_typesupport_fastrtps_cpp;rosidl_typesupport_introspection_cpp
[0.429s] -- Found rmw_implementation_cmake: 6.1.2 (/opt/ros/humble/share/rmw_implementation_cmake/cmake)
[0.430s] -- Found rmw_cyclonedds_cpp: 1.3.4 (/opt/ros/humble/share/rmw_cyclonedds_cpp/cmake)
[0.441s] -- Using RMW implementation 'rmw_cyclonedds_cpp' as default
[0.446s] -- Looking for pthread.h
[0.491s] -- Looking for pthread.h - found
[0.492s] -- Performing Test CMAKE_HAVE_LIBC_PTHREAD
[0.541s] -- Performing Test CMAKE_HAVE_LIBC_PTHREAD - Success
[0.542s] -- Found Threads: TRUE  
[0.571s] -- Found rosidl_default_generators: 1.2.0 (/opt/ros/humble/share/rosidl_default_generators/cmake)
[0.774s] -- Found ament_cmake_ros: 0.10.0 (/opt/ros/humble/share/ament_cmake_ros/cmake)
[1.007s] -- Using all available rosidl_typesupport_c: rosidl_typesupport_fastrtps_c;rosidl_typesupport_introspection_c
[1.099s] -- Using all available rosidl_typesupport_cpp: rosidl_typesupport_fastrtps_cpp;rosidl_typesupport_introspection_cpp
[1.118s] -- Found PythonInterp: /usr/bin/python3 (found suitable version "3.10.12", minimum required is "3.6") 
[1.119s] -- Found python_cmake_module: 0.10.0 (/opt/ros/humble/share/python_cmake_module/cmake)
[1.141s] -- Found PythonLibs: /usr/lib/x86_64-linux-gnu/libpython3.10.so (found suitable version "3.10.12", minimum required is "3.5") 
[1.142s] -- Using PYTHON_EXECUTABLE: /usr/bin/python3
[1.142s] -- Using PYTHON_INCLUDE_DIRS: /usr/include/python3.10
[1.142s] -- Using PYTHON_LIBRARIES: /usr/lib/x86_64-linux-gnu/libpython3.10.so
[1.161s] -- Found PythonExtra: .so  
[1.190s] -- Configuring done
[1.211s] -- Generating done
[1.217s] -- Build files have been written to: /home/tang/voice/ws_voice/build/wheeltec_mic_msg
[1.224s] Invoked command in '/home/tang/voice/ws_voice/build/wheeltec_mic_msg' returned '0': CMAKE_PREFIX_PATH=${CMAKE_PREFIX_PATH}:/opt/ros/humble /usr/bin/cmake /home/tang/voice/ws_voice/src/wheeltec_mic/wheeltec_mic_msg -DCMAKE_INSTALL_PREFIX=/home/tang/voice/ws_voice/install/wheeltec_mic_msg
[1.224s] Invoking command in '/home/tang/voice/ws_voice/build/wheeltec_mic_msg': CMAKE_PREFIX_PATH=${CMAKE_PREFIX_PATH}:/opt/ros/humble /usr/bin/cmake --build /home/tang/voice/ws_voice/build/wheeltec_mic_msg -- -j16 -l16
[1.257s] [  1%] [34m[1mGenerating C code for ROS interfaces[0m
[1.264s] [  2%] [34m[1mGenerating C++ code for ROS interfaces[0m
[1.265s] [  2%] Built target ament_cmake_python_copy_wheeltec_mic_msg
[1.413s] running egg_info
[1.415s] creating wheeltec_mic_msg.egg-info
[1.415s] writing wheeltec_mic_msg.egg-info/PKG-INFO
[1.415s] writing dependency_links to wheeltec_mic_msg.egg-info/dependency_links.txt
[1.415s] writing top-level names to wheeltec_mic_msg.egg-info/top_level.txt
[1.416s] writing manifest file 'wheeltec_mic_msg.egg-info/SOURCES.txt'
[1.425s] reading manifest file 'wheeltec_mic_msg.egg-info/SOURCES.txt'
[1.425s] writing manifest file 'wheeltec_mic_msg.egg-info/SOURCES.txt'
[1.486s] [  2%] Built target ament_cmake_python_build_wheeltec_mic_msg_egg
[1.672s] [  2%] Built target wheeltec_mic_msg__cpp
[1.681s] [  3%] [34m[1mGenerating C++ introspection for ROS interfaces[0m
[1.683s] [  5%] [34m[1mGenerating C++ type support for eProsima Fast-RTPS[0m
[1.683s] [  6%] [34m[1mGenerating C++ type support dispatch for ROS interfaces[0m
[1.703s] [ 11%] [32mBuilding C object CMakeFiles/wheeltec_mic_msg__rosidl_generator_c.dir/rosidl_generator_c/wheeltec_mic_msg/srv/detail/set_major_mic__functions.c.o[0m
[1.703s] [ 11%] [32mBuilding C object CMakeFiles/wheeltec_mic_msg__rosidl_generator_c.dir/rosidl_generator_c/wheeltec_mic_msg/srv/detail/switch_mic__functions.c.o[0m
[1.703s] [ 11%] [32mBuilding C object CMakeFiles/wheeltec_mic_msg__rosidl_generator_c.dir/rosidl_generator_c/wheeltec_mic_msg/srv/detail/get_offline_result__functions.c.o[0m
[1.704s] [ 11%] [32mBuilding C object CMakeFiles/wheeltec_mic_msg__rosidl_generator_c.dir/rosidl_generator_c/wheeltec_mic_msg/srv/detail/get_device_type__functions.c.o[0m
[1.704s] [ 13%] [32mBuilding C object CMakeFiles/wheeltec_mic_msg__rosidl_generator_c.dir/rosidl_generator_c/wheeltec_mic_msg/msg/detail/pcm_msg__functions.c.o[0m
[1.704s] [ 13%] [32mBuilding C object CMakeFiles/wheeltec_mic_msg__rosidl_generator_c.dir/rosidl_generator_c/wheeltec_mic_msg/msg/detail/motion_control__functions.c.o[0m
[1.705s] [ 15%] [32mBuilding C object CMakeFiles/wheeltec_mic_msg__rosidl_generator_c.dir/rosidl_generator_c/wheeltec_mic_msg/srv/detail/set_awake_word__functions.c.o[0m
[1.759s] [ 16%] [32m[1mLinking C shared library libwheeltec_mic_msg__rosidl_generator_c.so[0m
[1.787s] [ 16%] Built target wheeltec_mic_msg__rosidl_generator_c
[1.794s] [ 17%] [34m[1mGenerating C type support dispatch for ROS interfaces[0m
[1.794s] [ 18%] [34m[1mGenerating C introspection for ROS interfaces[0m
[1.795s] [ 20%] [34m[1mGenerating C type support for eProsima Fast-RTPS[0m
[1.933s] [ 26%] [32mBuilding CXX object CMakeFiles/wheeltec_mic_msg__rosidl_typesupport_cpp.dir/rosidl_typesupport_cpp/wheeltec_mic_msg/srv/get_device_type__type_support.cpp.o[0m
[1.933s] [ 26%] [32mBuilding CXX object CMakeFiles/wheeltec_mic_msg__rosidl_typesupport_cpp.dir/rosidl_typesupport_cpp/wheeltec_mic_msg/msg/pcm_msg__type_support.cpp.o[0m
[1.933s] [ 26%] [32mBuilding CXX object CMakeFiles/wheeltec_mic_msg__rosidl_typesupport_cpp.dir/rosidl_typesupport_cpp/wheeltec_mic_msg/msg/motion_control__type_support.cpp.o[0m
[1.933s] [ 27%] [32mBuilding CXX object CMakeFiles/wheeltec_mic_msg__rosidl_typesupport_cpp.dir/rosidl_typesupport_cpp/wheeltec_mic_msg/srv/switch_mic__type_support.cpp.o[0m
[1.933s] [ 27%] [32mBuilding CXX object CMakeFiles/wheeltec_mic_msg__rosidl_typesupport_cpp.dir/rosidl_typesupport_cpp/wheeltec_mic_msg/srv/set_awake_word__type_support.cpp.o[0m
[1.933s] [ 29%] [32mBuilding CXX object CMakeFiles/wheeltec_mic_msg__rosidl_typesupport_cpp.dir/rosidl_typesupport_cpp/wheeltec_mic_msg/srv/set_major_mic__type_support.cpp.o[0m
[1.934s] [ 29%] [32mBuilding CXX object CMakeFiles/wheeltec_mic_msg__rosidl_typesupport_cpp.dir/rosidl_typesupport_cpp/wheeltec_mic_msg/srv/get_offline_result__type_support.cpp.o[0m
[2.049s] [ 30%] [32mBuilding CXX object CMakeFiles/wheeltec_mic_msg__rosidl_typesupport_introspection_cpp.dir/rosidl_typesupport_introspection_cpp/wheeltec_mic_msg/srv/detail/get_device_type__type_support.cpp.o[0m
[2.053s] [ 31%] [32mBuilding CXX object CMakeFiles/wheeltec_mic_msg__rosidl_typesupport_introspection_cpp.dir/rosidl_typesupport_introspection_cpp/wheeltec_mic_msg/msg/detail/pcm_msg__type_support.cpp.o[0m
[2.053s] [ 32%] [32mBuilding CXX object CMakeFiles/wheeltec_mic_msg__rosidl_typesupport_introspection_cpp.dir/rosidl_typesupport_introspection_cpp/wheeltec_mic_msg/msg/detail/motion_control__type_support.cpp.o[0m
[2.053s] [ 34%] [32mBuilding CXX object CMakeFiles/wheeltec_mic_msg__rosidl_typesupport_introspection_cpp.dir/rosidl_typesupport_introspection_cpp/wheeltec_mic_msg/srv/detail/set_awake_word__type_support.cpp.o[0m
[2.056s] [ 35%] [32mBuilding CXX object CMakeFiles/wheeltec_mic_msg__rosidl_typesupport_introspection_cpp.dir/rosidl_typesupport_introspection_cpp/wheeltec_mic_msg/srv/detail/get_offline_result__type_support.cpp.o[0m
[2.238s] [ 36%] [32mBuilding CXX object CMakeFiles/wheeltec_mic_msg__rosidl_typesupport_introspection_cpp.dir/rosidl_typesupport_introspection_cpp/wheeltec_mic_msg/srv/detail/set_major_mic__type_support.cpp.o[0m
[2.241s] [ 37%] [32mBuilding CXX object CMakeFiles/wheeltec_mic_msg__rosidl_typesupport_introspection_cpp.dir/rosidl_typesupport_introspection_cpp/wheeltec_mic_msg/srv/detail/switch_mic__type_support.cpp.o[0m
[2.260s] [ 39%] [32mBuilding CXX object CMakeFiles/wheeltec_mic_msg__rosidl_typesupport_c.dir/rosidl_typesupport_c/wheeltec_mic_msg/msg/pcm_msg__type_support.cpp.o[0m
[2.270s] [ 40%] [32mBuilding CXX object CMakeFiles/wheeltec_mic_msg__rosidl_typesupport_c.dir/rosidl_typesupport_c/wheeltec_mic_msg/srv/get_device_type__type_support.cpp.o[0m
[2.275s] [ 41%] [32mBuilding CXX object CMakeFiles/wheeltec_mic_msg__rosidl_typesupport_c.dir/rosidl_typesupport_c/wheeltec_mic_msg/msg/motion_control__type_support.cpp.o[0m
[2.275s] [ 43%] [32mBuilding CXX object CMakeFiles/wheeltec_mic_msg__rosidl_typesupport_c.dir/rosidl_typesupport_c/wheeltec_mic_msg/srv/get_offline_result__type_support.cpp.o[0m
[2.276s] [ 44%] [32m[1mLinking CXX shared library libwheeltec_mic_msg__rosidl_typesupport_cpp.so[0m
[2.305s] [ 45%] [32mBuilding CXX object CMakeFiles/wheeltec_mic_msg__rosidl_typesupport_c.dir/rosidl_typesupport_c/wheeltec_mic_msg/srv/set_major_mic__type_support.cpp.o[0m
[2.306s] [ 46%] [32mBuilding CXX object CMakeFiles/wheeltec_mic_msg__rosidl_typesupport_c.dir/rosidl_typesupport_c/wheeltec_mic_msg/srv/set_awake_word__type_support.cpp.o[0m
[2.312s] [ 49%] [32mBuilding CXX object CMakeFiles/wheeltec_mic_msg__rosidl_typesupport_c.dir/rosidl_typesupport_c/wheeltec_mic_msg/srv/switch_mic__type_support.cpp.o[0m
[2.312s] [ 49%] [32mBuilding C object CMakeFiles/wheeltec_mic_msg__rosidl_typesupport_introspection_c.dir/rosidl_typesupport_introspection_c/wheeltec_mic_msg/msg/detail/pcm_msg__type_support.c.o[0m
[2.316s] [ 50%] [32mBuilding C object CMakeFiles/wheeltec_mic_msg__rosidl_typesupport_introspection_c.dir/rosidl_typesupport_introspection_c/wheeltec_mic_msg/msg/detail/motion_control__type_support.c.o[0m
[2.329s] [ 51%] [32mBuilding C object CMakeFiles/wheeltec_mic_msg__rosidl_typesupport_introspection_c.dir/rosidl_typesupport_introspection_c/wheeltec_mic_msg/srv/detail/get_device_type__type_support.c.o[0m
[2.330s] [ 53%] [32mBuilding CXX object CMakeFiles/wheeltec_mic_msg__rosidl_typesupport_fastrtps_cpp.dir/rosidl_typesupport_fastrtps_cpp/wheeltec_mic_msg/msg/detail/dds_fastrtps/pcm_msg__type_support.cpp.o[0m
[2.352s] [ 54%] [32mBuilding C object CMakeFiles/wheeltec_mic_msg__rosidl_typesupport_introspection_c.dir/rosidl_typesupport_introspection_c/wheeltec_mic_msg/srv/detail/get_offline_result__type_support.c.o[0m
[2.352s] [ 54%] Built target wheeltec_mic_msg__rosidl_typesupport_cpp
[2.357s] [ 55%] [32m[1mLinking CXX shared library libwheeltec_mic_msg__rosidl_typesupport_c.so[0m
[2.357s] [ 56%] [32mBuilding C object CMakeFiles/wheeltec_mic_msg__rosidl_typesupport_introspection_c.dir/rosidl_typesupport_introspection_c/wheeltec_mic_msg/srv/detail/set_awake_word__type_support.c.o[0m
[2.375s] [ 58%] [32mBuilding CXX object CMakeFiles/wheeltec_mic_msg__rosidl_typesupport_fastrtps_cpp.dir/rosidl_typesupport_fastrtps_cpp/wheeltec_mic_msg/msg/detail/dds_fastrtps/motion_control__type_support.cpp.o[0m
[2.377s] [ 59%] [32mBuilding C object CMakeFiles/wheeltec_mic_msg__rosidl_typesupport_introspection_c.dir/rosidl_typesupport_introspection_c/wheeltec_mic_msg/srv/detail/set_major_mic__type_support.c.o[0m
[2.394s] [ 60%] [32mBuilding C object CMakeFiles/wheeltec_mic_msg__rosidl_typesupport_introspection_c.dir/rosidl_typesupport_introspection_c/wheeltec_mic_msg/srv/detail/switch_mic__type_support.c.o[0m
[2.396s] [ 63%] [32mBuilding CXX object CMakeFiles/wheeltec_mic_msg__rosidl_typesupport_fastrtps_cpp.dir/rosidl_typesupport_fastrtps_cpp/wheeltec_mic_msg/srv/detail/dds_fastrtps/get_device_type__type_support.cpp.o[0m
[2.396s] [ 63%] [32mBuilding CXX object CMakeFiles/wheeltec_mic_msg__rosidl_typesupport_fastrtps_cpp.dir/rosidl_typesupport_fastrtps_cpp/wheeltec_mic_msg/srv/detail/dds_fastrtps/get_offline_result__type_support.cpp.o[0m
[2.408s] [ 64%] [32mBuilding CXX object CMakeFiles/wheeltec_mic_msg__rosidl_typesupport_fastrtps_cpp.dir/rosidl_typesupport_fastrtps_cpp/wheeltec_mic_msg/srv/detail/dds_fastrtps/set_awake_word__type_support.cpp.o[0m
[2.421s] [ 64%] Built target wheeltec_mic_msg__rosidl_typesupport_c
[2.435s] [ 65%] [32mBuilding CXX object CMakeFiles/wheeltec_mic_msg__rosidl_typesupport_fastrtps_cpp.dir/rosidl_typesupport_fastrtps_cpp/wheeltec_mic_msg/srv/detail/dds_fastrtps/set_major_mic__type_support.cpp.o[0m
[2.454s] [ 67%] [32mBuilding CXX object CMakeFiles/wheeltec_mic_msg__rosidl_typesupport_fastrtps_cpp.dir/rosidl_typesupport_fastrtps_cpp/wheeltec_mic_msg/srv/detail/dds_fastrtps/switch_mic__type_support.cpp.o[0m
[2.457s] [ 68%] [32m[1mLinking C shared library libwheeltec_mic_msg__rosidl_typesupport_introspection_c.so[0m
[2.520s] [ 69%] [32mBuilding CXX object CMakeFiles/wheeltec_mic_msg__rosidl_typesupport_fastrtps_c.dir/rosidl_typesupport_fastrtps_c/wheeltec_mic_msg/msg/detail/motion_control__type_support_c.cpp.o[0m
[2.528s] [ 70%] [32mBuilding CXX object CMakeFiles/wheeltec_mic_msg__rosidl_typesupport_fastrtps_c.dir/rosidl_typesupport_fastrtps_c/wheeltec_mic_msg/msg/detail/pcm_msg__type_support_c.cpp.o[0m
[2.532s] [ 70%] Built target wheeltec_mic_msg__rosidl_typesupport_introspection_c
[2.553s] [ 73%] [32mBuilding CXX object CMakeFiles/wheeltec_mic_msg__rosidl_typesupport_fastrtps_c.dir/rosidl_typesupport_fastrtps_c/wheeltec_mic_msg/srv/detail/set_major_mic__type_support_c.cpp.o[0m
[2.553s] [ 73%] [32mBuilding CXX object CMakeFiles/wheeltec_mic_msg__rosidl_typesupport_fastrtps_c.dir/rosidl_typesupport_fastrtps_c/wheeltec_mic_msg/srv/detail/get_offline_result__type_support_c.cpp.o[0m
[2.554s] [ 74%] [32mBuilding CXX object CMakeFiles/wheeltec_mic_msg__rosidl_typesupport_fastrtps_c.dir/rosidl_typesupport_fastrtps_c/wheeltec_mic_msg/srv/detail/get_device_type__type_support_c.cpp.o[0m
[2.558s] [ 75%] [32mBuilding CXX object CMakeFiles/wheeltec_mic_msg__rosidl_typesupport_fastrtps_c.dir/rosidl_typesupport_fastrtps_c/wheeltec_mic_msg/srv/detail/set_awake_word__type_support_c.cpp.o[0m
[2.633s] [ 77%] [32mBuilding CXX object CMakeFiles/wheeltec_mic_msg__rosidl_typesupport_fastrtps_c.dir/rosidl_typesupport_fastrtps_c/wheeltec_mic_msg/srv/detail/switch_mic__type_support_c.cpp.o[0m
[2.835s] [ 78%] [32m[1mLinking CXX shared library libwheeltec_mic_msg__rosidl_typesupport_introspection_cpp.so[0m
[2.952s] [ 79%] [32m[1mLinking CXX shared library libwheeltec_mic_msg__rosidl_typesupport_fastrtps_cpp.so[0m
[2.953s] [ 79%] Built target wheeltec_mic_msg__rosidl_typesupport_introspection_cpp
[3.008s] [ 79%] Built target wheeltec_mic_msg__rosidl_typesupport_fastrtps_cpp
[3.043s] [ 81%] [32m[1mLinking CXX shared library libwheeltec_mic_msg__rosidl_typesupport_fastrtps_c.so[0m
[3.091s] [ 81%] Built target wheeltec_mic_msg__rosidl_typesupport_fastrtps_c
[3.104s] [ 81%] Built target wheeltec_mic_msg
[3.116s] [ 82%] [34m[1mGenerating Python code for ROS interfaces[0m
[3.673s] [ 82%] Built target wheeltec_mic_msg__py
[3.686s] [ 87%] [32mBuilding C object CMakeFiles/wheeltec_mic_msg__rosidl_generator_py.dir/rosidl_generator_py/wheeltec_mic_msg/srv/_get_offline_result_s.c.o[0m
[3.687s] [ 87%] [32mBuilding C object CMakeFiles/wheeltec_mic_msg__rosidl_generator_py.dir/rosidl_generator_py/wheeltec_mic_msg/srv/_switch_mic_s.c.o[0m
[3.687s] [ 87%] [32mBuilding C object CMakeFiles/wheeltec_mic_msg__rosidl_generator_py.dir/rosidl_generator_py/wheeltec_mic_msg/srv/_set_major_mic_s.c.o[0m
[3.687s] [ 87%] [32mBuilding C object CMakeFiles/wheeltec_mic_msg__rosidl_generator_py.dir/rosidl_generator_py/wheeltec_mic_msg/srv/_set_awake_word_s.c.o[0m
[3.687s] [ 88%] [32mBuilding C object CMakeFiles/wheeltec_mic_msg__rosidl_generator_py.dir/rosidl_generator_py/wheeltec_mic_msg/srv/_get_device_type_s.c.o[0m
[3.687s] [ 91%] [32mBuilding C object CMakeFiles/wheeltec_mic_msg__rosidl_generator_py.dir/rosidl_generator_py/wheeltec_mic_msg/msg/_pcm_msg_s.c.o[0m
[3.687s] [ 91%] [32mBuilding C object CMakeFiles/wheeltec_mic_msg__rosidl_generator_py.dir/rosidl_generator_py/wheeltec_mic_msg/msg/_motion_control_s.c.o[0m
[3.773s] [ 92%] [32m[1mLinking C shared library rosidl_generator_py/wheeltec_mic_msg/libwheeltec_mic_msg__rosidl_generator_py.so[0m
[3.800s] [ 92%] Built target wheeltec_mic_msg__rosidl_generator_py
[3.813s] [ 93%] [32mBuilding C object CMakeFiles/wheeltec_mic_msg__rosidl_typesupport_fastrtps_c__pyext.dir/rosidl_generator_py/wheeltec_mic_msg/_wheeltec_mic_msg_s.ep.rosidl_typesupport_fastrtps_c.c.o[0m
[3.813s] [ 94%] [32mBuilding C object CMakeFiles/wheeltec_mic_msg__rosidl_typesupport_c__pyext.dir/rosidl_generator_py/wheeltec_mic_msg/_wheeltec_mic_msg_s.ep.rosidl_typesupport_c.c.o[0m
[3.816s] [ 96%] [32mBuilding C object CMakeFiles/wheeltec_mic_msg__rosidl_typesupport_introspection_c__pyext.dir/rosidl_generator_py/wheeltec_mic_msg/_wheeltec_mic_msg_s.ep.rosidl_typesupport_introspection_c.c.o[0m
[3.885s] [ 98%] [32m[1mLinking C shared library rosidl_generator_py/wheeltec_mic_msg/wheeltec_mic_msg_s__rosidl_typesupport_fastrtps_c.cpython-310-x86_64-linux-gnu.so[0m
[3.885s] [ 98%] [32m[1mLinking C shared library rosidl_generator_py/wheeltec_mic_msg/wheeltec_mic_msg_s__rosidl_typesupport_c.cpython-310-x86_64-linux-gnu.so[0m
[3.888s] [100%] [32m[1mLinking C shared library rosidl_generator_py/wheeltec_mic_msg/wheeltec_mic_msg_s__rosidl_typesupport_introspection_c.cpython-310-x86_64-linux-gnu.so[0m
[3.908s] [100%] Built target wheeltec_mic_msg__rosidl_typesupport_fastrtps_c__pyext
[3.909s] [100%] Built target wheeltec_mic_msg__rosidl_typesupport_c__pyext
[3.910s] [100%] Built target wheeltec_mic_msg__rosidl_typesupport_introspection_c__pyext
[3.917s] Invoked command in '/home/tang/voice/ws_voice/build/wheeltec_mic_msg' returned '0': CMAKE_PREFIX_PATH=${CMAKE_PREFIX_PATH}:/opt/ros/humble /usr/bin/cmake --build /home/tang/voice/ws_voice/build/wheeltec_mic_msg -- -j16 -l16
[3.924s] Invoking command in '/home/tang/voice/ws_voice/build/wheeltec_mic_msg': CMAKE_PREFIX_PATH=${CMAKE_PREFIX_PATH}:/opt/ros/humble /usr/bin/cmake --install /home/tang/voice/ws_voice/build/wheeltec_mic_msg
[3.928s] -- Install configuration: ""
[3.929s] -- Installing: /home/tang/voice/ws_voice/install/wheeltec_mic_msg/share/ament_index/resource_index/rosidl_interfaces/wheeltec_mic_msg
[3.929s] -- Installing: /home/tang/voice/ws_voice/install/wheeltec_mic_msg/include/wheeltec_mic_msg/wheeltec_mic_msg
[3.929s] -- Installing: /home/tang/voice/ws_voice/install/wheeltec_mic_msg/include/wheeltec_mic_msg/wheeltec_mic_msg/srv
[3.929s] -- Installing: /home/tang/voice/ws_voice/install/wheeltec_mic_msg/include/wheeltec_mic_msg/wheeltec_mic_msg/srv/switch_mic.h
[3.929s] -- Installing: /home/tang/voice/ws_voice/install/wheeltec_mic_msg/include/wheeltec_mic_msg/wheeltec_mic_msg/srv/set_major_mic.h
[3.929s] -- Installing: /home/tang/voice/ws_voice/install/wheeltec_mic_msg/include/wheeltec_mic_msg/wheeltec_mic_msg/srv/get_device_type.h
[3.929s] -- Installing: /home/tang/voice/ws_voice/install/wheeltec_mic_msg/include/wheeltec_mic_msg/wheeltec_mic_msg/srv/get_offline_result.h
[3.929s] -- Installing: /home/tang/voice/ws_voice/install/wheeltec_mic_msg/include/wheeltec_mic_msg/wheeltec_mic_msg/srv/detail
[3.929s] -- Installing: /home/tang/voice/ws_voice/install/wheeltec_mic_msg/include/wheeltec_mic_msg/wheeltec_mic_msg/srv/detail/get_device_type__functions.c
[3.929s] -- Installing: /home/tang/voice/ws_voice/install/wheeltec_mic_msg/include/wheeltec_mic_msg/wheeltec_mic_msg/srv/detail/switch_mic__type_support.h
[3.929s] -- Installing: /home/tang/voice/ws_voice/install/wheeltec_mic_msg/include/wheeltec_mic_msg/wheeltec_mic_msg/srv/detail/set_awake_word__functions.h
[3.929s] -- Installing: /home/tang/voice/ws_voice/install/wheeltec_mic_msg/include/wheeltec_mic_msg/wheeltec_mic_msg/srv/detail/get_device_type__functions.h
[3.930s] -- Installing: /home/tang/voice/ws_voice/install/wheeltec_mic_msg/include/wheeltec_mic_msg/wheeltec_mic_msg/srv/detail/get_device_type__type_support.h
[3.930s] -- Installing: /home/tang/voice/ws_voice/install/wheeltec_mic_msg/include/wheeltec_mic_msg/wheeltec_mic_msg/srv/detail/set_major_mic__functions.c
[3.930s] -- Installing: /home/tang/voice/ws_voice/install/wheeltec_mic_msg/include/wheeltec_mic_msg/wheeltec_mic_msg/srv/detail/set_awake_word__struct.h
[3.930s] -- Installing: /home/tang/voice/ws_voice/install/wheeltec_mic_msg/include/wheeltec_mic_msg/wheeltec_mic_msg/srv/detail/set_major_mic__type_support.h
[3.930s] -- Installing: /home/tang/voice/ws_voice/install/wheeltec_mic_msg/include/wheeltec_mic_msg/wheeltec_mic_msg/srv/detail/set_awake_word__type_support.h
[3.930s] -- Installing: /home/tang/voice/ws_voice/install/wheeltec_mic_msg/include/wheeltec_mic_msg/wheeltec_mic_msg/srv/detail/get_offline_result__functions.c
[3.930s] -- Installing: /home/tang/voice/ws_voice/install/wheeltec_mic_msg/include/wheeltec_mic_msg/wheeltec_mic_msg/srv/detail/set_awake_word__functions.c
[3.930s] -- Installing: /home/tang/voice/ws_voice/install/wheeltec_mic_msg/include/wheeltec_mic_msg/wheeltec_mic_msg/srv/detail/switch_mic__functions.h
[3.930s] -- Installing: /home/tang/voice/ws_voice/install/wheeltec_mic_msg/include/wheeltec_mic_msg/wheeltec_mic_msg/srv/detail/set_major_mic__functions.h
[3.930s] -- Installing: /home/tang/voice/ws_voice/install/wheeltec_mic_msg/include/wheeltec_mic_msg/wheeltec_mic_msg/srv/detail/get_offline_result__struct.h
[3.930s] -- Installing: /home/tang/voice/ws_voice/install/wheeltec_mic_msg/include/wheeltec_mic_msg/wheeltec_mic_msg/srv/detail/set_major_mic__struct.h
[3.930s] -- Installing: /home/tang/voice/ws_voice/install/wheeltec_mic_msg/include/wheeltec_mic_msg/wheeltec_mic_msg/srv/detail/switch_mic__struct.h
[3.930s] -- Installing: /home/tang/voice/ws_voice/install/wheeltec_mic_msg/include/wheeltec_mic_msg/wheeltec_mic_msg/srv/detail/get_device_type__struct.h
[3.930s] -- Installing: /home/tang/voice/ws_voice/install/wheeltec_mic_msg/include/wheeltec_mic_msg/wheeltec_mic_msg/srv/detail/switch_mic__functions.c
[3.930s] -- Installing: /home/tang/voice/ws_voice/install/wheeltec_mic_msg/include/wheeltec_mic_msg/wheeltec_mic_msg/srv/detail/get_offline_result__functions.h
[3.930s] -- Installing: /home/tang/voice/ws_voice/install/wheeltec_mic_msg/include/wheeltec_mic_msg/wheeltec_mic_msg/srv/detail/get_offline_result__type_support.h
[3.930s] -- Installing: /home/tang/voice/ws_voice/install/wheeltec_mic_msg/include/wheeltec_mic_msg/wheeltec_mic_msg/srv/set_awake_word.h
[3.930s] -- Installing: /home/tang/voice/ws_voice/install/wheeltec_mic_msg/include/wheeltec_mic_msg/wheeltec_mic_msg/msg
[3.930s] -- Installing: /home/tang/voice/ws_voice/install/wheeltec_mic_msg/include/wheeltec_mic_msg/wheeltec_mic_msg/msg/rosidl_generator_c__visibility_control.h
[3.930s] -- Installing: /home/tang/voice/ws_voice/install/wheeltec_mic_msg/include/wheeltec_mic_msg/wheeltec_mic_msg/msg/motion_control.h
[3.930s] -- Installing: /home/tang/voice/ws_voice/install/wheeltec_mic_msg/include/wheeltec_mic_msg/wheeltec_mic_msg/msg/detail
[3.930s] -- Installing: /home/tang/voice/ws_voice/install/wheeltec_mic_msg/include/wheeltec_mic_msg/wheeltec_mic_msg/msg/detail/pcm_msg__functions.c
[3.930s] -- Installing: /home/tang/voice/ws_voice/install/wheeltec_mic_msg/include/wheeltec_mic_msg/wheeltec_mic_msg/msg/detail/motion_control__struct.h
[3.931s] -- Installing: /home/tang/voice/ws_voice/install/wheeltec_mic_msg/include/wheeltec_mic_msg/wheeltec_mic_msg/msg/detail/motion_control__functions.c
[3.931s] -- Installing: /home/tang/voice/ws_voice/install/wheeltec_mic_msg/include/wheeltec_mic_msg/wheeltec_mic_msg/msg/detail/pcm_msg__type_support.h
[3.931s] -- Installing: /home/tang/voice/ws_voice/install/wheeltec_mic_msg/include/wheeltec_mic_msg/wheeltec_mic_msg/msg/detail/pcm_msg__struct.h
[3.931s] -- Installing: /home/tang/voice/ws_voice/install/wheeltec_mic_msg/include/wheeltec_mic_msg/wheeltec_mic_msg/msg/detail/pcm_msg__functions.h
[3.931s] -- Installing: /home/tang/voice/ws_voice/install/wheeltec_mic_msg/include/wheeltec_mic_msg/wheeltec_mic_msg/msg/detail/motion_control__functions.h
[3.931s] -- Installing: /home/tang/voice/ws_voice/install/wheeltec_mic_msg/include/wheeltec_mic_msg/wheeltec_mic_msg/msg/detail/motion_control__type_support.h
[3.931s] -- Installing: /home/tang/voice/ws_voice/install/wheeltec_mic_msg/include/wheeltec_mic_msg/wheeltec_mic_msg/msg/pcm_msg.h
[3.931s] -- Installing: /home/tang/voice/ws_voice/install/wheeltec_mic_msg/share/wheeltec_mic_msg/environment/library_path.sh
[3.931s] -- Installing: /home/tang/voice/ws_voice/install/wheeltec_mic_msg/share/wheeltec_mic_msg/environment/library_path.dsv
[3.931s] -- Installing: /home/tang/voice/ws_voice/install/wheeltec_mic_msg/lib/libwheeltec_mic_msg__rosidl_generator_c.so
[3.931s] -- Set runtime path of "/home/tang/voice/ws_voice/install/wheeltec_mic_msg/lib/libwheeltec_mic_msg__rosidl_generator_c.so" to ""
[3.931s] -- Up-to-date: /home/tang/voice/ws_voice/install/wheeltec_mic_msg/include/wheeltec_mic_msg/wheeltec_mic_msg
[3.931s] -- Up-to-date: /home/tang/voice/ws_voice/install/wheeltec_mic_msg/include/wheeltec_mic_msg/wheeltec_mic_msg/srv
[3.931s] -- Up-to-date: /home/tang/voice/ws_voice/install/wheeltec_mic_msg/include/wheeltec_mic_msg/wheeltec_mic_msg/srv/detail
[3.931s] -- Installing: /home/tang/voice/ws_voice/install/wheeltec_mic_msg/include/wheeltec_mic_msg/wheeltec_mic_msg/srv/detail/switch_mic__rosidl_typesupport_fastrtps_c.h
[3.931s] -- Installing: /home/tang/voice/ws_voice/install/wheeltec_mic_msg/include/wheeltec_mic_msg/wheeltec_mic_msg/srv/detail/set_major_mic__rosidl_typesupport_fastrtps_c.h
[3.931s] -- Installing: /home/tang/voice/ws_voice/install/wheeltec_mic_msg/include/wheeltec_mic_msg/wheeltec_mic_msg/srv/detail/set_awake_word__rosidl_typesupport_fastrtps_c.h
[3.931s] -- Installing: /home/tang/voice/ws_voice/install/wheeltec_mic_msg/include/wheeltec_mic_msg/wheeltec_mic_msg/srv/detail/get_offline_result__rosidl_typesupport_fastrtps_c.h
[3.931s] -- Installing: /home/tang/voice/ws_voice/install/wheeltec_mic_msg/include/wheeltec_mic_msg/wheeltec_mic_msg/srv/detail/get_device_type__rosidl_typesupport_fastrtps_c.h
[3.931s] -- Up-to-date: /home/tang/voice/ws_voice/install/wheeltec_mic_msg/include/wheeltec_mic_msg/wheeltec_mic_msg/msg
[3.931s] -- Installing: /home/tang/voice/ws_voice/install/wheeltec_mic_msg/include/wheeltec_mic_msg/wheeltec_mic_msg/msg/rosidl_typesupport_fastrtps_c__visibility_control.h
[3.931s] -- Up-to-date: /home/tang/voice/ws_voice/install/wheeltec_mic_msg/include/wheeltec_mic_msg/wheeltec_mic_msg/msg/detail
[3.931s] -- Installing: /home/tang/voice/ws_voice/install/wheeltec_mic_msg/include/wheeltec_mic_msg/wheeltec_mic_msg/msg/detail/pcm_msg__rosidl_typesupport_fastrtps_c.h
[3.931s] -- Installing: /home/tang/voice/ws_voice/install/wheeltec_mic_msg/include/wheeltec_mic_msg/wheeltec_mic_msg/msg/detail/motion_control__rosidl_typesupport_fastrtps_c.h
[3.931s] -- Installing: /home/tang/voice/ws_voice/install/wheeltec_mic_msg/lib/libwheeltec_mic_msg__rosidl_typesupport_fastrtps_c.so
[3.931s] -- Set runtime path of "/home/tang/voice/ws_voice/install/wheeltec_mic_msg/lib/libwheeltec_mic_msg__rosidl_typesupport_fastrtps_c.so" to ""
[3.931s] -- Up-to-date: /home/tang/voice/ws_voice/install/wheeltec_mic_msg/include/wheeltec_mic_msg/wheeltec_mic_msg
[3.931s] -- Up-to-date: /home/tang/voice/ws_voice/install/wheeltec_mic_msg/include/wheeltec_mic_msg/wheeltec_mic_msg/srv
[3.931s] -- Installing: /home/tang/voice/ws_voice/install/wheeltec_mic_msg/include/wheeltec_mic_msg/wheeltec_mic_msg/srv/set_awake_word.hpp
[3.931s] -- Installing: /home/tang/voice/ws_voice/install/wheeltec_mic_msg/include/wheeltec_mic_msg/wheeltec_mic_msg/srv/get_offline_result.hpp
[3.931s] -- Installing: /home/tang/voice/ws_voice/install/wheeltec_mic_msg/include/wheeltec_mic_msg/wheeltec_mic_msg/srv/set_major_mic.hpp
[3.932s] -- Up-to-date: /home/tang/voice/ws_voice/install/wheeltec_mic_msg/include/wheeltec_mic_msg/wheeltec_mic_msg/srv/detail
[3.932s] -- Installing: /home/tang/voice/ws_voice/install/wheeltec_mic_msg/include/wheeltec_mic_msg/wheeltec_mic_msg/srv/detail/set_awake_word__builder.hpp
[3.932s] -- Installing: /home/tang/voice/ws_voice/install/wheeltec_mic_msg/include/wheeltec_mic_msg/wheeltec_mic_msg/srv/detail/switch_mic__traits.hpp
[3.932s] -- Installing: /home/tang/voice/ws_voice/install/wheeltec_mic_msg/include/wheeltec_mic_msg/wheeltec_mic_msg/srv/detail/set_awake_word__struct.hpp
[3.932s] -- Installing: /home/tang/voice/ws_voice/install/wheeltec_mic_msg/include/wheeltec_mic_msg/wheeltec_mic_msg/srv/detail/set_major_mic__type_support.hpp
[3.932s] -- Installing: /home/tang/voice/ws_voice/install/wheeltec_mic_msg/include/wheeltec_mic_msg/wheeltec_mic_msg/srv/detail/get_device_type__builder.hpp
[3.932s] -- Installing: /home/tang/voice/ws_voice/install/wheeltec_mic_msg/include/wheeltec_mic_msg/wheeltec_mic_msg/srv/detail/switch_mic__builder.hpp
[3.932s] -- Installing: /home/tang/voice/ws_voice/install/wheeltec_mic_msg/include/wheeltec_mic_msg/wheeltec_mic_msg/srv/detail/set_major_mic__struct.hpp
[3.932s] -- Installing: /home/tang/voice/ws_voice/install/wheeltec_mic_msg/include/wheeltec_mic_msg/wheeltec_mic_msg/srv/detail/set_major_mic__traits.hpp
[3.932s] -- Installing: /home/tang/voice/ws_voice/install/wheeltec_mic_msg/include/wheeltec_mic_msg/wheeltec_mic_msg/srv/detail/get_device_type__type_support.hpp
[3.932s] -- Installing: /home/tang/voice/ws_voice/install/wheeltec_mic_msg/include/wheeltec_mic_msg/wheeltec_mic_msg/srv/detail/set_awake_word__type_support.hpp
[3.932s] -- Installing: /home/tang/voice/ws_voice/install/wheeltec_mic_msg/include/wheeltec_mic_msg/wheeltec_mic_msg/srv/detail/get_offline_result__struct.hpp
[3.932s] -- Installing: /home/tang/voice/ws_voice/install/wheeltec_mic_msg/include/wheeltec_mic_msg/wheeltec_mic_msg/srv/detail/get_offline_result__traits.hpp
[3.932s] -- Installing: /home/tang/voice/ws_voice/install/wheeltec_mic_msg/include/wheeltec_mic_msg/wheeltec_mic_msg/srv/detail/get_device_type__struct.hpp
[3.932s] -- Installing: /home/tang/voice/ws_voice/install/wheeltec_mic_msg/include/wheeltec_mic_msg/wheeltec_mic_msg/srv/detail/get_offline_result__builder.hpp
[3.932s] -- Installing: /home/tang/voice/ws_voice/install/wheeltec_mic_msg/include/wheeltec_mic_msg/wheeltec_mic_msg/srv/detail/get_offline_result__type_support.hpp
[3.932s] -- Installing: /home/tang/voice/ws_voice/install/wheeltec_mic_msg/include/wheeltec_mic_msg/wheeltec_mic_msg/srv/detail/switch_mic__type_support.hpp
[3.932s] -- Installing: /home/tang/voice/ws_voice/install/wheeltec_mic_msg/include/wheeltec_mic_msg/wheeltec_mic_msg/srv/detail/set_awake_word__traits.hpp
[3.932s] -- Installing: /home/tang/voice/ws_voice/install/wheeltec_mic_msg/include/wheeltec_mic_msg/wheeltec_mic_msg/srv/detail/set_major_mic__builder.hpp
[3.932s] -- Installing: /home/tang/voice/ws_voice/install/wheeltec_mic_msg/include/wheeltec_mic_msg/wheeltec_mic_msg/srv/detail/switch_mic__struct.hpp
[3.932s] -- Installing: /home/tang/voice/ws_voice/install/wheeltec_mic_msg/include/wheeltec_mic_msg/wheeltec_mic_msg/srv/detail/get_device_type__traits.hpp
[3.932s] -- Installing: /home/tang/voice/ws_voice/install/wheeltec_mic_msg/include/wheeltec_mic_msg/wheeltec_mic_msg/srv/switch_mic.hpp
[3.932s] -- Installing: /home/tang/voice/ws_voice/install/wheeltec_mic_msg/include/wheeltec_mic_msg/wheeltec_mic_msg/srv/get_device_type.hpp
[3.932s] -- Up-to-date: /home/tang/voice/ws_voice/install/wheeltec_mic_msg/include/wheeltec_mic_msg/wheeltec_mic_msg/msg
[3.932s] -- Up-to-date: /home/tang/voice/ws_voice/install/wheeltec_mic_msg/include/wheeltec_mic_msg/wheeltec_mic_msg/msg/detail
[3.932s] -- Installing: /home/tang/voice/ws_voice/install/wheeltec_mic_msg/include/wheeltec_mic_msg/wheeltec_mic_msg/msg/detail/motion_control__struct.hpp
[3.932s] -- Installing: /home/tang/voice/ws_voice/install/wheeltec_mic_msg/include/wheeltec_mic_msg/wheeltec_mic_msg/msg/detail/motion_control__type_support.hpp
[3.932s] -- Installing: /home/tang/voice/ws_voice/install/wheeltec_mic_msg/include/wheeltec_mic_msg/wheeltec_mic_msg/msg/detail/pcm_msg__builder.hpp
[3.932s] -- Installing: /home/tang/voice/ws_voice/install/wheeltec_mic_msg/include/wheeltec_mic_msg/wheeltec_mic_msg/msg/detail/pcm_msg__struct.hpp
[3.932s] -- Installing: /home/tang/voice/ws_voice/install/wheeltec_mic_msg/include/wheeltec_mic_msg/wheeltec_mic_msg/msg/detail/pcm_msg__type_support.hpp
[3.932s] -- Installing: /home/tang/voice/ws_voice/install/wheeltec_mic_msg/include/wheeltec_mic_msg/wheeltec_mic_msg/msg/detail/motion_control__builder.hpp
[3.933s] -- Installing: /home/tang/voice/ws_voice/install/wheeltec_mic_msg/include/wheeltec_mic_msg/wheeltec_mic_msg/msg/detail/pcm_msg__traits.hpp
[3.933s] -- Installing: /home/tang/voice/ws_voice/install/wheeltec_mic_msg/include/wheeltec_mic_msg/wheeltec_mic_msg/msg/detail/motion_control__traits.hpp
[3.933s] -- Installing: /home/tang/voice/ws_voice/install/wheeltec_mic_msg/include/wheeltec_mic_msg/wheeltec_mic_msg/msg/rosidl_generator_cpp__visibility_control.hpp
[3.933s] -- Installing: /home/tang/voice/ws_voice/install/wheeltec_mic_msg/include/wheeltec_mic_msg/wheeltec_mic_msg/msg/motion_control.hpp
[3.933s] -- Installing: /home/tang/voice/ws_voice/install/wheeltec_mic_msg/include/wheeltec_mic_msg/wheeltec_mic_msg/msg/pcm_msg.hpp
[3.933s] -- Up-to-date: /home/tang/voice/ws_voice/install/wheeltec_mic_msg/include/wheeltec_mic_msg/wheeltec_mic_msg
[3.933s] -- Up-to-date: /home/tang/voice/ws_voice/install/wheeltec_mic_msg/include/wheeltec_mic_msg/wheeltec_mic_msg/srv
[3.933s] -- Up-to-date: /home/tang/voice/ws_voice/install/wheeltec_mic_msg/include/wheeltec_mic_msg/wheeltec_mic_msg/srv/detail
[3.933s] -- Installing: /home/tang/voice/ws_voice/install/wheeltec_mic_msg/include/wheeltec_mic_msg/wheeltec_mic_msg/srv/detail/get_device_type__rosidl_typesupport_fastrtps_cpp.hpp
[3.933s] -- Installing: /home/tang/voice/ws_voice/install/wheeltec_mic_msg/include/wheeltec_mic_msg/wheeltec_mic_msg/srv/detail/dds_fastrtps
[3.933s] -- Installing: /home/tang/voice/ws_voice/install/wheeltec_mic_msg/include/wheeltec_mic_msg/wheeltec_mic_msg/srv/detail/set_major_mic__rosidl_typesupport_fastrtps_cpp.hpp
[3.933s] -- Installing: /home/tang/voice/ws_voice/install/wheeltec_mic_msg/include/wheeltec_mic_msg/wheeltec_mic_msg/srv/detail/get_offline_result__rosidl_typesupport_fastrtps_cpp.hpp
[3.933s] -- Installing: /home/tang/voice/ws_voice/install/wheeltec_mic_msg/include/wheeltec_mic_msg/wheeltec_mic_msg/srv/detail/set_awake_word__rosidl_typesupport_fastrtps_cpp.hpp
[3.933s] -- Installing: /home/tang/voice/ws_voice/install/wheeltec_mic_msg/include/wheeltec_mic_msg/wheeltec_mic_msg/srv/detail/switch_mic__rosidl_typesupport_fastrtps_cpp.hpp
[3.933s] -- Up-to-date: /home/tang/voice/ws_voice/install/wheeltec_mic_msg/include/wheeltec_mic_msg/wheeltec_mic_msg/msg
[3.933s] -- Installing: /home/tang/voice/ws_voice/install/wheeltec_mic_msg/include/wheeltec_mic_msg/wheeltec_mic_msg/msg/rosidl_typesupport_fastrtps_cpp__visibility_control.h
[3.933s] -- Up-to-date: /home/tang/voice/ws_voice/install/wheeltec_mic_msg/include/wheeltec_mic_msg/wheeltec_mic_msg/msg/detail
[3.933s] -- Installing: /home/tang/voice/ws_voice/install/wheeltec_mic_msg/include/wheeltec_mic_msg/wheeltec_mic_msg/msg/detail/dds_fastrtps
[3.933s] -- Installing: /home/tang/voice/ws_voice/install/wheeltec_mic_msg/include/wheeltec_mic_msg/wheeltec_mic_msg/msg/detail/pcm_msg__rosidl_typesupport_fastrtps_cpp.hpp
[3.933s] -- Installing: /home/tang/voice/ws_voice/install/wheeltec_mic_msg/include/wheeltec_mic_msg/wheeltec_mic_msg/msg/detail/motion_control__rosidl_typesupport_fastrtps_cpp.hpp
[3.933s] -- Installing: /home/tang/voice/ws_voice/install/wheeltec_mic_msg/lib/libwheeltec_mic_msg__rosidl_typesupport_fastrtps_cpp.so
[3.933s] -- Set runtime path of "/home/tang/voice/ws_voice/install/wheeltec_mic_msg/lib/libwheeltec_mic_msg__rosidl_typesupport_fastrtps_cpp.so" to ""
[3.933s] -- Up-to-date: /home/tang/voice/ws_voice/install/wheeltec_mic_msg/include/wheeltec_mic_msg/wheeltec_mic_msg
[3.934s] -- Up-to-date: /home/tang/voice/ws_voice/install/wheeltec_mic_msg/include/wheeltec_mic_msg/wheeltec_mic_msg/srv
[3.934s] -- Up-to-date: /home/tang/voice/ws_voice/install/wheeltec_mic_msg/include/wheeltec_mic_msg/wheeltec_mic_msg/srv/detail
[3.934s] -- Installing: /home/tang/voice/ws_voice/install/wheeltec_mic_msg/include/wheeltec_mic_msg/wheeltec_mic_msg/srv/detail/set_awake_word__type_support.c
[3.934s] -- Installing: /home/tang/voice/ws_voice/install/wheeltec_mic_msg/include/wheeltec_mic_msg/wheeltec_mic_msg/srv/detail/get_offline_result__type_support.c
[3.934s] -- Installing: /home/tang/voice/ws_voice/install/wheeltec_mic_msg/include/wheeltec_mic_msg/wheeltec_mic_msg/srv/detail/switch_mic__type_support.c
[3.934s] -- Installing: /home/tang/voice/ws_voice/install/wheeltec_mic_msg/include/wheeltec_mic_msg/wheeltec_mic_msg/srv/detail/get_device_type__rosidl_typesupport_introspection_c.h
[3.934s] -- Installing: /home/tang/voice/ws_voice/install/wheeltec_mic_msg/include/wheeltec_mic_msg/wheeltec_mic_msg/srv/detail/switch_mic__rosidl_typesupport_introspection_c.h
[3.934s] -- Installing: /home/tang/voice/ws_voice/install/wheeltec_mic_msg/include/wheeltec_mic_msg/wheeltec_mic_msg/srv/detail/get_device_type__type_support.c
[3.934s] -- Installing: /home/tang/voice/ws_voice/install/wheeltec_mic_msg/include/wheeltec_mic_msg/wheeltec_mic_msg/srv/detail/set_major_mic__rosidl_typesupport_introspection_c.h
[3.934s] -- Installing: /home/tang/voice/ws_voice/install/wheeltec_mic_msg/include/wheeltec_mic_msg/wheeltec_mic_msg/srv/detail/get_offline_result__rosidl_typesupport_introspection_c.h
[3.934s] -- Installing: /home/tang/voice/ws_voice/install/wheeltec_mic_msg/include/wheeltec_mic_msg/wheeltec_mic_msg/srv/detail/set_major_mic__type_support.c
[3.934s] -- Installing: /home/tang/voice/ws_voice/install/wheeltec_mic_msg/include/wheeltec_mic_msg/wheeltec_mic_msg/srv/detail/set_awake_word__rosidl_typesupport_introspection_c.h
[3.934s] -- Up-to-date: /home/tang/voice/ws_voice/install/wheeltec_mic_msg/include/wheeltec_mic_msg/wheeltec_mic_msg/msg
[3.934s] -- Installing: /home/tang/voice/ws_voice/install/wheeltec_mic_msg/include/wheeltec_mic_msg/wheeltec_mic_msg/msg/rosidl_typesupport_introspection_c__visibility_control.h
[3.934s] -- Up-to-date: /home/tang/voice/ws_voice/install/wheeltec_mic_msg/include/wheeltec_mic_msg/wheeltec_mic_msg/msg/detail
[3.935s] -- Installing: /home/tang/voice/ws_voice/install/wheeltec_mic_msg/include/wheeltec_mic_msg/wheeltec_mic_msg/msg/detail/motion_control__type_support.c
[3.935s] -- Installing: /home/tang/voice/ws_voice/install/wheeltec_mic_msg/include/wheeltec_mic_msg/wheeltec_mic_msg/msg/detail/pcm_msg__type_support.c
[3.935s] -- Installing: /home/tang/voice/ws_voice/install/wheeltec_mic_msg/include/wheeltec_mic_msg/wheeltec_mic_msg/msg/detail/motion_control__rosidl_typesupport_introspection_c.h
[3.935s] -- Installing: /home/tang/voice/ws_voice/install/wheeltec_mic_msg/include/wheeltec_mic_msg/wheeltec_mic_msg/msg/detail/pcm_msg__rosidl_typesupport_introspection_c.h
[3.935s] -- Installing: /home/tang/voice/ws_voice/install/wheeltec_mic_msg/lib/libwheeltec_mic_msg__rosidl_typesupport_introspection_c.so
[3.935s] -- Set runtime path of "/home/tang/voice/ws_voice/install/wheeltec_mic_msg/lib/libwheeltec_mic_msg__rosidl_typesupport_introspection_c.so" to ""
[3.935s] -- Installing: /home/tang/voice/ws_voice/install/wheeltec_mic_msg/lib/libwheeltec_mic_msg__rosidl_typesupport_c.so
[3.935s] -- Set runtime path of "/home/tang/voice/ws_voice/install/wheeltec_mic_msg/lib/libwheeltec_mic_msg__rosidl_typesupport_c.so" to ""
[3.935s] -- Up-to-date: /home/tang/voice/ws_voice/install/wheeltec_mic_msg/include/wheeltec_mic_msg/wheeltec_mic_msg
[3.935s] -- Up-to-date: /home/tang/voice/ws_voice/install/wheeltec_mic_msg/include/wheeltec_mic_msg/wheeltec_mic_msg/srv
[3.935s] -- Up-to-date: /home/tang/voice/ws_voice/install/wheeltec_mic_msg/include/wheeltec_mic_msg/wheeltec_mic_msg/srv/detail
[3.935s] -- Installing: /home/tang/voice/ws_voice/install/wheeltec_mic_msg/include/wheeltec_mic_msg/wheeltec_mic_msg/srv/detail/switch_mic__rosidl_typesupport_introspection_cpp.hpp
[3.935s] -- Installing: /home/tang/voice/ws_voice/install/wheeltec_mic_msg/include/wheeltec_mic_msg/wheeltec_mic_msg/srv/detail/get_offline_result__rosidl_typesupport_introspection_cpp.hpp
[3.935s] -- Installing: /home/tang/voice/ws_voice/install/wheeltec_mic_msg/include/wheeltec_mic_msg/wheeltec_mic_msg/srv/detail/set_major_mic__type_support.cpp
[3.935s] -- Installing: /home/tang/voice/ws_voice/install/wheeltec_mic_msg/include/wheeltec_mic_msg/wheeltec_mic_msg/srv/detail/set_awake_word__type_support.cpp
[3.935s] -- Installing: /home/tang/voice/ws_voice/install/wheeltec_mic_msg/include/wheeltec_mic_msg/wheeltec_mic_msg/srv/detail/get_offline_result__type_support.cpp
[3.935s] -- Installing: /home/tang/voice/ws_voice/install/wheeltec_mic_msg/include/wheeltec_mic_msg/wheeltec_mic_msg/srv/detail/get_device_type__rosidl_typesupport_introspection_cpp.hpp
[3.935s] -- Installing: /home/tang/voice/ws_voice/install/wheeltec_mic_msg/include/wheeltec_mic_msg/wheeltec_mic_msg/srv/detail/set_major_mic__rosidl_typesupport_introspection_cpp.hpp
[3.935s] -- Installing: /home/tang/voice/ws_voice/install/wheeltec_mic_msg/include/wheeltec_mic_msg/wheeltec_mic_msg/srv/detail/set_awake_word__rosidl_typesupport_introspection_cpp.hpp
[3.935s] -- Installing: /home/tang/voice/ws_voice/install/wheeltec_mic_msg/include/wheeltec_mic_msg/wheeltec_mic_msg/srv/detail/get_device_type__type_support.cpp
[3.935s] -- Installing: /home/tang/voice/ws_voice/install/wheeltec_mic_msg/include/wheeltec_mic_msg/wheeltec_mic_msg/srv/detail/switch_mic__type_support.cpp
[3.936s] -- Up-to-date: /home/tang/voice/ws_voice/install/wheeltec_mic_msg/include/wheeltec_mic_msg/wheeltec_mic_msg/msg
[3.936s] -- Up-to-date: /home/tang/voice/ws_voice/install/wheeltec_mic_msg/include/wheeltec_mic_msg/wheeltec_mic_msg/msg/detail
[3.936s] -- Installing: /home/tang/voice/ws_voice/install/wheeltec_mic_msg/include/wheeltec_mic_msg/wheeltec_mic_msg/msg/detail/pcm_msg__rosidl_typesupport_introspection_cpp.hpp
[3.936s] -- Installing: /home/tang/voice/ws_voice/install/wheeltec_mic_msg/include/wheeltec_mic_msg/wheeltec_mic_msg/msg/detail/motion_control__type_support.cpp
[3.936s] -- Installing: /home/tang/voice/ws_voice/install/wheeltec_mic_msg/include/wheeltec_mic_msg/wheeltec_mic_msg/msg/detail/motion_control__rosidl_typesupport_introspection_cpp.hpp
[3.936s] -- Installing: /home/tang/voice/ws_voice/install/wheeltec_mic_msg/include/wheeltec_mic_msg/wheeltec_mic_msg/msg/detail/pcm_msg__type_support.cpp
[3.936s] -- Installing: /home/tang/voice/ws_voice/install/wheeltec_mic_msg/lib/libwheeltec_mic_msg__rosidl_typesupport_introspection_cpp.so
[3.936s] -- Set runtime path of "/home/tang/voice/ws_voice/install/wheeltec_mic_msg/lib/libwheeltec_mic_msg__rosidl_typesupport_introspection_cpp.so" to ""
[3.936s] -- Installing: /home/tang/voice/ws_voice/install/wheeltec_mic_msg/lib/libwheeltec_mic_msg__rosidl_typesupport_cpp.so
[3.936s] -- Set runtime path of "/home/tang/voice/ws_voice/install/wheeltec_mic_msg/lib/libwheeltec_mic_msg__rosidl_typesupport_cpp.so" to ""
[3.936s] -- Installing: /home/tang/voice/ws_voice/install/wheeltec_mic_msg/share/wheeltec_mic_msg/environment/pythonpath.sh
[3.936s] -- Installing: /home/tang/voice/ws_voice/install/wheeltec_mic_msg/share/wheeltec_mic_msg/environment/pythonpath.dsv
[3.936s] -- Installing: /home/tang/voice/ws_voice/install/wheeltec_mic_msg/local/lib/python3.10/dist-packages/wheeltec_mic_msg-0.0.0-py3.10.egg-info
[3.936s] -- Installing: /home/tang/voice/ws_voice/install/wheeltec_mic_msg/local/lib/python3.10/dist-packages/wheeltec_mic_msg-0.0.0-py3.10.egg-info/PKG-INFO
[3.936s] -- Installing: /home/tang/voice/ws_voice/install/wheeltec_mic_msg/local/lib/python3.10/dist-packages/wheeltec_mic_msg-0.0.0-py3.10.egg-info/dependency_links.txt
[3.936s] -- Installing: /home/tang/voice/ws_voice/install/wheeltec_mic_msg/local/lib/python3.10/dist-packages/wheeltec_mic_msg-0.0.0-py3.10.egg-info/top_level.txt
[3.936s] -- Installing: /home/tang/voice/ws_voice/install/wheeltec_mic_msg/local/lib/python3.10/dist-packages/wheeltec_mic_msg-0.0.0-py3.10.egg-info/SOURCES.txt
[3.936s] -- Installing: /home/tang/voice/ws_voice/install/wheeltec_mic_msg/local/lib/python3.10/dist-packages/wheeltec_mic_msg
[3.936s] -- Installing: /home/tang/voice/ws_voice/install/wheeltec_mic_msg/local/lib/python3.10/dist-packages/wheeltec_mic_msg/wheeltec_mic_msg_s__rosidl_typesupport_fastrtps_c.cpython-310-x86_64-linux-gnu.so
[3.936s] -- Installing: /home/tang/voice/ws_voice/install/wheeltec_mic_msg/local/lib/python3.10/dist-packages/wheeltec_mic_msg/wheeltec_mic_msg_s__rosidl_typesupport_introspection_c.cpython-310-x86_64-linux-gnu.so
[3.936s] -- Installing: /home/tang/voice/ws_voice/install/wheeltec_mic_msg/local/lib/python3.10/dist-packages/wheeltec_mic_msg/libwheeltec_mic_msg__rosidl_generator_py.so
[3.936s] -- Installing: /home/tang/voice/ws_voice/install/wheeltec_mic_msg/local/lib/python3.10/dist-packages/wheeltec_mic_msg/srv
[3.936s] -- Installing: /home/tang/voice/ws_voice/install/wheeltec_mic_msg/local/lib/python3.10/dist-packages/wheeltec_mic_msg/srv/_set_awake_word.py
[3.936s] -- Installing: /home/tang/voice/ws_voice/install/wheeltec_mic_msg/local/lib/python3.10/dist-packages/wheeltec_mic_msg/srv/_set_major_mic.py
[3.936s] -- Installing: /home/tang/voice/ws_voice/install/wheeltec_mic_msg/local/lib/python3.10/dist-packages/wheeltec_mic_msg/srv/_get_offline_result.py
[3.936s] -- Installing: /home/tang/voice/ws_voice/install/wheeltec_mic_msg/local/lib/python3.10/dist-packages/wheeltec_mic_msg/srv/_switch_mic.py
[3.936s] -- Installing: /home/tang/voice/ws_voice/install/wheeltec_mic_msg/local/lib/python3.10/dist-packages/wheeltec_mic_msg/srv/_set_major_mic_s.c
[3.936s] -- Installing: /home/tang/voice/ws_voice/install/wheeltec_mic_msg/local/lib/python3.10/dist-packages/wheeltec_mic_msg/srv/_switch_mic_s.c
[3.936s] -- Installing: /home/tang/voice/ws_voice/install/wheeltec_mic_msg/local/lib/python3.10/dist-packages/wheeltec_mic_msg/srv/_set_awake_word_s.c
[3.936s] -- Installing: /home/tang/voice/ws_voice/install/wheeltec_mic_msg/local/lib/python3.10/dist-packages/wheeltec_mic_msg/srv/__init__.py
[3.936s] -- Installing: /home/tang/voice/ws_voice/install/wheeltec_mic_msg/local/lib/python3.10/dist-packages/wheeltec_mic_msg/srv/_get_device_type_s.c
[3.936s] -- Installing: /home/tang/voice/ws_voice/install/wheeltec_mic_msg/local/lib/python3.10/dist-packages/wheeltec_mic_msg/srv/_get_offline_result_s.c
[3.936s] -- Installing: /home/tang/voice/ws_voice/install/wheeltec_mic_msg/local/lib/python3.10/dist-packages/wheeltec_mic_msg/srv/_get_device_type.py
[3.936s] -- Installing: /home/tang/voice/ws_voice/install/wheeltec_mic_msg/local/lib/python3.10/dist-packages/wheeltec_mic_msg/msg
[3.936s] -- Installing: /home/tang/voice/ws_voice/install/wheeltec_mic_msg/local/lib/python3.10/dist-packages/wheeltec_mic_msg/msg/_motion_control_s.c
[3.936s] -- Installing: /home/tang/voice/ws_voice/install/wheeltec_mic_msg/local/lib/python3.10/dist-packages/wheeltec_mic_msg/msg/_pcm_msg_s.c
[3.936s] -- Installing: /home/tang/voice/ws_voice/install/wheeltec_mic_msg/local/lib/python3.10/dist-packages/wheeltec_mic_msg/msg/__init__.py
[3.937s] -- Installing: /home/tang/voice/ws_voice/install/wheeltec_mic_msg/local/lib/python3.10/dist-packages/wheeltec_mic_msg/msg/_pcm_msg.py
[3.937s] -- Installing: /home/tang/voice/ws_voice/install/wheeltec_mic_msg/local/lib/python3.10/dist-packages/wheeltec_mic_msg/msg/_motion_control.py
[3.937s] -- Installing: /home/tang/voice/ws_voice/install/wheeltec_mic_msg/local/lib/python3.10/dist-packages/wheeltec_mic_msg/_wheeltec_mic_msg_s.ep.rosidl_typesupport_c.c
[3.937s] -- Installing: /home/tang/voice/ws_voice/install/wheeltec_mic_msg/local/lib/python3.10/dist-packages/wheeltec_mic_msg/__init__.py
[3.937s] -- Installing: /home/tang/voice/ws_voice/install/wheeltec_mic_msg/local/lib/python3.10/dist-packages/wheeltec_mic_msg/wheeltec_mic_msg_s__rosidl_typesupport_c.cpython-310-x86_64-linux-gnu.so
[3.937s] -- Installing: /home/tang/voice/ws_voice/install/wheeltec_mic_msg/local/lib/python3.10/dist-packages/wheeltec_mic_msg/_wheeltec_mic_msg_s.ep.rosidl_typesupport_fastrtps_c.c
[3.937s] -- Installing: /home/tang/voice/ws_voice/install/wheeltec_mic_msg/local/lib/python3.10/dist-packages/wheeltec_mic_msg/_wheeltec_mic_msg_s.ep.rosidl_typesupport_introspection_c.c
[3.967s] Listing '/home/tang/voice/ws_voice/install/wheeltec_mic_msg/local/lib/python3.10/dist-packages/wheeltec_mic_msg'...
[3.967s] Compiling '/home/tang/voice/ws_voice/install/wheeltec_mic_msg/local/lib/python3.10/dist-packages/wheeltec_mic_msg/__init__.py'...
[3.967s] Listing '/home/tang/voice/ws_voice/install/wheeltec_mic_msg/local/lib/python3.10/dist-packages/wheeltec_mic_msg/msg'...
[3.967s] Compiling '/home/tang/voice/ws_voice/install/wheeltec_mic_msg/local/lib/python3.10/dist-packages/wheeltec_mic_msg/msg/__init__.py'...
[3.967s] Compiling '/home/tang/voice/ws_voice/install/wheeltec_mic_msg/local/lib/python3.10/dist-packages/wheeltec_mic_msg/msg/_motion_control.py'...
[3.967s] Compiling '/home/tang/voice/ws_voice/install/wheeltec_mic_msg/local/lib/python3.10/dist-packages/wheeltec_mic_msg/msg/_pcm_msg.py'...
[3.967s] Listing '/home/tang/voice/ws_voice/install/wheeltec_mic_msg/local/lib/python3.10/dist-packages/wheeltec_mic_msg/srv'...
[3.967s] Compiling '/home/tang/voice/ws_voice/install/wheeltec_mic_msg/local/lib/python3.10/dist-packages/wheeltec_mic_msg/srv/__init__.py'...
[3.967s] Compiling '/home/tang/voice/ws_voice/install/wheeltec_mic_msg/local/lib/python3.10/dist-packages/wheeltec_mic_msg/srv/_get_device_type.py'...
[3.968s] Compiling '/home/tang/voice/ws_voice/install/wheeltec_mic_msg/local/lib/python3.10/dist-packages/wheeltec_mic_msg/srv/_get_offline_result.py'...
[3.968s] Compiling '/home/tang/voice/ws_voice/install/wheeltec_mic_msg/local/lib/python3.10/dist-packages/wheeltec_mic_msg/srv/_set_awake_word.py'...
[3.968s] Compiling '/home/tang/voice/ws_voice/install/wheeltec_mic_msg/local/lib/python3.10/dist-packages/wheeltec_mic_msg/srv/_set_major_mic.py'...
[3.968s] Compiling '/home/tang/voice/ws_voice/install/wheeltec_mic_msg/local/lib/python3.10/dist-packages/wheeltec_mic_msg/srv/_switch_mic.py'...
[3.971s] -- Installing: /home/tang/voice/ws_voice/install/wheeltec_mic_msg/local/lib/python3.10/dist-packages/wheeltec_mic_msg/wheeltec_mic_msg_s__rosidl_typesupport_fastrtps_c.cpython-310-x86_64-linux-gnu.so
[3.971s] -- Set runtime path of "/home/tang/voice/ws_voice/install/wheeltec_mic_msg/local/lib/python3.10/dist-packages/wheeltec_mic_msg/wheeltec_mic_msg_s__rosidl_typesupport_fastrtps_c.cpython-310-x86_64-linux-gnu.so" to ""
[3.971s] -- Installing: /home/tang/voice/ws_voice/install/wheeltec_mic_msg/local/lib/python3.10/dist-packages/wheeltec_mic_msg/wheeltec_mic_msg_s__rosidl_typesupport_introspection_c.cpython-310-x86_64-linux-gnu.so
[3.971s] -- Set runtime path of "/home/tang/voice/ws_voice/install/wheeltec_mic_msg/local/lib/python3.10/dist-packages/wheeltec_mic_msg/wheeltec_mic_msg_s__rosidl_typesupport_introspection_c.cpython-310-x86_64-linux-gnu.so" to ""
[3.971s] -- Installing: /home/tang/voice/ws_voice/install/wheeltec_mic_msg/local/lib/python3.10/dist-packages/wheeltec_mic_msg/wheeltec_mic_msg_s__rosidl_typesupport_c.cpython-310-x86_64-linux-gnu.so
[3.971s] -- Set runtime path of "/home/tang/voice/ws_voice/install/wheeltec_mic_msg/local/lib/python3.10/dist-packages/wheeltec_mic_msg/wheeltec_mic_msg_s__rosidl_typesupport_c.cpython-310-x86_64-linux-gnu.so" to ""
[3.971s] -- Installing: /home/tang/voice/ws_voice/install/wheeltec_mic_msg/lib/libwheeltec_mic_msg__rosidl_generator_py.so
[3.971s] -- Set runtime path of "/home/tang/voice/ws_voice/install/wheeltec_mic_msg/lib/libwheeltec_mic_msg__rosidl_generator_py.so" to ""
[3.971s] -- Installing: /home/tang/voice/ws_voice/install/wheeltec_mic_msg/share/wheeltec_mic_msg/msg/PcmMsg.idl
[3.971s] -- Installing: /home/tang/voice/ws_voice/install/wheeltec_mic_msg/share/wheeltec_mic_msg/msg/MotionControl.idl
[3.971s] -- Installing: /home/tang/voice/ws_voice/install/wheeltec_mic_msg/share/wheeltec_mic_msg/srv/GetDeviceType.idl
[3.972s] -- Installing: /home/tang/voice/ws_voice/install/wheeltec_mic_msg/share/wheeltec_mic_msg/srv/GetOfflineResult.idl
[3.972s] -- Installing: /home/tang/voice/ws_voice/install/wheeltec_mic_msg/share/wheeltec_mic_msg/srv/SetAwakeWord.idl
[3.972s] -- Installing: /home/tang/voice/ws_voice/install/wheeltec_mic_msg/share/wheeltec_mic_msg/srv/SetMajorMic.idl
[3.972s] -- Installing: /home/tang/voice/ws_voice/install/wheeltec_mic_msg/share/wheeltec_mic_msg/srv/SwitchMic.idl
[3.972s] -- Installing: /home/tang/voice/ws_voice/install/wheeltec_mic_msg/share/wheeltec_mic_msg/msg/PcmMsg.msg
[3.972s] -- Installing: /home/tang/voice/ws_voice/install/wheeltec_mic_msg/share/wheeltec_mic_msg/msg/MotionControl.msg
[3.972s] -- Installing: /home/tang/voice/ws_voice/install/wheeltec_mic_msg/share/wheeltec_mic_msg/srv/GetDeviceType.srv
[3.972s] -- Installing: /home/tang/voice/ws_voice/install/wheeltec_mic_msg/share/wheeltec_mic_msg/srv/GetDeviceType_Request.msg
[3.972s] -- Installing: /home/tang/voice/ws_voice/install/wheeltec_mic_msg/share/wheeltec_mic_msg/srv/GetDeviceType_Response.msg
[3.972s] -- Installing: /home/tang/voice/ws_voice/install/wheeltec_mic_msg/share/wheeltec_mic_msg/srv/GetOfflineResult.srv
[3.972s] -- Installing: /home/tang/voice/ws_voice/install/wheeltec_mic_msg/share/wheeltec_mic_msg/srv/GetOfflineResult_Request.msg
[3.972s] -- Installing: /home/tang/voice/ws_voice/install/wheeltec_mic_msg/share/wheeltec_mic_msg/srv/GetOfflineResult_Response.msg
[3.972s] -- Installing: /home/tang/voice/ws_voice/install/wheeltec_mic_msg/share/wheeltec_mic_msg/srv/SetAwakeWord.srv
[3.972s] -- Installing: /home/tang/voice/ws_voice/install/wheeltec_mic_msg/share/wheeltec_mic_msg/srv/SetAwakeWord_Request.msg
[3.972s] -- Installing: /home/tang/voice/ws_voice/install/wheeltec_mic_msg/share/wheeltec_mic_msg/srv/SetAwakeWord_Response.msg
[3.972s] -- Installing: /home/tang/voice/ws_voice/install/wheeltec_mic_msg/share/wheeltec_mic_msg/srv/SetMajorMic.srv
[3.972s] -- Installing: /home/tang/voice/ws_voice/install/wheeltec_mic_msg/share/wheeltec_mic_msg/srv/SetMajorMic_Request.msg
[3.972s] -- Installing: /home/tang/voice/ws_voice/install/wheeltec_mic_msg/share/wheeltec_mic_msg/srv/SetMajorMic_Response.msg
[3.972s] -- Installing: /home/tang/voice/ws_voice/install/wheeltec_mic_msg/share/wheeltec_mic_msg/srv/SwitchMic.srv
[3.972s] -- Installing: /home/tang/voice/ws_voice/install/wheeltec_mic_msg/share/wheeltec_mic_msg/srv/SwitchMic_Request.msg
[3.972s] -- Installing: /home/tang/voice/ws_voice/install/wheeltec_mic_msg/share/wheeltec_mic_msg/srv/SwitchMic_Response.msg
[3.972s] -- Installing: /home/tang/voice/ws_voice/install/wheeltec_mic_msg/share/ament_index/resource_index/package_run_dependencies/wheeltec_mic_msg
[3.973s] -- Installing: /home/tang/voice/ws_voice/install/wheeltec_mic_msg/share/ament_index/resource_index/parent_prefix_path/wheeltec_mic_msg
[3.973s] -- Installing: /home/tang/voice/ws_voice/install/wheeltec_mic_msg/share/wheeltec_mic_msg/environment/ament_prefix_path.sh
[3.973s] -- Installing: /home/tang/voice/ws_voice/install/wheeltec_mic_msg/share/wheeltec_mic_msg/environment/ament_prefix_path.dsv
[3.973s] -- Installing: /home/tang/voice/ws_voice/install/wheeltec_mic_msg/share/wheeltec_mic_msg/environment/path.sh
[3.973s] -- Installing: /home/tang/voice/ws_voice/install/wheeltec_mic_msg/share/wheeltec_mic_msg/environment/path.dsv
[3.973s] -- Installing: /home/tang/voice/ws_voice/install/wheeltec_mic_msg/share/wheeltec_mic_msg/local_setup.bash
[3.973s] -- Installing: /home/tang/voice/ws_voice/install/wheeltec_mic_msg/share/wheeltec_mic_msg/local_setup.sh
[3.973s] -- Installing: /home/tang/voice/ws_voice/install/wheeltec_mic_msg/share/wheeltec_mic_msg/local_setup.zsh
[3.973s] -- Installing: /home/tang/voice/ws_voice/install/wheeltec_mic_msg/share/wheeltec_mic_msg/local_setup.dsv
[3.973s] -- Installing: /home/tang/voice/ws_voice/install/wheeltec_mic_msg/share/wheeltec_mic_msg/package.dsv
[3.973s] -- Installing: /home/tang/voice/ws_voice/install/wheeltec_mic_msg/share/ament_index/resource_index/packages/wheeltec_mic_msg
[3.973s] -- Installing: /home/tang/voice/ws_voice/install/wheeltec_mic_msg/share/wheeltec_mic_msg/cmake/export_wheeltec_mic_msg__rosidl_generator_cExport.cmake
[3.973s] -- Installing: /home/tang/voice/ws_voice/install/wheeltec_mic_msg/share/wheeltec_mic_msg/cmake/export_wheeltec_mic_msg__rosidl_generator_cExport-noconfig.cmake
[3.973s] -- Installing: /home/tang/voice/ws_voice/install/wheeltec_mic_msg/share/wheeltec_mic_msg/cmake/export_wheeltec_mic_msg__rosidl_typesupport_fastrtps_cExport.cmake
[3.973s] -- Installing: /home/tang/voice/ws_voice/install/wheeltec_mic_msg/share/wheeltec_mic_msg/cmake/export_wheeltec_mic_msg__rosidl_typesupport_fastrtps_cExport-noconfig.cmake
[3.973s] -- Installing: /home/tang/voice/ws_voice/install/wheeltec_mic_msg/share/wheeltec_mic_msg/cmake/export_wheeltec_mic_msg__rosidl_generator_cppExport.cmake
[3.973s] -- Installing: /home/tang/voice/ws_voice/install/wheeltec_mic_msg/share/wheeltec_mic_msg/cmake/export_wheeltec_mic_msg__rosidl_typesupport_fastrtps_cppExport.cmake
[3.973s] -- Installing: /home/tang/voice/ws_voice/install/wheeltec_mic_msg/share/wheeltec_mic_msg/cmake/export_wheeltec_mic_msg__rosidl_typesupport_fastrtps_cppExport-noconfig.cmake
[3.973s] -- Installing: /home/tang/voice/ws_voice/install/wheeltec_mic_msg/share/wheeltec_mic_msg/cmake/wheeltec_mic_msg__rosidl_typesupport_introspection_cExport.cmake
[3.973s] -- Installing: /home/tang/voice/ws_voice/install/wheeltec_mic_msg/share/wheeltec_mic_msg/cmake/wheeltec_mic_msg__rosidl_typesupport_introspection_cExport-noconfig.cmake
[3.973s] -- Installing: /home/tang/voice/ws_voice/install/wheeltec_mic_msg/share/wheeltec_mic_msg/cmake/wheeltec_mic_msg__rosidl_typesupport_cExport.cmake
[3.974s] -- Installing: /home/tang/voice/ws_voice/install/wheeltec_mic_msg/share/wheeltec_mic_msg/cmake/wheeltec_mic_msg__rosidl_typesupport_cExport-noconfig.cmake
[3.974s] -- Installing: /home/tang/voice/ws_voice/install/wheeltec_mic_msg/share/wheeltec_mic_msg/cmake/wheeltec_mic_msg__rosidl_typesupport_introspection_cppExport.cmake
[3.974s] -- Installing: /home/tang/voice/ws_voice/install/wheeltec_mic_msg/share/wheeltec_mic_msg/cmake/wheeltec_mic_msg__rosidl_typesupport_introspection_cppExport-noconfig.cmake
[3.974s] -- Installing: /home/tang/voice/ws_voice/install/wheeltec_mic_msg/share/wheeltec_mic_msg/cmake/wheeltec_mic_msg__rosidl_typesupport_cppExport.cmake
[3.974s] -- Installing: /home/tang/voice/ws_voice/install/wheeltec_mic_msg/share/wheeltec_mic_msg/cmake/wheeltec_mic_msg__rosidl_typesupport_cppExport-noconfig.cmake
[3.974s] -- Installing: /home/tang/voice/ws_voice/install/wheeltec_mic_msg/share/wheeltec_mic_msg/cmake/export_wheeltec_mic_msg__rosidl_generator_pyExport.cmake
[3.974s] -- Installing: /home/tang/voice/ws_voice/install/wheeltec_mic_msg/share/wheeltec_mic_msg/cmake/export_wheeltec_mic_msg__rosidl_generator_pyExport-noconfig.cmake
[3.974s] -- Installing: /home/tang/voice/ws_voice/install/wheeltec_mic_msg/share/wheeltec_mic_msg/cmake/rosidl_cmake-extras.cmake
[3.974s] -- Installing: /home/tang/voice/ws_voice/install/wheeltec_mic_msg/share/wheeltec_mic_msg/cmake/ament_cmake_export_dependencies-extras.cmake
[3.974s] -- Installing: /home/tang/voice/ws_voice/install/wheeltec_mic_msg/share/wheeltec_mic_msg/cmake/ament_cmake_export_include_directories-extras.cmake
[3.974s] -- Installing: /home/tang/voice/ws_voice/install/wheeltec_mic_msg/share/wheeltec_mic_msg/cmake/ament_cmake_export_libraries-extras.cmake
[3.974s] -- Installing: /home/tang/voice/ws_voice/install/wheeltec_mic_msg/share/wheeltec_mic_msg/cmake/ament_cmake_export_targets-extras.cmake
[3.974s] -- Installing: /home/tang/voice/ws_voice/install/wheeltec_mic_msg/share/wheeltec_mic_msg/cmake/rosidl_cmake_export_typesupport_targets-extras.cmake
[3.974s] -- Installing: /home/tang/voice/ws_voice/install/wheeltec_mic_msg/share/wheeltec_mic_msg/cmake/rosidl_cmake_export_typesupport_libraries-extras.cmake
[3.974s] -- Installing: /home/tang/voice/ws_voice/install/wheeltec_mic_msg/share/wheeltec_mic_msg/cmake/wheeltec_mic_msgConfig.cmake
[3.974s] -- Installing: /home/tang/voice/ws_voice/install/wheeltec_mic_msg/share/wheeltec_mic_msg/cmake/wheeltec_mic_msgConfig-version.cmake
[3.974s] -- Installing: /home/tang/voice/ws_voice/install/wheeltec_mic_msg/share/wheeltec_mic_msg/package.xml
[3.976s] Invoked command in '/home/tang/voice/ws_voice/build/wheeltec_mic_msg' returned '0': CMAKE_PREFIX_PATH=${CMAKE_PREFIX_PATH}:/opt/ros/humble /usr/bin/cmake --install /home/tang/voice/ws_voice/build/wheeltec_mic_msg
