[0.007s] Invoking command in '/home/tang/voice/ws_voice/build/wheeltec_mic_ros2': CMAKE_PREFIX_PATH=/home/tang/voice/ws_voice/install/wheeltec_mic_msg:/home/tang/voice/ws_voice/install/wheeltec_mic_ros2:/home/tang/voice/ws_voice/install/voice_pkg:/home/tang/voice/ws_voice/install/serial:/opt/bxi/bxi_ros2_pkg:/opt/ros/humble LD_LIBRARY_PATH=/home/tang/voice/ws_voice/install/wheeltec_mic_msg/lib:/home/tang/voice/ws_voice/install/serial/lib:/usr/local/lib:/usr/local/cuda-12.4/lib64:/opt/bxi/bxi_ros2_pkg/lib:/opt/ros/humble/opt/rviz_ogre_vendor/lib:/opt/ros/humble/lib/x86_64-linux-gnu:/opt/ros/humble/lib:/usr/lib/x86_64-linux-gnu:/home/.mujoco/mujoco-3.3.3-linux-x86_64/mujoco-3.3.3/bin:/home/tang/.mujoco/mujoco336/mujoco-3.3.6bin /usr/bin/cmake --build /home/tang/voice/ws_voice/build/wheeltec_mic_ros2 -- -j16 -l16
[0.044s] [ 30%] Built target voice_listener
[0.044s] [ 38%] Built target wheeltec_mic
[0.044s] [ 53%] Built target voice_control
[0.044s] [ 69%] Built target command_recognition
[0.044s] [ 84%] Built target node_feedback
[0.048s] [100%] Built target call_recognition
[0.056s] Invoked command in '/home/tang/voice/ws_voice/build/wheeltec_mic_ros2' returned '0': CMAKE_PREFIX_PATH=/home/tang/voice/ws_voice/install/wheeltec_mic_msg:/home/tang/voice/ws_voice/install/wheeltec_mic_ros2:/home/tang/voice/ws_voice/install/voice_pkg:/home/tang/voice/ws_voice/install/serial:/opt/bxi/bxi_ros2_pkg:/opt/ros/humble LD_LIBRARY_PATH=/home/tang/voice/ws_voice/install/wheeltec_mic_msg/lib:/home/tang/voice/ws_voice/install/serial/lib:/usr/local/lib:/usr/local/cuda-12.4/lib64:/opt/bxi/bxi_ros2_pkg/lib:/opt/ros/humble/opt/rviz_ogre_vendor/lib:/opt/ros/humble/lib/x86_64-linux-gnu:/opt/ros/humble/lib:/usr/lib/x86_64-linux-gnu:/home/.mujoco/mujoco-3.3.3-linux-x86_64/mujoco-3.3.3/bin:/home/tang/.mujoco/mujoco336/mujoco-3.3.6bin /usr/bin/cmake --build /home/tang/voice/ws_voice/build/wheeltec_mic_ros2 -- -j16 -l16
[0.057s] Invoking command in '/home/tang/voice/ws_voice/build/wheeltec_mic_ros2': CMAKE_PREFIX_PATH=/home/tang/voice/ws_voice/install/wheeltec_mic_msg:/home/tang/voice/ws_voice/install/wheeltec_mic_ros2:/home/tang/voice/ws_voice/install/voice_pkg:/home/tang/voice/ws_voice/install/serial:/opt/bxi/bxi_ros2_pkg:/opt/ros/humble LD_LIBRARY_PATH=/home/tang/voice/ws_voice/install/wheeltec_mic_msg/lib:/home/tang/voice/ws_voice/install/serial/lib:/usr/local/lib:/usr/local/cuda-12.4/lib64:/opt/bxi/bxi_ros2_pkg/lib:/opt/ros/humble/opt/rviz_ogre_vendor/lib:/opt/ros/humble/lib/x86_64-linux-gnu:/opt/ros/humble/lib:/usr/lib/x86_64-linux-gnu:/home/.mujoco/mujoco-3.3.3-linux-x86_64/mujoco-3.3.3/bin:/home/tang/.mujoco/mujoco336/mujoco-3.3.6bin /usr/bin/cmake --install /home/tang/voice/ws_voice/build/wheeltec_mic_ros2
[0.063s] -- Install configuration: ""
[0.063s] -- Up-to-date: /home/tang/voice/ws_voice/install/wheeltec_mic_ros2/share/wheeltec_mic_ros2/launch
[0.063s] -- Up-to-date: /home/tang/voice/ws_voice/install/wheeltec_mic_ros2/share/wheeltec_mic_ros2/launch/voice_listener.launch.py
[0.063s] -- Up-to-date: /home/tang/voice/ws_voice/install/wheeltec_mic_ros2/share/wheeltec_mic_ros2/launch/mic_init.launch.py
[0.063s] -- Up-to-date: /home/tang/voice/ws_voice/install/wheeltec_mic_ros2/share/wheeltec_mic_ros2/launch/base.launch.py
[0.063s] -- Up-to-date: /home/tang/voice/ws_voice/install/wheeltec_mic_ros2/share/wheeltec_mic_ros2/config
[0.063s] -- Up-to-date: /home/tang/voice/ws_voice/install/wheeltec_mic_ros2/share/wheeltec_mic_ros2/config/msc
[0.063s] -- Up-to-date: /home/tang/voice/ws_voice/install/wheeltec_mic_ros2/share/wheeltec_mic_ros2/config/msc/msc.log
[0.063s] -- Up-to-date: /home/tang/voice/ws_voice/install/wheeltec_mic_ros2/share/wheeltec_mic_ros2/config/msc/res
[0.063s] -- Up-to-date: /home/tang/voice/ws_voice/install/wheeltec_mic_ros2/share/wheeltec_mic_ros2/config/msc/res/asr
[0.063s] -- Up-to-date: /home/tang/voice/ws_voice/install/wheeltec_mic_ros2/share/wheeltec_mic_ros2/config/msc/res/asr/common.jet
[0.063s] -- Up-to-date: /home/tang/voice/ws_voice/install/wheeltec_mic_ros2/share/wheeltec_mic_ros2/config/msc/res/asr/GrmBuilld
[0.063s] -- Up-to-date: /home/tang/voice/ws_voice/install/wheeltec_mic_ros2/share/wheeltec_mic_ros2/config/msc/res/asr/GrmBuilld/lhheaaaa.d
[0.063s] -- Up-to-date: /home/tang/voice/ws_voice/install/wheeltec_mic_ros2/share/wheeltec_mic_ros2/config/msc/res/asr/GrmBuilld/azcfaaaa.d
[0.063s] -- Up-to-date: /home/tang/voice/ws_voice/install/wheeltec_mic_ros2/share/wheeltec_mic_ros2/config/msc/res/asr/GrmBuilld/bzvskdaa.d
[0.063s] -- Up-to-date: /home/tang/voice/ws_voice/install/wheeltec_mic_ros2/share/wheeltec_mic_ros2/config/msc/res/asr/GrmBuilld/zhdfaaaa.d
[0.063s] -- Up-to-date: /home/tang/voice/ws_voice/install/wheeltec_mic_ros2/share/wheeltec_mic_ros2/config/msc/res/asr/GrmBuilld/rtpyyuba.d
[0.063s] -- Up-to-date: /home/tang/voice/ws_voice/install/wheeltec_mic_ros2/share/wheeltec_mic_ros2/config/msc/res/asr/GrmBuilld/qgieaaaa.d
[0.063s] -- Up-to-date: /home/tang/voice/ws_voice/install/wheeltec_mic_ros2/share/wheeltec_mic_ros2/config/msc/res/asr/GrmBuilld/fyrdwpaa.d
[0.064s] -- Up-to-date: /home/tang/voice/ws_voice/install/wheeltec_mic_ros2/share/wheeltec_mic_ros2/config/msc/res/asr/GrmBuilld/uikawbda.d
[0.064s] -- Up-to-date: /home/tang/voice/ws_voice/install/wheeltec_mic_ros2/share/wheeltec_mic_ros2/config/msc/res/asr/GrmBuilld/rlieaaaa.d
[0.064s] -- Up-to-date: /home/tang/voice/ws_voice/install/wheeltec_mic_ros2/share/wheeltec_mic_ros2/config/msc/res/asr/GrmBuilld/mcaudaaa.d
[0.064s] -- Up-to-date: /home/tang/voice/ws_voice/install/wheeltec_mic_ros2/share/wheeltec_mic_ros2/config/msc/res/asr/GrmBuilld/gcoeaaaa.d
[0.064s] -- Up-to-date: /home/tang/voice/ws_voice/install/wheeltec_mic_ros2/share/wheeltec_mic_ros2/config/msc/res/asr/GrmBuilld/temp
[0.064s] -- Installing: /home/tang/voice/ws_voice/install/wheeltec_mic_ros2/share/wheeltec_mic_ros2/config/msc/res/asr/GrmBuilld/temp/lhheaaaa.d
[0.064s] -- Installing: /home/tang/voice/ws_voice/install/wheeltec_mic_ros2/share/wheeltec_mic_ros2/config/msc/res/asr/GrmBuilld/temp/azcfaaaa.d
[0.064s] -- Installing: /home/tang/voice/ws_voice/install/wheeltec_mic_ros2/share/wheeltec_mic_ros2/config/msc/res/asr/GrmBuilld/temp/bzvskdaa.d
[0.064s] -- Installing: /home/tang/voice/ws_voice/install/wheeltec_mic_ros2/share/wheeltec_mic_ros2/config/msc/res/asr/GrmBuilld/temp/zhdfaaaa.d
[0.064s] -- Installing: /home/tang/voice/ws_voice/install/wheeltec_mic_ros2/share/wheeltec_mic_ros2/config/msc/res/asr/GrmBuilld/temp/rtpyyuba.d
[0.064s] -- Installing: /home/tang/voice/ws_voice/install/wheeltec_mic_ros2/share/wheeltec_mic_ros2/config/msc/res/asr/GrmBuilld/temp/qgieaaaa.d
[0.064s] -- Installing: /home/tang/voice/ws_voice/install/wheeltec_mic_ros2/share/wheeltec_mic_ros2/config/msc/res/asr/GrmBuilld/temp/fyrdwpaa.d
[0.064s] -- Installing: /home/tang/voice/ws_voice/install/wheeltec_mic_ros2/share/wheeltec_mic_ros2/config/msc/res/asr/GrmBuilld/temp/uikawbda.d
[0.064s] -- Installing: /home/tang/voice/ws_voice/install/wheeltec_mic_ros2/share/wheeltec_mic_ros2/config/msc/res/asr/GrmBuilld/temp/rlieaaaa.d
[0.064s] -- Installing: /home/tang/voice/ws_voice/install/wheeltec_mic_ros2/share/wheeltec_mic_ros2/config/msc/res/asr/GrmBuilld/temp/mcaudaaa.d
[0.064s] -- Installing: /home/tang/voice/ws_voice/install/wheeltec_mic_ros2/share/wheeltec_mic_ros2/config/msc/res/asr/GrmBuilld/temp/gcoeaaaa.d
[0.064s] -- Installing: /home/tang/voice/ws_voice/install/wheeltec_mic_ros2/share/wheeltec_mic_ros2/config/msc/res/asr/GrmBuilld/temp/commit
[0.064s] -- Installing: /home/tang/voice/ws_voice/install/wheeltec_mic_ros2/share/wheeltec_mic_ros2/config/msc/res/asr/GrmBuilld/temp/whsnkqba.d
[0.064s] -- Installing: /home/tang/voice/ws_voice/install/wheeltec_mic_ros2/share/wheeltec_mic_ros2/config/msc/res/asr/GrmBuilld/temp/arlfaaaa.d
[0.064s] -- Installing: /home/tang/voice/ws_voice/install/wheeltec_mic_ros2/share/wheeltec_mic_ros2/config/msc/res/asr/GrmBuilld/temp/sqieaaaa.d
[0.064s] -- Installing: /home/tang/voice/ws_voice/install/wheeltec_mic_ros2/share/wheeltec_mic_ros2/config/msc/res/asr/GrmBuilld/temp/rbswtvaa.d
[0.064s] -- Installing: /home/tang/voice/ws_voice/install/wheeltec_mic_ros2/share/wheeltec_mic_ros2/config/msc/res/asr/GrmBuilld/temp/mmheaaaa.d
[0.064s] -- Installing: /home/tang/voice/ws_voice/install/wheeltec_mic_ros2/share/wheeltec_mic_ros2/config/msc/res/asr/GrmBuilld/temp/call.g
[0.064s] -- Installing: /home/tang/voice/ws_voice/install/wheeltec_mic_ros2/share/wheeltec_mic_ros2/config/msc/res/asr/GrmBuilld/temp/kcheaaaa.d
[0.064s] -- Installing: /home/tang/voice/ws_voice/install/wheeltec_mic_ros2/share/wheeltec_mic_ros2/config/msc/res/asr/GrmBuilld/temp/imqhxtba.d
[0.064s] -- Installing: /home/tang/voice/ws_voice/install/wheeltec_mic_ros2/share/wheeltec_mic_ros2/config/msc/res/asr/GrmBuilld/temp/ddykzcaa.d
[0.064s] -- Installing: /home/tang/voice/ws_voice/install/wheeltec_mic_ros2/share/wheeltec_mic_ros2/config/msc/res/asr/GrmBuilld/temp/zwwzwvaa.d
[0.064s] -- Installing: /home/tang/voice/ws_voice/install/wheeltec_mic_ros2/share/wheeltec_mic_ros2/config/msc/res/asr/GrmBuilld/temp/deofaaaa.d
[0.064s] -- Installing: /home/tang/voice/ws_voice/install/wheeltec_mic_ros2/share/wheeltec_mic_ros2/config/msc/res/asr/GrmBuilld/temp/call_16K
[0.064s] -- Up-to-date: /home/tang/voice/ws_voice/install/wheeltec_mic_ros2/share/wheeltec_mic_ros2/config/msc/res/asr/GrmBuilld/whsnkqba.d
[0.064s] -- Up-to-date: /home/tang/voice/ws_voice/install/wheeltec_mic_ros2/share/wheeltec_mic_ros2/config/msc/res/asr/GrmBuilld/arlfaaaa.d
[0.064s] -- Up-to-date: /home/tang/voice/ws_voice/install/wheeltec_mic_ros2/share/wheeltec_mic_ros2/config/msc/res/asr/GrmBuilld/sqieaaaa.d
[0.064s] -- Up-to-date: /home/tang/voice/ws_voice/install/wheeltec_mic_ros2/share/wheeltec_mic_ros2/config/msc/res/asr/GrmBuilld/rbswtvaa.d
[0.064s] -- Up-to-date: /home/tang/voice/ws_voice/install/wheeltec_mic_ros2/share/wheeltec_mic_ros2/config/msc/res/asr/GrmBuilld/mmheaaaa.d
[0.064s] -- Up-to-date: /home/tang/voice/ws_voice/install/wheeltec_mic_ros2/share/wheeltec_mic_ros2/config/msc/res/asr/GrmBuilld/call.g
[0.065s] -- Up-to-date: /home/tang/voice/ws_voice/install/wheeltec_mic_ros2/share/wheeltec_mic_ros2/config/msc/res/asr/GrmBuilld/kcheaaaa.d
[0.065s] -- Up-to-date: /home/tang/voice/ws_voice/install/wheeltec_mic_ros2/share/wheeltec_mic_ros2/config/msc/res/asr/GrmBuilld/imqhxtba.d
[0.065s] -- Up-to-date: /home/tang/voice/ws_voice/install/wheeltec_mic_ros2/share/wheeltec_mic_ros2/config/msc/res/asr/GrmBuilld/ddykzcaa.d
[0.065s] -- Up-to-date: /home/tang/voice/ws_voice/install/wheeltec_mic_ros2/share/wheeltec_mic_ros2/config/msc/res/asr/GrmBuilld/zwwzwvaa.d
[0.065s] -- Up-to-date: /home/tang/voice/ws_voice/install/wheeltec_mic_ros2/share/wheeltec_mic_ros2/config/msc/res/asr/GrmBuilld/deofaaaa.d
[0.065s] -- Up-to-date: /home/tang/voice/ws_voice/install/wheeltec_mic_ros2/share/wheeltec_mic_ros2/config/msc/res/asr/GrmBuilld/call_16K
[0.065s] -- Up-to-date: /home/tang/voice/ws_voice/install/wheeltec_mic_ros2/share/wheeltec_mic_ros2/config/msc/msc.cfg
[0.065s] -- Up-to-date: /home/tang/voice/ws_voice/install/wheeltec_mic_ros2/share/wheeltec_mic_ros2/config/msc/waiter.log
[0.065s] -- Up-to-date: /home/tang/voice/ws_voice/install/wheeltec_mic_ros2/share/wheeltec_mic_ros2/config/msc/isr.log
[0.065s] -- Up-to-date: /home/tang/voice/ws_voice/install/wheeltec_mic_ros2/share/wheeltec_mic_ros2/config/msc/lgi.log
[0.065s] -- Up-to-date: /home/tang/voice/ws_voice/install/wheeltec_mic_ros2/share/wheeltec_mic_ros2/config/msc/grm_lex.log
[0.065s] -- Up-to-date: /home/tang/voice/ws_voice/install/wheeltec_mic_ros2/share/wheeltec_mic_ros2/config/msc/isr_local.log
[0.065s] -- Up-to-date: /home/tang/voice/ws_voice/install/wheeltec_mic_ros2/share/wheeltec_mic_ros2/config/call.bnf
[0.065s] -- Up-to-date: /home/tang/voice/ws_voice/install/wheeltec_mic_ros2/share/wheeltec_mic_ros2/config/recognition_params.yaml
[0.065s] -- Up-to-date: /home/tang/voice/ws_voice/install/wheeltec_mic_ros2/share/wheeltec_mic_ros2/feedback_voice
[0.065s] -- Up-to-date: /home/tang/voice/ws_voice/install/wheeltec_mic_ros2/share/wheeltec_mic_ros2/feedback_voice/voice_control.wav
[0.065s] -- Up-to-date: /home/tang/voice/ws_voice/install/wheeltec_mic_ros2/share/wheeltec_mic_ros2/feedback_voice/navigation_close.wav
[0.065s] -- Up-to-date: /home/tang/voice/ws_voice/install/wheeltec_mic_ros2/share/wheeltec_mic_ros2/feedback_voice/line_open.wav
[0.065s] -- Up-to-date: /home/tang/voice/ws_voice/install/wheeltec_mic_ros2/share/wheeltec_mic_ros2/feedback_voice/3d_mapping_close.wav
[0.065s] -- Up-to-date: /home/tang/voice/ws_voice/install/wheeltec_mic_ros2/share/wheeltec_mic_ros2/feedback_voice/line_close.wav
[0.065s] -- Up-to-date: /home/tang/voice/ws_voice/install/wheeltec_mic_ros2/share/wheeltec_mic_ros2/feedback_voice/stop.wav
[0.065s] -- Up-to-date: /home/tang/voice/ws_voice/install/wheeltec_mic_ros2/share/wheeltec_mic_ros2/feedback_voice/rrt_open.wav
[0.065s] -- Up-to-date: /home/tang/voice/ws_voice/install/wheeltec_mic_ros2/share/wheeltec_mic_ros2/feedback_voice/pure3d_navigation_close.wav
[0.065s] -- Up-to-date: /home/tang/voice/ws_voice/install/wheeltec_mic_ros2/share/wheeltec_mic_ros2/feedback_voice/2d_mapping_close.wav
[0.065s] -- Up-to-date: /home/tang/voice/ws_voice/install/wheeltec_mic_ros2/share/wheeltec_mic_ros2/feedback_voice/find.wav
[0.065s] -- Up-to-date: /home/tang/voice/ws_voice/install/wheeltec_mic_ros2/share/wheeltec_mic_ros2/feedback_voice/visual_open.wav
[0.065s] -- Up-to-date: /home/tang/voice/ws_voice/install/wheeltec_mic_ros2/share/wheeltec_mic_ros2/feedback_voice/sleep.wav
[0.065s] -- Up-to-date: /home/tang/voice/ws_voice/install/wheeltec_mic_ros2/share/wheeltec_mic_ros2/feedback_voice/car_front.wav
[0.065s] -- Up-to-date: /home/tang/voice/ws_voice/install/wheeltec_mic_ros2/share/wheeltec_mic_ros2/feedback_voice/2d_mapping.wav
[0.065s] -- Up-to-date: /home/tang/voice/ws_voice/install/wheeltec_mic_ros2/share/wheeltec_mic_ros2/feedback_voice/2d_navigation_close.wav
[0.065s] -- Up-to-date: /home/tang/voice/ws_voice/install/wheeltec_mic_ros2/share/wheeltec_mic_ros2/feedback_voice/OK.wav
[0.065s] -- Up-to-date: /home/tang/voice/ws_voice/install/wheeltec_mic_ros2/share/wheeltec_mic_ros2/feedback_voice/rrt_close.wav
[0.065s] -- Up-to-date: /home/tang/voice/ws_voice/install/wheeltec_mic_ros2/share/wheeltec_mic_ros2/feedback_voice/pure3d_navigation_open.wav
[0.065s] -- Up-to-date: /home/tang/voice/ws_voice/install/wheeltec_mic_ros2/share/wheeltec_mic_ros2/feedback_voice/turn_right.wav
[0.065s] -- Up-to-date: /home/tang/voice/ws_voice/install/wheeltec_mic_ros2/share/wheeltec_mic_ros2/feedback_voice/awake.wav
[0.065s] -- Up-to-date: /home/tang/voice/ws_voice/install/wheeltec_mic_ros2/share/wheeltec_mic_ros2/feedback_voice/2d_navigation.wav
[0.066s] -- Up-to-date: /home/tang/voice/ws_voice/install/wheeltec_mic_ros2/share/wheeltec_mic_ros2/feedback_voice/3d_navigation_open.wav
[0.066s] -- Up-to-date: /home/tang/voice/ws_voice/install/wheeltec_mic_ros2/share/wheeltec_mic_ros2/feedback_voice/web_close.wav
[0.066s] -- Up-to-date: /home/tang/voice/ws_voice/install/wheeltec_mic_ros2/share/wheeltec_mic_ros2/feedback_voice/web_open.wav
[0.066s] -- Up-to-date: /home/tang/voice/ws_voice/install/wheeltec_mic_ros2/share/wheeltec_mic_ros2/feedback_voice/rplidar_close.wav
[0.066s] -- Up-to-date: /home/tang/voice/ws_voice/install/wheeltec_mic_ros2/share/wheeltec_mic_ros2/feedback_voice/close_node.wav
[0.066s] -- Up-to-date: /home/tang/voice/ws_voice/install/wheeltec_mic_ros2/share/wheeltec_mic_ros2/feedback_voice/classify_close.wav
[0.066s] -- Up-to-date: /home/tang/voice/ws_voice/install/wheeltec_mic_ros2/share/wheeltec_mic_ros2/feedback_voice/car_back.wav
[0.066s] -- Up-to-date: /home/tang/voice/ws_voice/install/wheeltec_mic_ros2/share/wheeltec_mic_ros2/feedback_voice/Tracker.wav
[0.066s] -- Up-to-date: /home/tang/voice/ws_voice/install/wheeltec_mic_ros2/share/wheeltec_mic_ros2/feedback_voice/3d_navigation_close.wav
[0.066s] -- Up-to-date: /home/tang/voice/ws_voice/install/wheeltec_mic_ros2/share/wheeltec_mic_ros2/feedback_voice/classify_open.wav
[0.066s] -- Up-to-date: /home/tang/voice/ws_voice/install/wheeltec_mic_ros2/share/wheeltec_mic_ros2/feedback_voice/reach_goal.wav
[0.066s] -- Up-to-date: /home/tang/voice/ws_voice/install/wheeltec_mic_ros2/share/wheeltec_mic_ros2/feedback_voice/kcf_open.wav
[0.066s] -- Up-to-date: /home/tang/voice/ws_voice/install/wheeltec_mic_ros2/share/wheeltec_mic_ros2/feedback_voice/turn_left.wav
[0.066s] -- Up-to-date: /home/tang/voice/ws_voice/install/wheeltec_mic_ros2/share/wheeltec_mic_ros2/feedback_voice/search_voice.wav
[0.066s] -- Up-to-date: /home/tang/voice/ws_voice/install/wheeltec_mic_ros2/share/wheeltec_mic_ros2/feedback_voice/open_node.wav
[0.066s] -- Up-to-date: /home/tang/voice/ws_voice/install/wheeltec_mic_ros2/share/wheeltec_mic_ros2/feedback_voice/overmap.wav
[0.066s] -- Up-to-date: /home/tang/voice/ws_voice/install/wheeltec_mic_ros2/share/wheeltec_mic_ros2/feedback_voice/pure3d_mapping_close.wav
[0.066s] -- Up-to-date: /home/tang/voice/ws_voice/install/wheeltec_mic_ros2/share/wheeltec_mic_ros2/feedback_voice/AR_open.wav
[0.066s] -- Up-to-date: /home/tang/voice/ws_voice/install/wheeltec_mic_ros2/share/wheeltec_mic_ros2/feedback_voice/visual_close.wav
[0.066s] -- Up-to-date: /home/tang/voice/ws_voice/install/wheeltec_mic_ros2/share/wheeltec_mic_ros2/feedback_voice/AR_close.wav
[0.066s] -- Up-to-date: /home/tang/voice/ws_voice/install/wheeltec_mic_ros2/share/wheeltec_mic_ros2/feedback_voice/3d_mapping_open.wav
[0.066s] -- Up-to-date: /home/tang/voice/ws_voice/install/wheeltec_mic_ros2/share/wheeltec_mic_ros2/feedback_voice/pure3d_mapping_open.wav
[0.066s] -- Up-to-date: /home/tang/voice/ws_voice/install/wheeltec_mic_ros2/share/wheeltec_mic_ros2/feedback_voice/kcf_close.wav
[0.066s] -- Up-to-date: /home/tang/voice/ws_voice/install/wheeltec_mic_ros2/share/wheeltec_mic_ros2/feedback_voice/rplidar_open.wav
[0.066s] -- Execute custom install script
[0.066s] -- Up-to-date symlink: /home/tang/voice/ws_voice/install/wheeltec_mic_ros2/lib/wheeltec_mic_ros2/call_recognition
[0.066s] -- Up-to-date symlink: /home/tang/voice/ws_voice/install/wheeltec_mic_ros2/lib/wheeltec_mic_ros2/call_recognition
[0.066s] -- Up-to-date symlink: /home/tang/voice/ws_voice/install/wheeltec_mic_ros2/lib/wheeltec_mic_ros2/command_recognition
[0.066s] -- Up-to-date symlink: /home/tang/voice/ws_voice/install/wheeltec_mic_ros2/lib/wheeltec_mic_ros2/command_recognition
[0.066s] -- Up-to-date symlink: /home/tang/voice/ws_voice/install/wheeltec_mic_ros2/lib/wheeltec_mic_ros2/node_feedback
[0.066s] -- Up-to-date symlink: /home/tang/voice/ws_voice/install/wheeltec_mic_ros2/lib/wheeltec_mic_ros2/node_feedback
[0.066s] -- Up-to-date symlink: /home/tang/voice/ws_voice/install/wheeltec_mic_ros2/lib/wheeltec_mic_ros2/wheeltec_mic
[0.066s] -- Up-to-date symlink: /home/tang/voice/ws_voice/install/wheeltec_mic_ros2/lib/wheeltec_mic_ros2/wheeltec_mic
[0.067s] -- Up-to-date symlink: /home/tang/voice/ws_voice/install/wheeltec_mic_ros2/lib/wheeltec_mic_ros2/voice_control
[0.067s] -- Up-to-date symlink: /home/tang/voice/ws_voice/install/wheeltec_mic_ros2/lib/wheeltec_mic_ros2/voice_control
[0.067s] -- Up-to-date symlink: /home/tang/voice/ws_voice/install/wheeltec_mic_ros2/lib/wheeltec_mic_ros2/voice_listener
[0.067s] -- Up-to-date symlink: /home/tang/voice/ws_voice/install/wheeltec_mic_ros2/lib/wheeltec_mic_ros2/voice_listener
[0.067s] -- Up-to-date symlink: /home/tang/voice/ws_voice/install/wheeltec_mic_ros2/share/ament_index/resource_index/package_run_dependencies/wheeltec_mic_ros2
[0.067s] -- Up-to-date symlink: /home/tang/voice/ws_voice/install/wheeltec_mic_ros2/share/ament_index/resource_index/parent_prefix_path/wheeltec_mic_ros2
[0.067s] -- Up-to-date symlink: /home/tang/voice/ws_voice/install/wheeltec_mic_ros2/share/wheeltec_mic_ros2/environment/ament_prefix_path.sh
[0.067s] -- Up-to-date symlink: /home/tang/voice/ws_voice/install/wheeltec_mic_ros2/share/wheeltec_mic_ros2/environment/ament_prefix_path.dsv
[0.067s] -- Up-to-date symlink: /home/tang/voice/ws_voice/install/wheeltec_mic_ros2/share/wheeltec_mic_ros2/environment/path.sh
[0.067s] -- Up-to-date symlink: /home/tang/voice/ws_voice/install/wheeltec_mic_ros2/share/wheeltec_mic_ros2/environment/path.dsv
[0.067s] -- Up-to-date symlink: /home/tang/voice/ws_voice/install/wheeltec_mic_ros2/share/wheeltec_mic_ros2/local_setup.bash
[0.067s] -- Up-to-date symlink: /home/tang/voice/ws_voice/install/wheeltec_mic_ros2/share/wheeltec_mic_ros2/local_setup.sh
[0.067s] -- Up-to-date symlink: /home/tang/voice/ws_voice/install/wheeltec_mic_ros2/share/wheeltec_mic_ros2/local_setup.zsh
[0.067s] -- Up-to-date symlink: /home/tang/voice/ws_voice/install/wheeltec_mic_ros2/share/wheeltec_mic_ros2/local_setup.dsv
[0.067s] -- Symlinking: /home/tang/voice/ws_voice/install/wheeltec_mic_ros2/share/wheeltec_mic_ros2/package.dsv
[0.073s] -- Up-to-date symlink: /home/tang/voice/ws_voice/install/wheeltec_mic_ros2/share/ament_index/resource_index/packages/wheeltec_mic_ros2
[0.073s] -- Up-to-date symlink: /home/tang/voice/ws_voice/install/wheeltec_mic_ros2/share/wheeltec_mic_ros2/cmake/wheeltec_mic_ros2Config.cmake
[0.073s] -- Up-to-date symlink: /home/tang/voice/ws_voice/install/wheeltec_mic_ros2/share/wheeltec_mic_ros2/cmake/wheeltec_mic_ros2Config-version.cmake
[0.074s] -- Up-to-date symlink: /home/tang/voice/ws_voice/install/wheeltec_mic_ros2/share/wheeltec_mic_ros2/package.xml
[0.075s] Invoked command in '/home/tang/voice/ws_voice/build/wheeltec_mic_ros2' returned '0': CMAKE_PREFIX_PATH=/home/tang/voice/ws_voice/install/wheeltec_mic_msg:/home/tang/voice/ws_voice/install/wheeltec_mic_ros2:/home/tang/voice/ws_voice/install/voice_pkg:/home/tang/voice/ws_voice/install/serial:/opt/bxi/bxi_ros2_pkg:/opt/ros/humble LD_LIBRARY_PATH=/home/tang/voice/ws_voice/install/wheeltec_mic_msg/lib:/home/tang/voice/ws_voice/install/serial/lib:/usr/local/lib:/usr/local/cuda-12.4/lib64:/opt/bxi/bxi_ros2_pkg/lib:/opt/ros/humble/opt/rviz_ogre_vendor/lib:/opt/ros/humble/lib/x86_64-linux-gnu:/opt/ros/humble/lib:/usr/lib/x86_64-linux-gnu:/home/.mujoco/mujoco-3.3.3-linux-x86_64/mujoco-3.3.3/bin:/home/tang/.mujoco/mujoco336/mujoco-3.3.6bin /usr/bin/cmake --install /home/tang/voice/ws_voice/build/wheeltec_mic_ros2
