[0.061s] colcon DEBUG Command line arguments: ['/usr/bin/colcon', 'build', '--packages-select', 'wheeltec_mic_ros2']
[0.061s] colcon DEBUG Parsed command line arguments: Namespace(log_base=None, log_level=None, verb_name='build', build_base='build', install_base='install', merge_install=False, symlink_install=False, test_result_base=None, continue_on_error=False, executor='parallel', parallel_workers=16, event_handlers=None, ignore_user_meta=False, metas=['./colcon.meta'], base_paths=['.'], packages_ignore=None, packages_ignore_regex=None, paths=None, packages_up_to=None, packages_up_to_regex=None, packages_above=None, packages_above_and_dependencies=None, packages_above_depth=None, packages_select_by_dep=None, packages_skip_by_dep=None, packages_skip_up_to=None, packages_select_build_failed=False, packages_skip_build_finished=False, packages_select_test_failures=False, packages_skip_test_passed=False, packages_select=['wheeltec_mic_ros2'], packages_skip=None, packages_select_regex=None, packages_skip_regex=None, packages_start=None, packages_end=None, allow_overriding=[], cmake_args=None, cmake_target=None, cmake_target_skip_unavailable=False, cmake_clean_cache=False, cmake_clean_first=False, cmake_force_configure=False, ament_cmake_args=None, catkin_cmake_args=None, catkin_skip_building_tests=False, verb_parser=<colcon_defaults.argument_parser.defaults.DefaultArgumentsDecorator object at 0x7e4c18312ef0>, verb_extension=<colcon_core.verb.build.BuildVerb object at 0x7e4c18311ed0>, main=<bound method BuildVerb.main of <colcon_core.verb.build.BuildVerb object at 0x7e4c18311ed0>>)
[0.148s] colcon.colcon_core.package_discovery Level 1 discover_packages(colcon_meta) check parameters
[0.148s] colcon.colcon_core.package_discovery Level 1 discover_packages(recursive) check parameters
[0.148s] colcon.colcon_core.package_discovery Level 1 discover_packages(ignore) check parameters
[0.148s] colcon.colcon_core.package_discovery Level 1 discover_packages(path) check parameters
[0.148s] colcon.colcon_core.package_discovery Level 1 discover_packages(colcon_meta) discover
[0.148s] colcon.colcon_core.package_discovery Level 1 discover_packages(recursive) discover
[0.148s] colcon.colcon_core.package_discovery INFO Crawling recursively for packages in '/home/tang/voice/ws_voice'
[0.148s] colcon.colcon_core.package_identification Level 1 _identify(.) by extensions ['ignore', 'ignore_ament_install']
[0.148s] colcon.colcon_core.package_identification Level 1 _identify(.) by extension 'ignore'
[0.148s] colcon.colcon_core.package_identification Level 1 _identify(.) by extension 'ignore_ament_install'
[0.148s] colcon.colcon_core.package_identification Level 1 _identify(.) by extensions ['colcon_pkg']
[0.148s] colcon.colcon_core.package_identification Level 1 _identify(.) by extension 'colcon_pkg'
[0.148s] colcon.colcon_core.package_identification Level 1 _identify(.) by extensions ['colcon_meta']
[0.148s] colcon.colcon_core.package_identification Level 1 _identify(.) by extension 'colcon_meta'
[0.148s] colcon.colcon_core.package_identification Level 1 _identify(.) by extensions ['ros']
[0.148s] colcon.colcon_core.package_identification Level 1 _identify(.) by extension 'ros'
[0.154s] colcon.colcon_core.package_identification Level 1 _identify(.) by extensions ['cmake', 'python']
[0.155s] colcon.colcon_core.package_identification Level 1 _identify(.) by extension 'cmake'
[0.155s] colcon.colcon_core.package_identification Level 1 _identify(.) by extension 'python'
[0.155s] colcon.colcon_core.package_identification Level 1 _identify(.) by extensions ['python_setup_py']
[0.155s] colcon.colcon_core.package_identification Level 1 _identify(.) by extension 'python_setup_py'
[0.155s] colcon.colcon_core.package_identification Level 1 _identify(build) by extensions ['ignore', 'ignore_ament_install']
[0.155s] colcon.colcon_core.package_identification Level 1 _identify(build) by extension 'ignore'
[0.155s] colcon.colcon_core.package_identification Level 1 _identify(build) ignored
[0.155s] colcon.colcon_core.package_identification Level 1 _identify(install) by extensions ['ignore', 'ignore_ament_install']
[0.155s] colcon.colcon_core.package_identification Level 1 _identify(install) by extension 'ignore'
[0.155s] colcon.colcon_core.package_identification Level 1 _identify(install) ignored
[0.155s] colcon.colcon_core.package_identification Level 1 _identify(log) by extensions ['ignore', 'ignore_ament_install']
[0.155s] colcon.colcon_core.package_identification Level 1 _identify(log) by extension 'ignore'
[0.155s] colcon.colcon_core.package_identification Level 1 _identify(log) ignored
[0.155s] colcon.colcon_core.package_identification Level 1 _identify(msc) by extensions ['ignore', 'ignore_ament_install']
[0.155s] colcon.colcon_core.package_identification Level 1 _identify(msc) by extension 'ignore'
[0.155s] colcon.colcon_core.package_identification Level 1 _identify(msc) by extension 'ignore_ament_install'
[0.155s] colcon.colcon_core.package_identification Level 1 _identify(msc) by extensions ['colcon_pkg']
[0.155s] colcon.colcon_core.package_identification Level 1 _identify(msc) by extension 'colcon_pkg'
[0.155s] colcon.colcon_core.package_identification Level 1 _identify(msc) by extensions ['colcon_meta']
[0.155s] colcon.colcon_core.package_identification Level 1 _identify(msc) by extension 'colcon_meta'
[0.155s] colcon.colcon_core.package_identification Level 1 _identify(msc) by extensions ['ros']
[0.155s] colcon.colcon_core.package_identification Level 1 _identify(msc) by extension 'ros'
[0.155s] colcon.colcon_core.package_identification Level 1 _identify(msc) by extensions ['cmake', 'python']
[0.155s] colcon.colcon_core.package_identification Level 1 _identify(msc) by extension 'cmake'
[0.155s] colcon.colcon_core.package_identification Level 1 _identify(msc) by extension 'python'
[0.155s] colcon.colcon_core.package_identification Level 1 _identify(msc) by extensions ['python_setup_py']
[0.155s] colcon.colcon_core.package_identification Level 1 _identify(msc) by extension 'python_setup_py'
[0.155s] colcon.colcon_core.package_identification Level 1 _identify(msc/ace4e63884fd3b566ba68fde3bcabc9c) by extensions ['ignore', 'ignore_ament_install']
[0.155s] colcon.colcon_core.package_identification Level 1 _identify(msc/ace4e63884fd3b566ba68fde3bcabc9c) by extension 'ignore'
[0.155s] colcon.colcon_core.package_identification Level 1 _identify(msc/ace4e63884fd3b566ba68fde3bcabc9c) by extension 'ignore_ament_install'
[0.155s] colcon.colcon_core.package_identification Level 1 _identify(msc/ace4e63884fd3b566ba68fde3bcabc9c) by extensions ['colcon_pkg']
[0.155s] colcon.colcon_core.package_identification Level 1 _identify(msc/ace4e63884fd3b566ba68fde3bcabc9c) by extension 'colcon_pkg'
[0.155s] colcon.colcon_core.package_identification Level 1 _identify(msc/ace4e63884fd3b566ba68fde3bcabc9c) by extensions ['colcon_meta']
[0.155s] colcon.colcon_core.package_identification Level 1 _identify(msc/ace4e63884fd3b566ba68fde3bcabc9c) by extension 'colcon_meta'
[0.155s] colcon.colcon_core.package_identification Level 1 _identify(msc/ace4e63884fd3b566ba68fde3bcabc9c) by extensions ['ros']
[0.155s] colcon.colcon_core.package_identification Level 1 _identify(msc/ace4e63884fd3b566ba68fde3bcabc9c) by extension 'ros'
[0.156s] colcon.colcon_core.package_identification Level 1 _identify(msc/ace4e63884fd3b566ba68fde3bcabc9c) by extensions ['cmake', 'python']
[0.156s] colcon.colcon_core.package_identification Level 1 _identify(msc/ace4e63884fd3b566ba68fde3bcabc9c) by extension 'cmake'
[0.156s] colcon.colcon_core.package_identification Level 1 _identify(msc/ace4e63884fd3b566ba68fde3bcabc9c) by extension 'python'
[0.156s] colcon.colcon_core.package_identification Level 1 _identify(msc/ace4e63884fd3b566ba68fde3bcabc9c) by extensions ['python_setup_py']
[0.156s] colcon.colcon_core.package_identification Level 1 _identify(msc/ace4e63884fd3b566ba68fde3bcabc9c) by extension 'python_setup_py'
[0.156s] colcon.colcon_core.package_identification Level 1 _identify(src) by extensions ['ignore', 'ignore_ament_install']
[0.156s] colcon.colcon_core.package_identification Level 1 _identify(src) by extension 'ignore'
[0.156s] colcon.colcon_core.package_identification Level 1 _identify(src) by extension 'ignore_ament_install'
[0.156s] colcon.colcon_core.package_identification Level 1 _identify(src) by extensions ['colcon_pkg']
[0.156s] colcon.colcon_core.package_identification Level 1 _identify(src) by extension 'colcon_pkg'
[0.156s] colcon.colcon_core.package_identification Level 1 _identify(src) by extensions ['colcon_meta']
[0.156s] colcon.colcon_core.package_identification Level 1 _identify(src) by extension 'colcon_meta'
[0.156s] colcon.colcon_core.package_identification Level 1 _identify(src) by extensions ['ros']
[0.156s] colcon.colcon_core.package_identification Level 1 _identify(src) by extension 'ros'
[0.156s] colcon.colcon_core.package_identification Level 1 _identify(src) by extensions ['cmake', 'python']
[0.156s] colcon.colcon_core.package_identification Level 1 _identify(src) by extension 'cmake'
[0.156s] colcon.colcon_core.package_identification Level 1 _identify(src) by extension 'python'
[0.156s] colcon.colcon_core.package_identification Level 1 _identify(src) by extensions ['python_setup_py']
[0.156s] colcon.colcon_core.package_identification Level 1 _identify(src) by extension 'python_setup_py'
[0.156s] colcon.colcon_core.package_identification Level 1 _identify(src/serial-ros2) by extensions ['ignore', 'ignore_ament_install']
[0.156s] colcon.colcon_core.package_identification Level 1 _identify(src/serial-ros2) by extension 'ignore'
[0.156s] colcon.colcon_core.package_identification Level 1 _identify(src/serial-ros2) by extension 'ignore_ament_install'
[0.156s] colcon.colcon_core.package_identification Level 1 _identify(src/serial-ros2) by extensions ['colcon_pkg']
[0.156s] colcon.colcon_core.package_identification Level 1 _identify(src/serial-ros2) by extension 'colcon_pkg'
[0.156s] colcon.colcon_core.package_identification Level 1 _identify(src/serial-ros2) by extensions ['colcon_meta']
[0.156s] colcon.colcon_core.package_identification Level 1 _identify(src/serial-ros2) by extension 'colcon_meta'
[0.156s] colcon.colcon_core.package_identification Level 1 _identify(src/serial-ros2) by extensions ['ros']
[0.156s] colcon.colcon_core.package_identification Level 1 _identify(src/serial-ros2) by extension 'ros'
[0.157s] colcon.colcon_core.package_identification DEBUG Package 'src/serial-ros2' with type 'ros.ament_cmake' and name 'serial'
[0.158s] colcon.colcon_core.package_identification Level 1 _identify(src/voice_pkg) by extensions ['ignore', 'ignore_ament_install']
[0.158s] colcon.colcon_core.package_identification Level 1 _identify(src/voice_pkg) by extension 'ignore'
[0.158s] colcon.colcon_core.package_identification Level 1 _identify(src/voice_pkg) by extension 'ignore_ament_install'
[0.158s] colcon.colcon_core.package_identification Level 1 _identify(src/voice_pkg) by extensions ['colcon_pkg']
[0.158s] colcon.colcon_core.package_identification Level 1 _identify(src/voice_pkg) by extension 'colcon_pkg'
[0.158s] colcon.colcon_core.package_identification Level 1 _identify(src/voice_pkg) by extensions ['colcon_meta']
[0.158s] colcon.colcon_core.package_identification Level 1 _identify(src/voice_pkg) by extension 'colcon_meta'
[0.158s] colcon.colcon_core.package_identification Level 1 _identify(src/voice_pkg) by extensions ['ros']
[0.158s] colcon.colcon_core.package_identification Level 1 _identify(src/voice_pkg) by extension 'ros'
[0.158s] colcon.colcon_core.package_identification DEBUG Package 'src/voice_pkg' with type 'ros.ament_cmake' and name 'voice_pkg'
[0.158s] colcon.colcon_core.package_identification Level 1 _identify(src/wheeltec_mic) by extensions ['ignore', 'ignore_ament_install']
[0.158s] colcon.colcon_core.package_identification Level 1 _identify(src/wheeltec_mic) by extension 'ignore'
[0.158s] colcon.colcon_core.package_identification Level 1 _identify(src/wheeltec_mic) by extension 'ignore_ament_install'
[0.158s] colcon.colcon_core.package_identification Level 1 _identify(src/wheeltec_mic) by extensions ['colcon_pkg']
[0.158s] colcon.colcon_core.package_identification Level 1 _identify(src/wheeltec_mic) by extension 'colcon_pkg'
[0.158s] colcon.colcon_core.package_identification Level 1 _identify(src/wheeltec_mic) by extensions ['colcon_meta']
[0.158s] colcon.colcon_core.package_identification Level 1 _identify(src/wheeltec_mic) by extension 'colcon_meta'
[0.158s] colcon.colcon_core.package_identification Level 1 _identify(src/wheeltec_mic) by extensions ['ros']
[0.158s] colcon.colcon_core.package_identification Level 1 _identify(src/wheeltec_mic) by extension 'ros'
[0.158s] colcon.colcon_core.package_identification Level 1 _identify(src/wheeltec_mic) by extensions ['cmake', 'python']
[0.158s] colcon.colcon_core.package_identification Level 1 _identify(src/wheeltec_mic) by extension 'cmake'
[0.158s] colcon.colcon_core.package_identification Level 1 _identify(src/wheeltec_mic) by extension 'python'
[0.158s] colcon.colcon_core.package_identification Level 1 _identify(src/wheeltec_mic) by extensions ['python_setup_py']
[0.158s] colcon.colcon_core.package_identification Level 1 _identify(src/wheeltec_mic) by extension 'python_setup_py'
[0.159s] colcon.colcon_core.package_identification Level 1 _identify(src/wheeltec_mic/wheeltec_mic_msg) by extensions ['ignore', 'ignore_ament_install']
[0.159s] colcon.colcon_core.package_identification Level 1 _identify(src/wheeltec_mic/wheeltec_mic_msg) by extension 'ignore'
[0.159s] colcon.colcon_core.package_identification Level 1 _identify(src/wheeltec_mic/wheeltec_mic_msg) by extension 'ignore_ament_install'
[0.159s] colcon.colcon_core.package_identification Level 1 _identify(src/wheeltec_mic/wheeltec_mic_msg) by extensions ['colcon_pkg']
[0.159s] colcon.colcon_core.package_identification Level 1 _identify(src/wheeltec_mic/wheeltec_mic_msg) by extension 'colcon_pkg'
[0.159s] colcon.colcon_core.package_identification Level 1 _identify(src/wheeltec_mic/wheeltec_mic_msg) by extensions ['colcon_meta']
[0.159s] colcon.colcon_core.package_identification Level 1 _identify(src/wheeltec_mic/wheeltec_mic_msg) by extension 'colcon_meta'
[0.159s] colcon.colcon_core.package_identification Level 1 _identify(src/wheeltec_mic/wheeltec_mic_msg) by extensions ['ros']
[0.159s] colcon.colcon_core.package_identification Level 1 _identify(src/wheeltec_mic/wheeltec_mic_msg) by extension 'ros'
[0.159s] colcon.colcon_core.package_identification DEBUG Package 'src/wheeltec_mic/wheeltec_mic_msg' with type 'ros.ament_cmake' and name 'wheeltec_mic_msg'
[0.159s] colcon.colcon_core.package_identification Level 1 _identify(src/wheeltec_mic/wheeltec_mic_ros2) by extensions ['ignore', 'ignore_ament_install']
[0.159s] colcon.colcon_core.package_identification Level 1 _identify(src/wheeltec_mic/wheeltec_mic_ros2) by extension 'ignore'
[0.159s] colcon.colcon_core.package_identification Level 1 _identify(src/wheeltec_mic/wheeltec_mic_ros2) by extension 'ignore_ament_install'
[0.159s] colcon.colcon_core.package_identification Level 1 _identify(src/wheeltec_mic/wheeltec_mic_ros2) by extensions ['colcon_pkg']
[0.159s] colcon.colcon_core.package_identification Level 1 _identify(src/wheeltec_mic/wheeltec_mic_ros2) by extension 'colcon_pkg'
[0.159s] colcon.colcon_core.package_identification Level 1 _identify(src/wheeltec_mic/wheeltec_mic_ros2) by extensions ['colcon_meta']
[0.159s] colcon.colcon_core.package_identification Level 1 _identify(src/wheeltec_mic/wheeltec_mic_ros2) by extension 'colcon_meta'
[0.159s] colcon.colcon_core.package_identification Level 1 _identify(src/wheeltec_mic/wheeltec_mic_ros2) by extensions ['ros']
[0.159s] colcon.colcon_core.package_identification Level 1 _identify(src/wheeltec_mic/wheeltec_mic_ros2) by extension 'ros'
[0.160s] colcon.colcon_core.package_identification DEBUG Package 'src/wheeltec_mic/wheeltec_mic_ros2' with type 'ros.ament_cmake' and name 'wheeltec_mic_ros2'
[0.160s] colcon.colcon_core.package_discovery Level 1 discover_packages(recursive) using defaults
[0.160s] colcon.colcon_core.package_discovery Level 1 discover_packages(ignore) discover
[0.160s] colcon.colcon_core.package_discovery Level 1 discover_packages(ignore) using defaults
[0.160s] colcon.colcon_core.package_discovery Level 1 discover_packages(path) discover
[0.160s] colcon.colcon_core.package_discovery Level 1 discover_packages(path) using defaults
[0.175s] colcon.colcon_core.package_selection INFO Skipping not selected package 'serial' in 'src/serial-ros2'
[0.175s] colcon.colcon_core.package_selection INFO Skipping not selected package 'voice_pkg' in 'src/voice_pkg'
[0.176s] colcon.colcon_core.package_selection INFO Skipping not selected package 'wheeltec_mic_msg' in 'src/wheeltec_mic/wheeltec_mic_msg'
[0.176s] colcon.colcon_core.package_discovery Level 1 discover_packages(prefix_path) check parameters
[0.176s] colcon.colcon_core.package_discovery Level 1 discover_packages(prefix_path) discover
[0.176s] colcon.colcon_installed_package_information.package_discovery DEBUG Found 11 installed packages in /opt/bxi/bxi_ros2_pkg
[0.177s] colcon.colcon_installed_package_information.package_discovery DEBUG Found 326 installed packages in /opt/ros/humble
[0.178s] colcon.colcon_core.package_discovery Level 1 discover_packages(prefix_path) using defaults
[0.197s] colcon.colcon_core.verb Level 5 set package 'wheeltec_mic_ros2' build argument 'cmake_args' from command line to 'None'
[0.197s] colcon.colcon_core.verb Level 5 set package 'wheeltec_mic_ros2' build argument 'cmake_target' from command line to 'None'
[0.197s] colcon.colcon_core.verb Level 5 set package 'wheeltec_mic_ros2' build argument 'cmake_target_skip_unavailable' from command line to 'False'
[0.197s] colcon.colcon_core.verb Level 5 set package 'wheeltec_mic_ros2' build argument 'cmake_clean_cache' from command line to 'False'
[0.197s] colcon.colcon_core.verb Level 5 set package 'wheeltec_mic_ros2' build argument 'cmake_clean_first' from command line to 'False'
[0.197s] colcon.colcon_core.verb Level 5 set package 'wheeltec_mic_ros2' build argument 'cmake_force_configure' from command line to 'False'
[0.198s] colcon.colcon_core.verb Level 5 set package 'wheeltec_mic_ros2' build argument 'ament_cmake_args' from command line to 'None'
[0.198s] colcon.colcon_core.verb Level 5 set package 'wheeltec_mic_ros2' build argument 'catkin_cmake_args' from command line to 'None'
[0.198s] colcon.colcon_core.verb Level 5 set package 'wheeltec_mic_ros2' build argument 'catkin_skip_building_tests' from command line to 'False'
[0.198s] colcon.colcon_core.verb DEBUG Building package 'wheeltec_mic_ros2' with the following arguments: {'ament_cmake_args': None, 'build_base': '/home/tang/voice/ws_voice/build/wheeltec_mic_ros2', 'catkin_cmake_args': None, 'catkin_skip_building_tests': False, 'cmake_args': None, 'cmake_clean_cache': False, 'cmake_clean_first': False, 'cmake_force_configure': False, 'cmake_target': None, 'cmake_target_skip_unavailable': False, 'install_base': '/home/tang/voice/ws_voice/install/wheeltec_mic_ros2', 'merge_install': False, 'path': '/home/tang/voice/ws_voice/src/wheeltec_mic/wheeltec_mic_ros2', 'symlink_install': False, 'test_result_base': None}
[0.198s] colcon.colcon_core.executor INFO Executing jobs using 'parallel' executor
[0.198s] colcon.colcon_parallel_executor.executor.parallel DEBUG run_until_complete
[0.198s] colcon.colcon_ros.task.ament_cmake.build INFO Building ROS package in '/home/tang/voice/ws_voice/src/wheeltec_mic/wheeltec_mic_ros2' with build type 'ament_cmake'
[0.199s] colcon.colcon_cmake.task.cmake.build INFO Building CMake package in '/home/tang/voice/ws_voice/src/wheeltec_mic/wheeltec_mic_ros2'
[0.200s] colcon.colcon_core.plugin_system INFO Skipping extension 'colcon_core.shell.bat': Not used on non-Windows systems
[0.200s] colcon.colcon_core.shell INFO Skip shell extension 'powershell' for command environment: Not usable outside of PowerShell
[0.200s] colcon.colcon_core.shell DEBUG Skip shell extension 'dsv' for command environment
[0.207s] colcon.colcon_core.event_handler.log_command DEBUG Invoking command in '/home/tang/voice/ws_voice/build/wheeltec_mic_ros2': AMENT_PREFIX_PATH=/home/tang/voice/ws_voice/install/wheeltec_mic_msg:${AMENT_PREFIX_PATH} CMAKE_PREFIX_PATH=/home/tang/voice/ws_voice/install/wheeltec_mic_msg:/opt/bxi/bxi_ros2_pkg:/opt/ros/humble LD_LIBRARY_PATH=/home/tang/voice/ws_voice/install/wheeltec_mic_msg/lib:/usr/local/lib:/usr/local/cuda-12.4/lib64:/opt/bxi/bxi_ros2_pkg/lib:/opt/ros/humble/opt/rviz_ogre_vendor/lib:/opt/ros/humble/lib/x86_64-linux-gnu:/opt/ros/humble/lib:/usr/lib/x86_64-linux-gnu:/home/.mujoco/mujoco-3.3.3-linux-x86_64/mujoco-3.3.3/bin:/home/tang/.mujoco/mujoco336/mujoco-3.3.6bin PYTHONPATH=/home/tang/voice/ws_voice/install/wheeltec_mic_msg/local/lib/python3.10/dist-packages:${PYTHONPATH} /usr/bin/cmake --build /home/tang/voice/ws_voice/build/wheeltec_mic_ros2 -- -j16 -l16
[0.706s] colcon.colcon_core.event_handler.log_command DEBUG Invoked command in '/home/tang/voice/ws_voice/build/wheeltec_mic_ros2' returned '0': AMENT_PREFIX_PATH=/home/tang/voice/ws_voice/install/wheeltec_mic_msg:${AMENT_PREFIX_PATH} CMAKE_PREFIX_PATH=/home/tang/voice/ws_voice/install/wheeltec_mic_msg:/opt/bxi/bxi_ros2_pkg:/opt/ros/humble LD_LIBRARY_PATH=/home/tang/voice/ws_voice/install/wheeltec_mic_msg/lib:/usr/local/lib:/usr/local/cuda-12.4/lib64:/opt/bxi/bxi_ros2_pkg/lib:/opt/ros/humble/opt/rviz_ogre_vendor/lib:/opt/ros/humble/lib/x86_64-linux-gnu:/opt/ros/humble/lib:/usr/lib/x86_64-linux-gnu:/home/.mujoco/mujoco-3.3.3-linux-x86_64/mujoco-3.3.3/bin:/home/tang/.mujoco/mujoco336/mujoco-3.3.6bin PYTHONPATH=/home/tang/voice/ws_voice/install/wheeltec_mic_msg/local/lib/python3.10/dist-packages:${PYTHONPATH} /usr/bin/cmake --build /home/tang/voice/ws_voice/build/wheeltec_mic_ros2 -- -j16 -l16
[0.712s] colcon.colcon_core.event_handler.log_command DEBUG Invoking command in '/home/tang/voice/ws_voice/build/wheeltec_mic_ros2': AMENT_PREFIX_PATH=/home/tang/voice/ws_voice/install/wheeltec_mic_msg:${AMENT_PREFIX_PATH} CMAKE_PREFIX_PATH=/home/tang/voice/ws_voice/install/wheeltec_mic_msg:/opt/bxi/bxi_ros2_pkg:/opt/ros/humble LD_LIBRARY_PATH=/home/tang/voice/ws_voice/install/wheeltec_mic_msg/lib:/usr/local/lib:/usr/local/cuda-12.4/lib64:/opt/bxi/bxi_ros2_pkg/lib:/opt/ros/humble/opt/rviz_ogre_vendor/lib:/opt/ros/humble/lib/x86_64-linux-gnu:/opt/ros/humble/lib:/usr/lib/x86_64-linux-gnu:/home/.mujoco/mujoco-3.3.3-linux-x86_64/mujoco-3.3.3/bin:/home/tang/.mujoco/mujoco336/mujoco-3.3.6bin PYTHONPATH=/home/tang/voice/ws_voice/install/wheeltec_mic_msg/local/lib/python3.10/dist-packages:${PYTHONPATH} /usr/bin/cmake --install /home/tang/voice/ws_voice/build/wheeltec_mic_ros2
[0.732s] colcon.colcon_core.environment Level 1 create_environment_scripts_only(wheeltec_mic_ros2)
[0.732s] colcon.colcon_core.event_handler.log_command DEBUG Invoked command in '/home/tang/voice/ws_voice/build/wheeltec_mic_ros2' returned '0': AMENT_PREFIX_PATH=/home/tang/voice/ws_voice/install/wheeltec_mic_msg:${AMENT_PREFIX_PATH} CMAKE_PREFIX_PATH=/home/tang/voice/ws_voice/install/wheeltec_mic_msg:/opt/bxi/bxi_ros2_pkg:/opt/ros/humble LD_LIBRARY_PATH=/home/tang/voice/ws_voice/install/wheeltec_mic_msg/lib:/usr/local/lib:/usr/local/cuda-12.4/lib64:/opt/bxi/bxi_ros2_pkg/lib:/opt/ros/humble/opt/rviz_ogre_vendor/lib:/opt/ros/humble/lib/x86_64-linux-gnu:/opt/ros/humble/lib:/usr/lib/x86_64-linux-gnu:/home/.mujoco/mujoco-3.3.3-linux-x86_64/mujoco-3.3.3/bin:/home/tang/.mujoco/mujoco336/mujoco-3.3.6bin PYTHONPATH=/home/tang/voice/ws_voice/install/wheeltec_mic_msg/local/lib/python3.10/dist-packages:${PYTHONPATH} /usr/bin/cmake --install /home/tang/voice/ws_voice/build/wheeltec_mic_ros2
[0.734s] colcon.colcon_core.environment Level 1 checking '/home/tang/voice/ws_voice/install/wheeltec_mic_ros2' for CMake module files
[0.735s] colcon.colcon_core.environment Level 1 checking '/home/tang/voice/ws_voice/install/wheeltec_mic_ros2' for CMake config files
[0.735s] colcon.colcon_core.shell Level 1 create_environment_hook('wheeltec_mic_ros2', 'cmake_prefix_path')
[0.735s] colcon.colcon_core.shell INFO Creating environment hook '/home/tang/voice/ws_voice/install/wheeltec_mic_ros2/share/wheeltec_mic_ros2/hook/cmake_prefix_path.ps1'
[0.736s] colcon.colcon_core.shell INFO Creating environment descriptor '/home/tang/voice/ws_voice/install/wheeltec_mic_ros2/share/wheeltec_mic_ros2/hook/cmake_prefix_path.dsv'
[0.736s] colcon.colcon_core.shell INFO Creating environment hook '/home/tang/voice/ws_voice/install/wheeltec_mic_ros2/share/wheeltec_mic_ros2/hook/cmake_prefix_path.sh'
[0.737s] colcon.colcon_core.environment Level 1 checking '/home/tang/voice/ws_voice/install/wheeltec_mic_ros2/lib'
[0.737s] colcon.colcon_core.environment Level 1 checking '/home/tang/voice/ws_voice/install/wheeltec_mic_ros2/bin'
[0.737s] colcon.colcon_core.environment Level 1 checking '/home/tang/voice/ws_voice/install/wheeltec_mic_ros2/lib/pkgconfig/wheeltec_mic_ros2.pc'
[0.737s] colcon.colcon_core.environment Level 1 checking '/home/tang/voice/ws_voice/install/wheeltec_mic_ros2/lib/python3.10/site-packages'
[0.737s] colcon.colcon_core.environment Level 1 checking '/home/tang/voice/ws_voice/install/wheeltec_mic_ros2/bin'
[0.738s] colcon.colcon_core.shell INFO Creating package script '/home/tang/voice/ws_voice/install/wheeltec_mic_ros2/share/wheeltec_mic_ros2/package.ps1'
[0.738s] colcon.colcon_core.shell INFO Creating package descriptor '/home/tang/voice/ws_voice/install/wheeltec_mic_ros2/share/wheeltec_mic_ros2/package.dsv'
[0.738s] colcon.colcon_core.shell INFO Creating package script '/home/tang/voice/ws_voice/install/wheeltec_mic_ros2/share/wheeltec_mic_ros2/package.sh'
[0.739s] colcon.colcon_core.shell INFO Creating package script '/home/tang/voice/ws_voice/install/wheeltec_mic_ros2/share/wheeltec_mic_ros2/package.bash'
[0.739s] colcon.colcon_core.shell INFO Creating package script '/home/tang/voice/ws_voice/install/wheeltec_mic_ros2/share/wheeltec_mic_ros2/package.zsh'
[0.739s] colcon.colcon_core.environment Level 1 create_file_with_runtime_dependencies(/home/tang/voice/ws_voice/install/wheeltec_mic_ros2/share/colcon-core/packages/wheeltec_mic_ros2)
[0.740s] colcon.colcon_core.environment Level 1 create_environment_scripts_only(wheeltec_mic_ros2)
[0.740s] colcon.colcon_core.environment Level 1 checking '/home/tang/voice/ws_voice/install/wheeltec_mic_ros2' for CMake module files
[0.740s] colcon.colcon_core.environment Level 1 checking '/home/tang/voice/ws_voice/install/wheeltec_mic_ros2' for CMake config files
[0.740s] colcon.colcon_core.shell Level 1 create_environment_hook('wheeltec_mic_ros2', 'cmake_prefix_path')
[0.740s] colcon.colcon_core.shell INFO Creating environment hook '/home/tang/voice/ws_voice/install/wheeltec_mic_ros2/share/wheeltec_mic_ros2/hook/cmake_prefix_path.ps1'
[0.740s] colcon.colcon_core.shell INFO Creating environment descriptor '/home/tang/voice/ws_voice/install/wheeltec_mic_ros2/share/wheeltec_mic_ros2/hook/cmake_prefix_path.dsv'
[0.741s] colcon.colcon_core.shell INFO Creating environment hook '/home/tang/voice/ws_voice/install/wheeltec_mic_ros2/share/wheeltec_mic_ros2/hook/cmake_prefix_path.sh'
[0.741s] colcon.colcon_core.environment Level 1 checking '/home/tang/voice/ws_voice/install/wheeltec_mic_ros2/lib'
[0.741s] colcon.colcon_core.environment Level 1 checking '/home/tang/voice/ws_voice/install/wheeltec_mic_ros2/bin'
[0.741s] colcon.colcon_core.environment Level 1 checking '/home/tang/voice/ws_voice/install/wheeltec_mic_ros2/lib/pkgconfig/wheeltec_mic_ros2.pc'
[0.741s] colcon.colcon_core.environment Level 1 checking '/home/tang/voice/ws_voice/install/wheeltec_mic_ros2/lib/python3.10/site-packages'
[0.741s] colcon.colcon_core.environment Level 1 checking '/home/tang/voice/ws_voice/install/wheeltec_mic_ros2/bin'
[0.741s] colcon.colcon_core.shell INFO Creating package script '/home/tang/voice/ws_voice/install/wheeltec_mic_ros2/share/wheeltec_mic_ros2/package.ps1'
[0.742s] colcon.colcon_core.shell INFO Creating package descriptor '/home/tang/voice/ws_voice/install/wheeltec_mic_ros2/share/wheeltec_mic_ros2/package.dsv'
[0.742s] colcon.colcon_core.shell INFO Creating package script '/home/tang/voice/ws_voice/install/wheeltec_mic_ros2/share/wheeltec_mic_ros2/package.sh'
[0.742s] colcon.colcon_core.shell INFO Creating package script '/home/tang/voice/ws_voice/install/wheeltec_mic_ros2/share/wheeltec_mic_ros2/package.bash'
[0.742s] colcon.colcon_core.shell INFO Creating package script '/home/tang/voice/ws_voice/install/wheeltec_mic_ros2/share/wheeltec_mic_ros2/package.zsh'
[0.742s] colcon.colcon_core.environment Level 1 create_file_with_runtime_dependencies(/home/tang/voice/ws_voice/install/wheeltec_mic_ros2/share/colcon-core/packages/wheeltec_mic_ros2)
[0.742s] colcon.colcon_parallel_executor.executor.parallel DEBUG closing loop
[0.743s] colcon.colcon_parallel_executor.executor.parallel DEBUG loop closed
[0.743s] colcon.colcon_parallel_executor.executor.parallel DEBUG run_until_complete finished with '0'
[0.743s] colcon.colcon_core.event_reactor DEBUG joining thread
[0.747s] colcon.colcon_core.plugin_system INFO Skipping extension 'colcon_notification.desktop_notification.terminal_notifier': Not used on non-Darwin systems
[0.747s] colcon.colcon_core.plugin_system INFO Skipping extension 'colcon_notification.desktop_notification.win32': Not used on non-Windows systems
[0.747s] colcon.colcon_notification.desktop_notification INFO Sending desktop notification using 'notify2'
[0.755s] colcon.colcon_core.event_reactor DEBUG joined thread
[0.755s] colcon.colcon_core.shell INFO Creating prefix script '/home/tang/voice/ws_voice/install/local_setup.ps1'
[0.756s] colcon.colcon_core.shell INFO Creating prefix util module '/home/tang/voice/ws_voice/install/_local_setup_util_ps1.py'
[0.756s] colcon.colcon_core.shell INFO Creating prefix chain script '/home/tang/voice/ws_voice/install/setup.ps1'
[0.757s] colcon.colcon_core.shell INFO Creating prefix script '/home/tang/voice/ws_voice/install/local_setup.sh'
[0.757s] colcon.colcon_core.shell INFO Creating prefix util module '/home/tang/voice/ws_voice/install/_local_setup_util_sh.py'
[0.757s] colcon.colcon_core.shell INFO Creating prefix chain script '/home/tang/voice/ws_voice/install/setup.sh'
[0.758s] colcon.colcon_core.shell INFO Creating prefix script '/home/tang/voice/ws_voice/install/local_setup.bash'
[0.758s] colcon.colcon_core.shell INFO Creating prefix chain script '/home/tang/voice/ws_voice/install/setup.bash'
[0.758s] colcon.colcon_core.shell INFO Creating prefix script '/home/tang/voice/ws_voice/install/local_setup.zsh'
[0.759s] colcon.colcon_core.shell INFO Creating prefix chain script '/home/tang/voice/ws_voice/install/setup.zsh'
