[0.006s] Invoking command in '/home/tang/voice/ws_voice/build/wheeltec_mic_ros2': AMENT_PREFIX_PATH=/home/tang/voice/ws_voice/install/wheeltec_mic_msg:${AMENT_PREFIX_PATH} CMAKE_PREFIX_PATH=/home/tang/voice/ws_voice/install/wheeltec_mic_msg:/home/tang/voice/ws_voice/install/voice_pkg:/opt/bxi/bxi_ros2_pkg:/opt/ros/humble LD_LIBRARY_PATH=/home/tang/voice/ws_voice/install/wheeltec_mic_msg/lib:/usr/local/lib:/usr/local/cuda-12.4/lib64:/usr/lib/x86_64-linux-gnu:/usr/local/lib:/usr/local/cuda-12.4/lib64:/opt/bxi/bxi_ros2_pkg/lib:/opt/ros/humble/opt/rviz_ogre_vendor/lib:/opt/ros/humble/lib/x86_64-linux-gnu:/opt/ros/humble/lib:/usr/lib/x86_64-linux-gnu:/home/.mujoco/mujoco-3.3.3-linux-x86_64/mujoco-3.3.3/bin:/home/tang/.mujoco/mujoco336/mujoco-3.3.6bin:/home/.mujoco/mujoco-3.3.3-linux-x86_64/mujoco-3.3.3/bin:/home/tang/.mujoco/mujoco336/mujoco-3.3.6bin PYTHONPATH=/home/tang/voice/ws_voice/install/wheeltec_mic_msg/local/lib/python3.10/dist-packages:${PYTHONPATH} /usr/bin/cmake /home/tang/voice/ws_voice/src/wheeltec_mic/wheeltec_mic_ros2 -DCMAKE_INSTALL_PREFIX=/home/tang/voice/ws_voice/install/wheeltec_mic_ros2
[0.014s] -- Found ament_cmake: 1.3.12 (/opt/ros/humble/share/ament_cmake/cmake)
[0.099s] -- Found rosidl_default_generators: 1.2.0 (/opt/ros/humble/share/rosidl_default_generators/cmake)
[0.100s] -- Using all available rosidl_typesupport_c: rosidl_typesupport_fastrtps_c;rosidl_typesupport_introspection_c
[0.102s] -- Found rosidl_adapter: 3.1.7 (/opt/ros/humble/share/rosidl_adapter/cmake)
[0.118s] -- Using all available rosidl_typesupport_cpp: rosidl_typesupport_fastrtps_cpp;rosidl_typesupport_introspection_cpp
[0.132s] -- Found rclcpp: 16.0.15 (/opt/ros/humble/share/rclcpp/cmake)
[0.152s] -- Found rmw_implementation_cmake: 6.1.2 (/opt/ros/humble/share/rmw_implementation_cmake/cmake)
[0.153s] -- Found rmw_cyclonedds_cpp: 1.3.4 (/opt/ros/humble/share/rmw_cyclonedds_cpp/cmake)
[0.162s] -- Using RMW implementation 'rmw_cyclonedds_cpp' as default
[0.195s] [31mCMake Error at CMakeLists.txt:24 (find_package):
[0.195s]   By not providing "Findserial.cmake" in CMAKE_MODULE_PATH this project has
[0.195s]   asked CMake to find a package configuration file provided by "serial", but
[0.195s]   CMake did not find one.
[0.195s] 
[0.195s]   Could not find a package configuration file provided by "serial" with any
[0.195s]   of the following names:
[0.195s] 
[0.195s]     serialConfig.cmake
[0.195s]     serial-config.cmake
[0.195s] 
[0.195s]   Add the installation prefix of "serial" to CMAKE_PREFIX_PATH or set
[0.195s]   "serial_DIR" to a directory containing one of the above files.  If "serial"
[0.195s]   provides a separate development package or SDK, be sure it has been
[0.195s]   installed.
[0.195s] 
[0.195s] [0m
[0.195s] -- Configuring incomplete, errors occurred!
[0.195s] See also "/home/tang/voice/ws_voice/build/wheeltec_mic_ros2/CMakeFiles/CMakeOutput.log".
[0.198s] Invoked command in '/home/tang/voice/ws_voice/build/wheeltec_mic_ros2' returned '1': AMENT_PREFIX_PATH=/home/tang/voice/ws_voice/install/wheeltec_mic_msg:${AMENT_PREFIX_PATH} CMAKE_PREFIX_PATH=/home/tang/voice/ws_voice/install/wheeltec_mic_msg:/home/tang/voice/ws_voice/install/voice_pkg:/opt/bxi/bxi_ros2_pkg:/opt/ros/humble LD_LIBRARY_PATH=/home/tang/voice/ws_voice/install/wheeltec_mic_msg/lib:/usr/local/lib:/usr/local/cuda-12.4/lib64:/usr/lib/x86_64-linux-gnu:/usr/local/lib:/usr/local/cuda-12.4/lib64:/opt/bxi/bxi_ros2_pkg/lib:/opt/ros/humble/opt/rviz_ogre_vendor/lib:/opt/ros/humble/lib/x86_64-linux-gnu:/opt/ros/humble/lib:/usr/lib/x86_64-linux-gnu:/home/.mujoco/mujoco-3.3.3-linux-x86_64/mujoco-3.3.3/bin:/home/tang/.mujoco/mujoco336/mujoco-3.3.6bin:/home/.mujoco/mujoco-3.3.3-linux-x86_64/mujoco-3.3.3/bin:/home/tang/.mujoco/mujoco336/mujoco-3.3.6bin PYTHONPATH=/home/tang/voice/ws_voice/install/wheeltec_mic_msg/local/lib/python3.10/dist-packages:${PYTHONPATH} /usr/bin/cmake /home/tang/voice/ws_voice/src/wheeltec_mic/wheeltec_mic_ros2 -DCMAKE_INSTALL_PREFIX=/home/tang/voice/ws_voice/install/wheeltec_mic_ros2
