[0.078s] colcon DEBUG Command line arguments: ['/usr/bin/colcon', 'build', '--packages-select', 'wheeltec_mic_aiui']
[0.078s] colcon DEBUG Parsed command line arguments: Namespace(log_base=None, log_level=None, verb_name='build', build_base='build', install_base='install', merge_install=False, symlink_install=False, test_result_base=None, continue_on_error=False, executor='parallel', parallel_workers=16, event_handlers=None, ignore_user_meta=False, metas=['./colcon.meta'], base_paths=['.'], packages_ignore=None, packages_ignore_regex=None, paths=None, packages_up_to=None, packages_up_to_regex=None, packages_above=None, packages_above_and_dependencies=None, packages_above_depth=None, packages_select_by_dep=None, packages_skip_by_dep=None, packages_skip_up_to=None, packages_select_build_failed=False, packages_skip_build_finished=False, packages_select_test_failures=False, packages_skip_test_passed=False, packages_select=['wheeltec_mic_aiui'], packages_skip=None, packages_select_regex=None, packages_skip_regex=None, packages_start=None, packages_end=None, allow_overriding=[], cmake_args=None, cmake_target=None, cmake_target_skip_unavailable=False, cmake_clean_cache=False, cmake_clean_first=False, cmake_force_configure=False, ament_cmake_args=None, catkin_cmake_args=None, catkin_skip_building_tests=False, verb_parser=<colcon_defaults.argument_parser.defaults.DefaultArgumentsDecorator object at 0x7a542bc03160>, verb_extension=<colcon_core.verb.build.BuildVerb object at 0x7a542bc02140>, main=<bound method BuildVerb.main of <colcon_core.verb.build.BuildVerb object at 0x7a542bc02140>>)
[0.165s] colcon.colcon_core.package_discovery Level 1 discover_packages(colcon_meta) check parameters
[0.166s] colcon.colcon_core.package_discovery Level 1 discover_packages(recursive) check parameters
[0.166s] colcon.colcon_core.package_discovery Level 1 discover_packages(ignore) check parameters
[0.166s] colcon.colcon_core.package_discovery Level 1 discover_packages(path) check parameters
[0.166s] colcon.colcon_core.package_discovery Level 1 discover_packages(colcon_meta) discover
[0.166s] colcon.colcon_core.package_discovery Level 1 discover_packages(recursive) discover
[0.166s] colcon.colcon_core.package_discovery INFO Crawling recursively for packages in '/home/tang/voice/ws_voice'
[0.166s] colcon.colcon_core.package_identification Level 1 _identify(.) by extensions ['ignore', 'ignore_ament_install']
[0.166s] colcon.colcon_core.package_identification Level 1 _identify(.) by extension 'ignore'
[0.166s] colcon.colcon_core.package_identification Level 1 _identify(.) by extension 'ignore_ament_install'
[0.166s] colcon.colcon_core.package_identification Level 1 _identify(.) by extensions ['colcon_pkg']
[0.166s] colcon.colcon_core.package_identification Level 1 _identify(.) by extension 'colcon_pkg'
[0.166s] colcon.colcon_core.package_identification Level 1 _identify(.) by extensions ['colcon_meta']
[0.166s] colcon.colcon_core.package_identification Level 1 _identify(.) by extension 'colcon_meta'
[0.166s] colcon.colcon_core.package_identification Level 1 _identify(.) by extensions ['ros']
[0.166s] colcon.colcon_core.package_identification Level 1 _identify(.) by extension 'ros'
[0.173s] colcon.colcon_core.package_identification Level 1 _identify(.) by extensions ['cmake', 'python']
[0.173s] colcon.colcon_core.package_identification Level 1 _identify(.) by extension 'cmake'
[0.173s] colcon.colcon_core.package_identification Level 1 _identify(.) by extension 'python'
[0.173s] colcon.colcon_core.package_identification Level 1 _identify(.) by extensions ['python_setup_py']
[0.173s] colcon.colcon_core.package_identification Level 1 _identify(.) by extension 'python_setup_py'
[0.173s] colcon.colcon_core.package_identification Level 1 _identify(build) by extensions ['ignore', 'ignore_ament_install']
[0.173s] colcon.colcon_core.package_identification Level 1 _identify(build) by extension 'ignore'
[0.173s] colcon.colcon_core.package_identification Level 1 _identify(build) ignored
[0.173s] colcon.colcon_core.package_identification Level 1 _identify(install) by extensions ['ignore', 'ignore_ament_install']
[0.173s] colcon.colcon_core.package_identification Level 1 _identify(install) by extension 'ignore'
[0.173s] colcon.colcon_core.package_identification Level 1 _identify(install) ignored
[0.173s] colcon.colcon_core.package_identification Level 1 _identify(log) by extensions ['ignore', 'ignore_ament_install']
[0.173s] colcon.colcon_core.package_identification Level 1 _identify(log) by extension 'ignore'
[0.173s] colcon.colcon_core.package_identification Level 1 _identify(log) ignored
[0.173s] colcon.colcon_core.package_identification Level 1 _identify(msc) by extensions ['ignore', 'ignore_ament_install']
[0.173s] colcon.colcon_core.package_identification Level 1 _identify(msc) by extension 'ignore'
[0.173s] colcon.colcon_core.package_identification Level 1 _identify(msc) by extension 'ignore_ament_install'
[0.173s] colcon.colcon_core.package_identification Level 1 _identify(msc) by extensions ['colcon_pkg']
[0.173s] colcon.colcon_core.package_identification Level 1 _identify(msc) by extension 'colcon_pkg'
[0.173s] colcon.colcon_core.package_identification Level 1 _identify(msc) by extensions ['colcon_meta']
[0.173s] colcon.colcon_core.package_identification Level 1 _identify(msc) by extension 'colcon_meta'
[0.173s] colcon.colcon_core.package_identification Level 1 _identify(msc) by extensions ['ros']
[0.173s] colcon.colcon_core.package_identification Level 1 _identify(msc) by extension 'ros'
[0.174s] colcon.colcon_core.package_identification Level 1 _identify(msc) by extensions ['cmake', 'python']
[0.174s] colcon.colcon_core.package_identification Level 1 _identify(msc) by extension 'cmake'
[0.174s] colcon.colcon_core.package_identification Level 1 _identify(msc) by extension 'python'
[0.174s] colcon.colcon_core.package_identification Level 1 _identify(msc) by extensions ['python_setup_py']
[0.174s] colcon.colcon_core.package_identification Level 1 _identify(msc) by extension 'python_setup_py'
[0.174s] colcon.colcon_core.package_identification Level 1 _identify(msc/ace4e63884fd3b566ba68fde3bcabc9c) by extensions ['ignore', 'ignore_ament_install']
[0.174s] colcon.colcon_core.package_identification Level 1 _identify(msc/ace4e63884fd3b566ba68fde3bcabc9c) by extension 'ignore'
[0.174s] colcon.colcon_core.package_identification Level 1 _identify(msc/ace4e63884fd3b566ba68fde3bcabc9c) by extension 'ignore_ament_install'
[0.174s] colcon.colcon_core.package_identification Level 1 _identify(msc/ace4e63884fd3b566ba68fde3bcabc9c) by extensions ['colcon_pkg']
[0.174s] colcon.colcon_core.package_identification Level 1 _identify(msc/ace4e63884fd3b566ba68fde3bcabc9c) by extension 'colcon_pkg'
[0.174s] colcon.colcon_core.package_identification Level 1 _identify(msc/ace4e63884fd3b566ba68fde3bcabc9c) by extensions ['colcon_meta']
[0.174s] colcon.colcon_core.package_identification Level 1 _identify(msc/ace4e63884fd3b566ba68fde3bcabc9c) by extension 'colcon_meta'
[0.174s] colcon.colcon_core.package_identification Level 1 _identify(msc/ace4e63884fd3b566ba68fde3bcabc9c) by extensions ['ros']
[0.174s] colcon.colcon_core.package_identification Level 1 _identify(msc/ace4e63884fd3b566ba68fde3bcabc9c) by extension 'ros'
[0.174s] colcon.colcon_core.package_identification Level 1 _identify(msc/ace4e63884fd3b566ba68fde3bcabc9c) by extensions ['cmake', 'python']
[0.174s] colcon.colcon_core.package_identification Level 1 _identify(msc/ace4e63884fd3b566ba68fde3bcabc9c) by extension 'cmake'
[0.174s] colcon.colcon_core.package_identification Level 1 _identify(msc/ace4e63884fd3b566ba68fde3bcabc9c) by extension 'python'
[0.174s] colcon.colcon_core.package_identification Level 1 _identify(msc/ace4e63884fd3b566ba68fde3bcabc9c) by extensions ['python_setup_py']
[0.174s] colcon.colcon_core.package_identification Level 1 _identify(msc/ace4e63884fd3b566ba68fde3bcabc9c) by extension 'python_setup_py'
[0.174s] colcon.colcon_core.package_identification Level 1 _identify(src) by extensions ['ignore', 'ignore_ament_install']
[0.174s] colcon.colcon_core.package_identification Level 1 _identify(src) by extension 'ignore'
[0.174s] colcon.colcon_core.package_identification Level 1 _identify(src) by extension 'ignore_ament_install'
[0.174s] colcon.colcon_core.package_identification Level 1 _identify(src) by extensions ['colcon_pkg']
[0.174s] colcon.colcon_core.package_identification Level 1 _identify(src) by extension 'colcon_pkg'
[0.174s] colcon.colcon_core.package_identification Level 1 _identify(src) by extensions ['colcon_meta']
[0.174s] colcon.colcon_core.package_identification Level 1 _identify(src) by extension 'colcon_meta'
[0.174s] colcon.colcon_core.package_identification Level 1 _identify(src) by extensions ['ros']
[0.174s] colcon.colcon_core.package_identification Level 1 _identify(src) by extension 'ros'
[0.174s] colcon.colcon_core.package_identification Level 1 _identify(src) by extensions ['cmake', 'python']
[0.174s] colcon.colcon_core.package_identification Level 1 _identify(src) by extension 'cmake'
[0.174s] colcon.colcon_core.package_identification Level 1 _identify(src) by extension 'python'
[0.174s] colcon.colcon_core.package_identification Level 1 _identify(src) by extensions ['python_setup_py']
[0.174s] colcon.colcon_core.package_identification Level 1 _identify(src) by extension 'python_setup_py'
[0.174s] colcon.colcon_core.package_identification Level 1 _identify(src/serial-ros2) by extensions ['ignore', 'ignore_ament_install']
[0.174s] colcon.colcon_core.package_identification Level 1 _identify(src/serial-ros2) by extension 'ignore'
[0.174s] colcon.colcon_core.package_identification Level 1 _identify(src/serial-ros2) by extension 'ignore_ament_install'
[0.174s] colcon.colcon_core.package_identification Level 1 _identify(src/serial-ros2) by extensions ['colcon_pkg']
[0.174s] colcon.colcon_core.package_identification Level 1 _identify(src/serial-ros2) by extension 'colcon_pkg'
[0.174s] colcon.colcon_core.package_identification Level 1 _identify(src/serial-ros2) by extensions ['colcon_meta']
[0.174s] colcon.colcon_core.package_identification Level 1 _identify(src/serial-ros2) by extension 'colcon_meta'
[0.174s] colcon.colcon_core.package_identification Level 1 _identify(src/serial-ros2) by extensions ['ros']
[0.174s] colcon.colcon_core.package_identification Level 1 _identify(src/serial-ros2) by extension 'ros'
[0.176s] colcon.colcon_core.package_identification DEBUG Package 'src/serial-ros2' with type 'ros.ament_cmake' and name 'serial'
[0.176s] colcon.colcon_core.package_identification Level 1 _identify(src/voice_pkg) by extensions ['ignore', 'ignore_ament_install']
[0.176s] colcon.colcon_core.package_identification Level 1 _identify(src/voice_pkg) by extension 'ignore'
[0.176s] colcon.colcon_core.package_identification Level 1 _identify(src/voice_pkg) by extension 'ignore_ament_install'
[0.176s] colcon.colcon_core.package_identification Level 1 _identify(src/voice_pkg) by extensions ['colcon_pkg']
[0.176s] colcon.colcon_core.package_identification Level 1 _identify(src/voice_pkg) by extension 'colcon_pkg'
[0.176s] colcon.colcon_core.package_identification Level 1 _identify(src/voice_pkg) by extensions ['colcon_meta']
[0.176s] colcon.colcon_core.package_identification Level 1 _identify(src/voice_pkg) by extension 'colcon_meta'
[0.176s] colcon.colcon_core.package_identification Level 1 _identify(src/voice_pkg) by extensions ['ros']
[0.176s] colcon.colcon_core.package_identification Level 1 _identify(src/voice_pkg) by extension 'ros'
[0.177s] colcon.colcon_core.package_identification DEBUG Package 'src/voice_pkg' with type 'ros.ament_cmake' and name 'voice_pkg'
[0.177s] colcon.colcon_core.package_identification Level 1 _identify(src/wheeltec_mic) by extensions ['ignore', 'ignore_ament_install']
[0.177s] colcon.colcon_core.package_identification Level 1 _identify(src/wheeltec_mic) by extension 'ignore'
[0.177s] colcon.colcon_core.package_identification Level 1 _identify(src/wheeltec_mic) by extension 'ignore_ament_install'
[0.177s] colcon.colcon_core.package_identification Level 1 _identify(src/wheeltec_mic) by extensions ['colcon_pkg']
[0.177s] colcon.colcon_core.package_identification Level 1 _identify(src/wheeltec_mic) by extension 'colcon_pkg'
[0.177s] colcon.colcon_core.package_identification Level 1 _identify(src/wheeltec_mic) by extensions ['colcon_meta']
[0.177s] colcon.colcon_core.package_identification Level 1 _identify(src/wheeltec_mic) by extension 'colcon_meta'
[0.177s] colcon.colcon_core.package_identification Level 1 _identify(src/wheeltec_mic) by extensions ['ros']
[0.177s] colcon.colcon_core.package_identification Level 1 _identify(src/wheeltec_mic) by extension 'ros'
[0.177s] colcon.colcon_core.package_identification Level 1 _identify(src/wheeltec_mic) by extensions ['cmake', 'python']
[0.177s] colcon.colcon_core.package_identification Level 1 _identify(src/wheeltec_mic) by extension 'cmake'
[0.177s] colcon.colcon_core.package_identification Level 1 _identify(src/wheeltec_mic) by extension 'python'
[0.177s] colcon.colcon_core.package_identification Level 1 _identify(src/wheeltec_mic) by extensions ['python_setup_py']
[0.177s] colcon.colcon_core.package_identification Level 1 _identify(src/wheeltec_mic) by extension 'python_setup_py'
[0.177s] colcon.colcon_core.package_identification Level 1 _identify(src/wheeltec_mic/wheeltec_mic_msg) by extensions ['ignore', 'ignore_ament_install']
[0.177s] colcon.colcon_core.package_identification Level 1 _identify(src/wheeltec_mic/wheeltec_mic_msg) by extension 'ignore'
[0.177s] colcon.colcon_core.package_identification Level 1 _identify(src/wheeltec_mic/wheeltec_mic_msg) by extension 'ignore_ament_install'
[0.177s] colcon.colcon_core.package_identification Level 1 _identify(src/wheeltec_mic/wheeltec_mic_msg) by extensions ['colcon_pkg']
[0.177s] colcon.colcon_core.package_identification Level 1 _identify(src/wheeltec_mic/wheeltec_mic_msg) by extension 'colcon_pkg'
[0.177s] colcon.colcon_core.package_identification Level 1 _identify(src/wheeltec_mic/wheeltec_mic_msg) by extensions ['colcon_meta']
[0.177s] colcon.colcon_core.package_identification Level 1 _identify(src/wheeltec_mic/wheeltec_mic_msg) by extension 'colcon_meta'
[0.177s] colcon.colcon_core.package_identification Level 1 _identify(src/wheeltec_mic/wheeltec_mic_msg) by extensions ['ros']
[0.177s] colcon.colcon_core.package_identification Level 1 _identify(src/wheeltec_mic/wheeltec_mic_msg) by extension 'ros'
[0.178s] colcon.colcon_core.package_identification DEBUG Package 'src/wheeltec_mic/wheeltec_mic_msg' with type 'ros.ament_cmake' and name 'wheeltec_mic_msg'
[0.178s] colcon.colcon_core.package_identification Level 1 _identify(src/wheeltec_mic/wheeltec_mic_ros2) by extensions ['ignore', 'ignore_ament_install']
[0.178s] colcon.colcon_core.package_identification Level 1 _identify(src/wheeltec_mic/wheeltec_mic_ros2) by extension 'ignore'
[0.178s] colcon.colcon_core.package_identification Level 1 _identify(src/wheeltec_mic/wheeltec_mic_ros2) by extension 'ignore_ament_install'
[0.178s] colcon.colcon_core.package_identification Level 1 _identify(src/wheeltec_mic/wheeltec_mic_ros2) by extensions ['colcon_pkg']
[0.178s] colcon.colcon_core.package_identification Level 1 _identify(src/wheeltec_mic/wheeltec_mic_ros2) by extension 'colcon_pkg'
[0.178s] colcon.colcon_core.package_identification Level 1 _identify(src/wheeltec_mic/wheeltec_mic_ros2) by extensions ['colcon_meta']
[0.178s] colcon.colcon_core.package_identification Level 1 _identify(src/wheeltec_mic/wheeltec_mic_ros2) by extension 'colcon_meta'
[0.178s] colcon.colcon_core.package_identification Level 1 _identify(src/wheeltec_mic/wheeltec_mic_ros2) by extensions ['ros']
[0.178s] colcon.colcon_core.package_identification Level 1 _identify(src/wheeltec_mic/wheeltec_mic_ros2) by extension 'ros'
[0.179s] colcon.colcon_core.package_identification DEBUG Package 'src/wheeltec_mic/wheeltec_mic_ros2' with type 'ros.ament_cmake' and name 'wheeltec_mic_ros2'
[0.179s] colcon.colcon_core.package_identification Level 1 _identify(src/wheeltec_mic_aiui) by extensions ['ignore', 'ignore_ament_install']
[0.179s] colcon.colcon_core.package_identification Level 1 _identify(src/wheeltec_mic_aiui) by extension 'ignore'
[0.179s] colcon.colcon_core.package_identification Level 1 _identify(src/wheeltec_mic_aiui) by extension 'ignore_ament_install'
[0.179s] colcon.colcon_core.package_identification Level 1 _identify(src/wheeltec_mic_aiui) by extensions ['colcon_pkg']
[0.179s] colcon.colcon_core.package_identification Level 1 _identify(src/wheeltec_mic_aiui) by extension 'colcon_pkg'
[0.179s] colcon.colcon_core.package_identification Level 1 _identify(src/wheeltec_mic_aiui) by extensions ['colcon_meta']
[0.179s] colcon.colcon_core.package_identification Level 1 _identify(src/wheeltec_mic_aiui) by extension 'colcon_meta'
[0.179s] colcon.colcon_core.package_identification Level 1 _identify(src/wheeltec_mic_aiui) by extensions ['ros']
[0.179s] colcon.colcon_core.package_identification Level 1 _identify(src/wheeltec_mic_aiui) by extension 'ros'
[0.180s] colcon.colcon_core.package_identification DEBUG Package 'src/wheeltec_mic_aiui' with type 'ros.ament_cmake' and name 'wheeltec_mic_aiui'
[0.180s] colcon.colcon_core.package_discovery Level 1 discover_packages(recursive) using defaults
[0.180s] colcon.colcon_core.package_discovery Level 1 discover_packages(ignore) discover
[0.180s] colcon.colcon_core.package_discovery Level 1 discover_packages(ignore) using defaults
[0.180s] colcon.colcon_core.package_discovery Level 1 discover_packages(path) discover
[0.180s] colcon.colcon_core.package_discovery Level 1 discover_packages(path) using defaults
[0.195s] colcon.colcon_core.package_selection INFO Skipping not selected package 'serial' in 'src/serial-ros2'
[0.196s] colcon.colcon_core.package_selection INFO Skipping not selected package 'voice_pkg' in 'src/voice_pkg'
[0.196s] colcon.colcon_core.package_selection INFO Skipping not selected package 'wheeltec_mic_msg' in 'src/wheeltec_mic/wheeltec_mic_msg'
[0.196s] colcon.colcon_core.package_selection INFO Skipping not selected package 'wheeltec_mic_ros2' in 'src/wheeltec_mic/wheeltec_mic_ros2'
[0.196s] colcon.colcon_core.package_discovery Level 1 discover_packages(prefix_path) check parameters
[0.196s] colcon.colcon_core.package_discovery Level 1 discover_packages(prefix_path) discover
[0.197s] colcon.colcon_installed_package_information.package_discovery DEBUG Found 5 installed packages in /home/tang/voice/ws_voice/install
[0.197s] colcon.colcon_installed_package_information.package_discovery DEBUG Found 11 installed packages in /opt/bxi/bxi_ros2_pkg
[0.198s] colcon.colcon_installed_package_information.package_discovery DEBUG Found 326 installed packages in /opt/ros/humble
[0.199s] colcon.colcon_core.package_discovery Level 1 discover_packages(prefix_path) using defaults
[0.219s] colcon.colcon_core.verb Level 5 set package 'wheeltec_mic_aiui' build argument 'cmake_args' from command line to 'None'
[0.219s] colcon.colcon_core.verb Level 5 set package 'wheeltec_mic_aiui' build argument 'cmake_target' from command line to 'None'
[0.219s] colcon.colcon_core.verb Level 5 set package 'wheeltec_mic_aiui' build argument 'cmake_target_skip_unavailable' from command line to 'False'
[0.219s] colcon.colcon_core.verb Level 5 set package 'wheeltec_mic_aiui' build argument 'cmake_clean_cache' from command line to 'False'
[0.219s] colcon.colcon_core.verb Level 5 set package 'wheeltec_mic_aiui' build argument 'cmake_clean_first' from command line to 'False'
[0.219s] colcon.colcon_core.verb Level 5 set package 'wheeltec_mic_aiui' build argument 'cmake_force_configure' from command line to 'False'
[0.219s] colcon.colcon_core.verb Level 5 set package 'wheeltec_mic_aiui' build argument 'ament_cmake_args' from command line to 'None'
[0.219s] colcon.colcon_core.verb Level 5 set package 'wheeltec_mic_aiui' build argument 'catkin_cmake_args' from command line to 'None'
[0.219s] colcon.colcon_core.verb Level 5 set package 'wheeltec_mic_aiui' build argument 'catkin_skip_building_tests' from command line to 'False'
[0.219s] colcon.colcon_core.verb DEBUG Building package 'wheeltec_mic_aiui' with the following arguments: {'ament_cmake_args': None, 'build_base': '/home/tang/voice/ws_voice/build/wheeltec_mic_aiui', 'catkin_cmake_args': None, 'catkin_skip_building_tests': False, 'cmake_args': None, 'cmake_clean_cache': False, 'cmake_clean_first': False, 'cmake_force_configure': False, 'cmake_target': None, 'cmake_target_skip_unavailable': False, 'install_base': '/home/tang/voice/ws_voice/install/wheeltec_mic_aiui', 'merge_install': False, 'path': '/home/tang/voice/ws_voice/src/wheeltec_mic_aiui', 'symlink_install': False, 'test_result_base': None}
[0.219s] colcon.colcon_core.executor INFO Executing jobs using 'parallel' executor
[0.220s] colcon.colcon_parallel_executor.executor.parallel DEBUG run_until_complete
[0.220s] colcon.colcon_ros.task.ament_cmake.build INFO Building ROS package in '/home/tang/voice/ws_voice/src/wheeltec_mic_aiui' with build type 'ament_cmake'
[0.220s] colcon.colcon_cmake.task.cmake.build INFO Building CMake package in '/home/tang/voice/ws_voice/src/wheeltec_mic_aiui'
[0.221s] colcon.colcon_core.plugin_system INFO Skipping extension 'colcon_core.shell.bat': Not used on non-Windows systems
[0.221s] colcon.colcon_core.shell INFO Skip shell extension 'powershell' for command environment: Not usable outside of PowerShell
[0.221s] colcon.colcon_core.shell DEBUG Skip shell extension 'dsv' for command environment
[0.226s] colcon.colcon_core.event_handler.log_command DEBUG Invoking command in '/home/tang/voice/ws_voice/build/wheeltec_mic_aiui': CMAKE_PREFIX_PATH=${CMAKE_PREFIX_PATH}:/opt/ros/humble /usr/bin/cmake --build /home/tang/voice/ws_voice/build/wheeltec_mic_aiui -- -j16 -l16
[0.277s] colcon.colcon_core.event_handler.log_command DEBUG Invoked command in '/home/tang/voice/ws_voice/build/wheeltec_mic_aiui' returned '0': CMAKE_PREFIX_PATH=${CMAKE_PREFIX_PATH}:/opt/ros/humble /usr/bin/cmake --build /home/tang/voice/ws_voice/build/wheeltec_mic_aiui -- -j16 -l16
[0.282s] colcon.colcon_core.event_handler.log_command DEBUG Invoking command in '/home/tang/voice/ws_voice/build/wheeltec_mic_aiui': CMAKE_PREFIX_PATH=${CMAKE_PREFIX_PATH}:/opt/ros/humble /usr/bin/cmake --install /home/tang/voice/ws_voice/build/wheeltec_mic_aiui
[0.291s] colcon.colcon_core.environment Level 1 create_environment_scripts_only(wheeltec_mic_aiui)
[0.291s] colcon.colcon_core.event_handler.log_command DEBUG Invoked command in '/home/tang/voice/ws_voice/build/wheeltec_mic_aiui' returned '0': CMAKE_PREFIX_PATH=${CMAKE_PREFIX_PATH}:/opt/ros/humble /usr/bin/cmake --install /home/tang/voice/ws_voice/build/wheeltec_mic_aiui
[0.293s] colcon.colcon_core.environment Level 1 checking '/home/tang/voice/ws_voice/install/wheeltec_mic_aiui' for CMake module files
[0.293s] colcon.colcon_core.environment Level 1 checking '/home/tang/voice/ws_voice/install/wheeltec_mic_aiui' for CMake config files
[0.293s] colcon.colcon_core.shell Level 1 create_environment_hook('wheeltec_mic_aiui', 'cmake_prefix_path')
[0.293s] colcon.colcon_core.shell INFO Creating environment hook '/home/tang/voice/ws_voice/install/wheeltec_mic_aiui/share/wheeltec_mic_aiui/hook/cmake_prefix_path.ps1'
[0.293s] colcon.colcon_core.shell INFO Creating environment descriptor '/home/tang/voice/ws_voice/install/wheeltec_mic_aiui/share/wheeltec_mic_aiui/hook/cmake_prefix_path.dsv'
[0.294s] colcon.colcon_core.shell INFO Creating environment hook '/home/tang/voice/ws_voice/install/wheeltec_mic_aiui/share/wheeltec_mic_aiui/hook/cmake_prefix_path.sh'
[0.294s] colcon.colcon_core.environment Level 1 checking '/home/tang/voice/ws_voice/install/wheeltec_mic_aiui/lib'
[0.294s] colcon.colcon_core.environment Level 1 checking '/home/tang/voice/ws_voice/install/wheeltec_mic_aiui/bin'
[0.294s] colcon.colcon_core.environment Level 1 checking '/home/tang/voice/ws_voice/install/wheeltec_mic_aiui/lib/pkgconfig/wheeltec_mic_aiui.pc'
[0.294s] colcon.colcon_core.environment Level 1 checking '/home/tang/voice/ws_voice/install/wheeltec_mic_aiui/lib/python3.10/site-packages'
[0.294s] colcon.colcon_core.environment Level 1 checking '/home/tang/voice/ws_voice/install/wheeltec_mic_aiui/bin'
[0.295s] colcon.colcon_core.shell INFO Creating package script '/home/tang/voice/ws_voice/install/wheeltec_mic_aiui/share/wheeltec_mic_aiui/package.ps1'
[0.295s] colcon.colcon_core.shell INFO Creating package descriptor '/home/tang/voice/ws_voice/install/wheeltec_mic_aiui/share/wheeltec_mic_aiui/package.dsv'
[0.295s] colcon.colcon_core.shell INFO Creating package script '/home/tang/voice/ws_voice/install/wheeltec_mic_aiui/share/wheeltec_mic_aiui/package.sh'
[0.296s] colcon.colcon_core.shell INFO Creating package script '/home/tang/voice/ws_voice/install/wheeltec_mic_aiui/share/wheeltec_mic_aiui/package.bash'
[0.296s] colcon.colcon_core.shell INFO Creating package script '/home/tang/voice/ws_voice/install/wheeltec_mic_aiui/share/wheeltec_mic_aiui/package.zsh'
[0.296s] colcon.colcon_core.environment Level 1 create_file_with_runtime_dependencies(/home/tang/voice/ws_voice/install/wheeltec_mic_aiui/share/colcon-core/packages/wheeltec_mic_aiui)
[0.297s] colcon.colcon_core.environment Level 1 create_environment_scripts_only(wheeltec_mic_aiui)
[0.297s] colcon.colcon_core.environment Level 1 checking '/home/tang/voice/ws_voice/install/wheeltec_mic_aiui' for CMake module files
[0.297s] colcon.colcon_core.environment Level 1 checking '/home/tang/voice/ws_voice/install/wheeltec_mic_aiui' for CMake config files
[0.297s] colcon.colcon_core.shell Level 1 create_environment_hook('wheeltec_mic_aiui', 'cmake_prefix_path')
[0.297s] colcon.colcon_core.shell INFO Creating environment hook '/home/tang/voice/ws_voice/install/wheeltec_mic_aiui/share/wheeltec_mic_aiui/hook/cmake_prefix_path.ps1'
[0.297s] colcon.colcon_core.shell INFO Creating environment descriptor '/home/tang/voice/ws_voice/install/wheeltec_mic_aiui/share/wheeltec_mic_aiui/hook/cmake_prefix_path.dsv'
[0.297s] colcon.colcon_core.shell INFO Creating environment hook '/home/tang/voice/ws_voice/install/wheeltec_mic_aiui/share/wheeltec_mic_aiui/hook/cmake_prefix_path.sh'
[0.298s] colcon.colcon_core.environment Level 1 checking '/home/tang/voice/ws_voice/install/wheeltec_mic_aiui/lib'
[0.298s] colcon.colcon_core.environment Level 1 checking '/home/tang/voice/ws_voice/install/wheeltec_mic_aiui/bin'
[0.298s] colcon.colcon_core.environment Level 1 checking '/home/tang/voice/ws_voice/install/wheeltec_mic_aiui/lib/pkgconfig/wheeltec_mic_aiui.pc'
[0.298s] colcon.colcon_core.environment Level 1 checking '/home/tang/voice/ws_voice/install/wheeltec_mic_aiui/lib/python3.10/site-packages'
[0.298s] colcon.colcon_core.environment Level 1 checking '/home/tang/voice/ws_voice/install/wheeltec_mic_aiui/bin'
[0.298s] colcon.colcon_core.shell INFO Creating package script '/home/tang/voice/ws_voice/install/wheeltec_mic_aiui/share/wheeltec_mic_aiui/package.ps1'
[0.298s] colcon.colcon_core.shell INFO Creating package descriptor '/home/tang/voice/ws_voice/install/wheeltec_mic_aiui/share/wheeltec_mic_aiui/package.dsv'
[0.299s] colcon.colcon_core.shell INFO Creating package script '/home/tang/voice/ws_voice/install/wheeltec_mic_aiui/share/wheeltec_mic_aiui/package.sh'
[0.299s] colcon.colcon_core.shell INFO Creating package script '/home/tang/voice/ws_voice/install/wheeltec_mic_aiui/share/wheeltec_mic_aiui/package.bash'
[0.299s] colcon.colcon_core.shell INFO Creating package script '/home/tang/voice/ws_voice/install/wheeltec_mic_aiui/share/wheeltec_mic_aiui/package.zsh'
[0.299s] colcon.colcon_core.environment Level 1 create_file_with_runtime_dependencies(/home/tang/voice/ws_voice/install/wheeltec_mic_aiui/share/colcon-core/packages/wheeltec_mic_aiui)
[0.299s] colcon.colcon_parallel_executor.executor.parallel DEBUG closing loop
[0.299s] colcon.colcon_parallel_executor.executor.parallel DEBUG loop closed
[0.299s] colcon.colcon_parallel_executor.executor.parallel DEBUG run_until_complete finished with '0'
[0.299s] colcon.colcon_core.event_reactor DEBUG joining thread
[0.302s] colcon.colcon_core.plugin_system INFO Skipping extension 'colcon_notification.desktop_notification.terminal_notifier': Not used on non-Darwin systems
[0.302s] colcon.colcon_core.plugin_system INFO Skipping extension 'colcon_notification.desktop_notification.win32': Not used on non-Windows systems
[0.302s] colcon.colcon_notification.desktop_notification INFO Sending desktop notification using 'notify2'
[0.306s] colcon.colcon_core.event_reactor DEBUG joined thread
[0.306s] colcon.colcon_core.shell INFO Creating prefix script '/home/tang/voice/ws_voice/install/local_setup.ps1'
[0.307s] colcon.colcon_core.shell INFO Creating prefix util module '/home/tang/voice/ws_voice/install/_local_setup_util_ps1.py'
[0.307s] colcon.colcon_core.shell INFO Creating prefix chain script '/home/tang/voice/ws_voice/install/setup.ps1'
[0.308s] colcon.colcon_core.shell INFO Creating prefix script '/home/tang/voice/ws_voice/install/local_setup.sh'
[0.308s] colcon.colcon_core.shell INFO Creating prefix util module '/home/tang/voice/ws_voice/install/_local_setup_util_sh.py'
[0.308s] colcon.colcon_core.shell INFO Creating prefix chain script '/home/tang/voice/ws_voice/install/setup.sh'
[0.309s] colcon.colcon_core.shell INFO Creating prefix script '/home/tang/voice/ws_voice/install/local_setup.bash'
[0.309s] colcon.colcon_core.shell INFO Creating prefix chain script '/home/tang/voice/ws_voice/install/setup.bash'
[0.310s] colcon.colcon_core.shell INFO Creating prefix script '/home/tang/voice/ws_voice/install/local_setup.zsh'
[0.310s] colcon.colcon_core.shell INFO Creating prefix chain script '/home/tang/voice/ws_voice/install/setup.zsh'
