[0.006s] Invoking command in '/home/tang/tang_ws/navigation2/build/localizer': AMENT_PREFIX_PATH=/home/tang/tang_ws/navigation2/install/interface:${AMENT_PREFIX_PATH} CMAKE_PREFIX_PATH=/home/tang/tang_ws/navigation2/install/interface:/opt/bxi/bxi_ros2_pkg:/opt/ros/humble LD_LIBRARY_PATH=/home/tang/tang_ws/navigation2/install/interface/lib:/usr/local/lib:/usr/local/cuda-12.4/lib64:/usr/lib/x86_64-linux-gnu:/opt/bxi/bxi_ros2_pkg/lib:/opt/ros/humble/opt/rviz_ogre_vendor/lib:/opt/ros/humble/lib/x86_64-linux-gnu:/opt/ros/humble/lib:/usr/local/lib:/usr/local/cuda-12.4/lib64:/usr/lib/x86_64-linux-gnu:/home/.mujoco/mujoco-3.3.3-linux-x86_64/mujoco-3.3.3/bin:/home/tang/.mujoco/mujoco336/mujoco-3.3.6bin:/home/.mujoco/mujoco-3.3.3-linux-x86_64/mujoco-3.3.3/bin:/home/tang/.mujoco/mujoco336/mujoco-3.3.6bin PYTHONPATH=/home/tang/tang_ws/navigation2/install/interface/local/lib/python3.10/dist-packages:${PYTHONPATH} /usr/bin/cmake /home/tang/tang_ws/navigation2/src/localizer -DCMAKE_INSTALL_PREFIX=/home/tang/tang_ws/navigation2/install/localizer
[0.041s] -- The C compiler identification is GNU 11.4.0
[0.079s] -- The CXX compiler identification is GNU 11.4.0
[0.085s] -- Detecting C compiler ABI info
[0.131s] -- Detecting C compiler ABI info - done
[0.135s] -- Check for working C compiler: /usr/bin/gcc-11 - skipped
[0.135s] -- Detecting C compile features
[0.135s] -- Detecting C compile features - done
[0.137s] -- Detecting CXX compiler ABI info
[0.187s] -- Detecting CXX compiler ABI info - done
[0.191s] -- Check for working CXX compiler: /usr/bin/g++-11 - skipped
[0.192s] -- Detecting CXX compile features
[0.192s] -- Detecting CXX compile features - done
[0.193s] -- Found ament_cmake: 1.3.12 (/opt/ros/humble/share/ament_cmake/cmake)
[0.312s] -- Found Python3: /usr/bin/python3 (found version "3.10.12") found components: Interpreter 
[0.370s] -- Found std_msgs: 4.9.0 (/opt/ros/humble/share/std_msgs/cmake)
[0.389s] -- Found rosidl_generator_c: 3.1.7 (/opt/ros/humble/share/rosidl_generator_c/cmake)
[0.391s] -- Found rosidl_adapter: 3.1.7 (/opt/ros/humble/share/rosidl_adapter/cmake)
[0.396s] -- Found rosidl_generator_cpp: 3.1.7 (/opt/ros/humble/share/rosidl_generator_cpp/cmake)
[0.403s] -- Using all available rosidl_typesupport_c: rosidl_typesupport_fastrtps_c;rosidl_typesupport_introspection_c
[0.411s] -- Using all available rosidl_typesupport_cpp: rosidl_typesupport_fastrtps_cpp;rosidl_typesupport_introspection_cpp
[0.426s] -- Found sensor_msgs: 4.9.0 (/opt/ros/humble/share/sensor_msgs/cmake)
[0.443s] -- Found nav_msgs: 4.9.0 (/opt/ros/humble/share/nav_msgs/cmake)
[0.453s] -- Found message_filters: 4.3.11 (/opt/ros/humble/share/message_filters/cmake)
[0.475s] -- Found rmw_implementation_cmake: 6.1.2 (/opt/ros/humble/share/rmw_implementation_cmake/cmake)
[0.477s] -- Found rmw_fastrtps_cpp: 6.2.9 (/opt/ros/humble/share/rmw_fastrtps_cpp/cmake)
[0.531s] -- Found OpenSSL: /usr/lib/x86_64-linux-gnu/libcrypto.so (found version "3.0.2")  
[0.544s] -- Found FastRTPS: /opt/ros/humble/include  
[0.560s] -- Using RMW implementation 'rmw_fastrtps_cpp' as default
[0.565s] -- Looking for pthread.h
[0.610s] -- Looking for pthread.h - found
[0.610s] -- Performing Test CMAKE_HAVE_LIBC_PTHREAD
[0.660s] -- Performing Test CMAKE_HAVE_LIBC_PTHREAD - Success
[0.661s] -- Found Threads: TRUE  
[0.683s] -- Found tf2_ros: 0.25.16 (/opt/ros/humble/share/tf2_ros/cmake)
[0.735s] -- Found interface: 0.0.0 (/home/tang/tang_ws/navigation2/install/interface/share/interface/cmake)
[0.742s] -- Found pcl_conversions: 2.4.5 (/opt/ros/humble/share/pcl_conversions/cmake)
[0.763s] -- Checking for module 'eigen3'
[0.772s] --   Found eigen3, version 3.4.0
[0.793s] -- Found Eigen: /usr/include/eigen3 (Required is at least version "3.1") 
[0.793s] -- Eigen found (include: /usr/include/eigen3, version: 3.4.0)
[0.814s] -- Checking for module 'flann'
[0.823s] --   Found flann, version 1.9.1
[0.850s] -- Found FLANN: /usr/lib/x86_64-linux-gnu/libflann_cpp.so  
[0.850s] -- FLANN found (include: /usr/include, lib: /usr/lib/x86_64-linux-gnu/libflann_cpp.so)
[1.488s] -- Checking for module 'libusb-1.0'
[1.501s] --   Found libusb-1.0, version 1.0.25
[1.534s] -- Found libusb: /usr/lib/x86_64-linux-gnu/libusb-1.0.so  
[1.536s] -- OpenNI found (version: 1.5.4.0, include: /usr/include/ni, lib: /usr/lib/libOpenNI.so;libusb::libusb)
[1.591s] -- OpenNI2 found (version: 2.2.0.33, include: /usr/include/openni2, lib: /usr/lib/x86_64-linux-gnu/libOpenNI2.so;libusb::libusb)
[1.757s] -- Eigen found (include: /usr/include/eigen3, version: 3.4.0)
[1.766s] -- OpenNI found (version: 1.5.4.0, include: /usr/include/ni, lib: /usr/lib/libOpenNI.so;libusb::libusb)
[1.773s] -- OpenNI2 found (version: 2.2.0.33, include: /usr/include/openni2, lib: /usr/lib/x86_64-linux-gnu/libOpenNI2.so;libusb::libusb)
[1.921s] -- Found Qhull version 8.0.2
[2.057s] -- OpenNI found (version: 1.5.4.0, include: /usr/include/ni, lib: /usr/lib/libOpenNI.so;libusb::libusb)
[2.161s] -- Found PCL_COMMON: /usr/lib/x86_64-linux-gnu/libpcl_common.so  
[2.162s] -- Found PCL_KDTREE: /usr/lib/x86_64-linux-gnu/libpcl_kdtree.so  
[2.163s] -- Found PCL_OCTREE: /usr/lib/x86_64-linux-gnu/libpcl_octree.so  
[2.163s] -- Found PCL_SEARCH: /usr/lib/x86_64-linux-gnu/libpcl_search.so  
[2.164s] -- Found PCL_SAMPLE_CONSENSUS: /usr/lib/x86_64-linux-gnu/libpcl_sample_consensus.so  
[2.164s] -- Found PCL_FILTERS: /usr/lib/x86_64-linux-gnu/libpcl_filters.so  
[2.165s] -- Found PCL_2D: /usr/include/pcl-1.12  
[2.165s] -- Found PCL_GEOMETRY: /usr/include/pcl-1.12  
[2.165s] -- Found PCL_IO: /usr/lib/x86_64-linux-gnu/libpcl_io.so  
[2.166s] -- Found PCL_FEATURES: /usr/lib/x86_64-linux-gnu/libpcl_features.so  
[2.167s] -- Found PCL_ML: /usr/lib/x86_64-linux-gnu/libpcl_ml.so  
[2.167s] -- Found PCL_SEGMENTATION: /usr/lib/x86_64-linux-gnu/libpcl_segmentation.so  
[2.168s] -- Found PCL_VISUALIZATION: /usr/lib/x86_64-linux-gnu/libpcl_visualization.so  
[2.169s] -- Found PCL_SURFACE: /usr/lib/x86_64-linux-gnu/libpcl_surface.so  
[2.169s] -- Found PCL_REGISTRATION: /usr/lib/x86_64-linux-gnu/libpcl_registration.so  
[2.170s] -- Found PCL_KEYPOINTS: /usr/lib/x86_64-linux-gnu/libpcl_keypoints.so  
[2.170s] -- Found PCL_TRACKING: /usr/lib/x86_64-linux-gnu/libpcl_tracking.so  
[2.171s] -- Found PCL_RECOGNITION: /usr/lib/x86_64-linux-gnu/libpcl_recognition.so  
[2.172s] -- Found PCL_STEREO: /usr/lib/x86_64-linux-gnu/libpcl_stereo.so  
[2.172s] -- Found PCL_APPS: /usr/lib/x86_64-linux-gnu/libpcl_apps.so  
[2.173s] -- Found PCL_IN_HAND_SCANNER: /usr/include/pcl-1.12  
[2.173s] -- Found PCL_MODELER: /usr/include/pcl-1.12  
[2.173s] -- Found PCL_POINT_CLOUD_EDITOR: /usr/include/pcl-1.12  
[2.174s] -- Found PCL_OUTOFCORE: /usr/lib/x86_64-linux-gnu/libpcl_outofcore.so  
[2.174s] -- Found PCL_PEOPLE: /usr/lib/x86_64-linux-gnu/libpcl_people.so  
[2.179s] [33mCMake Warning (dev) at CMakeLists.txt:28 (find_package):
[2.179s]   Policy CMP0074 is not set: find_package uses <PackageName>_ROOT variables.
[2.179s]   Run "cmake --help-policy CMP0074" for policy details.  Use the cmake_policy
[2.180s]   command to set the policy and suppress this warning.
[2.180s] 
[2.180s]   CMake variable PCL_ROOT is set to:
[2.180s] 
[2.180s]     /usr
[2.180s] 
[2.180s]   For compatibility, CMake is ignoring the variable.
[2.180s] This warning is for project developers.  Use -Wno-dev to suppress it.
[2.180s] [0m
[2.190s] -- Found tf2_geometry_msgs: 0.25.16 (/opt/ros/humble/share/tf2_geometry_msgs/cmake)
[2.196s] -- Found eigen3_cmake_module: 0.1.1 (/opt/ros/humble/share/eigen3_cmake_module/cmake)
[2.198s] -- Found Eigen3: TRUE (found version "3.4.0") 
[2.198s] -- Ensuring Eigen3 include directory is part of orocos-kdl CMake target
[2.206s] -- Found ament_lint_auto: 0.12.14 (/opt/ros/humble/share/ament_lint_auto/cmake)
[2.269s] -- Added test 'cppcheck' to perform static code analysis on C / C++ code
[2.269s] -- Configured cppcheck include dirs: 
[2.269s] -- Configured cppcheck exclude dirs and/or files: 
[2.269s] -- Added test 'flake8' to check Python code syntax and style conventions
[2.270s] -- Added test 'lint_cmake' to check CMake code style
[2.270s] -- Added test 'pep257' to check Python code against some of the docstring style conventions in PEP 257
[2.271s] -- Added test 'uncrustify' to check C / C++ code style
[2.271s] -- Configured uncrustify additional arguments: 
[2.271s] -- Added test 'xmllint' to check XML markup files
[2.272s] -- Configuring done
[2.302s] -- Generating done
[2.310s] -- Build files have been written to: /home/tang/tang_ws/navigation2/build/localizer
[2.328s] Invoked command in '/home/tang/tang_ws/navigation2/build/localizer' returned '0': AMENT_PREFIX_PATH=/home/tang/tang_ws/navigation2/install/interface:${AMENT_PREFIX_PATH} CMAKE_PREFIX_PATH=/home/tang/tang_ws/navigation2/install/interface:/opt/bxi/bxi_ros2_pkg:/opt/ros/humble LD_LIBRARY_PATH=/home/tang/tang_ws/navigation2/install/interface/lib:/usr/local/lib:/usr/local/cuda-12.4/lib64:/usr/lib/x86_64-linux-gnu:/opt/bxi/bxi_ros2_pkg/lib:/opt/ros/humble/opt/rviz_ogre_vendor/lib:/opt/ros/humble/lib/x86_64-linux-gnu:/opt/ros/humble/lib:/usr/local/lib:/usr/local/cuda-12.4/lib64:/usr/lib/x86_64-linux-gnu:/home/.mujoco/mujoco-3.3.3-linux-x86_64/mujoco-3.3.3/bin:/home/tang/.mujoco/mujoco336/mujoco-3.3.6bin:/home/.mujoco/mujoco-3.3.3-linux-x86_64/mujoco-3.3.3/bin:/home/tang/.mujoco/mujoco336/mujoco-3.3.6bin PYTHONPATH=/home/tang/tang_ws/navigation2/install/interface/local/lib/python3.10/dist-packages:${PYTHONPATH} /usr/bin/cmake /home/tang/tang_ws/navigation2/src/localizer -DCMAKE_INSTALL_PREFIX=/home/tang/tang_ws/navigation2/install/localizer
[2.330s] Invoking command in '/home/tang/tang_ws/navigation2/build/localizer': AMENT_PREFIX_PATH=/home/tang/tang_ws/navigation2/install/interface:${AMENT_PREFIX_PATH} CMAKE_PREFIX_PATH=/home/tang/tang_ws/navigation2/install/interface:/opt/bxi/bxi_ros2_pkg:/opt/ros/humble LD_LIBRARY_PATH=/home/tang/tang_ws/navigation2/install/interface/lib:/usr/local/lib:/usr/local/cuda-12.4/lib64:/usr/lib/x86_64-linux-gnu:/opt/bxi/bxi_ros2_pkg/lib:/opt/ros/humble/opt/rviz_ogre_vendor/lib:/opt/ros/humble/lib/x86_64-linux-gnu:/opt/ros/humble/lib:/usr/local/lib:/usr/local/cuda-12.4/lib64:/usr/lib/x86_64-linux-gnu:/home/.mujoco/mujoco-3.3.3-linux-x86_64/mujoco-3.3.3/bin:/home/tang/.mujoco/mujoco336/mujoco-3.3.6bin:/home/.mujoco/mujoco-3.3.3-linux-x86_64/mujoco-3.3.3/bin:/home/tang/.mujoco/mujoco336/mujoco-3.3.6bin PYTHONPATH=/home/tang/tang_ws/navigation2/install/interface/local/lib/python3.10/dist-packages:${PYTHONPATH} /usr/bin/cmake --build /home/tang/tang_ws/navigation2/build/localizer -- -j16 -l16
[2.375s] [ 50%] [32mBuilding CXX object CMakeFiles/localizer_node.dir/src/localizer_node.cpp.o[0m
[2.375s] [ 50%] [32mBuilding CXX object CMakeFiles/frame_projector_node.dir/src/frame_projector_node.cpp.o[0m
[2.375s] [ 50%] [32mBuilding CXX object CMakeFiles/localizer_node.dir/src/localizers/icp_localizer.cpp.o[0m
[2.376s] [ 66%] [32mBuilding CXX object CMakeFiles/localizer_node.dir/src/localizers/commons.cpp.o[0m
[7.760s] [ 83%] [32m[1mLinking CXX executable frame_projector_node[0m
[7.928s] [ 83%] Built target frame_projector_node
[22.442s] [100%] [32m[1mLinking CXX executable localizer_node[0m
[22.943s] [100%] Built target localizer_node
[22.950s] Invoked command in '/home/tang/tang_ws/navigation2/build/localizer' returned '0': AMENT_PREFIX_PATH=/home/tang/tang_ws/navigation2/install/interface:${AMENT_PREFIX_PATH} CMAKE_PREFIX_PATH=/home/tang/tang_ws/navigation2/install/interface:/opt/bxi/bxi_ros2_pkg:/opt/ros/humble LD_LIBRARY_PATH=/home/tang/tang_ws/navigation2/install/interface/lib:/usr/local/lib:/usr/local/cuda-12.4/lib64:/usr/lib/x86_64-linux-gnu:/opt/bxi/bxi_ros2_pkg/lib:/opt/ros/humble/opt/rviz_ogre_vendor/lib:/opt/ros/humble/lib/x86_64-linux-gnu:/opt/ros/humble/lib:/usr/local/lib:/usr/local/cuda-12.4/lib64:/usr/lib/x86_64-linux-gnu:/home/.mujoco/mujoco-3.3.3-linux-x86_64/mujoco-3.3.3/bin:/home/tang/.mujoco/mujoco336/mujoco-3.3.6bin:/home/.mujoco/mujoco-3.3.3-linux-x86_64/mujoco-3.3.3/bin:/home/tang/.mujoco/mujoco336/mujoco-3.3.6bin PYTHONPATH=/home/tang/tang_ws/navigation2/install/interface/local/lib/python3.10/dist-packages:${PYTHONPATH} /usr/bin/cmake --build /home/tang/tang_ws/navigation2/build/localizer -- -j16 -l16
[22.951s] Invoking command in '/home/tang/tang_ws/navigation2/build/localizer': AMENT_PREFIX_PATH=/home/tang/tang_ws/navigation2/install/interface:${AMENT_PREFIX_PATH} CMAKE_PREFIX_PATH=/home/tang/tang_ws/navigation2/install/interface:/opt/bxi/bxi_ros2_pkg:/opt/ros/humble LD_LIBRARY_PATH=/home/tang/tang_ws/navigation2/install/interface/lib:/usr/local/lib:/usr/local/cuda-12.4/lib64:/usr/lib/x86_64-linux-gnu:/opt/bxi/bxi_ros2_pkg/lib:/opt/ros/humble/opt/rviz_ogre_vendor/lib:/opt/ros/humble/lib/x86_64-linux-gnu:/opt/ros/humble/lib:/usr/local/lib:/usr/local/cuda-12.4/lib64:/usr/lib/x86_64-linux-gnu:/home/.mujoco/mujoco-3.3.3-linux-x86_64/mujoco-3.3.3/bin:/home/tang/.mujoco/mujoco336/mujoco-3.3.6bin:/home/.mujoco/mujoco-3.3.3-linux-x86_64/mujoco-3.3.3/bin:/home/tang/.mujoco/mujoco336/mujoco-3.3.6bin PYTHONPATH=/home/tang/tang_ws/navigation2/install/interface/local/lib/python3.10/dist-packages:${PYTHONPATH} /usr/bin/cmake --install /home/tang/tang_ws/navigation2/build/localizer
[22.955s] -- Install configuration: "Release"
[22.955s] -- Installing: /home/tang/tang_ws/navigation2/install/localizer/lib/localizer/frame_projector_node
[22.956s] -- Set runtime path of "/home/tang/tang_ws/navigation2/install/localizer/lib/localizer/frame_projector_node" to ""
[22.956s] -- Installing: /home/tang/tang_ws/navigation2/install/localizer/lib/localizer/localizer_node
[22.957s] -- Set runtime path of "/home/tang/tang_ws/navigation2/install/localizer/lib/localizer/localizer_node" to ""
[22.957s] -- Installing: /home/tang/tang_ws/navigation2/install/localizer/share/localizer/launch
[22.957s] -- Installing: /home/tang/tang_ws/navigation2/install/localizer/share/localizer/launch/navigation_launch.py
[22.957s] -- Installing: /home/tang/tang_ws/navigation2/install/localizer/share/localizer/launch/localizer_launch.py
[22.957s] -- Installing: /home/tang/tang_ws/navigation2/install/localizer/share/localizer/launch/rtk_launch.py
[22.957s] -- Installing: /home/tang/tang_ws/navigation2/install/localizer/share/localizer/config
[22.957s] -- Installing: /home/tang/tang_ws/navigation2/install/localizer/share/localizer/config/old_map
[22.957s] -- Installing: /home/tang/tang_ws/navigation2/install/localizer/share/localizer/config/old_map/map.pgm
[22.957s] -- Installing: /home/tang/tang_ws/navigation2/install/localizer/share/localizer/config/old_map/map.yaml
[22.957s] -- Installing: /home/tang/tang_ws/navigation2/install/localizer/share/localizer/config/map.pgm
[22.957s] -- Installing: /home/tang/tang_ws/navigation2/install/localizer/share/localizer/config/localizer.yaml
[22.957s] -- Installing: /home/tang/tang_ws/navigation2/install/localizer/share/localizer/config/map.yaml
[22.957s] -- Installing: /home/tang/tang_ws/navigation2/install/localizer/share/localizer/config/pointcloud_to_laserscan.yaml
[22.957s] -- Installing: /home/tang/tang_ws/navigation2/install/localizer/share/localizer/config/nav2_params.yaml
[22.957s] -- Installing: /home/tang/tang_ws/navigation2/install/localizer/share/localizer/rviz
[22.957s] -- Installing: /home/tang/tang_ws/navigation2/install/localizer/share/localizer/rviz/localizer.rviz
[22.957s] [31mCMake Error at cmake_install.cmake:98 (file):
[22.957s]   file INSTALL cannot find
[22.957s]   "/home/tang/tang_ws/navigation2/src/localizer/script/cmd_vel_to_motion.py":
[22.957s]   No such file or directory.
[22.957s] 
[22.957s] [0m
[22.958s] Invoked command in '/home/tang/tang_ws/navigation2/build/localizer' returned '1': AMENT_PREFIX_PATH=/home/tang/tang_ws/navigation2/install/interface:${AMENT_PREFIX_PATH} CMAKE_PREFIX_PATH=/home/tang/tang_ws/navigation2/install/interface:/opt/bxi/bxi_ros2_pkg:/opt/ros/humble LD_LIBRARY_PATH=/home/tang/tang_ws/navigation2/install/interface/lib:/usr/local/lib:/usr/local/cuda-12.4/lib64:/usr/lib/x86_64-linux-gnu:/opt/bxi/bxi_ros2_pkg/lib:/opt/ros/humble/opt/rviz_ogre_vendor/lib:/opt/ros/humble/lib/x86_64-linux-gnu:/opt/ros/humble/lib:/usr/local/lib:/usr/local/cuda-12.4/lib64:/usr/lib/x86_64-linux-gnu:/home/.mujoco/mujoco-3.3.3-linux-x86_64/mujoco-3.3.3/bin:/home/tang/.mujoco/mujoco336/mujoco-3.3.6bin:/home/.mujoco/mujoco-3.3.3-linux-x86_64/mujoco-3.3.3/bin:/home/tang/.mujoco/mujoco336/mujoco-3.3.6bin PYTHONPATH=/home/tang/tang_ws/navigation2/install/interface/local/lib/python3.10/dist-packages:${PYTHONPATH} /usr/bin/cmake --install /home/tang/tang_ws/navigation2/build/localizer
