[0.008s] Invoking command in '/home/tang/voice/ws_voice/build/wheeltec_mic_ros2': AMENT_PREFIX_PATH=/home/tang/voice/ws_voice/install/wheeltec_mic_msg:${AMENT_PREFIX_PATH} CMAKE_PREFIX_PATH=/home/tang/voice/ws_voice/install/wheeltec_mic_msg:/opt/bxi/bxi_ros2_pkg:/opt/ros/humble LD_LIBRARY_PATH=/home/tang/voice/ws_voice/install/wheeltec_mic_msg/lib:/usr/local/lib:/usr/local/cuda-12.4/lib64:/opt/bxi/bxi_ros2_pkg/lib:/opt/ros/humble/opt/rviz_ogre_vendor/lib:/opt/ros/humble/lib/x86_64-linux-gnu:/opt/ros/humble/lib:/usr/lib/x86_64-linux-gnu:/home/.mujoco/mujoco-3.3.3-linux-x86_64/mujoco-3.3.3/bin:/home/tang/.mujoco/mujoco336/mujoco-3.3.6bin PYTHONPATH=/home/tang/voice/ws_voice/install/wheeltec_mic_msg/local/lib/python3.10/dist-packages:${PYTHONPATH} /usr/bin/cmake --build /home/tang/voice/ws_voice/build/wheeltec_mic_ros2 -- -j16 -l16
[0.031s] -- Found ament_cmake: 1.3.12 (/opt/ros/humble/share/ament_cmake/cmake)
[0.120s] -- Override CMake install command with custom implementation using symlinks instead of copying resources
[0.127s] -- Found rosidl_default_generators: 1.2.0 (/opt/ros/humble/share/rosidl_default_generators/cmake)
[0.128s] -- Using all available rosidl_typesupport_c: rosidl_typesupport_fastrtps_c;rosidl_typesupport_introspection_c
[0.129s] -- Found rosidl_adapter: 3.1.7 (/opt/ros/humble/share/rosidl_adapter/cmake)
[0.147s] -- Using all available rosidl_typesupport_cpp: rosidl_typesupport_fastrtps_cpp;rosidl_typesupport_introspection_cpp
[0.160s] -- Found rclcpp: 16.0.15 (/opt/ros/humble/share/rclcpp/cmake)
[0.180s] -- Found rmw_implementation_cmake: 6.1.2 (/opt/ros/humble/share/rmw_implementation_cmake/cmake)
[0.181s] -- Found rmw_cyclonedds_cpp: 1.3.4 (/opt/ros/humble/share/rmw_cyclonedds_cpp/cmake)
[0.191s] -- Using RMW implementation 'rmw_cyclonedds_cpp' as default
[0.217s] -- Found serial: 1.2.1 (/home/tang/voice/ws_voice/install/serial/share/serial/cmake)
[0.218s] -- Found wheeltec_mic_msg: 0.0.0 (/home/tang/voice/ws_voice/install/wheeltec_mic_msg/share/wheeltec_mic_msg/cmake)
[0.224s] -- Found ament_lint_auto: 0.12.14 (/opt/ros/humble/share/ament_lint_auto/cmake)
[0.272s] -- Added test 'copyright' to check source files copyright and LICENSE
[0.275s] -- Added test 'cppcheck' to perform static code analysis on C / C++ code
[0.275s] -- Configured cppcheck include dirs: /home/tang/voice/ws_voice/src/wheeltec_mic/wheeltec_mic_ros2/include
[0.275s] -- Configured cppcheck exclude dirs and/or files: 
[0.277s] -- Added test 'cpplint' to check C / C++ code against the Google style
[0.277s] -- Configured cpplint exclude dirs and/or files: 
[0.277s] -- Added test 'flake8' to check Python code syntax and style conventions
[0.278s] -- Added test 'lint_cmake' to check CMake code style
[0.278s] -- Added test 'pep257' to check Python code against some of the docstring style conventions in PEP 257
[0.280s] -- Added test 'uncrustify' to check C / C++ code style
[0.280s] -- Configured uncrustify additional arguments: 
[0.280s] -- Added test 'xmllint' to check XML markup files
[0.281s] -- Configuring done
[0.294s] -- Generating done
[0.299s] -- Build files have been written to: /home/tang/voice/ws_voice/build/wheeltec_mic_ros2
[0.316s] [35m[1mConsolidate compiler generated dependencies of target node_feedback[0m
[0.316s] [35m[1mConsolidate compiler generated dependencies of target voice_control[0m
[0.316s] [35m[1mConsolidate compiler generated dependencies of target wheeltec_mic[0m
[0.318s] [35m[1mConsolidate compiler generated dependencies of target command_recognition[0m
[0.318s] [35m[1mConsolidate compiler generated dependencies of target call_recognition[0m
[0.323s] [  7%] [32mBuilding CXX object CMakeFiles/voice_listener.dir/src/voice_listener.cpp.o[0m
[0.328s] [ 23%] [32m[1mLinking CXX executable wheeltec_mic[0m
[0.328s] [ 30%] Built target node_feedback
[0.329s] [ 46%] Built target voice_control
[0.331s] [ 61%] Built target command_recognition
[0.333s] [ 76%] Built target call_recognition
[0.513s] [ 92%] Built target wheeltec_mic
[1.622s] [01m[K/home/tang/voice/ws_voice/src/wheeltec_mic/wheeltec_mic_ros2/src/voice_listener.cpp:51:50:[m[K [01;31m[Kerror: [m[K‘[01m[KUInt32[m[K’ in namespace ‘[01m[Kstd_msgs::msg[m[K’ does not name a type
[1.622s]    51 |     void awakeAngleCallback(const std_msgs::msg::[01;31m[KUInt32[m[K::SharedPtr msg)
[1.622s]       |                                                  [01;31m[K^~~~~~[m[K
[1.622s] [01m[K/home/tang/voice/ws_voice/src/wheeltec_mic/wheeltec_mic_ros2/src/voice_listener.cpp:51:68:[m[K [01;31m[Kerror: [m[Kexpected unqualified-id before ‘[01m[Kmsg[m[K’
[1.622s]    51 |     void awakeAngleCallback(const std_msgs::msg::UInt32::SharedPtr [01;31m[Kmsg[m[K)
[1.622s]       |                                                                    [01;31m[K^~~[m[K
[1.622s] [01m[K/home/tang/voice/ws_voice/src/wheeltec_mic/wheeltec_mic_ros2/src/voice_listener.cpp:51:67:[m[K [01;31m[Kerror: [m[Kexpected ‘[01m[K)[m[K’ before ‘[01m[Kmsg[m[K’
[1.622s]    51 |     void awakeAngleCallback[34m[K([m[Kconst std_msgs::msg::UInt32::SharedPtr[01;31m[K [m[K[32m[Kmsg[m[K)
[1.622s]       |                            [34m[K~[m[K                                      [01;31m[K^[m[K[32m[K~~~[m[K
[1.622s]       |                                                                   [32m[K)[m[K
[1.622s] [01m[K/home/tang/voice/ws_voice/src/wheeltec_mic/wheeltec_mic_ros2/src/voice_listener.cpp:51:58:[m[K [01;31m[Kerror: [m[Kexpected ‘[01m[K;[m[K’ at end of member declaration
[1.622s]    51 |     void awakeAngleCallback(const std_msgs::msg::UInt32::[01;31m[KSharedPtr[m[K msg)
[1.622s]       |                                                          [01;31m[K^~~~~~~~~[m[K
[1.622s]       |                                                                   [32m[K;[m[K
[1.625s] [01m[K/home/tang/voice/ws_voice/src/wheeltec_mic/wheeltec_mic_ros2/src/voice_listener.cpp:51:68:[m[K [01;31m[Kerror: [m[K‘[01m[Kmsg[m[K’ does not name a type
[1.625s]    51 |     void awakeAngleCallback(const std_msgs::msg::UInt32::SharedPtr [01;31m[Kmsg[m[K)
[1.625s]       |                                                                    [01;31m[K^~~[m[K
[1.625s] [01m[K/home/tang/voice/ws_voice/src/wheeltec_mic/wheeltec_mic_ros2/src/voice_listener.cpp:57:49:[m[K [01;31m[Kerror: [m[K‘[01m[KInt8[m[K’ in namespace ‘[01m[Kstd_msgs::msg[m[K’ does not name a type
[1.626s]    57 |     void awakeFlagCallback(const std_msgs::msg::[01;31m[KInt8[m[K::SharedPtr msg)
[1.626s]       |                                                 [01;31m[K^~~~[m[K
[1.626s] [01m[K/home/tang/voice/ws_voice/src/wheeltec_mic/wheeltec_mic_ros2/src/voice_listener.cpp:57:65:[m[K [01;31m[Kerror: [m[Kexpected unqualified-id before ‘[01m[Kmsg[m[K’
[1.626s]    57 |     void awakeFlagCallback(const std_msgs::msg::Int8::SharedPtr [01;31m[Kmsg[m[K)
[1.626s]       |                                                                 [01;31m[K^~~[m[K
[1.626s] [01m[K/home/tang/voice/ws_voice/src/wheeltec_mic/wheeltec_mic_ros2/src/voice_listener.cpp:57:64:[m[K [01;31m[Kerror: [m[Kexpected ‘[01m[K)[m[K’ before ‘[01m[Kmsg[m[K’
[1.626s]    57 |     void awakeFlagCallback[34m[K([m[Kconst std_msgs::msg::Int8::SharedPtr[01;31m[K [m[K[32m[Kmsg[m[K)
[1.626s]       |                           [34m[K~[m[K                                    [01;31m[K^[m[K[32m[K~~~[m[K
[1.626s]       |                                                                [32m[K)[m[K
[1.626s] [01m[K/home/tang/voice/ws_voice/src/wheeltec_mic/wheeltec_mic_ros2/src/voice_listener.cpp:57:55:[m[K [01;31m[Kerror: [m[Kexpected ‘[01m[K;[m[K’ at end of member declaration
[1.626s]    57 |     void awakeFlagCallback(const std_msgs::msg::Int8::[01;31m[KSharedPtr[m[K msg)
[1.626s]       |                                                       [01;31m[K^~~~~~~~~[m[K
[1.626s]       |                                                                [32m[K;[m[K
[1.626s] [01m[K/home/tang/voice/ws_voice/src/wheeltec_mic/wheeltec_mic_ros2/src/voice_listener.cpp:57:65:[m[K [01;31m[Kerror: [m[K‘[01m[Kmsg[m[K’ does not name a type
[1.626s]    57 |     void awakeFlagCallback(const std_msgs::msg::Int8::SharedPtr [01;31m[Kmsg[m[K)
[1.626s]       |                                                                 [01;31m[K^~~[m[K
[1.649s] [01m[K/home/tang/voice/ws_voice/src/wheeltec_mic/wheeltec_mic_ros2/src/voice_listener.cpp:82:41:[m[K [01;31m[Kerror: [m[K‘[01m[KUInt32[m[K’ is not a member of ‘[01m[Kstd_msgs::msg[m[K’
[1.649s]    82 |     rclcpp::Subscription<std_msgs::msg::[01;31m[KUInt32[m[K>::SharedPtr awake_angle_sub_;
[1.649s]       |                                         [01;31m[K^~~~~~[m[K
[1.649s] [01m[K/home/tang/voice/ws_voice/src/wheeltec_mic/wheeltec_mic_ros2/src/voice_listener.cpp:82:47:[m[K [01;31m[Kerror: [m[Ktemplate argument 1 is invalid
[1.649s]    82 |     rclcpp::Subscription<std_msgs::msg::UInt32[01;31m[K>[m[K::SharedPtr awake_angle_sub_;
[1.649s]       |                                               [01;31m[K^[m[K
[1.649s] [01m[K/home/tang/voice/ws_voice/src/wheeltec_mic/wheeltec_mic_ros2/src/voice_listener.cpp:82:47:[m[K [01;31m[Kerror: [m[Ktemplate argument 3 is invalid
[1.649s] [01m[K/home/tang/voice/ws_voice/src/wheeltec_mic/wheeltec_mic_ros2/src/voice_listener.cpp:82:47:[m[K [01;31m[Kerror: [m[Ktemplate argument 4 is invalid
[1.649s] [01m[K/home/tang/voice/ws_voice/src/wheeltec_mic/wheeltec_mic_ros2/src/voice_listener.cpp:82:47:[m[K [01;31m[Kerror: [m[Ktemplate argument 5 is invalid
[1.649s] [01m[K/home/tang/voice/ws_voice/src/wheeltec_mic/wheeltec_mic_ros2/src/voice_listener.cpp:82:50:[m[K [01;31m[Kerror: [m[Kexpected ‘[01m[K;[m[K’ at end of member declaration
[1.649s]    82 |     rclcpp::Subscription<std_msgs::msg::UInt32>::[01;31m[KSharedPtr[m[K awake_angle_sub_;
[1.649s]       |                                                  [01;31m[K^~~~~~~~~[m[K
[1.649s]       |                                                           [32m[K;[m[K
[1.651s] [01m[K/home/tang/voice/ws_voice/src/wheeltec_mic/wheeltec_mic_ros2/src/voice_listener.cpp:82:60:[m[K [01;31m[Kerror: [m[K‘[01m[Kawake_angle_sub_[m[K’ does not name a type
[1.651s]    82 |     rclcpp::Subscription<std_msgs::msg::UInt32>::SharedPtr [01;31m[Kawake_angle_sub_[m[K;
[1.651s]       |                                                            [01;31m[K^~~~~~~~~~~~~~~~[m[K
[1.651s] [01m[K/home/tang/voice/ws_voice/src/wheeltec_mic/wheeltec_mic_ros2/src/voice_listener.cpp:83:41:[m[K [01;31m[Kerror: [m[K‘[01m[KInt8[m[K’ is not a member of ‘[01m[Kstd_msgs::msg[m[K’
[1.651s]    83 |     rclcpp::Subscription<std_msgs::msg::[01;31m[KInt8[m[K>::SharedPtr awake_flag_sub_;
[1.651s]       |                                         [01;31m[K^~~~[m[K
[1.651s] [01m[K/home/tang/voice/ws_voice/src/wheeltec_mic/wheeltec_mic_ros2/src/voice_listener.cpp:83:45:[m[K [01;31m[Kerror: [m[Ktemplate argument 1 is invalid
[1.651s]    83 |     rclcpp::Subscription<std_msgs::msg::Int8[01;31m[K>[m[K::SharedPtr awake_flag_sub_;
[1.651s]       |                                             [01;31m[K^[m[K
[1.651s] [01m[K/home/tang/voice/ws_voice/src/wheeltec_mic/wheeltec_mic_ros2/src/voice_listener.cpp:83:45:[m[K [01;31m[Kerror: [m[Ktemplate argument 3 is invalid
[1.651s] [01m[K/home/tang/voice/ws_voice/src/wheeltec_mic/wheeltec_mic_ros2/src/voice_listener.cpp:83:45:[m[K [01;31m[Kerror: [m[Ktemplate argument 4 is invalid
[1.651s] [01m[K/home/tang/voice/ws_voice/src/wheeltec_mic/wheeltec_mic_ros2/src/voice_listener.cpp:83:45:[m[K [01;31m[Kerror: [m[Ktemplate argument 5 is invalid
[1.651s] [01m[K/home/tang/voice/ws_voice/src/wheeltec_mic/wheeltec_mic_ros2/src/voice_listener.cpp:83:48:[m[K [01;31m[Kerror: [m[Kexpected ‘[01m[K;[m[K’ at end of member declaration
[1.651s]    83 |     rclcpp::Subscription<std_msgs::msg::Int8>::[01;31m[KSharedPtr[m[K awake_flag_sub_;
[1.651s]       |                                                [01;31m[K^~~~~~~~~[m[K
[1.651s]       |                                                         [32m[K;[m[K
[1.651s] [01m[K/home/tang/voice/ws_voice/src/wheeltec_mic/wheeltec_mic_ros2/src/voice_listener.cpp:83:48:[m[K [01;31m[Kerror: [m[Kredeclaration of ‘[01m[Kint VoiceListener::SharedPtr[m[K’
[1.651s] [01m[K/home/tang/voice/ws_voice/src/wheeltec_mic/wheeltec_mic_ros2/src/voice_listener.cpp:82:50:[m[K [01;36m[Knote: [m[Kprevious declaration ‘[01m[Kint VoiceListener::SharedPtr[m[K’
[1.651s]    82 |     rclcpp::Subscription<std_msgs::msg::UInt32>::[01;36m[KSharedPtr[m[K awake_angle_sub_;
[1.651s]       |                                                  [01;36m[K^~~~~~~~~[m[K
[1.653s] [01m[K/home/tang/voice/ws_voice/src/wheeltec_mic/wheeltec_mic_ros2/src/voice_listener.cpp:83:58:[m[K [01;31m[Kerror: [m[K‘[01m[Kawake_flag_sub_[m[K’ does not name a type
[1.653s]    83 |     rclcpp::Subscription<std_msgs::msg::Int8>::SharedPtr [01;31m[Kawake_flag_sub_[m[K;
[1.653s]       |                                                          [01;31m[K^~~~~~~~~~~~~~~[m[K
[1.664s] [01m[K/home/tang/voice/ws_voice/src/wheeltec_mic/wheeltec_mic_ros2/src/voice_listener.cpp:[m[K In constructor ‘[01m[KVoiceListener::VoiceListener()[m[K’:
[1.664s] [01m[K/home/tang/voice/ws_voice/src/wheeltec_mic/wheeltec_mic_ros2/src/voice_listener.cpp:20:9:[m[K [01;31m[Kerror: [m[K‘[01m[Kawake_angle_sub_[m[K’ was not declared in this scope
[1.664s]    20 |         [01;31m[Kawake_angle_sub_[m[K = this->create_subscription<std_msgs::msg::UInt32>(
[1.664s]       |         [01;31m[K^~~~~~~~~~~~~~~~[m[K
[1.665s] [01m[K/home/tang/voice/ws_voice/src/wheeltec_mic/wheeltec_mic_ros2/src/voice_listener.cpp:20:69:[m[K [01;31m[Kerror: [m[K‘[01m[KUInt32[m[K’ is not a member of ‘[01m[Kstd_msgs::msg[m[K’
[1.665s]    20 |         awake_angle_sub_ = this->create_subscription<std_msgs::msg::[01;31m[KUInt32[m[K>(
[1.665s]       |                                                                     [01;31m[K^~~~~~[m[K
[1.666s] [01m[K/home/tang/voice/ws_voice/src/wheeltec_mic/wheeltec_mic_ros2/src/voice_listener.cpp:20:76:[m[K [01;31m[Kerror: [m[Kno matching function for call to ‘[01m[KVoiceListener::create_subscription<<expression error> >(const char [12], int, std::_Bind_helper<false, void (VoiceListener::*)(...), VoiceListener*, const std::_Placeholder<1>&>::type)[m[K’
[1.666s]    20 |         awake_angle_sub_ = [01;31m[Kthis->create_subscription<std_msgs::msg::UInt32>([m[K
[1.666s]       |                            [01;31m[K~~~~~~~~~~~~~~~~~~~~~~~~~~~~~~~~~~~~~~~~~~~~~~~~^[m[K
[1.666s]    21 | [01;31m[K            "awake_angle", 10,[m[K
[1.666s]       |             [01;31m[K~~~~~~~~~~~~~~~~~~[m[K                                              
[1.666s]    22 | [01;31m[K            std::bind(&VoiceListener::awakeAngleCallback, this, std::placeholders::_1))[m[K;
[1.666s]       |             [01;31m[K~~~~~~~~~~~~~~~~~~~~~~~~~~~~~~~~~~~~~~~~~~~~~~~~~~~~~~~~~~~~~~~~~~~~~~~~~~~[m[K
[1.667s] In file included from [01m[K/opt/ros/humble/include/rclcpp/rclcpp/node.hpp:1321[m[K,
[1.667s]                  from [01m[K/opt/ros/humble/include/rclcpp/rclcpp/executors/single_threaded_executor.hpp:28[m[K,
[1.667s]                  from [01m[K/opt/ros/humble/include/rclcpp/rclcpp/executors.hpp:22[m[K,
[1.667s]                  from [01m[K/opt/ros/humble/include/rclcpp/rclcpp/rclcpp.hpp:155[m[K,
[1.667s]                  from [01m[K/home/tang/voice/ws_voice/src/wheeltec_mic/wheeltec_mic_ros2/src/voice_listener.cpp:5[m[K:
[1.667s] [01m[K/opt/ros/humble/include/rclcpp/rclcpp/node_impl.hpp:92:1:[m[K [01;36m[Knote: [m[Kcandidate: ‘[01m[Ktemplate<class MessageT, class CallbackT, class AllocatorT, class SubscriptionT, class MessageMemoryStrategyT> std::shared_ptr<ROSMessageT> rclcpp::Node::create_subscription(const string&, const rclcpp::QoS&, CallbackT&&, const rclcpp::SubscriptionOptionsWithAllocator<AllocatorT>&, typename MessageMemoryStrategyT::SharedPtr)[m[K’
[1.667s]    92 | [01;36m[KNode[m[K::create_subscription(
[1.667s]       | [01;36m[K^~~~[m[K
[1.667s] [01m[K/opt/ros/humble/include/rclcpp/rclcpp/node_impl.hpp:92:1:[m[K [01;36m[Knote: [m[K  template argument deduction/substitution failed:
[1.667s] [01m[K/home/tang/voice/ws_voice/src/wheeltec_mic/wheeltec_mic_ros2/src/voice_listener.cpp:20:76:[m[K [01;31m[Kerror: [m[Ktemplate argument 1 is invalid
[1.667s]    20 |         awake_angle_sub_ = [01;31m[Kthis->create_subscription<std_msgs::msg::UInt32>([m[K
[1.667s]       |                            [01;31m[K~~~~~~~~~~~~~~~~~~~~~~~~~~~~~~~~~~~~~~~~~~~~~~~~^[m[K
[1.667s]    21 | [01;31m[K            "awake_angle", 10,[m[K
[1.667s]       |             [01;31m[K~~~~~~~~~~~~~~~~~~[m[K                                              
[1.667s]    22 | [01;31m[K            std::bind(&VoiceListener::awakeAngleCallback, this, std::placeholders::_1))[m[K;
[1.667s]       |             [01;31m[K~~~~~~~~~~~~~~~~~~~~~~~~~~~~~~~~~~~~~~~~~~~~~~~~~~~~~~~~~~~~~~~~~~~~~~~~~~~[m[K
[1.672s] [01m[K/home/tang/voice/ws_voice/src/wheeltec_mic/wheeltec_mic_ros2/src/voice_listener.cpp:25:9:[m[K [01;31m[Kerror: [m[K‘[01m[Kawake_flag_sub_[m[K’ was not declared in this scope
[1.672s]    25 |         [01;31m[Kawake_flag_sub_[m[K = this->create_subscription<std_msgs::msg::Int8>(
[1.672s]       |         [01;31m[K^~~~~~~~~~~~~~~[m[K
[1.672s] [01m[K/home/tang/voice/ws_voice/src/wheeltec_mic/wheeltec_mic_ros2/src/voice_listener.cpp:25:68:[m[K [01;31m[Kerror: [m[K‘[01m[KInt8[m[K’ is not a member of ‘[01m[Kstd_msgs::msg[m[K’
[1.672s]    25 |         awake_flag_sub_ = this->create_subscription<std_msgs::msg::[01;31m[KInt8[m[K>(
[1.672s]       |                                                                    [01;31m[K^~~~[m[K
[1.672s] [01m[K/home/tang/voice/ws_voice/src/wheeltec_mic/wheeltec_mic_ros2/src/voice_listener.cpp:25:73:[m[K [01;31m[Kerror: [m[Kno matching function for call to ‘[01m[KVoiceListener::create_subscription<<expression error> >(const char [11], int, std::_Bind_helper<false, void (VoiceListener::*)(...), VoiceListener*, const std::_Placeholder<1>&>::type)[m[K’
[1.672s]    25 |         awake_flag_sub_ = [01;31m[Kthis->create_subscription<std_msgs::msg::Int8>([m[K
[1.672s]       |                           [01;31m[K~~~~~~~~~~~~~~~~~~~~~~~~~~~~~~~~~~~~~~~~~~~~~~^[m[K
[1.672s]    26 | [01;31m[K            "awake_flag", 10,[m[K
[1.672s]       |             [01;31m[K~~~~~~~~~~~~~~~~~[m[K                                            
[1.672s]    27 | [01;31m[K            std::bind(&VoiceListener::awakeFlagCallback, this, std::placeholders::_1))[m[K;
[1.672s]       |             [01;31m[K~~~~~~~~~~~~~~~~~~~~~~~~~~~~~~~~~~~~~~~~~~~~~~~~~~~~~~~~~~~~~~~~~~~~~~~~~~[m[K
[1.673s] In file included from [01m[K/opt/ros/humble/include/rclcpp/rclcpp/node.hpp:1321[m[K,
[1.673s]                  from [01m[K/opt/ros/humble/include/rclcpp/rclcpp/executors/single_threaded_executor.hpp:28[m[K,
[1.673s]                  from [01m[K/opt/ros/humble/include/rclcpp/rclcpp/executors.hpp:22[m[K,
[1.673s]                  from [01m[K/opt/ros/humble/include/rclcpp/rclcpp/rclcpp.hpp:155[m[K,
[1.673s]                  from [01m[K/home/tang/voice/ws_voice/src/wheeltec_mic/wheeltec_mic_ros2/src/voice_listener.cpp:5[m[K:
[1.673s] [01m[K/opt/ros/humble/include/rclcpp/rclcpp/node_impl.hpp:92:1:[m[K [01;36m[Knote: [m[Kcandidate: ‘[01m[Ktemplate<class MessageT, class CallbackT, class AllocatorT, class SubscriptionT, class MessageMemoryStrategyT> std::shared_ptr<ROSMessageT> rclcpp::Node::create_subscription(const string&, const rclcpp::QoS&, CallbackT&&, const rclcpp::SubscriptionOptionsWithAllocator<AllocatorT>&, typename MessageMemoryStrategyT::SharedPtr)[m[K’
[1.673s]    92 | [01;36m[KNode[m[K::create_subscription(
[1.673s]       | [01;36m[K^~~~[m[K
[1.673s] [01m[K/opt/ros/humble/include/rclcpp/rclcpp/node_impl.hpp:92:1:[m[K [01;36m[Knote: [m[K  template argument deduction/substitution failed:
[1.673s] [01m[K/home/tang/voice/ws_voice/src/wheeltec_mic/wheeltec_mic_ros2/src/voice_listener.cpp:25:73:[m[K [01;31m[Kerror: [m[Ktemplate argument 1 is invalid
[1.673s]    25 |         awake_flag_sub_ = [01;31m[Kthis->create_subscription<std_msgs::msg::Int8>([m[K
[1.673s]       |                           [01;31m[K~~~~~~~~~~~~~~~~~~~~~~~~~~~~~~~~~~~~~~~~~~~~~~^[m[K
[1.673s]    26 | [01;31m[K            "awake_flag", 10,[m[K
[1.673s]       |             [01;31m[K~~~~~~~~~~~~~~~~~[m[K                                            
[1.673s]    27 | [01;31m[K            std::bind(&VoiceListener::awakeFlagCallback, this, std::placeholders::_1))[m[K;
[1.674s]       |             [01;31m[K~~~~~~~~~~~~~~~~~~~~~~~~~~~~~~~~~~~~~~~~~~~~~~~~~~~~~~~~~~~~~~~~~~~~~~~~~~[m[K
[1.675s] In file included from [01m[K/opt/ros/humble/include/rclcpp/rclcpp/logging.hpp:24[m[K,
[1.675s]                  from [01m[K/opt/ros/humble/include/rclcpp/rclcpp/client.hpp:40[m[K,
[1.675s]                  from [01m[K/opt/ros/humble/include/rclcpp/rclcpp/callback_group.hpp:24[m[K,
[1.675s]                  from [01m[K/opt/ros/humble/include/rclcpp/rclcpp/any_executable.hpp:20[m[K,
[1.675s]                  from [01m[K/opt/ros/humble/include/rclcpp/rclcpp/memory_strategy.hpp:25[m[K,
[1.675s]                  from [01m[K/opt/ros/humble/include/rclcpp/rclcpp/memory_strategies.hpp:18[m[K,
[1.676s]                  from [01m[K/opt/ros/humble/include/rclcpp/rclcpp/executor_options.hpp:20[m[K,
[1.676s]                  from [01m[K/opt/ros/humble/include/rclcpp/rclcpp/executor.hpp:37[m[K,
[1.676s]                  from [01m[K/opt/ros/humble/include/rclcpp/rclcpp/executors/multi_threaded_executor.hpp:25[m[K,
[1.676s]                  from [01m[K/opt/ros/humble/include/rclcpp/rclcpp/executors.hpp:21[m[K,
[1.676s]                  from [01m[K/opt/ros/humble/include/rclcpp/rclcpp/rclcpp.hpp:155[m[K,
[1.676s]                  from [01m[K/home/tang/voice/ws_voice/src/wheeltec_mic/wheeltec_mic_ros2/src/voice_listener.cpp:5[m[K:
[1.676s] [01m[K/home/tang/voice/ws_voice/src/wheeltec_mic/wheeltec_mic_ros2/src/voice_listener.cpp:[m[K In member function ‘[01m[Kvoid VoiceListener::voiceWordsCallback(std_msgs::msg::String_<std::allocator<void> >::SharedPtr)[m[K’:
[1.676s] [01m[K/home/tang/voice/ws_voice/src/wheeltec_mic/wheeltec_mic_ros2/src/voice_listener.cpp:41:20:[m[K [01;35m[Kwarning: [m[Kformat ‘[01m[K%ld[m[K’ expects argument of type ‘[01m[Klong int[m[K’, but argument 5 has type ‘[01m[Kdouble[m[K’ [[01;35m[K]8;;https://gcc.gnu.org/onlinedocs/gcc/Warning-Options.html#index-Wformat=-Wformat=]8;;[m[K]
[1.676s]    41 |                    [01;35m[K"[时间: %ld.%ld]"[m[K, [32m[Know.seconds()[m[K, now.nanoseconds());
[1.676s]       |                    [01;35m[K^~~~~~~~~~~~~~~~~[m[K  [32m[K~~~~~~~~~~~~~[m[K
[1.676s]       |                                                  [32m[K|[m[K
[1.676s]       |                                                  [32m[Kdouble[m[K
[1.676s] [01m[K/home/tang/voice/ws_voice/src/wheeltec_mic/wheeltec_mic_ros2/src/voice_listener.cpp:41:30:[m[K [01;36m[Knote: [m[Kformat string is defined here
[1.676s]    41 |                    "[时间: [01;36m[K%ld[m[K.%ld]", now.seconds(), now.nanoseconds());
[1.676s]       |                            [01;36m[K~~^[m[K
[1.676s]       |                              [01;36m[K|[m[K
[1.677s]       |                              [01;36m[Klong int[m[K
[1.677s]       |                            [32m[K%f[m[K
[3.104s] gmake[2]: *** [CMakeFiles/voice_listener.dir/build.make:76：CMakeFiles/voice_listener.dir/src/voice_listener.cpp.o] 错误 1
[3.104s] gmake[1]: *** [CMakeFiles/Makefile2:277：CMakeFiles/voice_listener.dir/all] 错误 2
[3.105s] gmake: *** [Makefile:146：all] 错误 2
[3.107s] Invoked command in '/home/tang/voice/ws_voice/build/wheeltec_mic_ros2' returned '2': AMENT_PREFIX_PATH=/home/tang/voice/ws_voice/install/wheeltec_mic_msg:${AMENT_PREFIX_PATH} CMAKE_PREFIX_PATH=/home/tang/voice/ws_voice/install/wheeltec_mic_msg:/opt/bxi/bxi_ros2_pkg:/opt/ros/humble LD_LIBRARY_PATH=/home/tang/voice/ws_voice/install/wheeltec_mic_msg/lib:/usr/local/lib:/usr/local/cuda-12.4/lib64:/opt/bxi/bxi_ros2_pkg/lib:/opt/ros/humble/opt/rviz_ogre_vendor/lib:/opt/ros/humble/lib/x86_64-linux-gnu:/opt/ros/humble/lib:/usr/lib/x86_64-linux-gnu:/home/.mujoco/mujoco-3.3.3-linux-x86_64/mujoco-3.3.3/bin:/home/tang/.mujoco/mujoco336/mujoco-3.3.6bin PYTHONPATH=/home/tang/voice/ws_voice/install/wheeltec_mic_msg/local/lib/python3.10/dist-packages:${PYTHONPATH} /usr/bin/cmake --build /home/tang/voice/ws_voice/build/wheeltec_mic_ros2 -- -j16 -l16
