[0.008s] Invoking command in '/home/tang/voice/ws_voice/build/serial': CMAKE_PREFIX_PATH=${CMAKE_PREFIX_PATH}:/opt/ros/humble /usr/bin/cmake --build /home/tang/voice/ws_voice/build/serial -- -j16 -l16
[0.059s] [100%] Built target serial
[0.075s] Invoked command in '/home/tang/voice/ws_voice/build/serial' returned '0': CMAKE_PREFIX_PATH=${CMAKE_PREFIX_PATH}:/opt/ros/humble /usr/bin/cmake --build /home/tang/voice/ws_voice/build/serial -- -j16 -l16
[0.085s] Invoking command in '/home/tang/voice/ws_voice/build/serial': CMAKE_PREFIX_PATH=${CMAKE_PREFIX_PATH}:/opt/ros/humble /usr/bin/cmake --install /home/tang/voice/ws_voice/build/serial
[0.093s] -- Install configuration: ""
[0.093s] -- Up-to-date: /home/tang/voice/ws_voice/install/serial/share/serial/environment/library_path.sh
[0.093s] -- Up-to-date: /home/tang/voice/ws_voice/install/serial/share/serial/environment/library_path.dsv
[0.094s] -- Up-to-date: /home/tang/voice/ws_voice/install/serial/lib/libserial.so
[0.094s] -- Up-to-date: /home/tang/voice/ws_voice/install/serial/include/serial/serial.h
[0.094s] -- Up-to-date: /home/tang/voice/ws_voice/install/serial/include/serial/v8stdint.h
[0.094s] -- Up-to-date: /home/tang/voice/ws_voice/install/serial/share/ament_index/resource_index/package_run_dependencies/serial
[0.094s] -- Up-to-date: /home/tang/voice/ws_voice/install/serial/share/ament_index/resource_index/parent_prefix_path/serial
[0.094s] -- Up-to-date: /home/tang/voice/ws_voice/install/serial/share/serial/environment/ament_prefix_path.sh
[0.094s] -- Up-to-date: /home/tang/voice/ws_voice/install/serial/share/serial/environment/ament_prefix_path.dsv
[0.094s] -- Up-to-date: /home/tang/voice/ws_voice/install/serial/share/serial/environment/path.sh
[0.094s] -- Up-to-date: /home/tang/voice/ws_voice/install/serial/share/serial/environment/path.dsv
[0.094s] -- Up-to-date: /home/tang/voice/ws_voice/install/serial/share/serial/local_setup.bash
[0.094s] -- Up-to-date: /home/tang/voice/ws_voice/install/serial/share/serial/local_setup.sh
[0.094s] -- Up-to-date: /home/tang/voice/ws_voice/install/serial/share/serial/local_setup.zsh
[0.094s] -- Up-to-date: /home/tang/voice/ws_voice/install/serial/share/serial/local_setup.dsv
[0.094s] -- Installing: /home/tang/voice/ws_voice/install/serial/share/serial/package.dsv
[0.094s] -- Up-to-date: /home/tang/voice/ws_voice/install/serial/share/ament_index/resource_index/packages/serial
[0.094s] -- Up-to-date: /home/tang/voice/ws_voice/install/serial/share/serial/cmake/ament_cmake_export_include_directories-extras.cmake
[0.095s] -- Up-to-date: /home/tang/voice/ws_voice/install/serial/share/serial/cmake/ament_cmake_export_libraries-extras.cmake
[0.095s] -- Up-to-date: /home/tang/voice/ws_voice/install/serial/share/serial/cmake/serialConfig.cmake
[0.095s] -- Up-to-date: /home/tang/voice/ws_voice/install/serial/share/serial/cmake/serialConfig-version.cmake
[0.095s] -- Up-to-date: /home/tang/voice/ws_voice/install/serial/share/serial/package.xml
[0.101s] Invoked command in '/home/tang/voice/ws_voice/build/serial' returned '0': CMAKE_PREFIX_PATH=${CMAKE_PREFIX_PATH}:/opt/ros/humble /usr/bin/cmake --install /home/tang/voice/ws_voice/build/serial
