-- Found ament_cmake: 1.3.12 (/opt/ros/humble/share/ament_cmake/cmake)
-- Override CMake install command with custom implementation using symlinks instead of copying resources
-- Found rosidl_default_generators: 1.2.0 (/opt/ros/humble/share/rosidl_default_generators/cmake)
-- Using all available rosidl_typesupport_c: rosidl_typesupport_fastrtps_c;rosidl_typesupport_introspection_c
-- Found rosidl_adapter: 3.1.7 (/opt/ros/humble/share/rosidl_adapter/cmake)
-- Using all available rosidl_typesupport_cpp: rosidl_typesupport_fastrtps_cpp;rosidl_typesupport_introspection_cpp
-- Found rclcpp: 16.0.15 (/opt/ros/humble/share/rclcpp/cmake)
-- Found rmw_implementation_cmake: 6.1.2 (/opt/ros/humble/share/rmw_implementation_cmake/cmake)
-- Found rmw_cyclonedds_cpp: 1.3.4 (/opt/ros/humble/share/rmw_cyclonedds_cpp/cmake)
-- Using RMW implementation 'rmw_cyclonedds_cpp' as default
-- Found serial: 1.2.1 (/home/tang/voice/ws_voice/install/serial/share/serial/cmake)
-- Found wheeltec_mic_msg: 0.0.0 (/home/tang/voice/ws_voice/install/wheeltec_mic_msg/share/wheeltec_mic_msg/cmake)
-- Found ament_lint_auto: 0.12.14 (/opt/ros/humble/share/ament_lint_auto/cmake)
-- Added test 'copyright' to check source files copyright and LICENSE
-- Added test 'cppcheck' to perform static code analysis on C / C++ code
-- Configured cppcheck include dirs: /home/tang/voice/ws_voice/src/wheeltec_mic/wheeltec_mic_ros2/include
-- Configured cppcheck exclude dirs and/or files: 
-- Added test 'cpplint' to check C / C++ code against the Google style
-- Configured cpplint exclude dirs and/or files: 
-- Added test 'flake8' to check Python code syntax and style conventions
-- Added test 'lint_cmake' to check CMake code style
-- Added test 'pep257' to check Python code against some of the docstring style conventions in PEP 257
-- Added test 'uncrustify' to check C / C++ code style
-- Configured uncrustify additional arguments: 
-- Added test 'xmllint' to check XML markup files
-- Configuring done
-- Generating done
-- Build files have been written to: /home/tang/voice/ws_voice/build/wheeltec_mic_ros2
[35m[1mConsolidate compiler generated dependencies of target node_feedback[0m
[35m[1mConsolidate compiler generated dependencies of target voice_control[0m
[35m[1mConsolidate compiler generated dependencies of target wheeltec_mic[0m
[35m[1mConsolidate compiler generated dependencies of target command_recognition[0m
[35m[1mConsolidate compiler generated dependencies of target call_recognition[0m
[ 18%] Built target node_feedback
[ 36%] Built target voice_control
[ 45%] [32m[1mLinking CXX executable wheeltec_mic[0m
[ 63%] Built target command_recognition
[ 81%] Built target call_recognition
