[0.009s] Invoking command in '/home/tang/voice/ws_voice/build/wheeltec_mic_ros2': AMENT_PREFIX_PATH=/home/tang/voice/ws_voice/install/wheeltec_mic_msg:${AMENT_PREFIX_PATH} CMAKE_PREFIX_PATH=/home/tang/voice/ws_voice/install/wheeltec_mic_msg:/opt/bxi/bxi_ros2_pkg:/opt/ros/humble LD_LIBRARY_PATH=/home/tang/voice/ws_voice/install/wheeltec_mic_msg/lib:/usr/local/lib:/usr/local/cuda-12.4/lib64:/opt/bxi/bxi_ros2_pkg/lib:/opt/ros/humble/opt/rviz_ogre_vendor/lib:/opt/ros/humble/lib/x86_64-linux-gnu:/opt/ros/humble/lib:/usr/lib/x86_64-linux-gnu:/home/.mujoco/mujoco-3.3.3-linux-x86_64/mujoco-3.3.3/bin:/home/tang/.mujoco/mujoco336/mujoco-3.3.6bin PYTHONPATH=/home/tang/voice/ws_voice/install/wheeltec_mic_msg/local/lib/python3.10/dist-packages:${PYTHONPATH} /usr/bin/cmake --build /home/tang/voice/ws_voice/build/wheeltec_mic_ros2 -- -j16 -l16
[0.043s] [35m[1mConsolidate compiler generated dependencies of target voice_listener[0m
[0.054s] [ 30%] [32mBuilding CXX object CMakeFiles/voice_listener.dir/src/voice_listener.cpp.o[0m
[0.054s] [ 30%] Built target call_recognition
[0.054s] [ 38%] Built target command_recognition
[0.054s] [ 53%] Built target node_feedback
[0.059s] [ 92%] Built target wheeltec_mic
[0.059s] [ 92%] Built target voice_control
[7.858s] [100%] [32m[1mLinking CXX executable voice_listener[0m
[8.241s] [100%] Built target voice_listener
[8.249s] Invoked command in '/home/tang/voice/ws_voice/build/wheeltec_mic_ros2' returned '0': AMENT_PREFIX_PATH=/home/tang/voice/ws_voice/install/wheeltec_mic_msg:${AMENT_PREFIX_PATH} CMAKE_PREFIX_PATH=/home/tang/voice/ws_voice/install/wheeltec_mic_msg:/opt/bxi/bxi_ros2_pkg:/opt/ros/humble LD_LIBRARY_PATH=/home/tang/voice/ws_voice/install/wheeltec_mic_msg/lib:/usr/local/lib:/usr/local/cuda-12.4/lib64:/opt/bxi/bxi_ros2_pkg/lib:/opt/ros/humble/opt/rviz_ogre_vendor/lib:/opt/ros/humble/lib/x86_64-linux-gnu:/opt/ros/humble/lib:/usr/lib/x86_64-linux-gnu:/home/.mujoco/mujoco-3.3.3-linux-x86_64/mujoco-3.3.3/bin:/home/tang/.mujoco/mujoco336/mujoco-3.3.6bin PYTHONPATH=/home/tang/voice/ws_voice/install/wheeltec_mic_msg/local/lib/python3.10/dist-packages:${PYTHONPATH} /usr/bin/cmake --build /home/tang/voice/ws_voice/build/wheeltec_mic_ros2 -- -j16 -l16
[8.257s] Invoking command in '/home/tang/voice/ws_voice/build/wheeltec_mic_ros2': AMENT_PREFIX_PATH=/home/tang/voice/ws_voice/install/wheeltec_mic_msg:${AMENT_PREFIX_PATH} CMAKE_PREFIX_PATH=/home/tang/voice/ws_voice/install/wheeltec_mic_msg:/opt/bxi/bxi_ros2_pkg:/opt/ros/humble LD_LIBRARY_PATH=/home/tang/voice/ws_voice/install/wheeltec_mic_msg/lib:/usr/local/lib:/usr/local/cuda-12.4/lib64:/opt/bxi/bxi_ros2_pkg/lib:/opt/ros/humble/opt/rviz_ogre_vendor/lib:/opt/ros/humble/lib/x86_64-linux-gnu:/opt/ros/humble/lib:/usr/lib/x86_64-linux-gnu:/home/.mujoco/mujoco-3.3.3-linux-x86_64/mujoco-3.3.3/bin:/home/tang/.mujoco/mujoco336/mujoco-3.3.6bin PYTHONPATH=/home/tang/voice/ws_voice/install/wheeltec_mic_msg/local/lib/python3.10/dist-packages:${PYTHONPATH} /usr/bin/cmake --install /home/tang/voice/ws_voice/build/wheeltec_mic_ros2
[8.263s] -- Install configuration: ""
[8.263s] -- Up-to-date: /home/tang/voice/ws_voice/install/wheeltec_mic_ros2/share/wheeltec_mic_ros2/launch
[8.263s] -- Installing: /home/tang/voice/ws_voice/install/wheeltec_mic_ros2/share/wheeltec_mic_ros2/launch/voice_listener.launch.py
[8.263s] -- Up-to-date: /home/tang/voice/ws_voice/install/wheeltec_mic_ros2/share/wheeltec_mic_ros2/launch/mic_init.launch.py
[8.263s] -- Up-to-date: /home/tang/voice/ws_voice/install/wheeltec_mic_ros2/share/wheeltec_mic_ros2/launch/base.launch.py
[8.263s] -- Up-to-date: /home/tang/voice/ws_voice/install/wheeltec_mic_ros2/share/wheeltec_mic_ros2/config
[8.263s] -- Up-to-date: /home/tang/voice/ws_voice/install/wheeltec_mic_ros2/share/wheeltec_mic_ros2/config/msc
[8.263s] -- Up-to-date: /home/tang/voice/ws_voice/install/wheeltec_mic_ros2/share/wheeltec_mic_ros2/config/msc/msc.log
[8.263s] -- Up-to-date: /home/tang/voice/ws_voice/install/wheeltec_mic_ros2/share/wheeltec_mic_ros2/config/msc/res
[8.263s] -- Up-to-date: /home/tang/voice/ws_voice/install/wheeltec_mic_ros2/share/wheeltec_mic_ros2/config/msc/res/asr
[8.263s] -- Up-to-date: /home/tang/voice/ws_voice/install/wheeltec_mic_ros2/share/wheeltec_mic_ros2/config/msc/res/asr/common.jet
[8.263s] -- Up-to-date: /home/tang/voice/ws_voice/install/wheeltec_mic_ros2/share/wheeltec_mic_ros2/config/msc/res/asr/GrmBuilld
[8.263s] -- Installing: /home/tang/voice/ws_voice/install/wheeltec_mic_ros2/share/wheeltec_mic_ros2/config/msc/res/asr/GrmBuilld/lhheaaaa.d
[8.263s] -- Installing: /home/tang/voice/ws_voice/install/wheeltec_mic_ros2/share/wheeltec_mic_ros2/config/msc/res/asr/GrmBuilld/azcfaaaa.d
[8.263s] -- Installing: /home/tang/voice/ws_voice/install/wheeltec_mic_ros2/share/wheeltec_mic_ros2/config/msc/res/asr/GrmBuilld/bzvskdaa.d
[8.263s] -- Installing: /home/tang/voice/ws_voice/install/wheeltec_mic_ros2/share/wheeltec_mic_ros2/config/msc/res/asr/GrmBuilld/zhdfaaaa.d
[8.263s] -- Installing: /home/tang/voice/ws_voice/install/wheeltec_mic_ros2/share/wheeltec_mic_ros2/config/msc/res/asr/GrmBuilld/rtpyyuba.d
[8.263s] -- Installing: /home/tang/voice/ws_voice/install/wheeltec_mic_ros2/share/wheeltec_mic_ros2/config/msc/res/asr/GrmBuilld/qgieaaaa.d
[8.263s] -- Installing: /home/tang/voice/ws_voice/install/wheeltec_mic_ros2/share/wheeltec_mic_ros2/config/msc/res/asr/GrmBuilld/fyrdwpaa.d
[8.263s] -- Installing: /home/tang/voice/ws_voice/install/wheeltec_mic_ros2/share/wheeltec_mic_ros2/config/msc/res/asr/GrmBuilld/uikawbda.d
[8.263s] -- Installing: /home/tang/voice/ws_voice/install/wheeltec_mic_ros2/share/wheeltec_mic_ros2/config/msc/res/asr/GrmBuilld/rlieaaaa.d
[8.263s] -- Installing: /home/tang/voice/ws_voice/install/wheeltec_mic_ros2/share/wheeltec_mic_ros2/config/msc/res/asr/GrmBuilld/mcaudaaa.d
[8.263s] -- Installing: /home/tang/voice/ws_voice/install/wheeltec_mic_ros2/share/wheeltec_mic_ros2/config/msc/res/asr/GrmBuilld/gcoeaaaa.d
[8.263s] -- Up-to-date: /home/tang/voice/ws_voice/install/wheeltec_mic_ros2/share/wheeltec_mic_ros2/config/msc/res/asr/GrmBuilld/temp
[8.263s] -- Installing: /home/tang/voice/ws_voice/install/wheeltec_mic_ros2/share/wheeltec_mic_ros2/config/msc/res/asr/GrmBuilld/temp/lhheaaaa.d
[8.263s] -- Installing: /home/tang/voice/ws_voice/install/wheeltec_mic_ros2/share/wheeltec_mic_ros2/config/msc/res/asr/GrmBuilld/temp/azcfaaaa.d
[8.263s] -- Installing: /home/tang/voice/ws_voice/install/wheeltec_mic_ros2/share/wheeltec_mic_ros2/config/msc/res/asr/GrmBuilld/temp/bzvskdaa.d
[8.263s] -- Installing: /home/tang/voice/ws_voice/install/wheeltec_mic_ros2/share/wheeltec_mic_ros2/config/msc/res/asr/GrmBuilld/temp/zhdfaaaa.d
[8.263s] -- Installing: /home/tang/voice/ws_voice/install/wheeltec_mic_ros2/share/wheeltec_mic_ros2/config/msc/res/asr/GrmBuilld/temp/rtpyyuba.d
[8.263s] -- Installing: /home/tang/voice/ws_voice/install/wheeltec_mic_ros2/share/wheeltec_mic_ros2/config/msc/res/asr/GrmBuilld/temp/qgieaaaa.d
[8.264s] -- Installing: /home/tang/voice/ws_voice/install/wheeltec_mic_ros2/share/wheeltec_mic_ros2/config/msc/res/asr/GrmBuilld/temp/fyrdwpaa.d
[8.264s] -- Installing: /home/tang/voice/ws_voice/install/wheeltec_mic_ros2/share/wheeltec_mic_ros2/config/msc/res/asr/GrmBuilld/temp/uikawbda.d
[8.264s] -- Installing: /home/tang/voice/ws_voice/install/wheeltec_mic_ros2/share/wheeltec_mic_ros2/config/msc/res/asr/GrmBuilld/temp/rlieaaaa.d
[8.264s] -- Installing: /home/tang/voice/ws_voice/install/wheeltec_mic_ros2/share/wheeltec_mic_ros2/config/msc/res/asr/GrmBuilld/temp/mcaudaaa.d
[8.264s] -- Installing: /home/tang/voice/ws_voice/install/wheeltec_mic_ros2/share/wheeltec_mic_ros2/config/msc/res/asr/GrmBuilld/temp/gcoeaaaa.d
[8.264s] -- Installing: /home/tang/voice/ws_voice/install/wheeltec_mic_ros2/share/wheeltec_mic_ros2/config/msc/res/asr/GrmBuilld/temp/whsnkqba.d
[8.264s] -- Installing: /home/tang/voice/ws_voice/install/wheeltec_mic_ros2/share/wheeltec_mic_ros2/config/msc/res/asr/GrmBuilld/temp/arlfaaaa.d
[8.264s] -- Installing: /home/tang/voice/ws_voice/install/wheeltec_mic_ros2/share/wheeltec_mic_ros2/config/msc/res/asr/GrmBuilld/temp/sqieaaaa.d
[8.264s] -- Installing: /home/tang/voice/ws_voice/install/wheeltec_mic_ros2/share/wheeltec_mic_ros2/config/msc/res/asr/GrmBuilld/temp/rbswtvaa.d
[8.264s] -- Installing: /home/tang/voice/ws_voice/install/wheeltec_mic_ros2/share/wheeltec_mic_ros2/config/msc/res/asr/GrmBuilld/temp/mmheaaaa.d
[8.264s] -- Installing: /home/tang/voice/ws_voice/install/wheeltec_mic_ros2/share/wheeltec_mic_ros2/config/msc/res/asr/GrmBuilld/temp/call.g
[8.264s] -- Installing: /home/tang/voice/ws_voice/install/wheeltec_mic_ros2/share/wheeltec_mic_ros2/config/msc/res/asr/GrmBuilld/temp/kcheaaaa.d
[8.264s] -- Installing: /home/tang/voice/ws_voice/install/wheeltec_mic_ros2/share/wheeltec_mic_ros2/config/msc/res/asr/GrmBuilld/temp/imqhxtba.d
[8.264s] -- Installing: /home/tang/voice/ws_voice/install/wheeltec_mic_ros2/share/wheeltec_mic_ros2/config/msc/res/asr/GrmBuilld/temp/ddykzcaa.d
[8.264s] -- Installing: /home/tang/voice/ws_voice/install/wheeltec_mic_ros2/share/wheeltec_mic_ros2/config/msc/res/asr/GrmBuilld/temp/zwwzwvaa.d
[8.264s] -- Installing: /home/tang/voice/ws_voice/install/wheeltec_mic_ros2/share/wheeltec_mic_ros2/config/msc/res/asr/GrmBuilld/temp/deofaaaa.d
[8.264s] -- Installing: /home/tang/voice/ws_voice/install/wheeltec_mic_ros2/share/wheeltec_mic_ros2/config/msc/res/asr/GrmBuilld/temp/call_16K
[8.264s] -- Installing: /home/tang/voice/ws_voice/install/wheeltec_mic_ros2/share/wheeltec_mic_ros2/config/msc/res/asr/GrmBuilld/whsnkqba.d
[8.265s] -- Installing: /home/tang/voice/ws_voice/install/wheeltec_mic_ros2/share/wheeltec_mic_ros2/config/msc/res/asr/GrmBuilld/arlfaaaa.d
[8.265s] -- Installing: /home/tang/voice/ws_voice/install/wheeltec_mic_ros2/share/wheeltec_mic_ros2/config/msc/res/asr/GrmBuilld/sqieaaaa.d
[8.265s] -- Installing: /home/tang/voice/ws_voice/install/wheeltec_mic_ros2/share/wheeltec_mic_ros2/config/msc/res/asr/GrmBuilld/rbswtvaa.d
[8.265s] -- Installing: /home/tang/voice/ws_voice/install/wheeltec_mic_ros2/share/wheeltec_mic_ros2/config/msc/res/asr/GrmBuilld/mmheaaaa.d
[8.265s] -- Installing: /home/tang/voice/ws_voice/install/wheeltec_mic_ros2/share/wheeltec_mic_ros2/config/msc/res/asr/GrmBuilld/call.g
[8.265s] -- Installing: /home/tang/voice/ws_voice/install/wheeltec_mic_ros2/share/wheeltec_mic_ros2/config/msc/res/asr/GrmBuilld/kcheaaaa.d
[8.265s] -- Installing: /home/tang/voice/ws_voice/install/wheeltec_mic_ros2/share/wheeltec_mic_ros2/config/msc/res/asr/GrmBuilld/imqhxtba.d
[8.265s] -- Installing: /home/tang/voice/ws_voice/install/wheeltec_mic_ros2/share/wheeltec_mic_ros2/config/msc/res/asr/GrmBuilld/ddykzcaa.d
[8.265s] -- Installing: /home/tang/voice/ws_voice/install/wheeltec_mic_ros2/share/wheeltec_mic_ros2/config/msc/res/asr/GrmBuilld/zwwzwvaa.d
[8.265s] -- Installing: /home/tang/voice/ws_voice/install/wheeltec_mic_ros2/share/wheeltec_mic_ros2/config/msc/res/asr/GrmBuilld/deofaaaa.d
[8.265s] -- Installing: /home/tang/voice/ws_voice/install/wheeltec_mic_ros2/share/wheeltec_mic_ros2/config/msc/res/asr/GrmBuilld/call_16K
[8.265s] -- Up-to-date: /home/tang/voice/ws_voice/install/wheeltec_mic_ros2/share/wheeltec_mic_ros2/config/msc/msc.cfg
[8.265s] -- Up-to-date: /home/tang/voice/ws_voice/install/wheeltec_mic_ros2/share/wheeltec_mic_ros2/config/msc/waiter.log
[8.266s] -- Up-to-date: /home/tang/voice/ws_voice/install/wheeltec_mic_ros2/share/wheeltec_mic_ros2/config/msc/isr.log
[8.266s] -- Up-to-date: /home/tang/voice/ws_voice/install/wheeltec_mic_ros2/share/wheeltec_mic_ros2/config/msc/lgi.log
[8.266s] -- Up-to-date: /home/tang/voice/ws_voice/install/wheeltec_mic_ros2/share/wheeltec_mic_ros2/config/msc/grm_lex.log
[8.266s] -- Up-to-date: /home/tang/voice/ws_voice/install/wheeltec_mic_ros2/share/wheeltec_mic_ros2/config/msc/isr_local.log
[8.266s] -- Up-to-date: /home/tang/voice/ws_voice/install/wheeltec_mic_ros2/share/wheeltec_mic_ros2/config/call.bnf
[8.266s] -- Up-to-date: /home/tang/voice/ws_voice/install/wheeltec_mic_ros2/share/wheeltec_mic_ros2/config/recognition_params.yaml
[8.266s] -- Up-to-date: /home/tang/voice/ws_voice/install/wheeltec_mic_ros2/share/wheeltec_mic_ros2/feedback_voice
[8.266s] -- Up-to-date: /home/tang/voice/ws_voice/install/wheeltec_mic_ros2/share/wheeltec_mic_ros2/feedback_voice/voice_control.wav
[8.266s] -- Up-to-date: /home/tang/voice/ws_voice/install/wheeltec_mic_ros2/share/wheeltec_mic_ros2/feedback_voice/navigation_close.wav
[8.266s] -- Up-to-date: /home/tang/voice/ws_voice/install/wheeltec_mic_ros2/share/wheeltec_mic_ros2/feedback_voice/line_open.wav
[8.266s] -- Up-to-date: /home/tang/voice/ws_voice/install/wheeltec_mic_ros2/share/wheeltec_mic_ros2/feedback_voice/3d_mapping_close.wav
[8.266s] -- Up-to-date: /home/tang/voice/ws_voice/install/wheeltec_mic_ros2/share/wheeltec_mic_ros2/feedback_voice/line_close.wav
[8.266s] -- Up-to-date: /home/tang/voice/ws_voice/install/wheeltec_mic_ros2/share/wheeltec_mic_ros2/feedback_voice/stop.wav
[8.266s] -- Up-to-date: /home/tang/voice/ws_voice/install/wheeltec_mic_ros2/share/wheeltec_mic_ros2/feedback_voice/rrt_open.wav
[8.267s] -- Up-to-date: /home/tang/voice/ws_voice/install/wheeltec_mic_ros2/share/wheeltec_mic_ros2/feedback_voice/pure3d_navigation_close.wav
[8.267s] -- Up-to-date: /home/tang/voice/ws_voice/install/wheeltec_mic_ros2/share/wheeltec_mic_ros2/feedback_voice/2d_mapping_close.wav
[8.267s] -- Up-to-date: /home/tang/voice/ws_voice/install/wheeltec_mic_ros2/share/wheeltec_mic_ros2/feedback_voice/find.wav
[8.267s] -- Up-to-date: /home/tang/voice/ws_voice/install/wheeltec_mic_ros2/share/wheeltec_mic_ros2/feedback_voice/visual_open.wav
[8.267s] -- Up-to-date: /home/tang/voice/ws_voice/install/wheeltec_mic_ros2/share/wheeltec_mic_ros2/feedback_voice/sleep.wav
[8.267s] -- Up-to-date: /home/tang/voice/ws_voice/install/wheeltec_mic_ros2/share/wheeltec_mic_ros2/feedback_voice/car_front.wav
[8.267s] -- Up-to-date: /home/tang/voice/ws_voice/install/wheeltec_mic_ros2/share/wheeltec_mic_ros2/feedback_voice/2d_mapping.wav
[8.267s] -- Up-to-date: /home/tang/voice/ws_voice/install/wheeltec_mic_ros2/share/wheeltec_mic_ros2/feedback_voice/2d_navigation_close.wav
[8.267s] -- Up-to-date: /home/tang/voice/ws_voice/install/wheeltec_mic_ros2/share/wheeltec_mic_ros2/feedback_voice/OK.wav
[8.267s] -- Up-to-date: /home/tang/voice/ws_voice/install/wheeltec_mic_ros2/share/wheeltec_mic_ros2/feedback_voice/rrt_close.wav
[8.267s] -- Up-to-date: /home/tang/voice/ws_voice/install/wheeltec_mic_ros2/share/wheeltec_mic_ros2/feedback_voice/pure3d_navigation_open.wav
[8.267s] -- Up-to-date: /home/tang/voice/ws_voice/install/wheeltec_mic_ros2/share/wheeltec_mic_ros2/feedback_voice/turn_right.wav
[8.267s] -- Up-to-date: /home/tang/voice/ws_voice/install/wheeltec_mic_ros2/share/wheeltec_mic_ros2/feedback_voice/awake.wav
[8.267s] -- Up-to-date: /home/tang/voice/ws_voice/install/wheeltec_mic_ros2/share/wheeltec_mic_ros2/feedback_voice/2d_navigation.wav
[8.267s] -- Up-to-date: /home/tang/voice/ws_voice/install/wheeltec_mic_ros2/share/wheeltec_mic_ros2/feedback_voice/3d_navigation_open.wav
[8.267s] -- Up-to-date: /home/tang/voice/ws_voice/install/wheeltec_mic_ros2/share/wheeltec_mic_ros2/feedback_voice/web_close.wav
[8.267s] -- Up-to-date: /home/tang/voice/ws_voice/install/wheeltec_mic_ros2/share/wheeltec_mic_ros2/feedback_voice/web_open.wav
[8.268s] -- Up-to-date: /home/tang/voice/ws_voice/install/wheeltec_mic_ros2/share/wheeltec_mic_ros2/feedback_voice/rplidar_close.wav
[8.268s] -- Up-to-date: /home/tang/voice/ws_voice/install/wheeltec_mic_ros2/share/wheeltec_mic_ros2/feedback_voice/close_node.wav
[8.268s] -- Up-to-date: /home/tang/voice/ws_voice/install/wheeltec_mic_ros2/share/wheeltec_mic_ros2/feedback_voice/classify_close.wav
[8.268s] -- Up-to-date: /home/tang/voice/ws_voice/install/wheeltec_mic_ros2/share/wheeltec_mic_ros2/feedback_voice/car_back.wav
[8.268s] -- Up-to-date: /home/tang/voice/ws_voice/install/wheeltec_mic_ros2/share/wheeltec_mic_ros2/feedback_voice/Tracker.wav
[8.268s] -- Up-to-date: /home/tang/voice/ws_voice/install/wheeltec_mic_ros2/share/wheeltec_mic_ros2/feedback_voice/3d_navigation_close.wav
[8.268s] -- Up-to-date: /home/tang/voice/ws_voice/install/wheeltec_mic_ros2/share/wheeltec_mic_ros2/feedback_voice/classify_open.wav
[8.268s] -- Up-to-date: /home/tang/voice/ws_voice/install/wheeltec_mic_ros2/share/wheeltec_mic_ros2/feedback_voice/reach_goal.wav
[8.268s] -- Up-to-date: /home/tang/voice/ws_voice/install/wheeltec_mic_ros2/share/wheeltec_mic_ros2/feedback_voice/kcf_open.wav
[8.268s] -- Up-to-date: /home/tang/voice/ws_voice/install/wheeltec_mic_ros2/share/wheeltec_mic_ros2/feedback_voice/turn_left.wav
[8.268s] -- Up-to-date: /home/tang/voice/ws_voice/install/wheeltec_mic_ros2/share/wheeltec_mic_ros2/feedback_voice/search_voice.wav
[8.268s] -- Up-to-date: /home/tang/voice/ws_voice/install/wheeltec_mic_ros2/share/wheeltec_mic_ros2/feedback_voice/open_node.wav
[8.268s] -- Up-to-date: /home/tang/voice/ws_voice/install/wheeltec_mic_ros2/share/wheeltec_mic_ros2/feedback_voice/overmap.wav
[8.268s] -- Up-to-date: /home/tang/voice/ws_voice/install/wheeltec_mic_ros2/share/wheeltec_mic_ros2/feedback_voice/pure3d_mapping_close.wav
[8.268s] -- Up-to-date: /home/tang/voice/ws_voice/install/wheeltec_mic_ros2/share/wheeltec_mic_ros2/feedback_voice/AR_open.wav
[8.268s] -- Up-to-date: /home/tang/voice/ws_voice/install/wheeltec_mic_ros2/share/wheeltec_mic_ros2/feedback_voice/visual_close.wav
[8.268s] -- Up-to-date: /home/tang/voice/ws_voice/install/wheeltec_mic_ros2/share/wheeltec_mic_ros2/feedback_voice/AR_close.wav
[8.269s] -- Up-to-date: /home/tang/voice/ws_voice/install/wheeltec_mic_ros2/share/wheeltec_mic_ros2/feedback_voice/3d_mapping_open.wav
[8.269s] -- Up-to-date: /home/tang/voice/ws_voice/install/wheeltec_mic_ros2/share/wheeltec_mic_ros2/feedback_voice/pure3d_mapping_open.wav
[8.269s] -- Up-to-date: /home/tang/voice/ws_voice/install/wheeltec_mic_ros2/share/wheeltec_mic_ros2/feedback_voice/kcf_close.wav
[8.269s] -- Up-to-date: /home/tang/voice/ws_voice/install/wheeltec_mic_ros2/share/wheeltec_mic_ros2/feedback_voice/rplidar_open.wav
[8.269s] -- Execute custom install script
[8.269s] -- Up-to-date symlink: /home/tang/voice/ws_voice/install/wheeltec_mic_ros2/lib/wheeltec_mic_ros2/call_recognition
[8.269s] -- Up-to-date symlink: /home/tang/voice/ws_voice/install/wheeltec_mic_ros2/lib/wheeltec_mic_ros2/call_recognition
[8.269s] -- Up-to-date symlink: /home/tang/voice/ws_voice/install/wheeltec_mic_ros2/lib/wheeltec_mic_ros2/command_recognition
[8.269s] -- Up-to-date symlink: /home/tang/voice/ws_voice/install/wheeltec_mic_ros2/lib/wheeltec_mic_ros2/command_recognition
[8.269s] -- Up-to-date symlink: /home/tang/voice/ws_voice/install/wheeltec_mic_ros2/lib/wheeltec_mic_ros2/node_feedback
[8.269s] -- Up-to-date symlink: /home/tang/voice/ws_voice/install/wheeltec_mic_ros2/lib/wheeltec_mic_ros2/node_feedback
[8.269s] -- Up-to-date symlink: /home/tang/voice/ws_voice/install/wheeltec_mic_ros2/lib/wheeltec_mic_ros2/wheeltec_mic
[8.269s] -- Up-to-date symlink: /home/tang/voice/ws_voice/install/wheeltec_mic_ros2/lib/wheeltec_mic_ros2/wheeltec_mic
[8.269s] -- Up-to-date symlink: /home/tang/voice/ws_voice/install/wheeltec_mic_ros2/lib/wheeltec_mic_ros2/voice_control
[8.269s] -- Up-to-date symlink: /home/tang/voice/ws_voice/install/wheeltec_mic_ros2/lib/wheeltec_mic_ros2/voice_control
[8.269s] -- Symlinking: /home/tang/voice/ws_voice/install/wheeltec_mic_ros2/lib/wheeltec_mic_ros2/voice_listener
[8.273s] -- Up-to-date symlink: /home/tang/voice/ws_voice/install/wheeltec_mic_ros2/lib/wheeltec_mic_ros2/voice_listener
[8.273s] -- Up-to-date symlink: /home/tang/voice/ws_voice/install/wheeltec_mic_ros2/share/ament_index/resource_index/package_run_dependencies/wheeltec_mic_ros2
[8.273s] -- Up-to-date symlink: /home/tang/voice/ws_voice/install/wheeltec_mic_ros2/share/ament_index/resource_index/parent_prefix_path/wheeltec_mic_ros2
[8.274s] -- Up-to-date symlink: /home/tang/voice/ws_voice/install/wheeltec_mic_ros2/share/wheeltec_mic_ros2/environment/ament_prefix_path.sh
[8.274s] -- Up-to-date symlink: /home/tang/voice/ws_voice/install/wheeltec_mic_ros2/share/wheeltec_mic_ros2/environment/ament_prefix_path.dsv
[8.274s] -- Up-to-date symlink: /home/tang/voice/ws_voice/install/wheeltec_mic_ros2/share/wheeltec_mic_ros2/environment/path.sh
[8.274s] -- Up-to-date symlink: /home/tang/voice/ws_voice/install/wheeltec_mic_ros2/share/wheeltec_mic_ros2/environment/path.dsv
[8.274s] -- Up-to-date symlink: /home/tang/voice/ws_voice/install/wheeltec_mic_ros2/share/wheeltec_mic_ros2/local_setup.bash
[8.274s] -- Up-to-date symlink: /home/tang/voice/ws_voice/install/wheeltec_mic_ros2/share/wheeltec_mic_ros2/local_setup.sh
[8.274s] -- Up-to-date symlink: /home/tang/voice/ws_voice/install/wheeltec_mic_ros2/share/wheeltec_mic_ros2/local_setup.zsh
[8.274s] -- Up-to-date symlink: /home/tang/voice/ws_voice/install/wheeltec_mic_ros2/share/wheeltec_mic_ros2/local_setup.dsv
[8.274s] -- Symlinking: /home/tang/voice/ws_voice/install/wheeltec_mic_ros2/share/wheeltec_mic_ros2/package.dsv
[8.280s] -- Up-to-date symlink: /home/tang/voice/ws_voice/install/wheeltec_mic_ros2/share/ament_index/resource_index/packages/wheeltec_mic_ros2
[8.281s] -- Up-to-date symlink: /home/tang/voice/ws_voice/install/wheeltec_mic_ros2/share/wheeltec_mic_ros2/cmake/wheeltec_mic_ros2Config.cmake
[8.281s] -- Up-to-date symlink: /home/tang/voice/ws_voice/install/wheeltec_mic_ros2/share/wheeltec_mic_ros2/cmake/wheeltec_mic_ros2Config-version.cmake
[8.281s] -- Up-to-date symlink: /home/tang/voice/ws_voice/install/wheeltec_mic_ros2/share/wheeltec_mic_ros2/package.xml
[8.282s] Invoked command in '/home/tang/voice/ws_voice/build/wheeltec_mic_ros2' returned '0': AMENT_PREFIX_PATH=/home/tang/voice/ws_voice/install/wheeltec_mic_msg:${AMENT_PREFIX_PATH} CMAKE_PREFIX_PATH=/home/tang/voice/ws_voice/install/wheeltec_mic_msg:/opt/bxi/bxi_ros2_pkg:/opt/ros/humble LD_LIBRARY_PATH=/home/tang/voice/ws_voice/install/wheeltec_mic_msg/lib:/usr/local/lib:/usr/local/cuda-12.4/lib64:/opt/bxi/bxi_ros2_pkg/lib:/opt/ros/humble/opt/rviz_ogre_vendor/lib:/opt/ros/humble/lib/x86_64-linux-gnu:/opt/ros/humble/lib:/usr/lib/x86_64-linux-gnu:/home/.mujoco/mujoco-3.3.3-linux-x86_64/mujoco-3.3.3/bin:/home/tang/.mujoco/mujoco336/mujoco-3.3.6bin PYTHONPATH=/home/tang/voice/ws_voice/install/wheeltec_mic_msg/local/lib/python3.10/dist-packages:${PYTHONPATH} /usr/bin/cmake --install /home/tang/voice/ws_voice/build/wheeltec_mic_ros2
