[0.006s] Invoking command in '/home/tang/tang_ws/navigation2/build/livox_ros_driver2': CMAKE_PREFIX_PATH=${CMAKE_PREFIX_PATH}:/opt/ros/humble /usr/bin/cmake /home/tang/tang_ws/navigation2/src/livox_ros_driver2 -DROS_EDITION=ROS2 -DHUMBLE_ROS=humble -DCMAKE_INSTALL_PREFIX=/home/tang/tang_ws/navigation2/install/livox_ros_driver2
[0.043s] -- The C compiler identification is GNU 11.4.0
[0.075s] -- The CXX compiler identification is GNU 11.4.0
[0.079s] -- Detecting C compiler ABI info
[0.123s] -- Detecting C compiler ABI info - done
[0.127s] -- Check for working C compiler: /usr/bin/gcc-11 - skipped
[0.128s] -- Detecting C compile features
[0.128s] -- Detecting C compile features - done
[0.129s] -- Detecting CXX compiler ABI info
[0.182s] -- Detecting CXX compiler ABI info - done
[0.187s] -- Check for working CXX compiler: /usr/bin/g++-11 - skipped
[0.187s] -- Detecting CXX compile features
[0.187s] -- Detecting CXX compile features - done
[0.188s] -- livox_ros_driver2 version: 1.2.4
[0.188s] -- Found ament_cmake_auto: 1.3.12 (/opt/ros/humble/share/ament_cmake_auto/cmake)
[0.328s] -- Found Python3: /usr/bin/python3 (found version "3.10.12") found components: Interpreter 
[0.445s] -- Using all available rosidl_typesupport_c: rosidl_typesupport_fastrtps_c;rosidl_typesupport_introspection_c
[0.450s] -- Found rosidl_adapter: 3.1.7 (/opt/ros/humble/share/rosidl_adapter/cmake)
[0.472s] -- Using all available rosidl_typesupport_cpp: rosidl_typesupport_fastrtps_cpp;rosidl_typesupport_introspection_cpp
[0.518s] -- Found rmw_implementation_cmake: 6.1.2 (/opt/ros/humble/share/rmw_implementation_cmake/cmake)
[0.520s] -- Found rmw_fastrtps_cpp: 6.2.9 (/opt/ros/humble/share/rmw_fastrtps_cpp/cmake)
[0.578s] -- Found OpenSSL: /usr/lib/x86_64-linux-gnu/libcrypto.so (found version "3.0.2")  
[0.593s] -- Found FastRTPS: /opt/ros/humble/include  
[0.609s] -- Using RMW implementation 'rmw_fastrtps_cpp' as default
[0.614s] -- Looking for pthread.h
[0.671s] -- Looking for pthread.h - found
[0.671s] -- Performing Test CMAKE_HAVE_LIBC_PTHREAD
[0.723s] -- Performing Test CMAKE_HAVE_LIBC_PTHREAD - Success
[0.723s] -- Found Threads: TRUE  
[0.806s] -- Checking for module 'eigen3'
[0.815s] --   Found eigen3, version 3.4.0
[0.836s] -- Found Eigen: /usr/include/eigen3 (Required is at least version "3.1") 
[0.836s] -- Eigen found (include: /usr/include/eigen3, version: 3.4.0)
[0.857s] -- Checking for module 'flann'
[0.866s] --   Found flann, version 1.9.1
[0.891s] -- Found FLANN: /usr/lib/x86_64-linux-gnu/libflann_cpp.so  
[0.891s] -- FLANN found (include: /usr/include, lib: /usr/lib/x86_64-linux-gnu/libflann_cpp.so)
[1.461s] -- Checking for module 'libusb-1.0'
[1.470s] --   Found libusb-1.0, version 1.0.25
[1.493s] -- Found libusb: /usr/lib/x86_64-linux-gnu/libusb-1.0.so  
[1.493s] -- OpenNI found (version: 1.5.4.0, include: /usr/include/ni, lib: /usr/lib/libOpenNI.so;libusb::libusb)
[1.531s] -- OpenNI2 found (version: 2.2.0.33, include: /usr/include/openni2, lib: /usr/lib/x86_64-linux-gnu/libOpenNI2.so;libusb::libusb)
[1.625s] -- Eigen found (include: /usr/include/eigen3, version: 3.4.0)
[1.628s] -- OpenNI found (version: 1.5.4.0, include: /usr/include/ni, lib: /usr/lib/libOpenNI.so;libusb::libusb)
[1.633s] -- OpenNI2 found (version: 2.2.0.33, include: /usr/include/openni2, lib: /usr/lib/x86_64-linux-gnu/libOpenNI2.so;libusb::libusb)
[1.719s] -- Found Qhull version 8.0.2
[1.813s] -- OpenNI found (version: 1.5.4.0, include: /usr/include/ni, lib: /usr/lib/libOpenNI.so;libusb::libusb)
[1.898s] -- Found PCL_COMMON: /usr/lib/x86_64-linux-gnu/libpcl_common.so  
[1.898s] -- Found PCL_KDTREE: /usr/lib/x86_64-linux-gnu/libpcl_kdtree.so  
[1.898s] -- Found PCL_OCTREE: /usr/lib/x86_64-linux-gnu/libpcl_octree.so  
[1.899s] -- Found PCL_SEARCH: /usr/lib/x86_64-linux-gnu/libpcl_search.so  
[1.899s] -- Found PCL_SAMPLE_CONSENSUS: /usr/lib/x86_64-linux-gnu/libpcl_sample_consensus.so  
[1.900s] -- Found PCL_FILTERS: /usr/lib/x86_64-linux-gnu/libpcl_filters.so  
[1.900s] -- Found PCL_2D: /usr/include/pcl-1.12  
[1.900s] -- Found PCL_GEOMETRY: /usr/include/pcl-1.12  
[1.901s] -- Found PCL_IO: /usr/lib/x86_64-linux-gnu/libpcl_io.so  
[1.901s] -- Found PCL_FEATURES: /usr/lib/x86_64-linux-gnu/libpcl_features.so  
[1.902s] -- Found PCL_ML: /usr/lib/x86_64-linux-gnu/libpcl_ml.so  
[1.902s] -- Found PCL_SEGMENTATION: /usr/lib/x86_64-linux-gnu/libpcl_segmentation.so  
[1.903s] -- Found PCL_VISUALIZATION: /usr/lib/x86_64-linux-gnu/libpcl_visualization.so  
[1.904s] -- Found PCL_SURFACE: /usr/lib/x86_64-linux-gnu/libpcl_surface.so  
[1.904s] -- Found PCL_REGISTRATION: /usr/lib/x86_64-linux-gnu/libpcl_registration.so  
[1.905s] -- Found PCL_KEYPOINTS: /usr/lib/x86_64-linux-gnu/libpcl_keypoints.so  
[1.905s] -- Found PCL_TRACKING: /usr/lib/x86_64-linux-gnu/libpcl_tracking.so  
[1.906s] -- Found PCL_RECOGNITION: /usr/lib/x86_64-linux-gnu/libpcl_recognition.so  
[1.906s] -- Found PCL_STEREO: /usr/lib/x86_64-linux-gnu/libpcl_stereo.so  
[1.907s] -- Found PCL_APPS: /usr/lib/x86_64-linux-gnu/libpcl_apps.so  
[1.907s] -- Found PCL_IN_HAND_SCANNER: /usr/include/pcl-1.12  
[1.907s] -- Found PCL_MODELER: /usr/include/pcl-1.12  
[1.908s] -- Found PCL_POINT_CLOUD_EDITOR: /usr/include/pcl-1.12  
[1.908s] -- Found PCL_OUTOFCORE: /usr/lib/x86_64-linux-gnu/libpcl_outofcore.so  
[1.909s] -- Found PCL_PEOPLE: /usr/lib/x86_64-linux-gnu/libpcl_people.so  
[1.935s] -- Found PkgConfig: /usr/bin/pkg-config (found version "0.29.2") 
[1.935s] -- Checking for module 'apr-1'
[1.945s] --   Found apr-1, version 1.7.0
[1.968s] [0m/usr/include/apr-1.0[0m
[1.968s] [0mapr-1[0m
[2.106s] -- Found ament_cmake_ros: 0.10.0 (/opt/ros/humble/share/ament_cmake_ros/cmake)
[2.275s] -- Using all available rosidl_typesupport_c: rosidl_typesupport_fastrtps_c;rosidl_typesupport_introspection_c
[2.475s] -- Using all available rosidl_typesupport_cpp: rosidl_typesupport_fastrtps_cpp;rosidl_typesupport_introspection_cpp
[2.492s] -- Found PythonInterp: /usr/bin/python3 (found suitable version "3.10.12", minimum required is "3.6") 
[2.493s] -- Found python_cmake_module: 0.10.0 (/opt/ros/humble/share/python_cmake_module/cmake)
[2.513s] -- Found PythonLibs: /usr/lib/x86_64-linux-gnu/libpython3.10.so (found suitable version "3.10.12", minimum required is "3.5") 
[2.513s] -- Using PYTHON_EXECUTABLE: /usr/bin/python3
[2.513s] -- Using PYTHON_INCLUDE_DIRS: /usr/include/python3.10
[2.513s] -- Using PYTHON_LIBRARIES: /usr/lib/x86_64-linux-gnu/libpython3.10.so
[2.531s] -- Found PythonExtra: .so  
[2.572s] -- Found ament_lint_auto: 0.12.14 (/opt/ros/humble/share/ament_lint_auto/cmake)
[2.583s] -- Added test 'copyright' to check source files copyright and LICENSE
[2.585s] -- Added test 'cppcheck' to perform static code analysis on C / C++ code
[2.586s] -- Configured cppcheck include dirs: /home/tang/tang_ws/navigation2/src/livox_ros_driver2/3rdparty;/home/tang/tang_ws/navigation2/src/livox_ros_driver2/src
[2.586s] -- Configured cppcheck exclude dirs and/or files: 
[2.588s] -- Added test 'cpplint' to check C / C++ code against the Google style
[2.588s] -- Configured cpplint exclude dirs and/or files: 
[2.589s] -- Added test 'flake8' to check Python code syntax and style conventions
[2.589s] -- Added test 'lint_cmake' to check CMake code style
[2.590s] -- Added test 'pep257' to check Python code against some of the docstring style conventions in PEP 257
[2.592s] -- Added test 'uncrustify' to check C / C++ code style
[2.592s] -- Configured uncrustify additional arguments: 
[2.593s] -- Added test 'xmllint' to check XML markup files
[2.594s] -- Configuring done
[2.630s] -- Generating done
[2.641s] -- Build files have been written to: /home/tang/tang_ws/navigation2/build/livox_ros_driver2
[2.653s] Invoked command in '/home/tang/tang_ws/navigation2/build/livox_ros_driver2' returned '0': CMAKE_PREFIX_PATH=${CMAKE_PREFIX_PATH}:/opt/ros/humble /usr/bin/cmake /home/tang/tang_ws/navigation2/src/livox_ros_driver2 -DROS_EDITION=ROS2 -DHUMBLE_ROS=humble -DCMAKE_INSTALL_PREFIX=/home/tang/tang_ws/navigation2/install/livox_ros_driver2
[2.654s] Invoking command in '/home/tang/tang_ws/navigation2/build/livox_ros_driver2': CMAKE_PREFIX_PATH=${CMAKE_PREFIX_PATH}:/opt/ros/humble /usr/bin/cmake --build /home/tang/tang_ws/navigation2/build/livox_ros_driver2 -- -j16 -l16
[2.681s] [  1%] [34m[1mGenerating C code for ROS interfaces[0m
[2.687s] [  3%] [32mBuilding CXX object CMakeFiles/livox_ros_driver2_node.dir/rclcpp_components/node_main_livox_ros_driver2_node.cpp.o[0m
[2.690s] [  5%] [34m[1mGenerating C++ code for ROS interfaces[0m
[2.693s] [  5%] Built target ament_cmake_python_copy_livox_ros_driver2
[2.828s] running egg_info
[2.828s] creating livox_ros_driver2.egg-info
[2.828s] writing livox_ros_driver2.egg-info/PKG-INFO
[2.828s] writing dependency_links to livox_ros_driver2.egg-info/dependency_links.txt
[2.829s] writing top-level names to livox_ros_driver2.egg-info/top_level.txt
[2.829s] writing manifest file 'livox_ros_driver2.egg-info/SOURCES.txt'
[2.830s] reading manifest file 'livox_ros_driver2.egg-info/SOURCES.txt'
[2.831s] writing manifest file 'livox_ros_driver2.egg-info/SOURCES.txt'
[2.850s] [  5%] Built target ament_cmake_python_build_livox_ros_driver2_egg
[2.922s] [  7%] [32mBuilding C object CMakeFiles/livox_interfaces2__rosidl_generator_c.dir/rosidl_generator_c/livox_ros_driver2/msg/detail/custom_msg__functions.c.o[0m
[2.924s] [  7%] Built target livox_interfaces2__cpp
[2.924s] [  8%] [32mBuilding C object CMakeFiles/livox_interfaces2__rosidl_generator_c.dir/rosidl_generator_c/livox_ros_driver2/msg/detail/custom_point__functions.c.o[0m
[2.931s] [ 12%] [34m[1mGenerating C++ introspection for ROS interfaces[0m
[2.931s] [ 12%] [34m[1mGenerating C++ type support dispatch for ROS interfaces[0m
[2.933s] [ 14%] [34m[1mGenerating C++ type support for eProsima Fast-RTPS[0m
[2.961s] [ 15%] [32m[1mLinking C shared library liblivox_ros_driver2__rosidl_generator_c.so[0m
[2.992s] [ 15%] Built target livox_interfaces2__rosidl_generator_c
[2.999s] [ 17%] [34m[1mGenerating C type support dispatch for ROS interfaces[0m
[3.000s] [ 21%] [34m[1mGenerating C type support for eProsima Fast-RTPS[0m
[3.000s] [ 21%] [34m[1mGenerating C introspection for ROS interfaces[0m
[3.150s] [ 22%] [32mBuilding CXX object CMakeFiles/livox_interfaces2__rosidl_typesupport_cpp.dir/rosidl_typesupport_cpp/livox_ros_driver2/msg/custom_msg__type_support.cpp.o[0m
[3.151s] [ 24%] [32mBuilding CXX object CMakeFiles/livox_interfaces2__rosidl_typesupport_cpp.dir/rosidl_typesupport_cpp/livox_ros_driver2/msg/custom_point__type_support.cpp.o[0m
[3.167s] [ 28%] [32mBuilding CXX object CMakeFiles/livox_interfaces2__rosidl_typesupport_introspection_cpp.dir/rosidl_typesupport_introspection_cpp/livox_ros_driver2/msg/detail/custom_point__type_support.cpp.o[0m
[3.167s] [ 28%] [32mBuilding CXX object CMakeFiles/livox_interfaces2__rosidl_typesupport_introspection_cpp.dir/rosidl_typesupport_introspection_cpp/livox_ros_driver2/msg/detail/custom_msg__type_support.cpp.o[0m
[3.256s] [ 33%] [32mBuilding C object CMakeFiles/livox_interfaces2__rosidl_typesupport_introspection_c.dir/rosidl_typesupport_introspection_c/livox_ros_driver2/msg/detail/custom_msg__type_support.c.o[0m
[3.256s] [ 33%] [32mBuilding CXX object CMakeFiles/livox_interfaces2__rosidl_typesupport_fastrtps_c.dir/rosidl_typesupport_fastrtps_c/livox_ros_driver2/msg/detail/custom_point__type_support_c.cpp.o[0m
[3.256s] [ 33%] [32mBuilding C object CMakeFiles/livox_interfaces2__rosidl_typesupport_introspection_c.dir/rosidl_typesupport_introspection_c/livox_ros_driver2/msg/detail/custom_point__type_support.c.o[0m
[3.257s] [ 35%] [32mBuilding CXX object CMakeFiles/livox_interfaces2__rosidl_typesupport_fastrtps_c.dir/rosidl_typesupport_fastrtps_c/livox_ros_driver2/msg/detail/custom_msg__type_support_c.cpp.o[0m
[3.299s] [ 36%] [32m[1mLinking C shared library liblivox_ros_driver2__rosidl_typesupport_introspection_c.so[0m
[3.336s] [ 36%] Built target livox_interfaces2__rosidl_typesupport_introspection_c
[3.338s] [ 38%] [32mBuilding CXX object CMakeFiles/livox_interfaces2__rosidl_typesupport_fastrtps_cpp.dir/rosidl_typesupport_fastrtps_cpp/livox_ros_driver2/msg/detail/dds_fastrtps/custom_point__type_support.cpp.o[0m
[3.338s] [ 40%] [32mBuilding CXX object CMakeFiles/livox_interfaces2__rosidl_typesupport_fastrtps_cpp.dir/rosidl_typesupport_fastrtps_cpp/livox_ros_driver2/msg/detail/dds_fastrtps/custom_msg__type_support.cpp.o[0m
[3.404s] [ 43%] [32mBuilding CXX object CMakeFiles/livox_interfaces2__rosidl_typesupport_c.dir/rosidl_typesupport_c/livox_ros_driver2/msg/custom_msg__type_support.cpp.o[0m
[3.404s] [ 43%] [32mBuilding CXX object CMakeFiles/livox_interfaces2__rosidl_typesupport_c.dir/rosidl_typesupport_c/livox_ros_driver2/msg/custom_point__type_support.cpp.o[0m
[3.438s] [ 45%] [32m[1mLinking CXX shared library liblivox_ros_driver2__rosidl_typesupport_c.so[0m
[3.443s] [ 47%] [32m[1mLinking CXX shared library liblivox_ros_driver2__rosidl_typesupport_cpp.so[0m
[3.470s] [ 47%] Built target livox_interfaces2__rosidl_typesupport_c
[3.474s] [ 47%] Built target livox_interfaces2__rosidl_typesupport_cpp
[3.495s] [ 54%] [32mBuilding CXX object CMakeFiles/livox_ros_driver2.dir/src/lds_lidar.cpp.o[0m
[3.495s] [ 54%] [32mBuilding CXX object CMakeFiles/livox_ros_driver2.dir/src/comm/cache_index.cpp.o[0m
[3.495s] [ 54%] [32mBuilding CXX object CMakeFiles/livox_ros_driver2.dir/src/comm/ldq.cpp.o[0m
[3.495s] [ 54%] [32mBuilding CXX object CMakeFiles/livox_ros_driver2.dir/src/lddc.cpp.o[0m
[3.495s] [ 56%] [32mBuilding CXX object CMakeFiles/livox_ros_driver2.dir/src/lds.cpp.o[0m
[3.495s] [ 59%] [32mBuilding CXX object CMakeFiles/livox_ros_driver2.dir/src/comm/semaphore.cpp.o[0m
[3.497s] [ 59%] [32mBuilding CXX object CMakeFiles/livox_ros_driver2.dir/src/livox_ros_driver2.cpp.o[0m
[3.497s] [ 61%] [32mBuilding CXX object CMakeFiles/livox_ros_driver2.dir/src/driver_node.cpp.o[0m
[3.497s] [ 63%] [32mBuilding CXX object CMakeFiles/livox_ros_driver2.dir/src/comm/comm.cpp.o[0m
[3.500s] [ 64%] [32mBuilding CXX object CMakeFiles/livox_ros_driver2.dir/src/comm/lidar_imu_data_queue.cpp.o[0m
[3.511s] [ 66%] [32mBuilding CXX object CMakeFiles/livox_ros_driver2.dir/src/comm/pub_handler.cpp.o[0m
[3.539s] [ 68%] [32m[1mLinking CXX shared library liblivox_ros_driver2__rosidl_typesupport_introspection_cpp.so[0m
[3.660s] [ 70%] [32m[1mLinking CXX shared library liblivox_ros_driver2__rosidl_typesupport_fastrtps_c.so[0m
[3.719s] [ 71%] [32mBuilding CXX object CMakeFiles/livox_ros_driver2.dir/src/parse_cfg_file/parse_cfg_file.cpp.o[0m
[3.876s] [ 71%] Built target livox_interfaces2__rosidl_typesupport_introspection_cpp
[3.881s] [ 73%] [32mBuilding CXX object CMakeFiles/livox_ros_driver2.dir/src/parse_cfg_file/parse_livox_lidar_cfg.cpp.o[0m
[3.888s] [ 77%] [32mBuilding CXX object CMakeFiles/livox_ros_driver2.dir/src/call_back/livox_lidar_callback.cpp.o[0m
[3.888s] [ 77%] [32mBuilding CXX object CMakeFiles/livox_ros_driver2.dir/src/call_back/lidar_common_callback.cpp.o[0m
[3.909s] [ 78%] [32m[1mLinking CXX shared library liblivox_ros_driver2__rosidl_typesupport_fastrtps_cpp.so[0m
[3.976s] [ 78%] Built target livox_interfaces2__rosidl_typesupport_fastrtps_c
[4.159s] [ 78%] Built target livox_interfaces2__rosidl_typesupport_fastrtps_cpp
[4.190s] [ 78%] Built target livox_interfaces2
[4.225s] [ 80%] [34m[1mGenerating Python code for ROS interfaces[0m
[4.785s] [ 80%] Built target livox_interfaces2__py
[4.799s] [ 82%] [32mBuilding C object CMakeFiles/livox_interfaces2__rosidl_generator_py.dir/rosidl_generator_py/livox_ros_driver2/msg/_custom_msg_s.c.o[0m
[4.801s] [ 84%] [32mBuilding C object CMakeFiles/livox_interfaces2__rosidl_generator_py.dir/rosidl_generator_py/livox_ros_driver2/msg/_custom_point_s.c.o[0m
[4.898s] [ 85%] [32m[1mLinking C shared library rosidl_generator_py/livox_ros_driver2/liblivox_interfaces2__rosidl_generator_py.so[0m
[4.936s] [ 85%] Built target livox_interfaces2__rosidl_generator_py
[4.950s] [ 87%] [32mBuilding C object CMakeFiles/livox_ros_driver2__rosidl_typesupport_c__pyext.dir/rosidl_generator_py/livox_ros_driver2/_livox_ros_driver2_s.ep.rosidl_typesupport_c.c.o[0m
[4.950s] [ 89%] [32mBuilding C object CMakeFiles/livox_ros_driver2__rosidl_typesupport_fastrtps_c__pyext.dir/rosidl_generator_py/livox_ros_driver2/_livox_ros_driver2_s.ep.rosidl_typesupport_fastrtps_c.c.o[0m
[4.952s] [ 91%] [32mBuilding C object CMakeFiles/livox_ros_driver2__rosidl_typesupport_introspection_c__pyext.dir/rosidl_generator_py/livox_ros_driver2/_livox_ros_driver2_s.ep.rosidl_typesupport_introspection_c.c.o[0m
[5.010s] [ 92%] [32m[1mLinking C shared library rosidl_generator_py/livox_ros_driver2/livox_ros_driver2_s__rosidl_typesupport_introspection_c.cpython-310-x86_64-linux-gnu.so[0m
[5.010s] [ 94%] [32m[1mLinking C shared library rosidl_generator_py/livox_ros_driver2/livox_ros_driver2_s__rosidl_typesupport_fastrtps_c.cpython-310-x86_64-linux-gnu.so[0m
[5.036s] [ 94%] Built target livox_ros_driver2__rosidl_typesupport_introspection_c__pyext
[5.038s] [ 94%] Built target livox_ros_driver2__rosidl_typesupport_fastrtps_c__pyext
[5.039s] [ 96%] [32m[1mLinking C shared library rosidl_generator_py/livox_ros_driver2/livox_ros_driver2_s__rosidl_typesupport_c.cpython-310-x86_64-linux-gnu.so[0m
[5.064s] [ 96%] Built target livox_ros_driver2__rosidl_typesupport_c__pyext
[5.468s] [ 98%] [32m[1mLinking CXX executable livox_ros_driver2_node[0m
[5.563s] [ 98%] Built target livox_ros_driver2_node
[8.753s] [100%] [32m[1mLinking CXX shared library liblivox_ros_driver2.so[0m
[9.268s] [100%] Built target livox_ros_driver2
[9.277s] Invoked command in '/home/tang/tang_ws/navigation2/build/livox_ros_driver2' returned '0': CMAKE_PREFIX_PATH=${CMAKE_PREFIX_PATH}:/opt/ros/humble /usr/bin/cmake --build /home/tang/tang_ws/navigation2/build/livox_ros_driver2 -- -j16 -l16
[9.282s] Invoking command in '/home/tang/tang_ws/navigation2/build/livox_ros_driver2': CMAKE_PREFIX_PATH=${CMAKE_PREFIX_PATH}:/opt/ros/humble /usr/bin/cmake --install /home/tang/tang_ws/navigation2/build/livox_ros_driver2
[9.287s] -- Install configuration: ""
[9.287s] -- Installing: /home/tang/tang_ws/navigation2/install/livox_ros_driver2/share/ament_index/resource_index/rosidl_interfaces/livox_ros_driver2
[9.287s] -- Installing: /home/tang/tang_ws/navigation2/install/livox_ros_driver2/include/livox_ros_driver2/livox_ros_driver2
[9.287s] -- Installing: /home/tang/tang_ws/navigation2/install/livox_ros_driver2/include/livox_ros_driver2/livox_ros_driver2/msg
[9.287s] -- Installing: /home/tang/tang_ws/navigation2/install/livox_ros_driver2/include/livox_ros_driver2/livox_ros_driver2/msg/custom_point.h
[9.287s] -- Installing: /home/tang/tang_ws/navigation2/install/livox_ros_driver2/include/livox_ros_driver2/livox_ros_driver2/msg/custom_msg.h
[9.287s] -- Installing: /home/tang/tang_ws/navigation2/install/livox_ros_driver2/include/livox_ros_driver2/livox_ros_driver2/msg/rosidl_generator_c__visibility_control.h
[9.287s] -- Installing: /home/tang/tang_ws/navigation2/install/livox_ros_driver2/include/livox_ros_driver2/livox_ros_driver2/msg/detail
[9.288s] -- Installing: /home/tang/tang_ws/navigation2/install/livox_ros_driver2/include/livox_ros_driver2/livox_ros_driver2/msg/detail/custom_msg__type_support.h
[9.288s] -- Installing: /home/tang/tang_ws/navigation2/install/livox_ros_driver2/include/livox_ros_driver2/livox_ros_driver2/msg/detail/custom_point__struct.h
[9.288s] -- Installing: /home/tang/tang_ws/navigation2/install/livox_ros_driver2/include/livox_ros_driver2/livox_ros_driver2/msg/detail/custom_msg__functions.h
[9.288s] -- Installing: /home/tang/tang_ws/navigation2/install/livox_ros_driver2/include/livox_ros_driver2/livox_ros_driver2/msg/detail/custom_point__functions.h
[9.288s] -- Installing: /home/tang/tang_ws/navigation2/install/livox_ros_driver2/include/livox_ros_driver2/livox_ros_driver2/msg/detail/custom_point__type_support.h
[9.288s] -- Installing: /home/tang/tang_ws/navigation2/install/livox_ros_driver2/include/livox_ros_driver2/livox_ros_driver2/msg/detail/custom_msg__struct.h
[9.288s] -- Installing: /home/tang/tang_ws/navigation2/install/livox_ros_driver2/include/livox_ros_driver2/livox_ros_driver2/msg/detail/custom_point__functions.c
[9.288s] -- Installing: /home/tang/tang_ws/navigation2/install/livox_ros_driver2/include/livox_ros_driver2/livox_ros_driver2/msg/detail/custom_msg__functions.c
[9.288s] -- Installing: /home/tang/tang_ws/navigation2/install/livox_ros_driver2/share/livox_ros_driver2/environment/library_path.sh
[9.288s] -- Installing: /home/tang/tang_ws/navigation2/install/livox_ros_driver2/share/livox_ros_driver2/environment/library_path.dsv
[9.288s] -- Installing: /home/tang/tang_ws/navigation2/install/livox_ros_driver2/lib/liblivox_ros_driver2__rosidl_generator_c.so
[9.288s] -- Set runtime path of "/home/tang/tang_ws/navigation2/install/livox_ros_driver2/lib/liblivox_ros_driver2__rosidl_generator_c.so" to ""
[9.288s] -- Up-to-date: /home/tang/tang_ws/navigation2/install/livox_ros_driver2/include/livox_ros_driver2/livox_ros_driver2
[9.288s] -- Up-to-date: /home/tang/tang_ws/navigation2/install/livox_ros_driver2/include/livox_ros_driver2/livox_ros_driver2/msg
[9.288s] -- Installing: /home/tang/tang_ws/navigation2/install/livox_ros_driver2/include/livox_ros_driver2/livox_ros_driver2/msg/rosidl_typesupport_fastrtps_c__visibility_control.h
[9.288s] -- Up-to-date: /home/tang/tang_ws/navigation2/install/livox_ros_driver2/include/livox_ros_driver2/livox_ros_driver2/msg/detail
[9.288s] -- Installing: /home/tang/tang_ws/navigation2/install/livox_ros_driver2/include/livox_ros_driver2/livox_ros_driver2/msg/detail/custom_point__rosidl_typesupport_fastrtps_c.h
[9.288s] -- Installing: /home/tang/tang_ws/navigation2/install/livox_ros_driver2/include/livox_ros_driver2/livox_ros_driver2/msg/detail/custom_msg__rosidl_typesupport_fastrtps_c.h
[9.288s] -- Installing: /home/tang/tang_ws/navigation2/install/livox_ros_driver2/lib/liblivox_ros_driver2__rosidl_typesupport_fastrtps_c.so
[9.288s] -- Set runtime path of "/home/tang/tang_ws/navigation2/install/livox_ros_driver2/lib/liblivox_ros_driver2__rosidl_typesupport_fastrtps_c.so" to ""
[9.288s] -- Up-to-date: /home/tang/tang_ws/navigation2/install/livox_ros_driver2/include/livox_ros_driver2/livox_ros_driver2
[9.288s] -- Up-to-date: /home/tang/tang_ws/navigation2/install/livox_ros_driver2/include/livox_ros_driver2/livox_ros_driver2/msg
[9.288s] -- Installing: /home/tang/tang_ws/navigation2/install/livox_ros_driver2/include/livox_ros_driver2/livox_ros_driver2/msg/rosidl_typesupport_introspection_c__visibility_control.h
[9.289s] -- Up-to-date: /home/tang/tang_ws/navigation2/install/livox_ros_driver2/include/livox_ros_driver2/livox_ros_driver2/msg/detail
[9.289s] -- Installing: /home/tang/tang_ws/navigation2/install/livox_ros_driver2/include/livox_ros_driver2/livox_ros_driver2/msg/detail/custom_point__rosidl_typesupport_introspection_c.h
[9.289s] -- Installing: /home/tang/tang_ws/navigation2/install/livox_ros_driver2/include/livox_ros_driver2/livox_ros_driver2/msg/detail/custom_point__type_support.c
[9.289s] -- Installing: /home/tang/tang_ws/navigation2/install/livox_ros_driver2/include/livox_ros_driver2/livox_ros_driver2/msg/detail/custom_msg__type_support.c
[9.289s] -- Installing: /home/tang/tang_ws/navigation2/install/livox_ros_driver2/include/livox_ros_driver2/livox_ros_driver2/msg/detail/custom_msg__rosidl_typesupport_introspection_c.h
[9.289s] -- Installing: /home/tang/tang_ws/navigation2/install/livox_ros_driver2/lib/liblivox_ros_driver2__rosidl_typesupport_introspection_c.so
[9.289s] -- Set runtime path of "/home/tang/tang_ws/navigation2/install/livox_ros_driver2/lib/liblivox_ros_driver2__rosidl_typesupport_introspection_c.so" to ""
[9.289s] -- Installing: /home/tang/tang_ws/navigation2/install/livox_ros_driver2/lib/liblivox_ros_driver2__rosidl_typesupport_c.so
[9.289s] -- Set runtime path of "/home/tang/tang_ws/navigation2/install/livox_ros_driver2/lib/liblivox_ros_driver2__rosidl_typesupport_c.so" to ""
[9.289s] -- Up-to-date: /home/tang/tang_ws/navigation2/install/livox_ros_driver2/include/livox_ros_driver2/livox_ros_driver2
[9.289s] -- Up-to-date: /home/tang/tang_ws/navigation2/install/livox_ros_driver2/include/livox_ros_driver2/livox_ros_driver2/msg
[9.289s] -- Installing: /home/tang/tang_ws/navigation2/install/livox_ros_driver2/include/livox_ros_driver2/livox_ros_driver2/msg/custom_msg.hpp
[9.289s] -- Up-to-date: /home/tang/tang_ws/navigation2/install/livox_ros_driver2/include/livox_ros_driver2/livox_ros_driver2/msg/detail
[9.289s] -- Installing: /home/tang/tang_ws/navigation2/install/livox_ros_driver2/include/livox_ros_driver2/livox_ros_driver2/msg/detail/custom_msg__struct.hpp
[9.289s] -- Installing: /home/tang/tang_ws/navigation2/install/livox_ros_driver2/include/livox_ros_driver2/livox_ros_driver2/msg/detail/custom_point__type_support.hpp
[9.289s] -- Installing: /home/tang/tang_ws/navigation2/install/livox_ros_driver2/include/livox_ros_driver2/livox_ros_driver2/msg/detail/custom_point__builder.hpp
[9.289s] -- Installing: /home/tang/tang_ws/navigation2/install/livox_ros_driver2/include/livox_ros_driver2/livox_ros_driver2/msg/detail/custom_msg__traits.hpp
[9.289s] -- Installing: /home/tang/tang_ws/navigation2/install/livox_ros_driver2/include/livox_ros_driver2/livox_ros_driver2/msg/detail/custom_point__struct.hpp
[9.289s] -- Installing: /home/tang/tang_ws/navigation2/install/livox_ros_driver2/include/livox_ros_driver2/livox_ros_driver2/msg/detail/custom_msg__type_support.hpp
[9.289s] -- Installing: /home/tang/tang_ws/navigation2/install/livox_ros_driver2/include/livox_ros_driver2/livox_ros_driver2/msg/detail/custom_msg__builder.hpp
[9.289s] -- Installing: /home/tang/tang_ws/navigation2/install/livox_ros_driver2/include/livox_ros_driver2/livox_ros_driver2/msg/detail/custom_point__traits.hpp
[9.289s] -- Installing: /home/tang/tang_ws/navigation2/install/livox_ros_driver2/include/livox_ros_driver2/livox_ros_driver2/msg/rosidl_generator_cpp__visibility_control.hpp
[9.289s] -- Installing: /home/tang/tang_ws/navigation2/install/livox_ros_driver2/include/livox_ros_driver2/livox_ros_driver2/msg/custom_point.hpp
[9.289s] -- Up-to-date: /home/tang/tang_ws/navigation2/install/livox_ros_driver2/include/livox_ros_driver2/livox_ros_driver2
[9.289s] -- Up-to-date: /home/tang/tang_ws/navigation2/install/livox_ros_driver2/include/livox_ros_driver2/livox_ros_driver2/msg
[9.289s] -- Installing: /home/tang/tang_ws/navigation2/install/livox_ros_driver2/include/livox_ros_driver2/livox_ros_driver2/msg/rosidl_typesupport_fastrtps_cpp__visibility_control.h
[9.289s] -- Up-to-date: /home/tang/tang_ws/navigation2/install/livox_ros_driver2/include/livox_ros_driver2/livox_ros_driver2/msg/detail
[9.290s] -- Installing: /home/tang/tang_ws/navigation2/install/livox_ros_driver2/include/livox_ros_driver2/livox_ros_driver2/msg/detail/custom_point__rosidl_typesupport_fastrtps_cpp.hpp
[9.290s] -- Installing: /home/tang/tang_ws/navigation2/install/livox_ros_driver2/include/livox_ros_driver2/livox_ros_driver2/msg/detail/dds_fastrtps
[9.290s] -- Installing: /home/tang/tang_ws/navigation2/install/livox_ros_driver2/include/livox_ros_driver2/livox_ros_driver2/msg/detail/custom_msg__rosidl_typesupport_fastrtps_cpp.hpp
[9.290s] -- Installing: /home/tang/tang_ws/navigation2/install/livox_ros_driver2/lib/liblivox_ros_driver2__rosidl_typesupport_fastrtps_cpp.so
[9.290s] -- Set runtime path of "/home/tang/tang_ws/navigation2/install/livox_ros_driver2/lib/liblivox_ros_driver2__rosidl_typesupport_fastrtps_cpp.so" to ""
[9.290s] -- Up-to-date: /home/tang/tang_ws/navigation2/install/livox_ros_driver2/include/livox_ros_driver2/livox_ros_driver2
[9.290s] -- Up-to-date: /home/tang/tang_ws/navigation2/install/livox_ros_driver2/include/livox_ros_driver2/livox_ros_driver2/msg
[9.290s] -- Up-to-date: /home/tang/tang_ws/navigation2/install/livox_ros_driver2/include/livox_ros_driver2/livox_ros_driver2/msg/detail
[9.290s] -- Installing: /home/tang/tang_ws/navigation2/install/livox_ros_driver2/include/livox_ros_driver2/livox_ros_driver2/msg/detail/custom_point__type_support.cpp
[9.290s] -- Installing: /home/tang/tang_ws/navigation2/install/livox_ros_driver2/include/livox_ros_driver2/livox_ros_driver2/msg/detail/custom_msg__type_support.cpp
[9.290s] -- Installing: /home/tang/tang_ws/navigation2/install/livox_ros_driver2/include/livox_ros_driver2/livox_ros_driver2/msg/detail/custom_msg__rosidl_typesupport_introspection_cpp.hpp
[9.290s] -- Installing: /home/tang/tang_ws/navigation2/install/livox_ros_driver2/include/livox_ros_driver2/livox_ros_driver2/msg/detail/custom_point__rosidl_typesupport_introspection_cpp.hpp
[9.290s] -- Installing: /home/tang/tang_ws/navigation2/install/livox_ros_driver2/lib/liblivox_ros_driver2__rosidl_typesupport_introspection_cpp.so
[9.290s] -- Set runtime path of "/home/tang/tang_ws/navigation2/install/livox_ros_driver2/lib/liblivox_ros_driver2__rosidl_typesupport_introspection_cpp.so" to ""
[9.290s] -- Installing: /home/tang/tang_ws/navigation2/install/livox_ros_driver2/lib/liblivox_ros_driver2__rosidl_typesupport_cpp.so
[9.290s] -- Set runtime path of "/home/tang/tang_ws/navigation2/install/livox_ros_driver2/lib/liblivox_ros_driver2__rosidl_typesupport_cpp.so" to ""
[9.290s] -- Installing: /home/tang/tang_ws/navigation2/install/livox_ros_driver2/share/livox_ros_driver2/environment/pythonpath.sh
[9.290s] -- Installing: /home/tang/tang_ws/navigation2/install/livox_ros_driver2/share/livox_ros_driver2/environment/pythonpath.dsv
[9.290s] -- Installing: /home/tang/tang_ws/navigation2/install/livox_ros_driver2/local/lib/python3.10/dist-packages/livox_ros_driver2-1.0.0-py3.10.egg-info
[9.290s] -- Installing: /home/tang/tang_ws/navigation2/install/livox_ros_driver2/local/lib/python3.10/dist-packages/livox_ros_driver2-1.0.0-py3.10.egg-info/PKG-INFO
[9.290s] -- Installing: /home/tang/tang_ws/navigation2/install/livox_ros_driver2/local/lib/python3.10/dist-packages/livox_ros_driver2-1.0.0-py3.10.egg-info/dependency_links.txt
[9.290s] -- Installing: /home/tang/tang_ws/navigation2/install/livox_ros_driver2/local/lib/python3.10/dist-packages/livox_ros_driver2-1.0.0-py3.10.egg-info/top_level.txt
[9.290s] -- Installing: /home/tang/tang_ws/navigation2/install/livox_ros_driver2/local/lib/python3.10/dist-packages/livox_ros_driver2-1.0.0-py3.10.egg-info/SOURCES.txt
[9.291s] -- Installing: /home/tang/tang_ws/navigation2/install/livox_ros_driver2/local/lib/python3.10/dist-packages/livox_ros_driver2
[9.291s] -- Installing: /home/tang/tang_ws/navigation2/install/livox_ros_driver2/local/lib/python3.10/dist-packages/livox_ros_driver2/_livox_ros_driver2_s.ep.rosidl_typesupport_fastrtps_c.c
[9.291s] -- Installing: /home/tang/tang_ws/navigation2/install/livox_ros_driver2/local/lib/python3.10/dist-packages/livox_ros_driver2/_livox_ros_driver2_s.ep.rosidl_typesupport_introspection_c.c
[9.291s] -- Installing: /home/tang/tang_ws/navigation2/install/livox_ros_driver2/local/lib/python3.10/dist-packages/livox_ros_driver2/livox_ros_driver2_s__rosidl_typesupport_fastrtps_c.cpython-310-x86_64-linux-gnu.so
[9.291s] -- Installing: /home/tang/tang_ws/navigation2/install/livox_ros_driver2/local/lib/python3.10/dist-packages/livox_ros_driver2/livox_ros_driver2_s__rosidl_typesupport_c.cpython-310-x86_64-linux-gnu.so
[9.291s] -- Installing: /home/tang/tang_ws/navigation2/install/livox_ros_driver2/local/lib/python3.10/dist-packages/livox_ros_driver2/_livox_ros_driver2_s.ep.rosidl_typesupport_c.c
[9.291s] -- Installing: /home/tang/tang_ws/navigation2/install/livox_ros_driver2/local/lib/python3.10/dist-packages/livox_ros_driver2/msg
[9.291s] -- Installing: /home/tang/tang_ws/navigation2/install/livox_ros_driver2/local/lib/python3.10/dist-packages/livox_ros_driver2/msg/_custom_point_s.c
[9.291s] -- Installing: /home/tang/tang_ws/navigation2/install/livox_ros_driver2/local/lib/python3.10/dist-packages/livox_ros_driver2/msg/_custom_msg_s.c
[9.291s] -- Installing: /home/tang/tang_ws/navigation2/install/livox_ros_driver2/local/lib/python3.10/dist-packages/livox_ros_driver2/msg/__init__.py
[9.291s] -- Installing: /home/tang/tang_ws/navigation2/install/livox_ros_driver2/local/lib/python3.10/dist-packages/livox_ros_driver2/msg/_custom_point.py
[9.291s] -- Installing: /home/tang/tang_ws/navigation2/install/livox_ros_driver2/local/lib/python3.10/dist-packages/livox_ros_driver2/msg/_custom_msg.py
[9.291s] -- Installing: /home/tang/tang_ws/navigation2/install/livox_ros_driver2/local/lib/python3.10/dist-packages/livox_ros_driver2/__init__.py
[9.291s] -- Installing: /home/tang/tang_ws/navigation2/install/livox_ros_driver2/local/lib/python3.10/dist-packages/livox_ros_driver2/livox_ros_driver2_s__rosidl_typesupport_introspection_c.cpython-310-x86_64-linux-gnu.so
[9.291s] -- Installing: /home/tang/tang_ws/navigation2/install/livox_ros_driver2/local/lib/python3.10/dist-packages/livox_ros_driver2/liblivox_interfaces2__rosidl_generator_py.so
[9.312s] Listing '/home/tang/tang_ws/navigation2/install/livox_ros_driver2/local/lib/python3.10/dist-packages/livox_ros_driver2'...
[9.312s] Compiling '/home/tang/tang_ws/navigation2/install/livox_ros_driver2/local/lib/python3.10/dist-packages/livox_ros_driver2/__init__.py'...
[9.312s] Listing '/home/tang/tang_ws/navigation2/install/livox_ros_driver2/local/lib/python3.10/dist-packages/livox_ros_driver2/msg'...
[9.312s] Compiling '/home/tang/tang_ws/navigation2/install/livox_ros_driver2/local/lib/python3.10/dist-packages/livox_ros_driver2/msg/__init__.py'...
[9.312s] Compiling '/home/tang/tang_ws/navigation2/install/livox_ros_driver2/local/lib/python3.10/dist-packages/livox_ros_driver2/msg/_custom_msg.py'...
[9.312s] Compiling '/home/tang/tang_ws/navigation2/install/livox_ros_driver2/local/lib/python3.10/dist-packages/livox_ros_driver2/msg/_custom_point.py'...
[9.315s] -- Installing: /home/tang/tang_ws/navigation2/install/livox_ros_driver2/local/lib/python3.10/dist-packages/livox_ros_driver2/livox_ros_driver2_s__rosidl_typesupport_fastrtps_c.cpython-310-x86_64-linux-gnu.so
[9.315s] -- Set runtime path of "/home/tang/tang_ws/navigation2/install/livox_ros_driver2/local/lib/python3.10/dist-packages/livox_ros_driver2/livox_ros_driver2_s__rosidl_typesupport_fastrtps_c.cpython-310-x86_64-linux-gnu.so" to ""
[9.315s] -- Installing: /home/tang/tang_ws/navigation2/install/livox_ros_driver2/local/lib/python3.10/dist-packages/livox_ros_driver2/livox_ros_driver2_s__rosidl_typesupport_introspection_c.cpython-310-x86_64-linux-gnu.so
[9.315s] -- Set runtime path of "/home/tang/tang_ws/navigation2/install/livox_ros_driver2/local/lib/python3.10/dist-packages/livox_ros_driver2/livox_ros_driver2_s__rosidl_typesupport_introspection_c.cpython-310-x86_64-linux-gnu.so" to ""
[9.315s] -- Installing: /home/tang/tang_ws/navigation2/install/livox_ros_driver2/local/lib/python3.10/dist-packages/livox_ros_driver2/livox_ros_driver2_s__rosidl_typesupport_c.cpython-310-x86_64-linux-gnu.so
[9.315s] -- Set runtime path of "/home/tang/tang_ws/navigation2/install/livox_ros_driver2/local/lib/python3.10/dist-packages/livox_ros_driver2/livox_ros_driver2_s__rosidl_typesupport_c.cpython-310-x86_64-linux-gnu.so" to ""
[9.315s] -- Installing: /home/tang/tang_ws/navigation2/install/livox_ros_driver2/lib/liblivox_interfaces2__rosidl_generator_py.so
[9.315s] -- Set runtime path of "/home/tang/tang_ws/navigation2/install/livox_ros_driver2/lib/liblivox_interfaces2__rosidl_generator_py.so" to ""
[9.315s] -- Installing: /home/tang/tang_ws/navigation2/install/livox_ros_driver2/share/livox_ros_driver2/msg/CustomPoint.idl
[9.315s] -- Installing: /home/tang/tang_ws/navigation2/install/livox_ros_driver2/share/livox_ros_driver2/msg/CustomMsg.idl
[9.315s] -- Installing: /home/tang/tang_ws/navigation2/install/livox_ros_driver2/share/livox_ros_driver2/msg/CustomPoint.msg
[9.315s] -- Installing: /home/tang/tang_ws/navigation2/install/livox_ros_driver2/share/livox_ros_driver2/msg/CustomMsg.msg
[9.315s] -- Installing: /home/tang/tang_ws/navigation2/install/livox_ros_driver2/lib/livox_ros_driver2/livox_ros_driver2_node
[9.316s] -- Set runtime path of "/home/tang/tang_ws/navigation2/install/livox_ros_driver2/lib/livox_ros_driver2/livox_ros_driver2_node" to ""
[9.316s] -- Installing: /home/tang/tang_ws/navigation2/install/livox_ros_driver2/lib/liblivox_ros_driver2.so
[9.317s] -- Set runtime path of "/home/tang/tang_ws/navigation2/install/livox_ros_driver2/lib/liblivox_ros_driver2.so" to ""
[9.317s] -- Installing: /home/tang/tang_ws/navigation2/install/livox_ros_driver2/share/livox_ros_driver2/config
[9.317s] -- Installing: /home/tang/tang_ws/navigation2/install/livox_ros_driver2/share/livox_ros_driver2/config/display_point_cloud_ROS1.rviz
[9.318s] -- Installing: /home/tang/tang_ws/navigation2/install/livox_ros_driver2/share/livox_ros_driver2/config/mixed_HAP_MID360_config.json
[9.318s] -- Installing: /home/tang/tang_ws/navigation2/install/livox_ros_driver2/share/livox_ros_driver2/config/MID360_config.json
[9.318s] -- Installing: /home/tang/tang_ws/navigation2/install/livox_ros_driver2/share/livox_ros_driver2/config/HAP_config.json
[9.318s] -- Installing: /home/tang/tang_ws/navigation2/install/livox_ros_driver2/share/livox_ros_driver2/config/display_point_cloud_ROS2.rviz
[9.318s] -- Installing: /home/tang/tang_ws/navigation2/install/livox_ros_driver2/share/livox_ros_driver2/launch_ROS2
[9.318s] -- Installing: /home/tang/tang_ws/navigation2/install/livox_ros_driver2/share/livox_ros_driver2/launch_ROS2/rviz_MID360_launch.py
[9.318s] -- Installing: /home/tang/tang_ws/navigation2/install/livox_ros_driver2/share/livox_ros_driver2/launch_ROS2/msg_MID360_launch.py
[9.318s] -- Installing: /home/tang/tang_ws/navigation2/install/livox_ros_driver2/share/livox_ros_driver2/launch_ROS2/msg_HAP_launch.py
[9.318s] -- Installing: /home/tang/tang_ws/navigation2/install/livox_ros_driver2/share/livox_ros_driver2/launch_ROS2/rviz_mixed.py
[9.319s] -- Installing: /home/tang/tang_ws/navigation2/install/livox_ros_driver2/share/livox_ros_driver2/launch_ROS2/rviz_HAP_launch.py
[9.319s] -- Installing: /home/tang/tang_ws/navigation2/install/livox_ros_driver2/share/ament_index/resource_index/package_run_dependencies/livox_ros_driver2
[9.319s] -- Installing: /home/tang/tang_ws/navigation2/install/livox_ros_driver2/share/ament_index/resource_index/parent_prefix_path/livox_ros_driver2
[9.319s] -- Installing: /home/tang/tang_ws/navigation2/install/livox_ros_driver2/share/livox_ros_driver2/environment/ament_prefix_path.sh
[9.319s] -- Installing: /home/tang/tang_ws/navigation2/install/livox_ros_driver2/share/livox_ros_driver2/environment/ament_prefix_path.dsv
[9.319s] -- Installing: /home/tang/tang_ws/navigation2/install/livox_ros_driver2/share/livox_ros_driver2/environment/path.sh
[9.319s] -- Installing: /home/tang/tang_ws/navigation2/install/livox_ros_driver2/share/livox_ros_driver2/environment/path.dsv
[9.319s] -- Installing: /home/tang/tang_ws/navigation2/install/livox_ros_driver2/share/livox_ros_driver2/local_setup.bash
[9.319s] -- Installing: /home/tang/tang_ws/navigation2/install/livox_ros_driver2/share/livox_ros_driver2/local_setup.sh
[9.319s] -- Installing: /home/tang/tang_ws/navigation2/install/livox_ros_driver2/share/livox_ros_driver2/local_setup.zsh
[9.319s] -- Installing: /home/tang/tang_ws/navigation2/install/livox_ros_driver2/share/livox_ros_driver2/local_setup.dsv
[9.319s] -- Installing: /home/tang/tang_ws/navigation2/install/livox_ros_driver2/share/livox_ros_driver2/package.dsv
[9.319s] -- Installing: /home/tang/tang_ws/navigation2/install/livox_ros_driver2/share/ament_index/resource_index/packages/livox_ros_driver2
[9.319s] -- Installing: /home/tang/tang_ws/navigation2/install/livox_ros_driver2/share/livox_ros_driver2/cmake/export_livox_interfaces2__rosidl_generator_cExport.cmake
[9.319s] -- Installing: /home/tang/tang_ws/navigation2/install/livox_ros_driver2/share/livox_ros_driver2/cmake/export_livox_interfaces2__rosidl_generator_cExport-noconfig.cmake
[9.319s] -- Installing: /home/tang/tang_ws/navigation2/install/livox_ros_driver2/share/livox_ros_driver2/cmake/export_livox_interfaces2__rosidl_typesupport_fastrtps_cExport.cmake
[9.319s] -- Installing: /home/tang/tang_ws/navigation2/install/livox_ros_driver2/share/livox_ros_driver2/cmake/export_livox_interfaces2__rosidl_typesupport_fastrtps_cExport-noconfig.cmake
[9.319s] -- Installing: /home/tang/tang_ws/navigation2/install/livox_ros_driver2/share/livox_ros_driver2/cmake/livox_interfaces2__rosidl_typesupport_introspection_cExport.cmake
[9.319s] -- Installing: /home/tang/tang_ws/navigation2/install/livox_ros_driver2/share/livox_ros_driver2/cmake/livox_interfaces2__rosidl_typesupport_introspection_cExport-noconfig.cmake
[9.319s] -- Installing: /home/tang/tang_ws/navigation2/install/livox_ros_driver2/share/livox_ros_driver2/cmake/livox_interfaces2__rosidl_typesupport_cExport.cmake
[9.319s] -- Installing: /home/tang/tang_ws/navigation2/install/livox_ros_driver2/share/livox_ros_driver2/cmake/livox_interfaces2__rosidl_typesupport_cExport-noconfig.cmake
[9.320s] -- Installing: /home/tang/tang_ws/navigation2/install/livox_ros_driver2/share/livox_ros_driver2/cmake/export_livox_interfaces2__rosidl_generator_cppExport.cmake
[9.320s] -- Installing: /home/tang/tang_ws/navigation2/install/livox_ros_driver2/share/livox_ros_driver2/cmake/export_livox_interfaces2__rosidl_typesupport_fastrtps_cppExport.cmake
[9.320s] -- Installing: /home/tang/tang_ws/navigation2/install/livox_ros_driver2/share/livox_ros_driver2/cmake/export_livox_interfaces2__rosidl_typesupport_fastrtps_cppExport-noconfig.cmake
[9.320s] -- Installing: /home/tang/tang_ws/navigation2/install/livox_ros_driver2/share/livox_ros_driver2/cmake/livox_interfaces2__rosidl_typesupport_introspection_cppExport.cmake
[9.320s] -- Installing: /home/tang/tang_ws/navigation2/install/livox_ros_driver2/share/livox_ros_driver2/cmake/livox_interfaces2__rosidl_typesupport_introspection_cppExport-noconfig.cmake
[9.320s] -- Installing: /home/tang/tang_ws/navigation2/install/livox_ros_driver2/share/livox_ros_driver2/cmake/livox_interfaces2__rosidl_typesupport_cppExport.cmake
[9.320s] -- Installing: /home/tang/tang_ws/navigation2/install/livox_ros_driver2/share/livox_ros_driver2/cmake/livox_interfaces2__rosidl_typesupport_cppExport-noconfig.cmake
[9.320s] -- Installing: /home/tang/tang_ws/navigation2/install/livox_ros_driver2/share/livox_ros_driver2/cmake/export_livox_interfaces2__rosidl_generator_pyExport.cmake
[9.320s] -- Installing: /home/tang/tang_ws/navigation2/install/livox_ros_driver2/share/livox_ros_driver2/cmake/export_livox_interfaces2__rosidl_generator_pyExport-noconfig.cmake
[9.320s] -- Installing: /home/tang/tang_ws/navigation2/install/livox_ros_driver2/share/ament_index/resource_index/rclcpp_components/livox_ros_driver2
[9.320s] -- Installing: /home/tang/tang_ws/navigation2/install/livox_ros_driver2/share/livox_ros_driver2/cmake/rosidl_cmake-extras.cmake
[9.320s] -- Installing: /home/tang/tang_ws/navigation2/install/livox_ros_driver2/share/livox_ros_driver2/cmake/ament_cmake_export_dependencies-extras.cmake
[9.320s] -- Installing: /home/tang/tang_ws/navigation2/install/livox_ros_driver2/share/livox_ros_driver2/cmake/ament_cmake_export_include_directories-extras.cmake
[9.320s] -- Installing: /home/tang/tang_ws/navigation2/install/livox_ros_driver2/share/livox_ros_driver2/cmake/ament_cmake_export_libraries-extras.cmake
[9.320s] -- Installing: /home/tang/tang_ws/navigation2/install/livox_ros_driver2/share/livox_ros_driver2/cmake/ament_cmake_export_targets-extras.cmake
[9.320s] -- Installing: /home/tang/tang_ws/navigation2/install/livox_ros_driver2/share/livox_ros_driver2/cmake/rosidl_cmake_export_typesupport_targets-extras.cmake
[9.320s] -- Installing: /home/tang/tang_ws/navigation2/install/livox_ros_driver2/share/livox_ros_driver2/cmake/rosidl_cmake_export_typesupport_libraries-extras.cmake
[9.320s] -- Installing: /home/tang/tang_ws/navigation2/install/livox_ros_driver2/share/livox_ros_driver2/cmake/livox_ros_driver2Config.cmake
[9.320s] -- Installing: /home/tang/tang_ws/navigation2/install/livox_ros_driver2/share/livox_ros_driver2/cmake/livox_ros_driver2Config-version.cmake
[9.320s] -- Installing: /home/tang/tang_ws/navigation2/install/livox_ros_driver2/share/livox_ros_driver2/package.xml
[9.322s] Invoked command in '/home/tang/tang_ws/navigation2/build/livox_ros_driver2' returned '0': CMAKE_PREFIX_PATH=${CMAKE_PREFIX_PATH}:/opt/ros/humble /usr/bin/cmake --install /home/tang/tang_ws/navigation2/build/livox_ros_driver2
