[0.012s] Invoking command in '/home/tang/tang_ws/navigation2/build/fastlio2': AMENT_PREFIX_PATH=/home/tang/tang_ws/navigation2/install/livox_ros_driver2:${AMENT_PREFIX_PATH} CMAKE_PREFIX_PATH=/home/tang/tang_ws/navigation2/install/livox_ros_driver2:/opt/bxi/bxi_ros2_pkg:/opt/ros/humble LD_LIBRARY_PATH=/home/tang/tang_ws/navigation2/install/livox_ros_driver2/lib:/usr/local/lib:/usr/local/cuda-12.4/lib64:/usr/lib/x86_64-linux-gnu:/opt/bxi/bxi_ros2_pkg/lib:/opt/ros/humble/opt/rviz_ogre_vendor/lib:/opt/ros/humble/lib/x86_64-linux-gnu:/opt/ros/humble/lib:/usr/local/lib:/usr/local/cuda-12.4/lib64:/usr/lib/x86_64-linux-gnu:/home/.mujoco/mujoco-3.3.3-linux-x86_64/mujoco-3.3.3/bin:/home/tang/.mujoco/mujoco336/mujoco-3.3.6bin:/home/.mujoco/mujoco-3.3.3-linux-x86_64/mujoco-3.3.3/bin:/home/tang/.mujoco/mujoco336/mujoco-3.3.6bin PYTHONPATH=/home/tang/tang_ws/navigation2/install/livox_ros_driver2/local/lib/python3.10/dist-packages:${PYTHONPATH} /usr/bin/cmake --build /home/tang/tang_ws/navigation2/build/fastlio2 -- -j16 -l16
[0.068s] [100%] Built target lio_node
[0.081s] Invoked command in '/home/tang/tang_ws/navigation2/build/fastlio2' returned '0': AMENT_PREFIX_PATH=/home/tang/tang_ws/navigation2/install/livox_ros_driver2:${AMENT_PREFIX_PATH} CMAKE_PREFIX_PATH=/home/tang/tang_ws/navigation2/install/livox_ros_driver2:/opt/bxi/bxi_ros2_pkg:/opt/ros/humble LD_LIBRARY_PATH=/home/tang/tang_ws/navigation2/install/livox_ros_driver2/lib:/usr/local/lib:/usr/local/cuda-12.4/lib64:/usr/lib/x86_64-linux-gnu:/opt/bxi/bxi_ros2_pkg/lib:/opt/ros/humble/opt/rviz_ogre_vendor/lib:/opt/ros/humble/lib/x86_64-linux-gnu:/opt/ros/humble/lib:/usr/local/lib:/usr/local/cuda-12.4/lib64:/usr/lib/x86_64-linux-gnu:/home/.mujoco/mujoco-3.3.3-linux-x86_64/mujoco-3.3.3/bin:/home/tang/.mujoco/mujoco336/mujoco-3.3.6bin:/home/.mujoco/mujoco-3.3.3-linux-x86_64/mujoco-3.3.3/bin:/home/tang/.mujoco/mujoco336/mujoco-3.3.6bin PYTHONPATH=/home/tang/tang_ws/navigation2/install/livox_ros_driver2/local/lib/python3.10/dist-packages:${PYTHONPATH} /usr/bin/cmake --build /home/tang/tang_ws/navigation2/build/fastlio2 -- -j16 -l16
[0.082s] Invoking command in '/home/tang/tang_ws/navigation2/build/fastlio2': AMENT_PREFIX_PATH=/home/tang/tang_ws/navigation2/install/livox_ros_driver2:${AMENT_PREFIX_PATH} CMAKE_PREFIX_PATH=/home/tang/tang_ws/navigation2/install/livox_ros_driver2:/opt/bxi/bxi_ros2_pkg:/opt/ros/humble LD_LIBRARY_PATH=/home/tang/tang_ws/navigation2/install/livox_ros_driver2/lib:/usr/local/lib:/usr/local/cuda-12.4/lib64:/usr/lib/x86_64-linux-gnu:/opt/bxi/bxi_ros2_pkg/lib:/opt/ros/humble/opt/rviz_ogre_vendor/lib:/opt/ros/humble/lib/x86_64-linux-gnu:/opt/ros/humble/lib:/usr/local/lib:/usr/local/cuda-12.4/lib64:/usr/lib/x86_64-linux-gnu:/home/.mujoco/mujoco-3.3.3-linux-x86_64/mujoco-3.3.3/bin:/home/tang/.mujoco/mujoco336/mujoco-3.3.6bin:/home/.mujoco/mujoco-3.3.3-linux-x86_64/mujoco-3.3.3/bin:/home/tang/.mujoco/mujoco336/mujoco-3.3.6bin PYTHONPATH=/home/tang/tang_ws/navigation2/install/livox_ros_driver2/local/lib/python3.10/dist-packages:${PYTHONPATH} /usr/bin/cmake --install /home/tang/tang_ws/navigation2/build/fastlio2
[0.088s] -- Install configuration: "Release"
[0.088s] -- Up-to-date: /home/tang/tang_ws/navigation2/install/fastlio2/lib/fastlio2/lio_node
[0.089s] -- Up-to-date: /home/tang/tang_ws/navigation2/install/fastlio2/share/fastlio2/launch
[0.089s] -- Up-to-date: /home/tang/tang_ws/navigation2/install/fastlio2/share/fastlio2/launch/lio_launch.py
[0.089s] -- Up-to-date: /home/tang/tang_ws/navigation2/install/fastlio2/share/fastlio2/rviz
[0.089s] -- Up-to-date: /home/tang/tang_ws/navigation2/install/fastlio2/share/fastlio2/rviz/fastlio2.rviz
[0.089s] -- Up-to-date: /home/tang/tang_ws/navigation2/install/fastlio2/share/fastlio2/config
[0.089s] -- Up-to-date: /home/tang/tang_ws/navigation2/install/fastlio2/share/fastlio2/config/lio.yaml
[0.089s] -- Up-to-date: /home/tang/tang_ws/navigation2/install/fastlio2/share/ament_index/resource_index/package_run_dependencies/fastlio2
[0.089s] -- Up-to-date: /home/tang/tang_ws/navigation2/install/fastlio2/share/ament_index/resource_index/parent_prefix_path/fastlio2
[0.089s] -- Up-to-date: /home/tang/tang_ws/navigation2/install/fastlio2/share/fastlio2/environment/ament_prefix_path.sh
[0.089s] -- Up-to-date: /home/tang/tang_ws/navigation2/install/fastlio2/share/fastlio2/environment/ament_prefix_path.dsv
[0.089s] -- Up-to-date: /home/tang/tang_ws/navigation2/install/fastlio2/share/fastlio2/environment/path.sh
[0.089s] -- Up-to-date: /home/tang/tang_ws/navigation2/install/fastlio2/share/fastlio2/environment/path.dsv
[0.089s] -- Up-to-date: /home/tang/tang_ws/navigation2/install/fastlio2/share/fastlio2/local_setup.bash
[0.089s] -- Up-to-date: /home/tang/tang_ws/navigation2/install/fastlio2/share/fastlio2/local_setup.sh
[0.089s] -- Up-to-date: /home/tang/tang_ws/navigation2/install/fastlio2/share/fastlio2/local_setup.zsh
[0.089s] -- Up-to-date: /home/tang/tang_ws/navigation2/install/fastlio2/share/fastlio2/local_setup.dsv
[0.089s] -- Installing: /home/tang/tang_ws/navigation2/install/fastlio2/share/fastlio2/package.dsv
[0.089s] -- Up-to-date: /home/tang/tang_ws/navigation2/install/fastlio2/share/ament_index/resource_index/packages/fastlio2
[0.089s] -- Up-to-date: /home/tang/tang_ws/navigation2/install/fastlio2/share/fastlio2/cmake/fastlio2Config.cmake
[0.089s] -- Up-to-date: /home/tang/tang_ws/navigation2/install/fastlio2/share/fastlio2/cmake/fastlio2Config-version.cmake
[0.090s] -- Up-to-date: /home/tang/tang_ws/navigation2/install/fastlio2/share/fastlio2/package.xml
[0.092s] Invoked command in '/home/tang/tang_ws/navigation2/build/fastlio2' returned '0': AMENT_PREFIX_PATH=/home/tang/tang_ws/navigation2/install/livox_ros_driver2:${AMENT_PREFIX_PATH} CMAKE_PREFIX_PATH=/home/tang/tang_ws/navigation2/install/livox_ros_driver2:/opt/bxi/bxi_ros2_pkg:/opt/ros/humble LD_LIBRARY_PATH=/home/tang/tang_ws/navigation2/install/livox_ros_driver2/lib:/usr/local/lib:/usr/local/cuda-12.4/lib64:/usr/lib/x86_64-linux-gnu:/opt/bxi/bxi_ros2_pkg/lib:/opt/ros/humble/opt/rviz_ogre_vendor/lib:/opt/ros/humble/lib/x86_64-linux-gnu:/opt/ros/humble/lib:/usr/local/lib:/usr/local/cuda-12.4/lib64:/usr/lib/x86_64-linux-gnu:/home/.mujoco/mujoco-3.3.3-linux-x86_64/mujoco-3.3.3/bin:/home/tang/.mujoco/mujoco336/mujoco-3.3.6bin:/home/.mujoco/mujoco-3.3.3-linux-x86_64/mujoco-3.3.3/bin:/home/tang/.mujoco/mujoco336/mujoco-3.3.6bin PYTHONPATH=/home/tang/tang_ws/navigation2/install/livox_ros_driver2/local/lib/python3.10/dist-packages:${PYTHONPATH} /usr/bin/cmake --install /home/tang/tang_ws/navigation2/build/fastlio2
