[0.006s] Invoking command in '/home/tang/tang_ws/navigation2/build/livox_ros_driver2': CMAKE_PREFIX_PATH=${CMAKE_PREFIX_PATH}:/opt/ros/humble /usr/bin/cmake /home/tang/tang_ws/navigation2/src/livox_ros_driver2 -DCMAKE_INSTALL_PREFIX=/home/tang/tang_ws/navigation2/install/livox_ros_driver2
[0.065s] -- The C compiler identification is GNU 11.4.0
[0.123s] -- The CXX compiler identification is GNU 11.4.0
[0.129s] -- Detecting C compiler ABI info
[0.175s] -- Detecting C compiler ABI info - done
[0.179s] -- Check for working C compiler: /usr/bin/gcc-11 - skipped
[0.179s] -- Detecting C compile features
[0.180s] -- Detecting C compile features - done
[0.182s] -- Detecting CXX compiler ABI info
[0.232s] -- Detecting CXX compiler ABI info - done
[0.237s] -- Check for working CXX compiler: /usr/bin/g++-11 - skipped
[0.237s] -- Detecting CXX compile features
[0.237s] -- Detecting CXX compile features - done
[0.238s] -- livox_ros_driver2 version: 1.2.4
[0.239s] -- Found ament_cmake_auto: 1.3.12 (/opt/ros/humble/share/ament_cmake_auto/cmake)
[0.356s] -- Found Python3: /usr/bin/python3 (found version "3.10.12") found components: Interpreter 
[0.460s] -- Using all available rosidl_typesupport_c: rosidl_typesupport_fastrtps_c;rosidl_typesupport_introspection_c
[0.464s] -- Found rosidl_adapter: 3.1.7 (/opt/ros/humble/share/rosidl_adapter/cmake)
[0.486s] -- Using all available rosidl_typesupport_cpp: rosidl_typesupport_fastrtps_cpp;rosidl_typesupport_introspection_cpp
[0.541s] -- Found rmw_implementation_cmake: 6.1.2 (/opt/ros/humble/share/rmw_implementation_cmake/cmake)
[0.543s] -- Found rmw_fastrtps_cpp: 6.2.9 (/opt/ros/humble/share/rmw_fastrtps_cpp/cmake)
[0.605s] -- Found OpenSSL: /usr/lib/x86_64-linux-gnu/libcrypto.so (found version "3.0.2")  
[0.617s] -- Found FastRTPS: /opt/ros/humble/include  
[0.637s] -- Using RMW implementation 'rmw_fastrtps_cpp' as default
[0.645s] -- Looking for pthread.h
[0.691s] -- Looking for pthread.h - found
[0.691s] -- Performing Test CMAKE_HAVE_LIBC_PTHREAD
[0.739s] -- Performing Test CMAKE_HAVE_LIBC_PTHREAD - Success
[0.740s] -- Found Threads: TRUE  
[0.850s] -- Checking for module 'eigen3'
[0.859s] --   Found eigen3, version 3.4.0
[0.882s] -- Found Eigen: /usr/include/eigen3 (Required is at least version "3.1") 
[0.882s] -- Eigen found (include: /usr/include/eigen3, version: 3.4.0)
[0.908s] -- Checking for module 'flann'
[0.916s] --   Found flann, version 1.9.1
[0.942s] -- Found FLANN: /usr/lib/x86_64-linux-gnu/libflann_cpp.so  
[0.942s] -- FLANN found (include: /usr/include, lib: /usr/lib/x86_64-linux-gnu/libflann_cpp.so)
[1.601s] -- Checking for module 'libusb-1.0'
[1.613s] --   Found libusb-1.0, version 1.0.25
[1.640s] -- Found libusb: /usr/lib/x86_64-linux-gnu/libusb-1.0.so  
[1.641s] -- OpenNI found (version: 1.5.4.0, include: /usr/include/ni, lib: /usr/lib/libOpenNI.so;libusb::libusb)
[1.679s] -- OpenNI2 found (version: 2.2.0.33, include: /usr/include/openni2, lib: /usr/lib/x86_64-linux-gnu/libOpenNI2.so;libusb::libusb)
[1.789s] -- Eigen found (include: /usr/include/eigen3, version: 3.4.0)
[1.796s] -- OpenNI found (version: 1.5.4.0, include: /usr/include/ni, lib: /usr/lib/libOpenNI.so;libusb::libusb)
[1.804s] -- OpenNI2 found (version: 2.2.0.33, include: /usr/include/openni2, lib: /usr/lib/x86_64-linux-gnu/libOpenNI2.so;libusb::libusb)
[2.034s] -- Found Qhull version 8.0.2
[2.305s] -- OpenNI found (version: 1.5.4.0, include: /usr/include/ni, lib: /usr/lib/libOpenNI.so;libusb::libusb)
[2.480s] -- Found PCL_COMMON: /usr/lib/x86_64-linux-gnu/libpcl_common.so  
[2.480s] -- Found PCL_KDTREE: /usr/lib/x86_64-linux-gnu/libpcl_kdtree.so  
[2.481s] -- Found PCL_OCTREE: /usr/lib/x86_64-linux-gnu/libpcl_octree.so  
[2.481s] -- Found PCL_SEARCH: /usr/lib/x86_64-linux-gnu/libpcl_search.so  
[2.482s] -- Found PCL_SAMPLE_CONSENSUS: /usr/lib/x86_64-linux-gnu/libpcl_sample_consensus.so  
[2.482s] -- Found PCL_FILTERS: /usr/lib/x86_64-linux-gnu/libpcl_filters.so  
[2.482s] -- Found PCL_2D: /usr/include/pcl-1.12  
[2.483s] -- Found PCL_GEOMETRY: /usr/include/pcl-1.12  
[2.483s] -- Found PCL_IO: /usr/lib/x86_64-linux-gnu/libpcl_io.so  
[2.484s] -- Found PCL_FEATURES: /usr/lib/x86_64-linux-gnu/libpcl_features.so  
[2.484s] -- Found PCL_ML: /usr/lib/x86_64-linux-gnu/libpcl_ml.so  
[2.485s] -- Found PCL_SEGMENTATION: /usr/lib/x86_64-linux-gnu/libpcl_segmentation.so  
[2.486s] -- Found PCL_VISUALIZATION: /usr/lib/x86_64-linux-gnu/libpcl_visualization.so  
[2.486s] -- Found PCL_SURFACE: /usr/lib/x86_64-linux-gnu/libpcl_surface.so  
[2.487s] -- Found PCL_REGISTRATION: /usr/lib/x86_64-linux-gnu/libpcl_registration.so  
[2.487s] -- Found PCL_KEYPOINTS: /usr/lib/x86_64-linux-gnu/libpcl_keypoints.so  
[2.488s] -- Found PCL_TRACKING: /usr/lib/x86_64-linux-gnu/libpcl_tracking.so  
[2.488s] -- Found PCL_RECOGNITION: /usr/lib/x86_64-linux-gnu/libpcl_recognition.so  
[2.489s] -- Found PCL_STEREO: /usr/lib/x86_64-linux-gnu/libpcl_stereo.so  
[2.489s] -- Found PCL_APPS: /usr/lib/x86_64-linux-gnu/libpcl_apps.so  
[2.490s] -- Found PCL_IN_HAND_SCANNER: /usr/include/pcl-1.12  
[2.490s] -- Found PCL_MODELER: /usr/include/pcl-1.12  
[2.490s] -- Found PCL_POINT_CLOUD_EDITOR: /usr/include/pcl-1.12  
[2.491s] -- Found PCL_OUTOFCORE: /usr/lib/x86_64-linux-gnu/libpcl_outofcore.so  
[2.492s] -- Found PCL_PEOPLE: /usr/lib/x86_64-linux-gnu/libpcl_people.so  
[2.520s] -- Found PkgConfig: /usr/bin/pkg-config (found version "0.29.2") 
[2.521s] -- Checking for module 'apr-1'
[2.533s] --   Found apr-1, version 1.7.0
[2.565s] [0m/usr/include/apr-1.0[0m
[2.565s] [0mapr-1[0m
[2.710s] -- Found ament_cmake_ros: 0.10.0 (/opt/ros/humble/share/ament_cmake_ros/cmake)
[2.866s] -- Using all available rosidl_typesupport_c: rosidl_typesupport_fastrtps_c;rosidl_typesupport_introspection_c
[3.067s] -- Using all available rosidl_typesupport_cpp: rosidl_typesupport_fastrtps_cpp;rosidl_typesupport_introspection_cpp
[3.087s] -- Found PythonInterp: /usr/bin/python3 (found suitable version "3.10.12", minimum required is "3.6") 
[3.088s] -- Found python_cmake_module: 0.10.0 (/opt/ros/humble/share/python_cmake_module/cmake)
[3.112s] -- Found PythonLibs: /usr/lib/x86_64-linux-gnu/libpython3.10.so (found suitable version "3.10.12", minimum required is "3.5") 
[3.112s] -- Using PYTHON_EXECUTABLE: /usr/bin/python3
[3.112s] -- Using PYTHON_INCLUDE_DIRS: /usr/include/python3.10
[3.112s] -- Using PYTHON_LIBRARIES: /usr/lib/x86_64-linux-gnu/libpython3.10.so
[3.131s] -- Found PythonExtra: .so  
[3.177s] -- Found ament_lint_auto: 0.12.14 (/opt/ros/humble/share/ament_lint_auto/cmake)
[3.189s] -- Added test 'copyright' to check source files copyright and LICENSE
[3.192s] -- Added test 'cppcheck' to perform static code analysis on C / C++ code
[3.193s] -- Configured cppcheck include dirs: /home/tang/tang_ws/navigation2/src/livox_ros_driver2/3rdparty;/home/tang/tang_ws/navigation2/src/livox_ros_driver2/src
[3.193s] -- Configured cppcheck exclude dirs and/or files: 
[3.195s] -- Added test 'cpplint' to check C / C++ code against the Google style
[3.195s] -- Configured cpplint exclude dirs and/or files: 
[3.196s] -- Added test 'flake8' to check Python code syntax and style conventions
[3.197s] -- Added test 'lint_cmake' to check CMake code style
[3.197s] -- Added test 'pep257' to check Python code against some of the docstring style conventions in PEP 257
[3.200s] -- Added test 'uncrustify' to check C / C++ code style
[3.200s] -- Configured uncrustify additional arguments: 
[3.200s] -- Added test 'xmllint' to check XML markup files
[3.202s] -- Configuring done
[3.204s] [0mCMake Error: The following variables are used in this project, but they are set to NOTFOUND.
[3.204s] Please set them or make sure they are set and tested correctly in the CMake files:
[3.204s] /home/tang/tang_ws/navigation2/src/livox_ros_driver2/LIVOX_INTERFACES_INCLUDE_DIRECTORIES
[3.204s]    used as include directory in directory /home/tang/tang_ws/navigation2/src/livox_ros_driver2
[3.204s] [0m
[3.261s] -- Generating done
[3.263s] [0mCMake Generate step failed.  Build files cannot be regenerated correctly.[0m
[3.279s] Invoked command in '/home/tang/tang_ws/navigation2/build/livox_ros_driver2' returned '1': CMAKE_PREFIX_PATH=${CMAKE_PREFIX_PATH}:/opt/ros/humble /usr/bin/cmake /home/tang/tang_ws/navigation2/src/livox_ros_driver2 -DCMAKE_INSTALL_PREFIX=/home/tang/tang_ws/navigation2/install/livox_ros_driver2
