[0.007s] Invoking command in '/home/tang/tang_ws/navigation2/build/livox_ros_driver2': CMAKE_PREFIX_PATH=${CMAKE_PREFIX_PATH}:/opt/ros/humble /usr/bin/cmake /home/tang/tang_ws/navigation2/src/livox_ros_driver2 -DCMAKE_INSTALL_PREFIX=/home/tang/tang_ws/navigation2/install/livox_ros_driver2
[0.015s] -- livox_ros_driver2 version: 1.2.4
[0.015s] -- Found ament_cmake_auto: 1.3.12 (/opt/ros/humble/share/ament_cmake_auto/cmake)
[0.140s] -- Using all available rosidl_typesupport_c: rosidl_typesupport_fastrtps_c;rosidl_typesupport_introspection_c
[0.141s] -- Found rosidl_adapter: 3.1.7 (/opt/ros/humble/share/rosidl_adapter/cmake)
[0.158s] -- Using all available rosidl_typesupport_cpp: rosidl_typesupport_fastrtps_cpp;rosidl_typesupport_introspection_cpp
[0.191s] -- Found rmw_implementation_cmake: 6.1.2 (/opt/ros/humble/share/rmw_implementation_cmake/cmake)
[0.192s] -- Found rmw_fastrtps_cpp: 6.2.9 (/opt/ros/humble/share/rmw_fastrtps_cpp/cmake)
[0.230s] -- Using RMW implementation 'rmw_fastrtps_cpp' as default
[0.304s] -- Eigen found (include: /usr/include/eigen3, version: 3.4.0)
[0.322s] -- FLANN found (include: /usr/include, lib: /usr/lib/x86_64-linux-gnu/libflann_cpp.so)
[0.504s] -- OpenNI found (version: 1.5.4.0, include: /usr/include/ni, lib: /usr/lib/libOpenNI.so;libusb::libusb)
[0.508s] -- OpenNI2 found (version: 2.2.0.33, include: /usr/include/openni2, lib: /usr/lib/x86_64-linux-gnu/libOpenNI2.so;libusb::libusb)
[0.601s] -- Eigen found (include: /usr/include/eigen3, version: 3.4.0)
[0.606s] -- OpenNI found (version: 1.5.4.0, include: /usr/include/ni, lib: /usr/lib/libOpenNI.so;libusb::libusb)
[0.611s] -- OpenNI2 found (version: 2.2.0.33, include: /usr/include/openni2, lib: /usr/lib/x86_64-linux-gnu/libOpenNI2.so;libusb::libusb)
[0.699s] -- Found Qhull version 8.0.2
[0.793s] -- OpenNI found (version: 1.5.4.0, include: /usr/include/ni, lib: /usr/lib/libOpenNI.so;libusb::libusb)
[0.915s] [0m/usr/include/apr-1.0[0m
[0.915s] [0mapr-1[0m
[1.062s] -- Found ament_cmake_ros: 0.10.0 (/opt/ros/humble/share/ament_cmake_ros/cmake)
[1.226s] -- Using all available rosidl_typesupport_c: rosidl_typesupport_fastrtps_c;rosidl_typesupport_introspection_c
[1.447s] -- Using all available rosidl_typesupport_cpp: rosidl_typesupport_fastrtps_cpp;rosidl_typesupport_introspection_cpp
[1.477s] -- Found python_cmake_module: 0.10.0 (/opt/ros/humble/share/python_cmake_module/cmake)
[1.509s] -- Using PYTHON_EXECUTABLE: /usr/bin/python3
[1.509s] -- Using PYTHON_INCLUDE_DIRS: /usr/include/python3.10
[1.509s] -- Using PYTHON_LIBRARIES: /usr/lib/x86_64-linux-gnu/libpython3.10.so
[1.532s] -- Found ament_lint_auto: 0.12.14 (/opt/ros/humble/share/ament_lint_auto/cmake)
[1.537s] -- Added test 'copyright' to check source files copyright and LICENSE
[1.540s] -- Added test 'cppcheck' to perform static code analysis on C / C++ code
[1.540s] -- Configured cppcheck include dirs: /home/tang/tang_ws/navigation2/src/livox_ros_driver2/3rdparty;/home/tang/tang_ws/navigation2/src/livox_ros_driver2/src
[1.540s] -- Configured cppcheck exclude dirs and/or files: 
[1.542s] -- Added test 'cpplint' to check C / C++ code against the Google style
[1.543s] -- Configured cpplint exclude dirs and/or files: 
[1.543s] -- Added test 'flake8' to check Python code syntax and style conventions
[1.544s] -- Added test 'lint_cmake' to check CMake code style
[1.544s] -- Added test 'pep257' to check Python code against some of the docstring style conventions in PEP 257
[1.546s] -- Added test 'uncrustify' to check C / C++ code style
[1.546s] -- Configured uncrustify additional arguments: 
[1.547s] -- Added test 'xmllint' to check XML markup files
[1.548s] -- Configuring done
[1.583s] -- Generating done
[1.595s] -- Build files have been written to: /home/tang/tang_ws/navigation2/build/livox_ros_driver2
[1.609s] Invoked command in '/home/tang/tang_ws/navigation2/build/livox_ros_driver2' returned '0': CMAKE_PREFIX_PATH=${CMAKE_PREFIX_PATH}:/opt/ros/humble /usr/bin/cmake /home/tang/tang_ws/navigation2/src/livox_ros_driver2 -DCMAKE_INSTALL_PREFIX=/home/tang/tang_ws/navigation2/install/livox_ros_driver2
[1.611s] Invoking command in '/home/tang/tang_ws/navigation2/build/livox_ros_driver2': CMAKE_PREFIX_PATH=${CMAKE_PREFIX_PATH}:/opt/ros/humble /usr/bin/cmake --build /home/tang/tang_ws/navigation2/build/livox_ros_driver2 -- -j16 -l16
[1.640s] [35m[1mConsolidate compiler generated dependencies of target livox_ros_driver2_node[0m
[1.641s] [35m[1mConsolidate compiler generated dependencies of target livox_interfaces2__rosidl_generator_c[0m
[1.649s] [  1%] Built target livox_interfaces2__cpp
[1.650s] [  8%] Built target livox_interfaces2__rosidl_generator_c
[1.653s] [ 12%] Built target livox_ros_driver2_node
[1.656s] [ 12%] Built target ament_cmake_python_copy_livox_ros_driver2
[1.657s] [35m[1mConsolidate compiler generated dependencies of target livox_interfaces2__rosidl_typesupport_fastrtps_cpp[0m
[1.658s] [35m[1mConsolidate compiler generated dependencies of target livox_interfaces2__rosidl_typesupport_cpp[0m
[1.658s] [35m[1mConsolidate compiler generated dependencies of target livox_interfaces2__rosidl_typesupport_c[0m
[1.658s] [35m[1mConsolidate compiler generated dependencies of target livox_interfaces2__rosidl_typesupport_fastrtps_c[0m
[1.660s] [35m[1mConsolidate compiler generated dependencies of target livox_interfaces2__rosidl_typesupport_introspection_c[0m
[1.661s] [35m[1mConsolidate compiler generated dependencies of target livox_interfaces2__rosidl_typesupport_introspection_cpp[0m
[1.668s] [ 19%] Built target livox_interfaces2__rosidl_typesupport_c
[1.673s] [ 26%] Built target livox_interfaces2__rosidl_typesupport_fastrtps_cpp
[1.673s] [ 33%] Built target livox_interfaces2__rosidl_typesupport_fastrtps_c
[1.676s] [ 52%] Built target livox_interfaces2__rosidl_typesupport_cpp
[1.676s] [ 52%] Built target livox_interfaces2__rosidl_typesupport_introspection_c
[1.676s] [ 54%] Built target livox_interfaces2__rosidl_typesupport_introspection_cpp
[1.694s] [35m[1mConsolidate compiler generated dependencies of target livox_ros_driver2[0m
[1.694s] [ 54%] Built target livox_interfaces2
[1.719s] [ 56%] Built target livox_interfaces2__py
[1.731s] [35m[1mConsolidate compiler generated dependencies of target livox_interfaces2__rosidl_generator_py[0m
[1.739s] [ 84%] Built target livox_ros_driver2
[1.743s] [ 89%] Built target livox_interfaces2__rosidl_generator_py
[1.760s] [35m[1mConsolidate compiler generated dependencies of target livox_ros_driver2__rosidl_typesupport_introspection_c__pyext[0m
[1.760s] [35m[1mConsolidate compiler generated dependencies of target livox_ros_driver2__rosidl_typesupport_fastrtps_c__pyext[0m
[1.760s] [35m[1mConsolidate compiler generated dependencies of target livox_ros_driver2__rosidl_typesupport_c__pyext[0m
[1.773s] [ 92%] Built target livox_ros_driver2__rosidl_typesupport_introspection_c__pyext
[1.774s] [ 96%] Built target livox_ros_driver2__rosidl_typesupport_fastrtps_c__pyext
[1.778s] [100%] Built target livox_ros_driver2__rosidl_typesupport_c__pyext
[1.958s] running egg_info
[1.959s] writing livox_ros_driver2.egg-info/PKG-INFO
[1.960s] writing dependency_links to livox_ros_driver2.egg-info/dependency_links.txt
[1.960s] writing top-level names to livox_ros_driver2.egg-info/top_level.txt
[1.970s] reading manifest file 'livox_ros_driver2.egg-info/SOURCES.txt'
[1.970s] writing manifest file 'livox_ros_driver2.egg-info/SOURCES.txt'
[2.057s] [100%] Built target ament_cmake_python_build_livox_ros_driver2_egg
[2.086s] Invoked command in '/home/tang/tang_ws/navigation2/build/livox_ros_driver2' returned '0': CMAKE_PREFIX_PATH=${CMAKE_PREFIX_PATH}:/opt/ros/humble /usr/bin/cmake --build /home/tang/tang_ws/navigation2/build/livox_ros_driver2 -- -j16 -l16
[2.099s] Invoking command in '/home/tang/tang_ws/navigation2/build/livox_ros_driver2': CMAKE_PREFIX_PATH=${CMAKE_PREFIX_PATH}:/opt/ros/humble /usr/bin/cmake --install /home/tang/tang_ws/navigation2/build/livox_ros_driver2
[2.113s] -- Install configuration: ""
[2.114s] -- Up-to-date: /home/tang/tang_ws/navigation2/install/livox_ros_driver2/share/ament_index/resource_index/rosidl_interfaces/livox_ros_driver2
[2.115s] -- Up-to-date: /home/tang/tang_ws/navigation2/install/livox_ros_driver2/include/livox_ros_driver2/livox_ros_driver2
[2.115s] -- Up-to-date: /home/tang/tang_ws/navigation2/install/livox_ros_driver2/include/livox_ros_driver2/livox_ros_driver2/msg
[2.116s] -- Up-to-date: /home/tang/tang_ws/navigation2/install/livox_ros_driver2/include/livox_ros_driver2/livox_ros_driver2/msg/custom_point.h
[2.116s] -- Up-to-date: /home/tang/tang_ws/navigation2/install/livox_ros_driver2/include/livox_ros_driver2/livox_ros_driver2/msg/custom_msg.h
[2.116s] -- Up-to-date: /home/tang/tang_ws/navigation2/install/livox_ros_driver2/include/livox_ros_driver2/livox_ros_driver2/msg/rosidl_generator_c__visibility_control.h
[2.116s] -- Up-to-date: /home/tang/tang_ws/navigation2/install/livox_ros_driver2/include/livox_ros_driver2/livox_ros_driver2/msg/detail
[2.116s] -- Up-to-date: /home/tang/tang_ws/navigation2/install/livox_ros_driver2/include/livox_ros_driver2/livox_ros_driver2/msg/detail/custom_msg__type_support.h
[2.116s] -- Up-to-date: /home/tang/tang_ws/navigation2/install/livox_ros_driver2/include/livox_ros_driver2/livox_ros_driver2/msg/detail/custom_point__struct.h
[2.116s] -- Up-to-date: /home/tang/tang_ws/navigation2/install/livox_ros_driver2/include/livox_ros_driver2/livox_ros_driver2/msg/detail/custom_msg__functions.h
[2.116s] -- Up-to-date: /home/tang/tang_ws/navigation2/install/livox_ros_driver2/include/livox_ros_driver2/livox_ros_driver2/msg/detail/custom_point__functions.h
[2.116s] -- Up-to-date: /home/tang/tang_ws/navigation2/install/livox_ros_driver2/include/livox_ros_driver2/livox_ros_driver2/msg/detail/custom_point__type_support.h
[2.116s] -- Up-to-date: /home/tang/tang_ws/navigation2/install/livox_ros_driver2/include/livox_ros_driver2/livox_ros_driver2/msg/detail/custom_msg__struct.h
[2.116s] -- Up-to-date: /home/tang/tang_ws/navigation2/install/livox_ros_driver2/include/livox_ros_driver2/livox_ros_driver2/msg/detail/custom_point__functions.c
[2.116s] -- Up-to-date: /home/tang/tang_ws/navigation2/install/livox_ros_driver2/include/livox_ros_driver2/livox_ros_driver2/msg/detail/custom_msg__functions.c
[2.116s] -- Up-to-date: /home/tang/tang_ws/navigation2/install/livox_ros_driver2/share/livox_ros_driver2/environment/library_path.sh
[2.117s] -- Installing: /home/tang/tang_ws/navigation2/install/livox_ros_driver2/share/livox_ros_driver2/environment/library_path.dsv
[2.117s] -- Up-to-date: /home/tang/tang_ws/navigation2/install/livox_ros_driver2/lib/liblivox_ros_driver2__rosidl_generator_c.so
[2.117s] -- Up-to-date: /home/tang/tang_ws/navigation2/install/livox_ros_driver2/include/livox_ros_driver2/livox_ros_driver2
[2.117s] -- Up-to-date: /home/tang/tang_ws/navigation2/install/livox_ros_driver2/include/livox_ros_driver2/livox_ros_driver2/msg
[2.117s] -- Up-to-date: /home/tang/tang_ws/navigation2/install/livox_ros_driver2/include/livox_ros_driver2/livox_ros_driver2/msg/rosidl_typesupport_fastrtps_c__visibility_control.h
[2.117s] -- Up-to-date: /home/tang/tang_ws/navigation2/install/livox_ros_driver2/include/livox_ros_driver2/livox_ros_driver2/msg/detail
[2.117s] -- Up-to-date: /home/tang/tang_ws/navigation2/install/livox_ros_driver2/include/livox_ros_driver2/livox_ros_driver2/msg/detail/custom_point__rosidl_typesupport_fastrtps_c.h
[2.117s] -- Up-to-date: /home/tang/tang_ws/navigation2/install/livox_ros_driver2/include/livox_ros_driver2/livox_ros_driver2/msg/detail/custom_msg__rosidl_typesupport_fastrtps_c.h
[2.117s] -- Up-to-date: /home/tang/tang_ws/navigation2/install/livox_ros_driver2/lib/liblivox_ros_driver2__rosidl_typesupport_fastrtps_c.so
[2.117s] -- Up-to-date: /home/tang/tang_ws/navigation2/install/livox_ros_driver2/include/livox_ros_driver2/livox_ros_driver2
[2.117s] -- Up-to-date: /home/tang/tang_ws/navigation2/install/livox_ros_driver2/include/livox_ros_driver2/livox_ros_driver2/msg
[2.117s] -- Up-to-date: /home/tang/tang_ws/navigation2/install/livox_ros_driver2/include/livox_ros_driver2/livox_ros_driver2/msg/rosidl_typesupport_introspection_c__visibility_control.h
[2.117s] -- Up-to-date: /home/tang/tang_ws/navigation2/install/livox_ros_driver2/include/livox_ros_driver2/livox_ros_driver2/msg/detail
[2.117s] -- Up-to-date: /home/tang/tang_ws/navigation2/install/livox_ros_driver2/include/livox_ros_driver2/livox_ros_driver2/msg/detail/custom_point__rosidl_typesupport_introspection_c.h
[2.117s] -- Up-to-date: /home/tang/tang_ws/navigation2/install/livox_ros_driver2/include/livox_ros_driver2/livox_ros_driver2/msg/detail/custom_point__type_support.c
[2.117s] -- Up-to-date: /home/tang/tang_ws/navigation2/install/livox_ros_driver2/include/livox_ros_driver2/livox_ros_driver2/msg/detail/custom_msg__type_support.c
[2.117s] -- Up-to-date: /home/tang/tang_ws/navigation2/install/livox_ros_driver2/include/livox_ros_driver2/livox_ros_driver2/msg/detail/custom_msg__rosidl_typesupport_introspection_c.h
[2.117s] -- Up-to-date: /home/tang/tang_ws/navigation2/install/livox_ros_driver2/lib/liblivox_ros_driver2__rosidl_typesupport_introspection_c.so
[2.117s] -- Up-to-date: /home/tang/tang_ws/navigation2/install/livox_ros_driver2/lib/liblivox_ros_driver2__rosidl_typesupport_c.so
[2.126s] -- Up-to-date: /home/tang/tang_ws/navigation2/install/livox_ros_driver2/include/livox_ros_driver2/livox_ros_driver2
[2.127s] -- Up-to-date: /home/tang/tang_ws/navigation2/install/livox_ros_driver2/include/livox_ros_driver2/livox_ros_driver2/msg
[2.127s] -- Up-to-date: /home/tang/tang_ws/navigation2/install/livox_ros_driver2/include/livox_ros_driver2/livox_ros_driver2/msg/custom_msg.hpp
[2.127s] -- Up-to-date: /home/tang/tang_ws/navigation2/install/livox_ros_driver2/include/livox_ros_driver2/livox_ros_driver2/msg/detail
[2.127s] -- Up-to-date: /home/tang/tang_ws/navigation2/install/livox_ros_driver2/include/livox_ros_driver2/livox_ros_driver2/msg/detail/custom_msg__struct.hpp
[2.127s] -- Up-to-date: /home/tang/tang_ws/navigation2/install/livox_ros_driver2/include/livox_ros_driver2/livox_ros_driver2/msg/detail/custom_point__type_support.hpp
[2.127s] -- Up-to-date: /home/tang/tang_ws/navigation2/install/livox_ros_driver2/include/livox_ros_driver2/livox_ros_driver2/msg/detail/custom_point__builder.hpp
[2.127s] -- Up-to-date: /home/tang/tang_ws/navigation2/install/livox_ros_driver2/include/livox_ros_driver2/livox_ros_driver2/msg/detail/custom_msg__traits.hpp
[2.127s] -- Up-to-date: /home/tang/tang_ws/navigation2/install/livox_ros_driver2/include/livox_ros_driver2/livox_ros_driver2/msg/detail/custom_point__struct.hpp
[2.127s] -- Up-to-date: /home/tang/tang_ws/navigation2/install/livox_ros_driver2/include/livox_ros_driver2/livox_ros_driver2/msg/detail/custom_msg__type_support.hpp
[2.127s] -- Up-to-date: /home/tang/tang_ws/navigation2/install/livox_ros_driver2/include/livox_ros_driver2/livox_ros_driver2/msg/detail/custom_msg__builder.hpp
[2.127s] -- Up-to-date: /home/tang/tang_ws/navigation2/install/livox_ros_driver2/include/livox_ros_driver2/livox_ros_driver2/msg/detail/custom_point__traits.hpp
[2.127s] -- Up-to-date: /home/tang/tang_ws/navigation2/install/livox_ros_driver2/include/livox_ros_driver2/livox_ros_driver2/msg/rosidl_generator_cpp__visibility_control.hpp
[2.127s] -- Up-to-date: /home/tang/tang_ws/navigation2/install/livox_ros_driver2/include/livox_ros_driver2/livox_ros_driver2/msg/custom_point.hpp
[2.127s] -- Up-to-date: /home/tang/tang_ws/navigation2/install/livox_ros_driver2/include/livox_ros_driver2/livox_ros_driver2
[2.127s] -- Up-to-date: /home/tang/tang_ws/navigation2/install/livox_ros_driver2/include/livox_ros_driver2/livox_ros_driver2/msg
[2.128s] -- Up-to-date: /home/tang/tang_ws/navigation2/install/livox_ros_driver2/include/livox_ros_driver2/livox_ros_driver2/msg/rosidl_typesupport_fastrtps_cpp__visibility_control.h
[2.128s] -- Up-to-date: /home/tang/tang_ws/navigation2/install/livox_ros_driver2/include/livox_ros_driver2/livox_ros_driver2/msg/detail
[2.128s] -- Up-to-date: /home/tang/tang_ws/navigation2/install/livox_ros_driver2/include/livox_ros_driver2/livox_ros_driver2/msg/detail/custom_point__rosidl_typesupport_fastrtps_cpp.hpp
[2.128s] -- Up-to-date: /home/tang/tang_ws/navigation2/install/livox_ros_driver2/include/livox_ros_driver2/livox_ros_driver2/msg/detail/dds_fastrtps
[2.128s] -- Up-to-date: /home/tang/tang_ws/navigation2/install/livox_ros_driver2/include/livox_ros_driver2/livox_ros_driver2/msg/detail/custom_msg__rosidl_typesupport_fastrtps_cpp.hpp
[2.128s] -- Up-to-date: /home/tang/tang_ws/navigation2/install/livox_ros_driver2/lib/liblivox_ros_driver2__rosidl_typesupport_fastrtps_cpp.so
[2.128s] -- Up-to-date: /home/tang/tang_ws/navigation2/install/livox_ros_driver2/include/livox_ros_driver2/livox_ros_driver2
[2.129s] -- Up-to-date: /home/tang/tang_ws/navigation2/install/livox_ros_driver2/include/livox_ros_driver2/livox_ros_driver2/msg
[2.130s] -- Up-to-date: /home/tang/tang_ws/navigation2/install/livox_ros_driver2/include/livox_ros_driver2/livox_ros_driver2/msg/detail
[2.130s] -- Up-to-date: /home/tang/tang_ws/navigation2/install/livox_ros_driver2/include/livox_ros_driver2/livox_ros_driver2/msg/detail/custom_point__type_support.cpp
[2.130s] -- Up-to-date: /home/tang/tang_ws/navigation2/install/livox_ros_driver2/include/livox_ros_driver2/livox_ros_driver2/msg/detail/custom_msg__type_support.cpp
[2.130s] -- Up-to-date: /home/tang/tang_ws/navigation2/install/livox_ros_driver2/include/livox_ros_driver2/livox_ros_driver2/msg/detail/custom_msg__rosidl_typesupport_introspection_cpp.hpp
[2.130s] -- Up-to-date: /home/tang/tang_ws/navigation2/install/livox_ros_driver2/include/livox_ros_driver2/livox_ros_driver2/msg/detail/custom_point__rosidl_typesupport_introspection_cpp.hpp
[2.130s] -- Up-to-date: /home/tang/tang_ws/navigation2/install/livox_ros_driver2/lib/liblivox_ros_driver2__rosidl_typesupport_introspection_cpp.so
[2.130s] -- Up-to-date: /home/tang/tang_ws/navigation2/install/livox_ros_driver2/lib/liblivox_ros_driver2__rosidl_typesupport_cpp.so
[2.130s] -- Up-to-date: /home/tang/tang_ws/navigation2/install/livox_ros_driver2/share/livox_ros_driver2/environment/pythonpath.sh
[2.130s] -- Installing: /home/tang/tang_ws/navigation2/install/livox_ros_driver2/share/livox_ros_driver2/environment/pythonpath.dsv
[2.130s] -- Up-to-date: /home/tang/tang_ws/navigation2/install/livox_ros_driver2/local/lib/python3.10/dist-packages/livox_ros_driver2-1.0.0-py3.10.egg-info
[2.130s] -- Installing: /home/tang/tang_ws/navigation2/install/livox_ros_driver2/local/lib/python3.10/dist-packages/livox_ros_driver2-1.0.0-py3.10.egg-info/PKG-INFO
[2.130s] -- Installing: /home/tang/tang_ws/navigation2/install/livox_ros_driver2/local/lib/python3.10/dist-packages/livox_ros_driver2-1.0.0-py3.10.egg-info/dependency_links.txt
[2.130s] -- Installing: /home/tang/tang_ws/navigation2/install/livox_ros_driver2/local/lib/python3.10/dist-packages/livox_ros_driver2-1.0.0-py3.10.egg-info/top_level.txt
[2.131s] -- Installing: /home/tang/tang_ws/navigation2/install/livox_ros_driver2/local/lib/python3.10/dist-packages/livox_ros_driver2-1.0.0-py3.10.egg-info/SOURCES.txt
[2.131s] -- Up-to-date: /home/tang/tang_ws/navigation2/install/livox_ros_driver2/local/lib/python3.10/dist-packages/livox_ros_driver2
[2.131s] -- Up-to-date: /home/tang/tang_ws/navigation2/install/livox_ros_driver2/local/lib/python3.10/dist-packages/livox_ros_driver2/_livox_ros_driver2_s.ep.rosidl_typesupport_fastrtps_c.c
[2.131s] -- Up-to-date: /home/tang/tang_ws/navigation2/install/livox_ros_driver2/local/lib/python3.10/dist-packages/livox_ros_driver2/_livox_ros_driver2_s.ep.rosidl_typesupport_introspection_c.c
[2.131s] -- Up-to-date: /home/tang/tang_ws/navigation2/install/livox_ros_driver2/local/lib/python3.10/dist-packages/livox_ros_driver2/livox_ros_driver2_s__rosidl_typesupport_fastrtps_c.cpython-310-x86_64-linux-gnu.so
[2.131s] -- Up-to-date: /home/tang/tang_ws/navigation2/install/livox_ros_driver2/local/lib/python3.10/dist-packages/livox_ros_driver2/livox_ros_driver2_s__rosidl_typesupport_c.cpython-310-x86_64-linux-gnu.so
[2.131s] -- Up-to-date: /home/tang/tang_ws/navigation2/install/livox_ros_driver2/local/lib/python3.10/dist-packages/livox_ros_driver2/_livox_ros_driver2_s.ep.rosidl_typesupport_c.c
[2.131s] -- Up-to-date: /home/tang/tang_ws/navigation2/install/livox_ros_driver2/local/lib/python3.10/dist-packages/livox_ros_driver2/msg
[2.131s] -- Up-to-date: /home/tang/tang_ws/navigation2/install/livox_ros_driver2/local/lib/python3.10/dist-packages/livox_ros_driver2/msg/_custom_point_s.c
[2.131s] -- Up-to-date: /home/tang/tang_ws/navigation2/install/livox_ros_driver2/local/lib/python3.10/dist-packages/livox_ros_driver2/msg/_custom_msg_s.c
[2.131s] -- Up-to-date: /home/tang/tang_ws/navigation2/install/livox_ros_driver2/local/lib/python3.10/dist-packages/livox_ros_driver2/msg/__init__.py
[2.131s] -- Up-to-date: /home/tang/tang_ws/navigation2/install/livox_ros_driver2/local/lib/python3.10/dist-packages/livox_ros_driver2/msg/_custom_point.py
[2.131s] -- Up-to-date: /home/tang/tang_ws/navigation2/install/livox_ros_driver2/local/lib/python3.10/dist-packages/livox_ros_driver2/msg/_custom_msg.py
[2.131s] -- Installing: /home/tang/tang_ws/navigation2/install/livox_ros_driver2/local/lib/python3.10/dist-packages/livox_ros_driver2/__init__.py
[2.131s] -- Up-to-date: /home/tang/tang_ws/navigation2/install/livox_ros_driver2/local/lib/python3.10/dist-packages/livox_ros_driver2/livox_ros_driver2_s__rosidl_typesupport_introspection_c.cpython-310-x86_64-linux-gnu.so
[2.131s] -- Up-to-date: /home/tang/tang_ws/navigation2/install/livox_ros_driver2/local/lib/python3.10/dist-packages/livox_ros_driver2/liblivox_interfaces2__rosidl_generator_py.so
[2.177s] Listing '/home/tang/tang_ws/navigation2/install/livox_ros_driver2/local/lib/python3.10/dist-packages/livox_ros_driver2'...
[2.178s] Compiling '/home/tang/tang_ws/navigation2/install/livox_ros_driver2/local/lib/python3.10/dist-packages/livox_ros_driver2/__init__.py'...
[2.178s] Listing '/home/tang/tang_ws/navigation2/install/livox_ros_driver2/local/lib/python3.10/dist-packages/livox_ros_driver2/msg'...
[2.190s] -- Up-to-date: /home/tang/tang_ws/navigation2/install/livox_ros_driver2/local/lib/python3.10/dist-packages/livox_ros_driver2/livox_ros_driver2_s__rosidl_typesupport_fastrtps_c.cpython-310-x86_64-linux-gnu.so
[2.190s] -- Up-to-date: /home/tang/tang_ws/navigation2/install/livox_ros_driver2/local/lib/python3.10/dist-packages/livox_ros_driver2/livox_ros_driver2_s__rosidl_typesupport_introspection_c.cpython-310-x86_64-linux-gnu.so
[2.190s] -- Up-to-date: /home/tang/tang_ws/navigation2/install/livox_ros_driver2/local/lib/python3.10/dist-packages/livox_ros_driver2/livox_ros_driver2_s__rosidl_typesupport_c.cpython-310-x86_64-linux-gnu.so
[2.191s] -- Up-to-date: /home/tang/tang_ws/navigation2/install/livox_ros_driver2/lib/liblivox_interfaces2__rosidl_generator_py.so
[2.191s] -- Up-to-date: /home/tang/tang_ws/navigation2/install/livox_ros_driver2/share/livox_ros_driver2/msg/CustomPoint.idl
[2.195s] -- Up-to-date: /home/tang/tang_ws/navigation2/install/livox_ros_driver2/share/livox_ros_driver2/msg/CustomMsg.idl
[2.196s] -- Up-to-date: /home/tang/tang_ws/navigation2/install/livox_ros_driver2/share/livox_ros_driver2/msg/CustomPoint.msg
[2.197s] -- Up-to-date: /home/tang/tang_ws/navigation2/install/livox_ros_driver2/share/livox_ros_driver2/msg/CustomMsg.msg
[2.197s] -- Up-to-date: /home/tang/tang_ws/navigation2/install/livox_ros_driver2/lib/livox_ros_driver2/livox_ros_driver2_node
[2.198s] -- Up-to-date: /home/tang/tang_ws/navigation2/install/livox_ros_driver2/lib/liblivox_ros_driver2.so
[2.198s] -- Up-to-date: /home/tang/tang_ws/navigation2/install/livox_ros_driver2/share/livox_ros_driver2/config
[2.198s] -- Up-to-date: /home/tang/tang_ws/navigation2/install/livox_ros_driver2/share/livox_ros_driver2/config/display_point_cloud_ROS1.rviz
[2.198s] -- Up-to-date: /home/tang/tang_ws/navigation2/install/livox_ros_driver2/share/livox_ros_driver2/config/mixed_HAP_MID360_config.json
[2.198s] -- Up-to-date: /home/tang/tang_ws/navigation2/install/livox_ros_driver2/share/livox_ros_driver2/config/MID360_config.json
[2.198s] -- Up-to-date: /home/tang/tang_ws/navigation2/install/livox_ros_driver2/share/livox_ros_driver2/config/HAP_config.json
[2.198s] -- Up-to-date: /home/tang/tang_ws/navigation2/install/livox_ros_driver2/share/livox_ros_driver2/config/display_point_cloud_ROS2.rviz
[2.198s] -- Up-to-date: /home/tang/tang_ws/navigation2/install/livox_ros_driver2/share/livox_ros_driver2/launch_ROS2
[2.198s] -- Up-to-date: /home/tang/tang_ws/navigation2/install/livox_ros_driver2/share/livox_ros_driver2/launch_ROS2/rviz_MID360_launch.py
[2.198s] -- Up-to-date: /home/tang/tang_ws/navigation2/install/livox_ros_driver2/share/livox_ros_driver2/launch_ROS2/msg_MID360_launch.py
[2.198s] -- Up-to-date: /home/tang/tang_ws/navigation2/install/livox_ros_driver2/share/livox_ros_driver2/launch_ROS2/msg_HAP_launch.py
[2.198s] -- Up-to-date: /home/tang/tang_ws/navigation2/install/livox_ros_driver2/share/livox_ros_driver2/launch_ROS2/rviz_mixed.py
[2.201s] -- Up-to-date: /home/tang/tang_ws/navigation2/install/livox_ros_driver2/share/livox_ros_driver2/launch_ROS2/rviz_HAP_launch.py
[2.202s] -- Up-to-date: /home/tang/tang_ws/navigation2/install/livox_ros_driver2/share/ament_index/resource_index/package_run_dependencies/livox_ros_driver2
[2.202s] -- Up-to-date: /home/tang/tang_ws/navigation2/install/livox_ros_driver2/share/ament_index/resource_index/parent_prefix_path/livox_ros_driver2
[2.202s] -- Up-to-date: /home/tang/tang_ws/navigation2/install/livox_ros_driver2/share/livox_ros_driver2/environment/ament_prefix_path.sh
[2.203s] -- Installing: /home/tang/tang_ws/navigation2/install/livox_ros_driver2/share/livox_ros_driver2/environment/ament_prefix_path.dsv
[2.203s] -- Up-to-date: /home/tang/tang_ws/navigation2/install/livox_ros_driver2/share/livox_ros_driver2/environment/path.sh
[2.203s] -- Installing: /home/tang/tang_ws/navigation2/install/livox_ros_driver2/share/livox_ros_driver2/environment/path.dsv
[2.204s] -- Up-to-date: /home/tang/tang_ws/navigation2/install/livox_ros_driver2/share/livox_ros_driver2/local_setup.bash
[2.204s] -- Up-to-date: /home/tang/tang_ws/navigation2/install/livox_ros_driver2/share/livox_ros_driver2/local_setup.sh
[2.205s] -- Up-to-date: /home/tang/tang_ws/navigation2/install/livox_ros_driver2/share/livox_ros_driver2/local_setup.zsh
[2.205s] -- Installing: /home/tang/tang_ws/navigation2/install/livox_ros_driver2/share/livox_ros_driver2/local_setup.dsv
[2.206s] -- Installing: /home/tang/tang_ws/navigation2/install/livox_ros_driver2/share/livox_ros_driver2/package.dsv
[2.207s] -- Up-to-date: /home/tang/tang_ws/navigation2/install/livox_ros_driver2/share/ament_index/resource_index/packages/livox_ros_driver2
[2.210s] -- Up-to-date: /home/tang/tang_ws/navigation2/install/livox_ros_driver2/share/livox_ros_driver2/cmake/export_livox_interfaces2__rosidl_generator_cExport.cmake
[2.210s] -- Up-to-date: /home/tang/tang_ws/navigation2/install/livox_ros_driver2/share/livox_ros_driver2/cmake/export_livox_interfaces2__rosidl_generator_cExport-noconfig.cmake
[2.211s] -- Up-to-date: /home/tang/tang_ws/navigation2/install/livox_ros_driver2/share/livox_ros_driver2/cmake/export_livox_interfaces2__rosidl_typesupport_fastrtps_cExport.cmake
[2.212s] -- Up-to-date: /home/tang/tang_ws/navigation2/install/livox_ros_driver2/share/livox_ros_driver2/cmake/export_livox_interfaces2__rosidl_typesupport_fastrtps_cExport-noconfig.cmake
[2.212s] -- Up-to-date: /home/tang/tang_ws/navigation2/install/livox_ros_driver2/share/livox_ros_driver2/cmake/livox_interfaces2__rosidl_typesupport_introspection_cExport.cmake
[2.217s] -- Up-to-date: /home/tang/tang_ws/navigation2/install/livox_ros_driver2/share/livox_ros_driver2/cmake/livox_interfaces2__rosidl_typesupport_introspection_cExport-noconfig.cmake
[2.218s] -- Up-to-date: /home/tang/tang_ws/navigation2/install/livox_ros_driver2/share/livox_ros_driver2/cmake/livox_interfaces2__rosidl_typesupport_cExport.cmake
[2.218s] -- Up-to-date: /home/tang/tang_ws/navigation2/install/livox_ros_driver2/share/livox_ros_driver2/cmake/livox_interfaces2__rosidl_typesupport_cExport-noconfig.cmake
[2.218s] -- Up-to-date: /home/tang/tang_ws/navigation2/install/livox_ros_driver2/share/livox_ros_driver2/cmake/export_livox_interfaces2__rosidl_generator_cppExport.cmake
[2.218s] -- Up-to-date: /home/tang/tang_ws/navigation2/install/livox_ros_driver2/share/livox_ros_driver2/cmake/export_livox_interfaces2__rosidl_typesupport_fastrtps_cppExport.cmake
[2.218s] -- Up-to-date: /home/tang/tang_ws/navigation2/install/livox_ros_driver2/share/livox_ros_driver2/cmake/export_livox_interfaces2__rosidl_typesupport_fastrtps_cppExport-noconfig.cmake
[2.218s] -- Up-to-date: /home/tang/tang_ws/navigation2/install/livox_ros_driver2/share/livox_ros_driver2/cmake/livox_interfaces2__rosidl_typesupport_introspection_cppExport.cmake
[2.218s] -- Up-to-date: /home/tang/tang_ws/navigation2/install/livox_ros_driver2/share/livox_ros_driver2/cmake/livox_interfaces2__rosidl_typesupport_introspection_cppExport-noconfig.cmake
[2.218s] -- Up-to-date: /home/tang/tang_ws/navigation2/install/livox_ros_driver2/share/livox_ros_driver2/cmake/livox_interfaces2__rosidl_typesupport_cppExport.cmake
[2.218s] -- Up-to-date: /home/tang/tang_ws/navigation2/install/livox_ros_driver2/share/livox_ros_driver2/cmake/livox_interfaces2__rosidl_typesupport_cppExport-noconfig.cmake
[2.218s] -- Up-to-date: /home/tang/tang_ws/navigation2/install/livox_ros_driver2/share/livox_ros_driver2/cmake/export_livox_interfaces2__rosidl_generator_pyExport.cmake
[2.218s] -- Up-to-date: /home/tang/tang_ws/navigation2/install/livox_ros_driver2/share/livox_ros_driver2/cmake/export_livox_interfaces2__rosidl_generator_pyExport-noconfig.cmake
[2.218s] -- Up-to-date: /home/tang/tang_ws/navigation2/install/livox_ros_driver2/share/ament_index/resource_index/rclcpp_components/livox_ros_driver2
[2.218s] -- Up-to-date: /home/tang/tang_ws/navigation2/install/livox_ros_driver2/share/livox_ros_driver2/cmake/rosidl_cmake-extras.cmake
[2.218s] -- Up-to-date: /home/tang/tang_ws/navigation2/install/livox_ros_driver2/share/livox_ros_driver2/cmake/ament_cmake_export_dependencies-extras.cmake
[2.219s] -- Up-to-date: /home/tang/tang_ws/navigation2/install/livox_ros_driver2/share/livox_ros_driver2/cmake/ament_cmake_export_include_directories-extras.cmake
[2.219s] -- Up-to-date: /home/tang/tang_ws/navigation2/install/livox_ros_driver2/share/livox_ros_driver2/cmake/ament_cmake_export_libraries-extras.cmake
[2.219s] -- Up-to-date: /home/tang/tang_ws/navigation2/install/livox_ros_driver2/share/livox_ros_driver2/cmake/ament_cmake_export_targets-extras.cmake
[2.219s] -- Up-to-date: /home/tang/tang_ws/navigation2/install/livox_ros_driver2/share/livox_ros_driver2/cmake/rosidl_cmake_export_typesupport_targets-extras.cmake
[2.219s] -- Up-to-date: /home/tang/tang_ws/navigation2/install/livox_ros_driver2/share/livox_ros_driver2/cmake/rosidl_cmake_export_typesupport_libraries-extras.cmake
[2.219s] -- Up-to-date: /home/tang/tang_ws/navigation2/install/livox_ros_driver2/share/livox_ros_driver2/cmake/livox_ros_driver2Config.cmake
[2.219s] -- Up-to-date: /home/tang/tang_ws/navigation2/install/livox_ros_driver2/share/livox_ros_driver2/cmake/livox_ros_driver2Config-version.cmake
[2.219s] -- Up-to-date: /home/tang/tang_ws/navigation2/install/livox_ros_driver2/share/livox_ros_driver2/package.xml
[2.219s] Invoked command in '/home/tang/tang_ws/navigation2/build/livox_ros_driver2' returned '0': CMAKE_PREFIX_PATH=${CMAKE_PREFIX_PATH}:/opt/ros/humble /usr/bin/cmake --install /home/tang/tang_ws/navigation2/build/livox_ros_driver2
