[0.014s] Invoking command in '/home/tang/tang_ws/navigation2/build/localizer': AMENT_PREFIX_PATH=/home/tang/tang_ws/navigation2/install/interface:${AMENT_PREFIX_PATH} CMAKE_PREFIX_PATH=/home/tang/tang_ws/navigation2/install/interface:/opt/bxi/bxi_ros2_pkg:/opt/ros/humble LD_LIBRARY_PATH=/home/tang/tang_ws/navigation2/install/interface/lib:/usr/local/lib:/usr/local/cuda-12.4/lib64:/usr/lib/x86_64-linux-gnu:/opt/bxi/bxi_ros2_pkg/lib:/opt/ros/humble/opt/rviz_ogre_vendor/lib:/opt/ros/humble/lib/x86_64-linux-gnu:/opt/ros/humble/lib:/usr/local/lib:/usr/local/cuda-12.4/lib64:/usr/lib/x86_64-linux-gnu:/home/.mujoco/mujoco-3.3.3-linux-x86_64/mujoco-3.3.3/bin:/home/tang/.mujoco/mujoco336/mujoco-3.3.6bin:/home/.mujoco/mujoco-3.3.3-linux-x86_64/mujoco-3.3.3/bin:/home/tang/.mujoco/mujoco336/mujoco-3.3.6bin PYTHONPATH=/home/tang/tang_ws/navigation2/install/interface/local/lib/python3.10/dist-packages:${PYTHONPATH} /usr/bin/cmake --build /home/tang/tang_ws/navigation2/build/localizer -- -j16 -l16
[0.030s] -- Found ament_cmake: 1.3.12 (/opt/ros/humble/share/ament_cmake/cmake)
[0.114s] -- Found std_msgs: 4.9.0 (/opt/ros/humble/share/std_msgs/cmake)
[0.128s] -- Found rosidl_generator_c: 3.1.7 (/opt/ros/humble/share/rosidl_generator_c/cmake)
[0.129s] -- Found rosidl_adapter: 3.1.7 (/opt/ros/humble/share/rosidl_adapter/cmake)
[0.132s] -- Found rosidl_generator_cpp: 3.1.7 (/opt/ros/humble/share/rosidl_generator_cpp/cmake)
[0.138s] -- Using all available rosidl_typesupport_c: rosidl_typesupport_fastrtps_c;rosidl_typesupport_introspection_c
[0.145s] -- Using all available rosidl_typesupport_cpp: rosidl_typesupport_fastrtps_cpp;rosidl_typesupport_introspection_cpp
[0.157s] -- Found sensor_msgs: 4.9.0 (/opt/ros/humble/share/sensor_msgs/cmake)
[0.172s] -- Found nav_msgs: 4.9.0 (/opt/ros/humble/share/nav_msgs/cmake)
[0.181s] -- Found message_filters: 4.3.11 (/opt/ros/humble/share/message_filters/cmake)
[0.196s] -- Found rmw_implementation_cmake: 6.1.2 (/opt/ros/humble/share/rmw_implementation_cmake/cmake)
[0.197s] -- Found rmw_fastrtps_cpp: 6.2.9 (/opt/ros/humble/share/rmw_fastrtps_cpp/cmake)
[0.239s] -- Using RMW implementation 'rmw_fastrtps_cpp' as default
[0.261s] -- Found tf2_ros: 0.25.16 (/opt/ros/humble/share/tf2_ros/cmake)
[0.305s] -- Found interface: 0.0.0 (/home/tang/tang_ws/navigation2/install/interface/share/interface/cmake)
[0.311s] -- Found pcl_conversions: 2.4.5 (/opt/ros/humble/share/pcl_conversions/cmake)
[0.330s] -- Eigen found (include: /usr/include/eigen3, version: 3.4.0)
[0.351s] -- FLANN found (include: /usr/include, lib: /usr/lib/x86_64-linux-gnu/libflann_cpp.so)
[0.543s] -- OpenNI found (version: 1.5.4.0, include: /usr/include/ni, lib: /usr/lib/libOpenNI.so;libusb::libusb)
[0.548s] -- OpenNI2 found (version: 2.2.0.33, include: /usr/include/openni2, lib: /usr/lib/x86_64-linux-gnu/libOpenNI2.so;libusb::libusb)
[0.643s] -- Eigen found (include: /usr/include/eigen3, version: 3.4.0)
[0.647s] -- OpenNI found (version: 1.5.4.0, include: /usr/include/ni, lib: /usr/lib/libOpenNI.so;libusb::libusb)
[0.651s] -- OpenNI2 found (version: 2.2.0.33, include: /usr/include/openni2, lib: /usr/lib/x86_64-linux-gnu/libOpenNI2.so;libusb::libusb)
[0.738s] -- Found Qhull version 8.0.2
[0.831s] -- OpenNI found (version: 1.5.4.0, include: /usr/include/ni, lib: /usr/lib/libOpenNI.so;libusb::libusb)
[0.928s] [33mCMake Warning (dev) at CMakeLists.txt:28 (find_package):
[0.928s]   Policy CMP0074 is not set: find_package uses <PackageName>_ROOT variables.
[0.928s]   Run "cmake --help-policy CMP0074" for policy details.  Use the cmake_policy
[0.928s]   command to set the policy and suppress this warning.
[0.928s] 
[0.928s]   CMake variable PCL_ROOT is set to:
[0.928s] 
[0.928s]     /usr
[0.928s] 
[0.928s]   For compatibility, CMake is ignoring the variable.
[0.928s] This warning is for project developers.  Use -Wno-dev to suppress it.
[0.928s] [0m
[0.934s] -- Found tf2_geometry_msgs: 0.25.16 (/opt/ros/humble/share/tf2_geometry_msgs/cmake)
[0.937s] -- Found eigen3_cmake_module: 0.1.1 (/opt/ros/humble/share/eigen3_cmake_module/cmake)
[0.939s] -- Ensuring Eigen3 include directory is part of orocos-kdl CMake target
[0.945s] -- Found ament_lint_auto: 0.12.14 (/opt/ros/humble/share/ament_lint_auto/cmake)
[0.991s] -- Added test 'cppcheck' to perform static code analysis on C / C++ code
[0.991s] -- Configured cppcheck include dirs: 
[0.991s] -- Configured cppcheck exclude dirs and/or files: 
[0.991s] -- Added test 'flake8' to check Python code syntax and style conventions
[0.991s] -- Added test 'lint_cmake' to check CMake code style
[0.992s] -- Added test 'pep257' to check Python code against some of the docstring style conventions in PEP 257
[0.992s] -- Added test 'uncrustify' to check C / C++ code style
[0.992s] -- Configured uncrustify additional arguments: 
[0.992s] -- Added test 'xmllint' to check XML markup files
[0.993s] -- Configuring done
[1.013s] -- Generating done
[1.019s] -- Build files have been written to: /home/tang/tang_ws/navigation2/build/localizer
[1.043s] [35m[1mConsolidate compiler generated dependencies of target frame_projector_node[0m
[1.044s] [35m[1mConsolidate compiler generated dependencies of target localizer_node[0m
[1.054s] [ 33%] Built target frame_projector_node
[1.066s] [100%] Built target localizer_node
[1.072s] Invoked command in '/home/tang/tang_ws/navigation2/build/localizer' returned '0': AMENT_PREFIX_PATH=/home/tang/tang_ws/navigation2/install/interface:${AMENT_PREFIX_PATH} CMAKE_PREFIX_PATH=/home/tang/tang_ws/navigation2/install/interface:/opt/bxi/bxi_ros2_pkg:/opt/ros/humble LD_LIBRARY_PATH=/home/tang/tang_ws/navigation2/install/interface/lib:/usr/local/lib:/usr/local/cuda-12.4/lib64:/usr/lib/x86_64-linux-gnu:/opt/bxi/bxi_ros2_pkg/lib:/opt/ros/humble/opt/rviz_ogre_vendor/lib:/opt/ros/humble/lib/x86_64-linux-gnu:/opt/ros/humble/lib:/usr/local/lib:/usr/local/cuda-12.4/lib64:/usr/lib/x86_64-linux-gnu:/home/.mujoco/mujoco-3.3.3-linux-x86_64/mujoco-3.3.3/bin:/home/tang/.mujoco/mujoco336/mujoco-3.3.6bin:/home/.mujoco/mujoco-3.3.3-linux-x86_64/mujoco-3.3.3/bin:/home/tang/.mujoco/mujoco336/mujoco-3.3.6bin PYTHONPATH=/home/tang/tang_ws/navigation2/install/interface/local/lib/python3.10/dist-packages:${PYTHONPATH} /usr/bin/cmake --build /home/tang/tang_ws/navigation2/build/localizer -- -j16 -l16
[1.073s] Invoking command in '/home/tang/tang_ws/navigation2/build/localizer': AMENT_PREFIX_PATH=/home/tang/tang_ws/navigation2/install/interface:${AMENT_PREFIX_PATH} CMAKE_PREFIX_PATH=/home/tang/tang_ws/navigation2/install/interface:/opt/bxi/bxi_ros2_pkg:/opt/ros/humble LD_LIBRARY_PATH=/home/tang/tang_ws/navigation2/install/interface/lib:/usr/local/lib:/usr/local/cuda-12.4/lib64:/usr/lib/x86_64-linux-gnu:/opt/bxi/bxi_ros2_pkg/lib:/opt/ros/humble/opt/rviz_ogre_vendor/lib:/opt/ros/humble/lib/x86_64-linux-gnu:/opt/ros/humble/lib:/usr/local/lib:/usr/local/cuda-12.4/lib64:/usr/lib/x86_64-linux-gnu:/home/.mujoco/mujoco-3.3.3-linux-x86_64/mujoco-3.3.3/bin:/home/tang/.mujoco/mujoco336/mujoco-3.3.6bin:/home/.mujoco/mujoco-3.3.3-linux-x86_64/mujoco-3.3.3/bin:/home/tang/.mujoco/mujoco336/mujoco-3.3.6bin PYTHONPATH=/home/tang/tang_ws/navigation2/install/interface/local/lib/python3.10/dist-packages:${PYTHONPATH} /usr/bin/cmake --install /home/tang/tang_ws/navigation2/build/localizer
[1.079s] -- Install configuration: "Release"
[1.079s] -- Up-to-date: /home/tang/tang_ws/navigation2/install/localizer/lib/localizer/frame_projector_node
[1.079s] -- Up-to-date: /home/tang/tang_ws/navigation2/install/localizer/lib/localizer/localizer_node
[1.079s] -- Up-to-date: /home/tang/tang_ws/navigation2/install/localizer/share/localizer/launch
[1.079s] -- Up-to-date: /home/tang/tang_ws/navigation2/install/localizer/share/localizer/launch/navigation_launch.py
[1.079s] -- Up-to-date: /home/tang/tang_ws/navigation2/install/localizer/share/localizer/launch/localizer_launch.py
[1.079s] -- Up-to-date: /home/tang/tang_ws/navigation2/install/localizer/share/localizer/launch/rtk_launch.py
[1.079s] -- Up-to-date: /home/tang/tang_ws/navigation2/install/localizer/share/localizer/config
[1.079s] -- Up-to-date: /home/tang/tang_ws/navigation2/install/localizer/share/localizer/config/old_map
[1.079s] -- Up-to-date: /home/tang/tang_ws/navigation2/install/localizer/share/localizer/config/old_map/map.pgm
[1.079s] -- Up-to-date: /home/tang/tang_ws/navigation2/install/localizer/share/localizer/config/old_map/map.yaml
[1.079s] -- Up-to-date: /home/tang/tang_ws/navigation2/install/localizer/share/localizer/config/map.pgm
[1.079s] -- Up-to-date: /home/tang/tang_ws/navigation2/install/localizer/share/localizer/config/localizer.yaml
[1.079s] -- Up-to-date: /home/tang/tang_ws/navigation2/install/localizer/share/localizer/config/map.yaml
[1.079s] -- Up-to-date: /home/tang/tang_ws/navigation2/install/localizer/share/localizer/config/pointcloud_to_laserscan.yaml
[1.079s] -- Up-to-date: /home/tang/tang_ws/navigation2/install/localizer/share/localizer/config/nav2_params.yaml
[1.079s] -- Up-to-date: /home/tang/tang_ws/navigation2/install/localizer/share/localizer/rviz
[1.079s] -- Up-to-date: /home/tang/tang_ws/navigation2/install/localizer/share/localizer/rviz/localizer.rviz
[1.079s] -- Installing: /home/tang/tang_ws/navigation2/install/localizer/share/ament_index/resource_index/package_run_dependencies/localizer
[1.080s] -- Installing: /home/tang/tang_ws/navigation2/install/localizer/share/ament_index/resource_index/parent_prefix_path/localizer
[1.080s] -- Installing: /home/tang/tang_ws/navigation2/install/localizer/share/localizer/environment/ament_prefix_path.sh
[1.080s] -- Installing: /home/tang/tang_ws/navigation2/install/localizer/share/localizer/environment/ament_prefix_path.dsv
[1.080s] -- Installing: /home/tang/tang_ws/navigation2/install/localizer/share/localizer/environment/path.sh
[1.080s] -- Installing: /home/tang/tang_ws/navigation2/install/localizer/share/localizer/environment/path.dsv
[1.080s] -- Installing: /home/tang/tang_ws/navigation2/install/localizer/share/localizer/local_setup.bash
[1.080s] -- Installing: /home/tang/tang_ws/navigation2/install/localizer/share/localizer/local_setup.sh
[1.080s] -- Installing: /home/tang/tang_ws/navigation2/install/localizer/share/localizer/local_setup.zsh
[1.080s] -- Installing: /home/tang/tang_ws/navigation2/install/localizer/share/localizer/local_setup.dsv
[1.080s] -- Installing: /home/tang/tang_ws/navigation2/install/localizer/share/localizer/package.dsv
[1.080s] -- Installing: /home/tang/tang_ws/navigation2/install/localizer/share/ament_index/resource_index/packages/localizer
[1.080s] -- Installing: /home/tang/tang_ws/navigation2/install/localizer/share/localizer/cmake/localizerConfig.cmake
[1.080s] -- Installing: /home/tang/tang_ws/navigation2/install/localizer/share/localizer/cmake/localizerConfig-version.cmake
[1.080s] -- Installing: /home/tang/tang_ws/navigation2/install/localizer/share/localizer/package.xml
[1.081s] Invoked command in '/home/tang/tang_ws/navigation2/build/localizer' returned '0': AMENT_PREFIX_PATH=/home/tang/tang_ws/navigation2/install/interface:${AMENT_PREFIX_PATH} CMAKE_PREFIX_PATH=/home/tang/tang_ws/navigation2/install/interface:/opt/bxi/bxi_ros2_pkg:/opt/ros/humble LD_LIBRARY_PATH=/home/tang/tang_ws/navigation2/install/interface/lib:/usr/local/lib:/usr/local/cuda-12.4/lib64:/usr/lib/x86_64-linux-gnu:/opt/bxi/bxi_ros2_pkg/lib:/opt/ros/humble/opt/rviz_ogre_vendor/lib:/opt/ros/humble/lib/x86_64-linux-gnu:/opt/ros/humble/lib:/usr/local/lib:/usr/local/cuda-12.4/lib64:/usr/lib/x86_64-linux-gnu:/home/.mujoco/mujoco-3.3.3-linux-x86_64/mujoco-3.3.3/bin:/home/tang/.mujoco/mujoco336/mujoco-3.3.6bin:/home/.mujoco/mujoco-3.3.3-linux-x86_64/mujoco-3.3.3/bin:/home/tang/.mujoco/mujoco336/mujoco-3.3.6bin PYTHONPATH=/home/tang/tang_ws/navigation2/install/interface/local/lib/python3.10/dist-packages:${PYTHONPATH} /usr/bin/cmake --install /home/tang/tang_ws/navigation2/build/localizer
