[0.007s] Invoking command in '/home/tang/tang_ws/navigation2/build/interface': CMAKE_PREFIX_PATH=${CMAKE_PREFIX_PATH}:/opt/ros/humble /usr/bin/cmake --build /home/tang/tang_ws/navigation2/build/interface -- -j16 -l16
[0.034s] [35m[1mConsolidate compiler generated dependencies of target interface__rosidl_generator_c[0m
[0.038s] [  1%] Built target interface__cpp
[0.042s] [ 12%] Built target interface__rosidl_generator_c
[0.046s] [35m[1mConsolidate compiler generated dependencies of target interface__rosidl_typesupport_introspection_cpp[0m
[0.046s] [35m[1mConsolidate compiler generated dependencies of target interface__rosidl_typesupport_cpp[0m
[0.046s] [35m[1mConsolidate compiler generated dependencies of target interface__rosidl_typesupport_fastrtps_cpp[0m
[0.048s] [ 12%] Built target ament_cmake_python_copy_interface
[0.051s] [35m[1mConsolidate compiler generated dependencies of target interface__rosidl_typesupport_introspection_c[0m
[0.052s] [35m[1mConsolidate compiler generated dependencies of target interface__rosidl_typesupport_c[0m
[0.052s] [35m[1mConsolidate compiler generated dependencies of target interface__rosidl_typesupport_fastrtps_c[0m
[0.059s] [ 23%] Built target interface__rosidl_typesupport_introspection_cpp
[0.060s] [ 34%] Built target interface__rosidl_typesupport_cpp
[0.060s] [ 46%] Built target interface__rosidl_typesupport_fastrtps_cpp
[0.062s] [ 57%] Built target interface__rosidl_typesupport_introspection_c
[0.063s] [ 68%] Built target interface__rosidl_typesupport_c
[0.066s] [ 79%] Built target interface__rosidl_typesupport_fastrtps_c
[0.080s] [ 79%] Built target interface
[0.092s] [ 80%] Built target interface__py
[0.101s] [35m[1mConsolidate compiler generated dependencies of target interface__rosidl_generator_py[0m
[0.111s] [ 90%] Built target interface__rosidl_generator_py
[0.118s] [35m[1mConsolidate compiler generated dependencies of target interface__rosidl_typesupport_fastrtps_c__pyext[0m
[0.118s] [35m[1mConsolidate compiler generated dependencies of target interface__rosidl_typesupport_c__pyext[0m
[0.119s] [35m[1mConsolidate compiler generated dependencies of target interface__rosidl_typesupport_introspection_c__pyext[0m
[0.125s] [ 93%] Built target interface__rosidl_typesupport_fastrtps_c__pyext
[0.127s] [ 96%] Built target interface__rosidl_typesupport_c__pyext
[0.129s] [100%] Built target interface__rosidl_typesupport_introspection_c__pyext
[0.198s] running egg_info
[0.199s] writing interface.egg-info/PKG-INFO
[0.199s] writing dependency_links to interface.egg-info/dependency_links.txt
[0.199s] writing top-level names to interface.egg-info/top_level.txt
[0.201s] reading manifest file 'interface.egg-info/SOURCES.txt'
[0.201s] writing manifest file 'interface.egg-info/SOURCES.txt'
[0.221s] [100%] Built target ament_cmake_python_build_interface_egg
[0.228s] Invoked command in '/home/tang/tang_ws/navigation2/build/interface' returned '0': CMAKE_PREFIX_PATH=${CMAKE_PREFIX_PATH}:/opt/ros/humble /usr/bin/cmake --build /home/tang/tang_ws/navigation2/build/interface -- -j16 -l16
[0.233s] Invoking command in '/home/tang/tang_ws/navigation2/build/interface': CMAKE_PREFIX_PATH=${CMAKE_PREFIX_PATH}:/opt/ros/humble /usr/bin/cmake --install /home/tang/tang_ws/navigation2/build/interface
[0.238s] -- Install configuration: ""
[0.238s] -- Up-to-date: /home/tang/tang_ws/navigation2/install/interface/share/ament_index/resource_index/rosidl_interfaces/interface
[0.238s] -- Up-to-date: /home/tang/tang_ws/navigation2/install/interface/include/interface/interface
[0.238s] -- Up-to-date: /home/tang/tang_ws/navigation2/install/interface/include/interface/interface/srv
[0.238s] -- Up-to-date: /home/tang/tang_ws/navigation2/install/interface/include/interface/interface/srv/refine_map.h
[0.238s] -- Up-to-date: /home/tang/tang_ws/navigation2/install/interface/include/interface/interface/srv/is_valid.h
[0.238s] -- Up-to-date: /home/tang/tang_ws/navigation2/install/interface/include/interface/interface/srv/save_maps.h
[0.238s] -- Up-to-date: /home/tang/tang_ws/navigation2/install/interface/include/interface/interface/srv/detail
[0.238s] -- Up-to-date: /home/tang/tang_ws/navigation2/install/interface/include/interface/interface/srv/detail/save_maps__functions.h
[0.238s] -- Up-to-date: /home/tang/tang_ws/navigation2/install/interface/include/interface/interface/srv/detail/is_valid__type_support.h
[0.238s] -- Up-to-date: /home/tang/tang_ws/navigation2/install/interface/include/interface/interface/srv/detail/save_maps__type_support.h
[0.238s] -- Up-to-date: /home/tang/tang_ws/navigation2/install/interface/include/interface/interface/srv/detail/refine_map__functions.c
[0.238s] -- Up-to-date: /home/tang/tang_ws/navigation2/install/interface/include/interface/interface/srv/detail/relocalize__type_support.h
[0.238s] -- Up-to-date: /home/tang/tang_ws/navigation2/install/interface/include/interface/interface/srv/detail/save_poses__functions.c
[0.238s] -- Up-to-date: /home/tang/tang_ws/navigation2/install/interface/include/interface/interface/srv/detail/relocalize__struct.h
[0.238s] -- Up-to-date: /home/tang/tang_ws/navigation2/install/interface/include/interface/interface/srv/detail/is_valid__struct.h
[0.238s] -- Up-to-date: /home/tang/tang_ws/navigation2/install/interface/include/interface/interface/srv/detail/refine_map__functions.h
[0.238s] -- Up-to-date: /home/tang/tang_ws/navigation2/install/interface/include/interface/interface/srv/detail/relocalize__functions.c
[0.238s] -- Up-to-date: /home/tang/tang_ws/navigation2/install/interface/include/interface/interface/srv/detail/save_poses__functions.h
[0.238s] -- Up-to-date: /home/tang/tang_ws/navigation2/install/interface/include/interface/interface/srv/detail/is_valid__functions.h
[0.238s] -- Up-to-date: /home/tang/tang_ws/navigation2/install/interface/include/interface/interface/srv/detail/save_poses__struct.h
[0.239s] -- Up-to-date: /home/tang/tang_ws/navigation2/install/interface/include/interface/interface/srv/detail/relocalize__functions.h
[0.239s] -- Up-to-date: /home/tang/tang_ws/navigation2/install/interface/include/interface/interface/srv/detail/save_poses__type_support.h
[0.239s] -- Up-to-date: /home/tang/tang_ws/navigation2/install/interface/include/interface/interface/srv/detail/refine_map__struct.h
[0.239s] -- Up-to-date: /home/tang/tang_ws/navigation2/install/interface/include/interface/interface/srv/detail/refine_map__type_support.h
[0.239s] -- Up-to-date: /home/tang/tang_ws/navigation2/install/interface/include/interface/interface/srv/detail/is_valid__functions.c
[0.239s] -- Up-to-date: /home/tang/tang_ws/navigation2/install/interface/include/interface/interface/srv/detail/save_maps__struct.h
[0.239s] -- Up-to-date: /home/tang/tang_ws/navigation2/install/interface/include/interface/interface/srv/detail/save_maps__functions.c
[0.239s] -- Up-to-date: /home/tang/tang_ws/navigation2/install/interface/include/interface/interface/srv/relocalize.h
[0.239s] -- Up-to-date: /home/tang/tang_ws/navigation2/install/interface/include/interface/interface/srv/save_poses.h
[0.239s] -- Up-to-date: /home/tang/tang_ws/navigation2/install/interface/include/interface/interface/msg
[0.239s] -- Up-to-date: /home/tang/tang_ws/navigation2/install/interface/include/interface/interface/msg/rosidl_generator_c__visibility_control.h
[0.239s] -- Up-to-date: /home/tang/tang_ws/navigation2/install/interface/share/interface/environment/library_path.sh
[0.239s] -- Up-to-date: /home/tang/tang_ws/navigation2/install/interface/share/interface/environment/library_path.dsv
[0.239s] -- Up-to-date: /home/tang/tang_ws/navigation2/install/interface/lib/libinterface__rosidl_generator_c.so
[0.239s] -- Up-to-date: /home/tang/tang_ws/navigation2/install/interface/include/interface/interface
[0.239s] -- Up-to-date: /home/tang/tang_ws/navigation2/install/interface/include/interface/interface/srv
[0.239s] -- Up-to-date: /home/tang/tang_ws/navigation2/install/interface/include/interface/interface/srv/detail
[0.239s] -- Up-to-date: /home/tang/tang_ws/navigation2/install/interface/include/interface/interface/srv/detail/save_maps__rosidl_typesupport_fastrtps_c.h
[0.239s] -- Up-to-date: /home/tang/tang_ws/navigation2/install/interface/include/interface/interface/srv/detail/refine_map__rosidl_typesupport_fastrtps_c.h
[0.239s] -- Up-to-date: /home/tang/tang_ws/navigation2/install/interface/include/interface/interface/srv/detail/save_poses__rosidl_typesupport_fastrtps_c.h
[0.239s] -- Up-to-date: /home/tang/tang_ws/navigation2/install/interface/include/interface/interface/srv/detail/relocalize__rosidl_typesupport_fastrtps_c.h
[0.239s] -- Up-to-date: /home/tang/tang_ws/navigation2/install/interface/include/interface/interface/srv/detail/is_valid__rosidl_typesupport_fastrtps_c.h
[0.239s] -- Up-to-date: /home/tang/tang_ws/navigation2/install/interface/include/interface/interface/msg
[0.239s] -- Up-to-date: /home/tang/tang_ws/navigation2/install/interface/include/interface/interface/msg/rosidl_typesupport_fastrtps_c__visibility_control.h
[0.239s] -- Up-to-date: /home/tang/tang_ws/navigation2/install/interface/lib/libinterface__rosidl_typesupport_fastrtps_c.so
[0.240s] -- Up-to-date: /home/tang/tang_ws/navigation2/install/interface/include/interface/interface
[0.240s] -- Up-to-date: /home/tang/tang_ws/navigation2/install/interface/include/interface/interface/srv
[0.240s] -- Up-to-date: /home/tang/tang_ws/navigation2/install/interface/include/interface/interface/srv/is_valid.hpp
[0.240s] -- Up-to-date: /home/tang/tang_ws/navigation2/install/interface/include/interface/interface/srv/save_poses.hpp
[0.240s] -- Up-to-date: /home/tang/tang_ws/navigation2/install/interface/include/interface/interface/srv/refine_map.hpp
[0.240s] -- Up-to-date: /home/tang/tang_ws/navigation2/install/interface/include/interface/interface/srv/relocalize.hpp
[0.240s] -- Up-to-date: /home/tang/tang_ws/navigation2/install/interface/include/interface/interface/srv/detail
[0.240s] -- Up-to-date: /home/tang/tang_ws/navigation2/install/interface/include/interface/interface/srv/detail/relocalize__type_support.hpp
[0.240s] -- Up-to-date: /home/tang/tang_ws/navigation2/install/interface/include/interface/interface/srv/detail/relocalize__traits.hpp
[0.240s] -- Up-to-date: /home/tang/tang_ws/navigation2/install/interface/include/interface/interface/srv/detail/save_poses__type_support.hpp
[0.240s] -- Up-to-date: /home/tang/tang_ws/navigation2/install/interface/include/interface/interface/srv/detail/save_maps__builder.hpp
[0.240s] -- Up-to-date: /home/tang/tang_ws/navigation2/install/interface/include/interface/interface/srv/detail/is_valid__struct.hpp
[0.240s] -- Up-to-date: /home/tang/tang_ws/navigation2/install/interface/include/interface/interface/srv/detail/save_maps__type_support.hpp
[0.240s] -- Up-to-date: /home/tang/tang_ws/navigation2/install/interface/include/interface/interface/srv/detail/relocalize__builder.hpp
[0.240s] -- Up-to-date: /home/tang/tang_ws/navigation2/install/interface/include/interface/interface/srv/detail/refine_map__builder.hpp
[0.240s] -- Up-to-date: /home/tang/tang_ws/navigation2/install/interface/include/interface/interface/srv/detail/save_maps__traits.hpp
[0.240s] -- Up-to-date: /home/tang/tang_ws/navigation2/install/interface/include/interface/interface/srv/detail/refine_map__traits.hpp
[0.240s] -- Up-to-date: /home/tang/tang_ws/navigation2/install/interface/include/interface/interface/srv/detail/refine_map__type_support.hpp
[0.240s] -- Up-to-date: /home/tang/tang_ws/navigation2/install/interface/include/interface/interface/srv/detail/save_poses__struct.hpp
[0.240s] -- Up-to-date: /home/tang/tang_ws/navigation2/install/interface/include/interface/interface/srv/detail/save_poses__traits.hpp
[0.240s] -- Up-to-date: /home/tang/tang_ws/navigation2/install/interface/include/interface/interface/srv/detail/save_maps__struct.hpp
[0.240s] -- Up-to-date: /home/tang/tang_ws/navigation2/install/interface/include/interface/interface/srv/detail/is_valid__type_support.hpp
[0.240s] -- Up-to-date: /home/tang/tang_ws/navigation2/install/interface/include/interface/interface/srv/detail/refine_map__struct.hpp
[0.240s] -- Up-to-date: /home/tang/tang_ws/navigation2/install/interface/include/interface/interface/srv/detail/is_valid__traits.hpp
[0.240s] -- Up-to-date: /home/tang/tang_ws/navigation2/install/interface/include/interface/interface/srv/detail/save_poses__builder.hpp
[0.240s] -- Up-to-date: /home/tang/tang_ws/navigation2/install/interface/include/interface/interface/srv/detail/is_valid__builder.hpp
[0.241s] -- Up-to-date: /home/tang/tang_ws/navigation2/install/interface/include/interface/interface/srv/detail/relocalize__struct.hpp
[0.241s] -- Up-to-date: /home/tang/tang_ws/navigation2/install/interface/include/interface/interface/srv/save_maps.hpp
[0.241s] -- Up-to-date: /home/tang/tang_ws/navigation2/install/interface/include/interface/interface/msg
[0.241s] -- Up-to-date: /home/tang/tang_ws/navigation2/install/interface/include/interface/interface/msg/rosidl_generator_cpp__visibility_control.hpp
[0.241s] -- Up-to-date: /home/tang/tang_ws/navigation2/install/interface/include/interface/interface
[0.241s] -- Up-to-date: /home/tang/tang_ws/navigation2/install/interface/include/interface/interface/srv
[0.241s] -- Up-to-date: /home/tang/tang_ws/navigation2/install/interface/include/interface/interface/srv/detail
[0.241s] -- Up-to-date: /home/tang/tang_ws/navigation2/install/interface/include/interface/interface/srv/detail/dds_fastrtps
[0.241s] -- Up-to-date: /home/tang/tang_ws/navigation2/install/interface/include/interface/interface/srv/detail/is_valid__rosidl_typesupport_fastrtps_cpp.hpp
[0.241s] -- Up-to-date: /home/tang/tang_ws/navigation2/install/interface/include/interface/interface/srv/detail/relocalize__rosidl_typesupport_fastrtps_cpp.hpp
[0.241s] -- Up-to-date: /home/tang/tang_ws/navigation2/install/interface/include/interface/interface/srv/detail/save_maps__rosidl_typesupport_fastrtps_cpp.hpp
[0.241s] -- Up-to-date: /home/tang/tang_ws/navigation2/install/interface/include/interface/interface/srv/detail/save_poses__rosidl_typesupport_fastrtps_cpp.hpp
[0.241s] -- Up-to-date: /home/tang/tang_ws/navigation2/install/interface/include/interface/interface/srv/detail/refine_map__rosidl_typesupport_fastrtps_cpp.hpp
[0.241s] -- Up-to-date: /home/tang/tang_ws/navigation2/install/interface/include/interface/interface/msg
[0.241s] -- Up-to-date: /home/tang/tang_ws/navigation2/install/interface/include/interface/interface/msg/rosidl_typesupport_fastrtps_cpp__visibility_control.h
[0.241s] -- Up-to-date: /home/tang/tang_ws/navigation2/install/interface/lib/libinterface__rosidl_typesupport_fastrtps_cpp.so
[0.241s] -- Up-to-date: /home/tang/tang_ws/navigation2/install/interface/include/interface/interface
[0.241s] -- Up-to-date: /home/tang/tang_ws/navigation2/install/interface/include/interface/interface/srv
[0.241s] -- Up-to-date: /home/tang/tang_ws/navigation2/install/interface/include/interface/interface/srv/detail
[0.242s] -- Up-to-date: /home/tang/tang_ws/navigation2/install/interface/include/interface/interface/srv/detail/refine_map__rosidl_typesupport_introspection_c.h
[0.242s] -- Up-to-date: /home/tang/tang_ws/navigation2/install/interface/include/interface/interface/srv/detail/refine_map__type_support.c
[0.242s] -- Up-to-date: /home/tang/tang_ws/navigation2/install/interface/include/interface/interface/srv/detail/save_maps__type_support.c
[0.242s] -- Up-to-date: /home/tang/tang_ws/navigation2/install/interface/include/interface/interface/srv/detail/save_poses__type_support.c
[0.242s] -- Up-to-date: /home/tang/tang_ws/navigation2/install/interface/include/interface/interface/srv/detail/save_maps__rosidl_typesupport_introspection_c.h
[0.242s] -- Up-to-date: /home/tang/tang_ws/navigation2/install/interface/include/interface/interface/srv/detail/save_poses__rosidl_typesupport_introspection_c.h
[0.242s] -- Up-to-date: /home/tang/tang_ws/navigation2/install/interface/include/interface/interface/srv/detail/is_valid__type_support.c
[0.242s] -- Up-to-date: /home/tang/tang_ws/navigation2/install/interface/include/interface/interface/srv/detail/relocalize__rosidl_typesupport_introspection_c.h
[0.242s] -- Up-to-date: /home/tang/tang_ws/navigation2/install/interface/include/interface/interface/srv/detail/relocalize__type_support.c
[0.242s] -- Up-to-date: /home/tang/tang_ws/navigation2/install/interface/include/interface/interface/srv/detail/is_valid__rosidl_typesupport_introspection_c.h
[0.242s] -- Up-to-date: /home/tang/tang_ws/navigation2/install/interface/include/interface/interface/msg
[0.242s] -- Up-to-date: /home/tang/tang_ws/navigation2/install/interface/include/interface/interface/msg/rosidl_typesupport_introspection_c__visibility_control.h
[0.242s] -- Up-to-date: /home/tang/tang_ws/navigation2/install/interface/lib/libinterface__rosidl_typesupport_introspection_c.so
[0.242s] -- Up-to-date: /home/tang/tang_ws/navigation2/install/interface/lib/libinterface__rosidl_typesupport_c.so
[0.242s] -- Up-to-date: /home/tang/tang_ws/navigation2/install/interface/include/interface/interface
[0.242s] -- Up-to-date: /home/tang/tang_ws/navigation2/install/interface/include/interface/interface/srv
[0.242s] -- Up-to-date: /home/tang/tang_ws/navigation2/install/interface/include/interface/interface/srv/detail
[0.242s] -- Up-to-date: /home/tang/tang_ws/navigation2/install/interface/include/interface/interface/srv/detail/relocalize__rosidl_typesupport_introspection_cpp.hpp
[0.242s] -- Up-to-date: /home/tang/tang_ws/navigation2/install/interface/include/interface/interface/srv/detail/is_valid__rosidl_typesupport_introspection_cpp.hpp
[0.242s] -- Up-to-date: /home/tang/tang_ws/navigation2/install/interface/include/interface/interface/srv/detail/save_maps__rosidl_typesupport_introspection_cpp.hpp
[0.242s] -- Up-to-date: /home/tang/tang_ws/navigation2/install/interface/include/interface/interface/srv/detail/save_poses__rosidl_typesupport_introspection_cpp.hpp
[0.242s] -- Up-to-date: /home/tang/tang_ws/navigation2/install/interface/include/interface/interface/srv/detail/refine_map__rosidl_typesupport_introspection_cpp.hpp
[0.243s] -- Up-to-date: /home/tang/tang_ws/navigation2/install/interface/include/interface/interface/srv/detail/refine_map__type_support.cpp
[0.243s] -- Up-to-date: /home/tang/tang_ws/navigation2/install/interface/include/interface/interface/srv/detail/relocalize__type_support.cpp
[0.243s] -- Up-to-date: /home/tang/tang_ws/navigation2/install/interface/include/interface/interface/srv/detail/save_poses__type_support.cpp
[0.243s] -- Up-to-date: /home/tang/tang_ws/navigation2/install/interface/include/interface/interface/srv/detail/is_valid__type_support.cpp
[0.243s] -- Up-to-date: /home/tang/tang_ws/navigation2/install/interface/include/interface/interface/srv/detail/save_maps__type_support.cpp
[0.243s] -- Up-to-date: /home/tang/tang_ws/navigation2/install/interface/lib/libinterface__rosidl_typesupport_introspection_cpp.so
[0.243s] -- Up-to-date: /home/tang/tang_ws/navigation2/install/interface/lib/libinterface__rosidl_typesupport_cpp.so
[0.243s] -- Up-to-date: /home/tang/tang_ws/navigation2/install/interface/share/interface/environment/pythonpath.sh
[0.243s] -- Up-to-date: /home/tang/tang_ws/navigation2/install/interface/share/interface/environment/pythonpath.dsv
[0.243s] -- Up-to-date: /home/tang/tang_ws/navigation2/install/interface/local/lib/python3.10/dist-packages/interface-0.0.0-py3.10.egg-info
[0.243s] -- Installing: /home/tang/tang_ws/navigation2/install/interface/local/lib/python3.10/dist-packages/interface-0.0.0-py3.10.egg-info/PKG-INFO
[0.244s] -- Installing: /home/tang/tang_ws/navigation2/install/interface/local/lib/python3.10/dist-packages/interface-0.0.0-py3.10.egg-info/dependency_links.txt
[0.244s] -- Installing: /home/tang/tang_ws/navigation2/install/interface/local/lib/python3.10/dist-packages/interface-0.0.0-py3.10.egg-info/top_level.txt
[0.244s] -- Installing: /home/tang/tang_ws/navigation2/install/interface/local/lib/python3.10/dist-packages/interface-0.0.0-py3.10.egg-info/SOURCES.txt
[0.244s] -- Up-to-date: /home/tang/tang_ws/navigation2/install/interface/local/lib/python3.10/dist-packages/interface
[0.244s] -- Up-to-date: /home/tang/tang_ws/navigation2/install/interface/local/lib/python3.10/dist-packages/interface/interface_s__rosidl_typesupport_introspection_c.cpython-310-x86_64-linux-gnu.so
[0.244s] -- Up-to-date: /home/tang/tang_ws/navigation2/install/interface/local/lib/python3.10/dist-packages/interface/interface_s__rosidl_typesupport_fastrtps_c.cpython-310-x86_64-linux-gnu.so
[0.244s] -- Up-to-date: /home/tang/tang_ws/navigation2/install/interface/local/lib/python3.10/dist-packages/interface/srv
[0.244s] -- Up-to-date: /home/tang/tang_ws/navigation2/install/interface/local/lib/python3.10/dist-packages/interface/srv/_refine_map.py
[0.244s] -- Up-to-date: /home/tang/tang_ws/navigation2/install/interface/local/lib/python3.10/dist-packages/interface/srv/_save_poses_s.c
[0.244s] -- Up-to-date: /home/tang/tang_ws/navigation2/install/interface/local/lib/python3.10/dist-packages/interface/srv/_relocalize_s.c
[0.244s] -- Up-to-date: /home/tang/tang_ws/navigation2/install/interface/local/lib/python3.10/dist-packages/interface/srv/_refine_map_s.c
[0.244s] -- Up-to-date: /home/tang/tang_ws/navigation2/install/interface/local/lib/python3.10/dist-packages/interface/srv/_save_poses.py
[0.244s] -- Up-to-date: /home/tang/tang_ws/navigation2/install/interface/local/lib/python3.10/dist-packages/interface/srv/_is_valid_s.c
[0.244s] -- Up-to-date: /home/tang/tang_ws/navigation2/install/interface/local/lib/python3.10/dist-packages/interface/srv/_relocalize.py
[0.244s] -- Up-to-date: /home/tang/tang_ws/navigation2/install/interface/local/lib/python3.10/dist-packages/interface/srv/_save_maps.py
[0.244s] -- Up-to-date: /home/tang/tang_ws/navigation2/install/interface/local/lib/python3.10/dist-packages/interface/srv/__init__.py
[0.244s] -- Up-to-date: /home/tang/tang_ws/navigation2/install/interface/local/lib/python3.10/dist-packages/interface/srv/_save_maps_s.c
[0.244s] -- Up-to-date: /home/tang/tang_ws/navigation2/install/interface/local/lib/python3.10/dist-packages/interface/srv/_is_valid.py
[0.244s] -- Up-to-date: /home/tang/tang_ws/navigation2/install/interface/local/lib/python3.10/dist-packages/interface/_interface_s.ep.rosidl_typesupport_fastrtps_c.c
[0.244s] -- Up-to-date: /home/tang/tang_ws/navigation2/install/interface/local/lib/python3.10/dist-packages/interface/libinterface__rosidl_generator_py.so
[0.244s] -- Up-to-date: /home/tang/tang_ws/navigation2/install/interface/local/lib/python3.10/dist-packages/interface/_interface_s.ep.rosidl_typesupport_introspection_c.c
[0.244s] -- Up-to-date: /home/tang/tang_ws/navigation2/install/interface/local/lib/python3.10/dist-packages/interface/__init__.py
[0.244s] -- Up-to-date: /home/tang/tang_ws/navigation2/install/interface/local/lib/python3.10/dist-packages/interface/_interface_s.ep.rosidl_typesupport_c.c
[0.244s] -- Up-to-date: /home/tang/tang_ws/navigation2/install/interface/local/lib/python3.10/dist-packages/interface/interface_s__rosidl_typesupport_c.cpython-310-x86_64-linux-gnu.so
[0.259s] Listing '/home/tang/tang_ws/navigation2/install/interface/local/lib/python3.10/dist-packages/interface'...
[0.259s] Listing '/home/tang/tang_ws/navigation2/install/interface/local/lib/python3.10/dist-packages/interface/srv'...
[0.262s] -- Up-to-date: /home/tang/tang_ws/navigation2/install/interface/local/lib/python3.10/dist-packages/interface/interface_s__rosidl_typesupport_fastrtps_c.cpython-310-x86_64-linux-gnu.so
[0.262s] -- Up-to-date: /home/tang/tang_ws/navigation2/install/interface/local/lib/python3.10/dist-packages/interface/interface_s__rosidl_typesupport_introspection_c.cpython-310-x86_64-linux-gnu.so
[0.262s] -- Up-to-date: /home/tang/tang_ws/navigation2/install/interface/local/lib/python3.10/dist-packages/interface/interface_s__rosidl_typesupport_c.cpython-310-x86_64-linux-gnu.so
[0.262s] -- Up-to-date: /home/tang/tang_ws/navigation2/install/interface/lib/libinterface__rosidl_generator_py.so
[0.262s] -- Up-to-date: /home/tang/tang_ws/navigation2/install/interface/share/interface/srv/SaveMaps.idl
[0.262s] -- Up-to-date: /home/tang/tang_ws/navigation2/install/interface/share/interface/srv/Relocalize.idl
[0.262s] -- Up-to-date: /home/tang/tang_ws/navigation2/install/interface/share/interface/srv/IsValid.idl
[0.262s] -- Up-to-date: /home/tang/tang_ws/navigation2/install/interface/share/interface/srv/RefineMap.idl
[0.262s] -- Up-to-date: /home/tang/tang_ws/navigation2/install/interface/share/interface/srv/SavePoses.idl
[0.262s] -- Up-to-date: /home/tang/tang_ws/navigation2/install/interface/share/interface/srv/SaveMaps.srv
[0.262s] -- Up-to-date: /home/tang/tang_ws/navigation2/install/interface/share/interface/srv/SaveMaps_Request.msg
[0.262s] -- Up-to-date: /home/tang/tang_ws/navigation2/install/interface/share/interface/srv/SaveMaps_Response.msg
[0.262s] -- Up-to-date: /home/tang/tang_ws/navigation2/install/interface/share/interface/srv/Relocalize.srv
[0.262s] -- Up-to-date: /home/tang/tang_ws/navigation2/install/interface/share/interface/srv/Relocalize_Request.msg
[0.262s] -- Up-to-date: /home/tang/tang_ws/navigation2/install/interface/share/interface/srv/Relocalize_Response.msg
[0.263s] -- Up-to-date: /home/tang/tang_ws/navigation2/install/interface/share/interface/srv/IsValid.srv
[0.263s] -- Up-to-date: /home/tang/tang_ws/navigation2/install/interface/share/interface/srv/IsValid_Request.msg
[0.263s] -- Up-to-date: /home/tang/tang_ws/navigation2/install/interface/share/interface/srv/IsValid_Response.msg
[0.263s] -- Up-to-date: /home/tang/tang_ws/navigation2/install/interface/share/interface/srv/RefineMap.srv
[0.263s] -- Up-to-date: /home/tang/tang_ws/navigation2/install/interface/share/interface/srv/RefineMap_Request.msg
[0.263s] -- Up-to-date: /home/tang/tang_ws/navigation2/install/interface/share/interface/srv/RefineMap_Response.msg
[0.263s] -- Up-to-date: /home/tang/tang_ws/navigation2/install/interface/share/interface/srv/SavePoses.srv
[0.263s] -- Up-to-date: /home/tang/tang_ws/navigation2/install/interface/share/interface/srv/SavePoses_Request.msg
[0.263s] -- Up-to-date: /home/tang/tang_ws/navigation2/install/interface/share/interface/srv/SavePoses_Response.msg
[0.263s] -- Up-to-date: /home/tang/tang_ws/navigation2/install/interface/share/ament_index/resource_index/package_run_dependencies/interface
[0.263s] -- Up-to-date: /home/tang/tang_ws/navigation2/install/interface/share/ament_index/resource_index/parent_prefix_path/interface
[0.263s] -- Up-to-date: /home/tang/tang_ws/navigation2/install/interface/share/interface/environment/ament_prefix_path.sh
[0.263s] -- Up-to-date: /home/tang/tang_ws/navigation2/install/interface/share/interface/environment/ament_prefix_path.dsv
[0.263s] -- Up-to-date: /home/tang/tang_ws/navigation2/install/interface/share/interface/environment/path.sh
[0.263s] -- Up-to-date: /home/tang/tang_ws/navigation2/install/interface/share/interface/environment/path.dsv
[0.263s] -- Up-to-date: /home/tang/tang_ws/navigation2/install/interface/share/interface/local_setup.bash
[0.263s] -- Up-to-date: /home/tang/tang_ws/navigation2/install/interface/share/interface/local_setup.sh
[0.263s] -- Up-to-date: /home/tang/tang_ws/navigation2/install/interface/share/interface/local_setup.zsh
[0.263s] -- Up-to-date: /home/tang/tang_ws/navigation2/install/interface/share/interface/local_setup.dsv
[0.263s] -- Installing: /home/tang/tang_ws/navigation2/install/interface/share/interface/package.dsv
[0.263s] -- Up-to-date: /home/tang/tang_ws/navigation2/install/interface/share/ament_index/resource_index/packages/interface
[0.263s] -- Up-to-date: /home/tang/tang_ws/navigation2/install/interface/share/interface/cmake/export_interface__rosidl_generator_cExport.cmake
[0.263s] -- Up-to-date: /home/tang/tang_ws/navigation2/install/interface/share/interface/cmake/export_interface__rosidl_generator_cExport-noconfig.cmake
[0.263s] -- Up-to-date: /home/tang/tang_ws/navigation2/install/interface/share/interface/cmake/export_interface__rosidl_typesupport_fastrtps_cExport.cmake
[0.263s] -- Up-to-date: /home/tang/tang_ws/navigation2/install/interface/share/interface/cmake/export_interface__rosidl_typesupport_fastrtps_cExport-noconfig.cmake
[0.263s] -- Up-to-date: /home/tang/tang_ws/navigation2/install/interface/share/interface/cmake/export_interface__rosidl_generator_cppExport.cmake
[0.263s] -- Up-to-date: /home/tang/tang_ws/navigation2/install/interface/share/interface/cmake/export_interface__rosidl_typesupport_fastrtps_cppExport.cmake
[0.263s] -- Up-to-date: /home/tang/tang_ws/navigation2/install/interface/share/interface/cmake/export_interface__rosidl_typesupport_fastrtps_cppExport-noconfig.cmake
[0.264s] -- Up-to-date: /home/tang/tang_ws/navigation2/install/interface/share/interface/cmake/interface__rosidl_typesupport_introspection_cExport.cmake
[0.264s] -- Up-to-date: /home/tang/tang_ws/navigation2/install/interface/share/interface/cmake/interface__rosidl_typesupport_introspection_cExport-noconfig.cmake
[0.264s] -- Up-to-date: /home/tang/tang_ws/navigation2/install/interface/share/interface/cmake/interface__rosidl_typesupport_cExport.cmake
[0.264s] -- Up-to-date: /home/tang/tang_ws/navigation2/install/interface/share/interface/cmake/interface__rosidl_typesupport_cExport-noconfig.cmake
[0.264s] -- Up-to-date: /home/tang/tang_ws/navigation2/install/interface/share/interface/cmake/interface__rosidl_typesupport_introspection_cppExport.cmake
[0.264s] -- Up-to-date: /home/tang/tang_ws/navigation2/install/interface/share/interface/cmake/interface__rosidl_typesupport_introspection_cppExport-noconfig.cmake
[0.264s] -- Up-to-date: /home/tang/tang_ws/navigation2/install/interface/share/interface/cmake/interface__rosidl_typesupport_cppExport.cmake
[0.264s] -- Up-to-date: /home/tang/tang_ws/navigation2/install/interface/share/interface/cmake/interface__rosidl_typesupport_cppExport-noconfig.cmake
[0.264s] -- Up-to-date: /home/tang/tang_ws/navigation2/install/interface/share/interface/cmake/export_interface__rosidl_generator_pyExport.cmake
[0.264s] -- Up-to-date: /home/tang/tang_ws/navigation2/install/interface/share/interface/cmake/export_interface__rosidl_generator_pyExport-noconfig.cmake
[0.264s] -- Up-to-date: /home/tang/tang_ws/navigation2/install/interface/share/interface/cmake/rosidl_cmake-extras.cmake
[0.264s] -- Up-to-date: /home/tang/tang_ws/navigation2/install/interface/share/interface/cmake/ament_cmake_export_dependencies-extras.cmake
[0.264s] -- Up-to-date: /home/tang/tang_ws/navigation2/install/interface/share/interface/cmake/ament_cmake_export_include_directories-extras.cmake
[0.264s] -- Up-to-date: /home/tang/tang_ws/navigation2/install/interface/share/interface/cmake/ament_cmake_export_libraries-extras.cmake
[0.264s] -- Up-to-date: /home/tang/tang_ws/navigation2/install/interface/share/interface/cmake/ament_cmake_export_targets-extras.cmake
[0.264s] -- Up-to-date: /home/tang/tang_ws/navigation2/install/interface/share/interface/cmake/rosidl_cmake_export_typesupport_targets-extras.cmake
[0.264s] -- Up-to-date: /home/tang/tang_ws/navigation2/install/interface/share/interface/cmake/rosidl_cmake_export_typesupport_libraries-extras.cmake
[0.264s] -- Up-to-date: /home/tang/tang_ws/navigation2/install/interface/share/interface/cmake/interfaceConfig.cmake
[0.264s] -- Up-to-date: /home/tang/tang_ws/navigation2/install/interface/share/interface/cmake/interfaceConfig-version.cmake
[0.264s] -- Up-to-date: /home/tang/tang_ws/navigation2/install/interface/share/interface/package.xml
[0.267s] Invoked command in '/home/tang/tang_ws/navigation2/build/interface' returned '0': CMAKE_PREFIX_PATH=${CMAKE_PREFIX_PATH}:/opt/ros/humble /usr/bin/cmake --install /home/tang/tang_ws/navigation2/build/interface
