[0.008s] Invoking command in '/home/tang/tang_ws/navigation2/build/interface': CMAKE_PREFIX_PATH=${CMAKE_PREFIX_PATH}:/opt/ros/humble /usr/bin/cmake --build /home/tang/tang_ws/navigation2/build/interface -- -j16 -l16
[0.044s] [  1%] Built target interface__cpp
[0.048s] [ 12%] Built target interface__rosidl_generator_c
[0.050s] [ 12%] Built target ament_cmake_python_copy_interface
[0.067s] [ 23%] Built target interface__rosidl_typesupport_introspection_cpp
[0.073s] [ 46%] Built target interface__rosidl_typesupport_fastrtps_cpp
[0.073s] [ 46%] Built target interface__rosidl_typesupport_cpp
[0.074s] [ 57%] Built target interface__rosidl_typesupport_fastrtps_c
[0.074s] [ 68%] Built target interface__rosidl_typesupport_introspection_c
[0.076s] [ 79%] Built target interface__rosidl_typesupport_c
[0.092s] [ 79%] Built target interface
[0.106s] [ 80%] Built target interface__py
[0.125s] [ 90%] Built target interface__rosidl_generator_py
[0.142s] [ 96%] Built target interface__rosidl_typesupport_fastrtps_c__pyext
[0.142s] [ 96%] Built target interface__rosidl_typesupport_c__pyext
[0.142s] [100%] Built target interface__rosidl_typesupport_introspection_c__pyext
[0.222s] running egg_info
[0.222s] writing interface.egg-info/PKG-INFO
[0.222s] writing dependency_links to interface.egg-info/dependency_links.txt
[0.222s] writing top-level names to interface.egg-info/top_level.txt
[0.224s] reading manifest file 'interface.egg-info/SOURCES.txt'
[0.225s] writing manifest file 'interface.egg-info/SOURCES.txt'
[0.243s] [100%] Built target ament_cmake_python_build_interface_egg
[0.254s] Invoked command in '/home/tang/tang_ws/navigation2/build/interface' returned '0': CMAKE_PREFIX_PATH=${CMAKE_PREFIX_PATH}:/opt/ros/humble /usr/bin/cmake --build /home/tang/tang_ws/navigation2/build/interface -- -j16 -l16
[0.260s] Invoking command in '/home/tang/tang_ws/navigation2/build/interface': CMAKE_PREFIX_PATH=${CMAKE_PREFIX_PATH}:/opt/ros/humble /usr/bin/cmake --install /home/tang/tang_ws/navigation2/build/interface
[0.264s] -- Install configuration: ""
[0.264s] -- Up-to-date: /home/tang/tang_ws/navigation2/install/interface/share/ament_index/resource_index/rosidl_interfaces/interface
[0.264s] -- Up-to-date: /home/tang/tang_ws/navigation2/install/interface/include/interface/interface
[0.265s] -- Up-to-date: /home/tang/tang_ws/navigation2/install/interface/include/interface/interface/srv
[0.265s] -- Up-to-date: /home/tang/tang_ws/navigation2/install/interface/include/interface/interface/srv/refine_map.h
[0.265s] -- Up-to-date: /home/tang/tang_ws/navigation2/install/interface/include/interface/interface/srv/is_valid.h
[0.265s] -- Up-to-date: /home/tang/tang_ws/navigation2/install/interface/include/interface/interface/srv/save_maps.h
[0.265s] -- Up-to-date: /home/tang/tang_ws/navigation2/install/interface/include/interface/interface/srv/detail
[0.265s] -- Up-to-date: /home/tang/tang_ws/navigation2/install/interface/include/interface/interface/srv/detail/save_maps__functions.h
[0.265s] -- Up-to-date: /home/tang/tang_ws/navigation2/install/interface/include/interface/interface/srv/detail/is_valid__type_support.h
[0.265s] -- Up-to-date: /home/tang/tang_ws/navigation2/install/interface/include/interface/interface/srv/detail/save_maps__type_support.h
[0.265s] -- Up-to-date: /home/tang/tang_ws/navigation2/install/interface/include/interface/interface/srv/detail/refine_map__functions.c
[0.265s] -- Up-to-date: /home/tang/tang_ws/navigation2/install/interface/include/interface/interface/srv/detail/relocalize__type_support.h
[0.265s] -- Up-to-date: /home/tang/tang_ws/navigation2/install/interface/include/interface/interface/srv/detail/save_poses__functions.c
[0.265s] -- Up-to-date: /home/tang/tang_ws/navigation2/install/interface/include/interface/interface/srv/detail/relocalize__struct.h
[0.265s] -- Up-to-date: /home/tang/tang_ws/navigation2/install/interface/include/interface/interface/srv/detail/is_valid__struct.h
[0.265s] -- Up-to-date: /home/tang/tang_ws/navigation2/install/interface/include/interface/interface/srv/detail/refine_map__functions.h
[0.265s] -- Up-to-date: /home/tang/tang_ws/navigation2/install/interface/include/interface/interface/srv/detail/relocalize__functions.c
[0.265s] -- Up-to-date: /home/tang/tang_ws/navigation2/install/interface/include/interface/interface/srv/detail/save_poses__functions.h
[0.265s] -- Up-to-date: /home/tang/tang_ws/navigation2/install/interface/include/interface/interface/srv/detail/is_valid__functions.h
[0.265s] -- Up-to-date: /home/tang/tang_ws/navigation2/install/interface/include/interface/interface/srv/detail/save_poses__struct.h
[0.265s] -- Up-to-date: /home/tang/tang_ws/navigation2/install/interface/include/interface/interface/srv/detail/relocalize__functions.h
[0.265s] -- Up-to-date: /home/tang/tang_ws/navigation2/install/interface/include/interface/interface/srv/detail/save_poses__type_support.h
[0.265s] -- Up-to-date: /home/tang/tang_ws/navigation2/install/interface/include/interface/interface/srv/detail/refine_map__struct.h
[0.265s] -- Up-to-date: /home/tang/tang_ws/navigation2/install/interface/include/interface/interface/srv/detail/refine_map__type_support.h
[0.265s] -- Up-to-date: /home/tang/tang_ws/navigation2/install/interface/include/interface/interface/srv/detail/is_valid__functions.c
[0.265s] -- Up-to-date: /home/tang/tang_ws/navigation2/install/interface/include/interface/interface/srv/detail/save_maps__struct.h
[0.265s] -- Up-to-date: /home/tang/tang_ws/navigation2/install/interface/include/interface/interface/srv/detail/save_maps__functions.c
[0.265s] -- Up-to-date: /home/tang/tang_ws/navigation2/install/interface/include/interface/interface/srv/relocalize.h
[0.265s] -- Up-to-date: /home/tang/tang_ws/navigation2/install/interface/include/interface/interface/srv/save_poses.h
[0.265s] -- Up-to-date: /home/tang/tang_ws/navigation2/install/interface/include/interface/interface/msg
[0.265s] -- Up-to-date: /home/tang/tang_ws/navigation2/install/interface/include/interface/interface/msg/rosidl_generator_c__visibility_control.h
[0.265s] -- Up-to-date: /home/tang/tang_ws/navigation2/install/interface/share/interface/environment/library_path.sh
[0.265s] -- Up-to-date: /home/tang/tang_ws/navigation2/install/interface/share/interface/environment/library_path.dsv
[0.265s] -- Up-to-date: /home/tang/tang_ws/navigation2/install/interface/lib/libinterface__rosidl_generator_c.so
[0.265s] -- Up-to-date: /home/tang/tang_ws/navigation2/install/interface/include/interface/interface
[0.265s] -- Up-to-date: /home/tang/tang_ws/navigation2/install/interface/include/interface/interface/srv
[0.266s] -- Up-to-date: /home/tang/tang_ws/navigation2/install/interface/include/interface/interface/srv/detail
[0.266s] -- Up-to-date: /home/tang/tang_ws/navigation2/install/interface/include/interface/interface/srv/detail/save_maps__rosidl_typesupport_fastrtps_c.h
[0.266s] -- Up-to-date: /home/tang/tang_ws/navigation2/install/interface/include/interface/interface/srv/detail/refine_map__rosidl_typesupport_fastrtps_c.h
[0.266s] -- Up-to-date: /home/tang/tang_ws/navigation2/install/interface/include/interface/interface/srv/detail/save_poses__rosidl_typesupport_fastrtps_c.h
[0.266s] -- Up-to-date: /home/tang/tang_ws/navigation2/install/interface/include/interface/interface/srv/detail/relocalize__rosidl_typesupport_fastrtps_c.h
[0.266s] -- Up-to-date: /home/tang/tang_ws/navigation2/install/interface/include/interface/interface/srv/detail/is_valid__rosidl_typesupport_fastrtps_c.h
[0.266s] -- Up-to-date: /home/tang/tang_ws/navigation2/install/interface/include/interface/interface/msg
[0.266s] -- Up-to-date: /home/tang/tang_ws/navigation2/install/interface/include/interface/interface/msg/rosidl_typesupport_fastrtps_c__visibility_control.h
[0.266s] -- Up-to-date: /home/tang/tang_ws/navigation2/install/interface/lib/libinterface__rosidl_typesupport_fastrtps_c.so
[0.266s] -- Up-to-date: /home/tang/tang_ws/navigation2/install/interface/include/interface/interface
[0.266s] -- Up-to-date: /home/tang/tang_ws/navigation2/install/interface/include/interface/interface/srv
[0.266s] -- Up-to-date: /home/tang/tang_ws/navigation2/install/interface/include/interface/interface/srv/is_valid.hpp
[0.266s] -- Up-to-date: /home/tang/tang_ws/navigation2/install/interface/include/interface/interface/srv/save_poses.hpp
[0.266s] -- Up-to-date: /home/tang/tang_ws/navigation2/install/interface/include/interface/interface/srv/refine_map.hpp
[0.266s] -- Up-to-date: /home/tang/tang_ws/navigation2/install/interface/include/interface/interface/srv/relocalize.hpp
[0.266s] -- Up-to-date: /home/tang/tang_ws/navigation2/install/interface/include/interface/interface/srv/detail
[0.266s] -- Up-to-date: /home/tang/tang_ws/navigation2/install/interface/include/interface/interface/srv/detail/relocalize__type_support.hpp
[0.266s] -- Up-to-date: /home/tang/tang_ws/navigation2/install/interface/include/interface/interface/srv/detail/relocalize__traits.hpp
[0.266s] -- Up-to-date: /home/tang/tang_ws/navigation2/install/interface/include/interface/interface/srv/detail/save_poses__type_support.hpp
[0.266s] -- Up-to-date: /home/tang/tang_ws/navigation2/install/interface/include/interface/interface/srv/detail/save_maps__builder.hpp
[0.266s] -- Up-to-date: /home/tang/tang_ws/navigation2/install/interface/include/interface/interface/srv/detail/is_valid__struct.hpp
[0.266s] -- Up-to-date: /home/tang/tang_ws/navigation2/install/interface/include/interface/interface/srv/detail/save_maps__type_support.hpp
[0.266s] -- Up-to-date: /home/tang/tang_ws/navigation2/install/interface/include/interface/interface/srv/detail/relocalize__builder.hpp
[0.266s] -- Up-to-date: /home/tang/tang_ws/navigation2/install/interface/include/interface/interface/srv/detail/refine_map__builder.hpp
[0.266s] -- Up-to-date: /home/tang/tang_ws/navigation2/install/interface/include/interface/interface/srv/detail/save_maps__traits.hpp
[0.266s] -- Up-to-date: /home/tang/tang_ws/navigation2/install/interface/include/interface/interface/srv/detail/refine_map__traits.hpp
[0.266s] -- Up-to-date: /home/tang/tang_ws/navigation2/install/interface/include/interface/interface/srv/detail/refine_map__type_support.hpp
[0.266s] -- Up-to-date: /home/tang/tang_ws/navigation2/install/interface/include/interface/interface/srv/detail/save_poses__struct.hpp
[0.266s] -- Up-to-date: /home/tang/tang_ws/navigation2/install/interface/include/interface/interface/srv/detail/save_poses__traits.hpp
[0.266s] -- Up-to-date: /home/tang/tang_ws/navigation2/install/interface/include/interface/interface/srv/detail/save_maps__struct.hpp
[0.266s] -- Up-to-date: /home/tang/tang_ws/navigation2/install/interface/include/interface/interface/srv/detail/is_valid__type_support.hpp
[0.266s] -- Up-to-date: /home/tang/tang_ws/navigation2/install/interface/include/interface/interface/srv/detail/refine_map__struct.hpp
[0.266s] -- Up-to-date: /home/tang/tang_ws/navigation2/install/interface/include/interface/interface/srv/detail/is_valid__traits.hpp
[0.266s] -- Up-to-date: /home/tang/tang_ws/navigation2/install/interface/include/interface/interface/srv/detail/save_poses__builder.hpp
[0.266s] -- Up-to-date: /home/tang/tang_ws/navigation2/install/interface/include/interface/interface/srv/detail/is_valid__builder.hpp
[0.266s] -- Up-to-date: /home/tang/tang_ws/navigation2/install/interface/include/interface/interface/srv/detail/relocalize__struct.hpp
[0.267s] -- Up-to-date: /home/tang/tang_ws/navigation2/install/interface/include/interface/interface/srv/save_maps.hpp
[0.267s] -- Up-to-date: /home/tang/tang_ws/navigation2/install/interface/include/interface/interface/msg
[0.267s] -- Up-to-date: /home/tang/tang_ws/navigation2/install/interface/include/interface/interface/msg/rosidl_generator_cpp__visibility_control.hpp
[0.267s] -- Up-to-date: /home/tang/tang_ws/navigation2/install/interface/include/interface/interface
[0.267s] -- Up-to-date: /home/tang/tang_ws/navigation2/install/interface/include/interface/interface/srv
[0.267s] -- Up-to-date: /home/tang/tang_ws/navigation2/install/interface/include/interface/interface/srv/detail
[0.267s] -- Up-to-date: /home/tang/tang_ws/navigation2/install/interface/include/interface/interface/srv/detail/dds_fastrtps
[0.267s] -- Up-to-date: /home/tang/tang_ws/navigation2/install/interface/include/interface/interface/srv/detail/is_valid__rosidl_typesupport_fastrtps_cpp.hpp
[0.267s] -- Up-to-date: /home/tang/tang_ws/navigation2/install/interface/include/interface/interface/srv/detail/relocalize__rosidl_typesupport_fastrtps_cpp.hpp
[0.267s] -- Up-to-date: /home/tang/tang_ws/navigation2/install/interface/include/interface/interface/srv/detail/save_maps__rosidl_typesupport_fastrtps_cpp.hpp
[0.267s] -- Up-to-date: /home/tang/tang_ws/navigation2/install/interface/include/interface/interface/srv/detail/save_poses__rosidl_typesupport_fastrtps_cpp.hpp
[0.267s] -- Up-to-date: /home/tang/tang_ws/navigation2/install/interface/include/interface/interface/srv/detail/refine_map__rosidl_typesupport_fastrtps_cpp.hpp
[0.267s] -- Up-to-date: /home/tang/tang_ws/navigation2/install/interface/include/interface/interface/msg
[0.267s] -- Up-to-date: /home/tang/tang_ws/navigation2/install/interface/include/interface/interface/msg/rosidl_typesupport_fastrtps_cpp__visibility_control.h
[0.267s] -- Up-to-date: /home/tang/tang_ws/navigation2/install/interface/lib/libinterface__rosidl_typesupport_fastrtps_cpp.so
[0.267s] -- Up-to-date: /home/tang/tang_ws/navigation2/install/interface/include/interface/interface
[0.267s] -- Up-to-date: /home/tang/tang_ws/navigation2/install/interface/include/interface/interface/srv
[0.267s] -- Up-to-date: /home/tang/tang_ws/navigation2/install/interface/include/interface/interface/srv/detail
[0.267s] -- Up-to-date: /home/tang/tang_ws/navigation2/install/interface/include/interface/interface/srv/detail/refine_map__rosidl_typesupport_introspection_c.h
[0.267s] -- Up-to-date: /home/tang/tang_ws/navigation2/install/interface/include/interface/interface/srv/detail/refine_map__type_support.c
[0.267s] -- Up-to-date: /home/tang/tang_ws/navigation2/install/interface/include/interface/interface/srv/detail/save_maps__type_support.c
[0.267s] -- Up-to-date: /home/tang/tang_ws/navigation2/install/interface/include/interface/interface/srv/detail/save_poses__type_support.c
[0.267s] -- Up-to-date: /home/tang/tang_ws/navigation2/install/interface/include/interface/interface/srv/detail/save_maps__rosidl_typesupport_introspection_c.h
[0.267s] -- Up-to-date: /home/tang/tang_ws/navigation2/install/interface/include/interface/interface/srv/detail/save_poses__rosidl_typesupport_introspection_c.h
[0.267s] -- Up-to-date: /home/tang/tang_ws/navigation2/install/interface/include/interface/interface/srv/detail/is_valid__type_support.c
[0.267s] -- Up-to-date: /home/tang/tang_ws/navigation2/install/interface/include/interface/interface/srv/detail/relocalize__rosidl_typesupport_introspection_c.h
[0.267s] -- Up-to-date: /home/tang/tang_ws/navigation2/install/interface/include/interface/interface/srv/detail/relocalize__type_support.c
[0.267s] -- Up-to-date: /home/tang/tang_ws/navigation2/install/interface/include/interface/interface/srv/detail/is_valid__rosidl_typesupport_introspection_c.h
[0.267s] -- Up-to-date: /home/tang/tang_ws/navigation2/install/interface/include/interface/interface/msg
[0.267s] -- Up-to-date: /home/tang/tang_ws/navigation2/install/interface/include/interface/interface/msg/rosidl_typesupport_introspection_c__visibility_control.h
[0.267s] -- Up-to-date: /home/tang/tang_ws/navigation2/install/interface/lib/libinterface__rosidl_typesupport_introspection_c.so
[0.267s] -- Up-to-date: /home/tang/tang_ws/navigation2/install/interface/lib/libinterface__rosidl_typesupport_c.so
[0.267s] -- Up-to-date: /home/tang/tang_ws/navigation2/install/interface/include/interface/interface
[0.267s] -- Up-to-date: /home/tang/tang_ws/navigation2/install/interface/include/interface/interface/srv
[0.267s] -- Up-to-date: /home/tang/tang_ws/navigation2/install/interface/include/interface/interface/srv/detail
[0.267s] -- Up-to-date: /home/tang/tang_ws/navigation2/install/interface/include/interface/interface/srv/detail/relocalize__rosidl_typesupport_introspection_cpp.hpp
[0.267s] -- Up-to-date: /home/tang/tang_ws/navigation2/install/interface/include/interface/interface/srv/detail/is_valid__rosidl_typesupport_introspection_cpp.hpp
[0.267s] -- Up-to-date: /home/tang/tang_ws/navigation2/install/interface/include/interface/interface/srv/detail/save_maps__rosidl_typesupport_introspection_cpp.hpp
[0.267s] -- Up-to-date: /home/tang/tang_ws/navigation2/install/interface/include/interface/interface/srv/detail/save_poses__rosidl_typesupport_introspection_cpp.hpp
[0.267s] -- Up-to-date: /home/tang/tang_ws/navigation2/install/interface/include/interface/interface/srv/detail/refine_map__rosidl_typesupport_introspection_cpp.hpp
[0.268s] -- Up-to-date: /home/tang/tang_ws/navigation2/install/interface/include/interface/interface/srv/detail/refine_map__type_support.cpp
[0.268s] -- Up-to-date: /home/tang/tang_ws/navigation2/install/interface/include/interface/interface/srv/detail/relocalize__type_support.cpp
[0.268s] -- Up-to-date: /home/tang/tang_ws/navigation2/install/interface/include/interface/interface/srv/detail/save_poses__type_support.cpp
[0.268s] -- Up-to-date: /home/tang/tang_ws/navigation2/install/interface/include/interface/interface/srv/detail/is_valid__type_support.cpp
[0.268s] -- Up-to-date: /home/tang/tang_ws/navigation2/install/interface/include/interface/interface/srv/detail/save_maps__type_support.cpp
[0.268s] -- Up-to-date: /home/tang/tang_ws/navigation2/install/interface/lib/libinterface__rosidl_typesupport_introspection_cpp.so
[0.268s] -- Up-to-date: /home/tang/tang_ws/navigation2/install/interface/lib/libinterface__rosidl_typesupport_cpp.so
[0.268s] -- Up-to-date: /home/tang/tang_ws/navigation2/install/interface/share/interface/environment/pythonpath.sh
[0.268s] -- Up-to-date: /home/tang/tang_ws/navigation2/install/interface/share/interface/environment/pythonpath.dsv
[0.268s] -- Up-to-date: /home/tang/tang_ws/navigation2/install/interface/local/lib/python3.10/dist-packages/interface-0.0.0-py3.10.egg-info
[0.268s] -- Installing: /home/tang/tang_ws/navigation2/install/interface/local/lib/python3.10/dist-packages/interface-0.0.0-py3.10.egg-info/PKG-INFO
[0.268s] -- Installing: /home/tang/tang_ws/navigation2/install/interface/local/lib/python3.10/dist-packages/interface-0.0.0-py3.10.egg-info/dependency_links.txt
[0.268s] -- Installing: /home/tang/tang_ws/navigation2/install/interface/local/lib/python3.10/dist-packages/interface-0.0.0-py3.10.egg-info/top_level.txt
[0.268s] -- Installing: /home/tang/tang_ws/navigation2/install/interface/local/lib/python3.10/dist-packages/interface-0.0.0-py3.10.egg-info/SOURCES.txt
[0.268s] -- Up-to-date: /home/tang/tang_ws/navigation2/install/interface/local/lib/python3.10/dist-packages/interface
[0.268s] -- Up-to-date: /home/tang/tang_ws/navigation2/install/interface/local/lib/python3.10/dist-packages/interface/interface_s__rosidl_typesupport_introspection_c.cpython-310-x86_64-linux-gnu.so
[0.268s] -- Up-to-date: /home/tang/tang_ws/navigation2/install/interface/local/lib/python3.10/dist-packages/interface/interface_s__rosidl_typesupport_fastrtps_c.cpython-310-x86_64-linux-gnu.so
[0.268s] -- Up-to-date: /home/tang/tang_ws/navigation2/install/interface/local/lib/python3.10/dist-packages/interface/srv
[0.268s] -- Up-to-date: /home/tang/tang_ws/navigation2/install/interface/local/lib/python3.10/dist-packages/interface/srv/_refine_map.py
[0.268s] -- Up-to-date: /home/tang/tang_ws/navigation2/install/interface/local/lib/python3.10/dist-packages/interface/srv/_save_poses_s.c
[0.268s] -- Up-to-date: /home/tang/tang_ws/navigation2/install/interface/local/lib/python3.10/dist-packages/interface/srv/_relocalize_s.c
[0.268s] -- Up-to-date: /home/tang/tang_ws/navigation2/install/interface/local/lib/python3.10/dist-packages/interface/srv/_refine_map_s.c
[0.268s] -- Up-to-date: /home/tang/tang_ws/navigation2/install/interface/local/lib/python3.10/dist-packages/interface/srv/_save_poses.py
[0.268s] -- Up-to-date: /home/tang/tang_ws/navigation2/install/interface/local/lib/python3.10/dist-packages/interface/srv/_is_valid_s.c
[0.268s] -- Up-to-date: /home/tang/tang_ws/navigation2/install/interface/local/lib/python3.10/dist-packages/interface/srv/_relocalize.py
[0.268s] -- Up-to-date: /home/tang/tang_ws/navigation2/install/interface/local/lib/python3.10/dist-packages/interface/srv/_save_maps.py
[0.268s] -- Up-to-date: /home/tang/tang_ws/navigation2/install/interface/local/lib/python3.10/dist-packages/interface/srv/__init__.py
[0.268s] -- Up-to-date: /home/tang/tang_ws/navigation2/install/interface/local/lib/python3.10/dist-packages/interface/srv/_save_maps_s.c
[0.268s] -- Up-to-date: /home/tang/tang_ws/navigation2/install/interface/local/lib/python3.10/dist-packages/interface/srv/_is_valid.py
[0.268s] -- Up-to-date: /home/tang/tang_ws/navigation2/install/interface/local/lib/python3.10/dist-packages/interface/_interface_s.ep.rosidl_typesupport_fastrtps_c.c
[0.268s] -- Up-to-date: /home/tang/tang_ws/navigation2/install/interface/local/lib/python3.10/dist-packages/interface/libinterface__rosidl_generator_py.so
[0.268s] -- Up-to-date: /home/tang/tang_ws/navigation2/install/interface/local/lib/python3.10/dist-packages/interface/_interface_s.ep.rosidl_typesupport_introspection_c.c
[0.268s] -- Up-to-date: /home/tang/tang_ws/navigation2/install/interface/local/lib/python3.10/dist-packages/interface/__init__.py
[0.268s] -- Up-to-date: /home/tang/tang_ws/navigation2/install/interface/local/lib/python3.10/dist-packages/interface/_interface_s.ep.rosidl_typesupport_c.c
[0.268s] -- Up-to-date: /home/tang/tang_ws/navigation2/install/interface/local/lib/python3.10/dist-packages/interface/interface_s__rosidl_typesupport_c.cpython-310-x86_64-linux-gnu.so
[0.289s] Listing '/home/tang/tang_ws/navigation2/install/interface/local/lib/python3.10/dist-packages/interface'...
[0.290s] Listing '/home/tang/tang_ws/navigation2/install/interface/local/lib/python3.10/dist-packages/interface/srv'...
[0.292s] -- Up-to-date: /home/tang/tang_ws/navigation2/install/interface/local/lib/python3.10/dist-packages/interface/interface_s__rosidl_typesupport_fastrtps_c.cpython-310-x86_64-linux-gnu.so
[0.292s] -- Up-to-date: /home/tang/tang_ws/navigation2/install/interface/local/lib/python3.10/dist-packages/interface/interface_s__rosidl_typesupport_introspection_c.cpython-310-x86_64-linux-gnu.so
[0.292s] -- Up-to-date: /home/tang/tang_ws/navigation2/install/interface/local/lib/python3.10/dist-packages/interface/interface_s__rosidl_typesupport_c.cpython-310-x86_64-linux-gnu.so
[0.293s] -- Up-to-date: /home/tang/tang_ws/navigation2/install/interface/lib/libinterface__rosidl_generator_py.so
[0.293s] -- Up-to-date: /home/tang/tang_ws/navigation2/install/interface/share/interface/srv/SaveMaps.idl
[0.293s] -- Up-to-date: /home/tang/tang_ws/navigation2/install/interface/share/interface/srv/Relocalize.idl
[0.293s] -- Up-to-date: /home/tang/tang_ws/navigation2/install/interface/share/interface/srv/IsValid.idl
[0.293s] -- Up-to-date: /home/tang/tang_ws/navigation2/install/interface/share/interface/srv/RefineMap.idl
[0.293s] -- Up-to-date: /home/tang/tang_ws/navigation2/install/interface/share/interface/srv/SavePoses.idl
[0.293s] -- Up-to-date: /home/tang/tang_ws/navigation2/install/interface/share/interface/srv/SaveMaps.srv
[0.293s] -- Up-to-date: /home/tang/tang_ws/navigation2/install/interface/share/interface/srv/SaveMaps_Request.msg
[0.293s] -- Up-to-date: /home/tang/tang_ws/navigation2/install/interface/share/interface/srv/SaveMaps_Response.msg
[0.293s] -- Up-to-date: /home/tang/tang_ws/navigation2/install/interface/share/interface/srv/Relocalize.srv
[0.293s] -- Up-to-date: /home/tang/tang_ws/navigation2/install/interface/share/interface/srv/Relocalize_Request.msg
[0.294s] -- Up-to-date: /home/tang/tang_ws/navigation2/install/interface/share/interface/srv/Relocalize_Response.msg
[0.294s] -- Up-to-date: /home/tang/tang_ws/navigation2/install/interface/share/interface/srv/IsValid.srv
[0.294s] -- Up-to-date: /home/tang/tang_ws/navigation2/install/interface/share/interface/srv/IsValid_Request.msg
[0.294s] -- Up-to-date: /home/tang/tang_ws/navigation2/install/interface/share/interface/srv/IsValid_Response.msg
[0.294s] -- Up-to-date: /home/tang/tang_ws/navigation2/install/interface/share/interface/srv/RefineMap.srv
[0.294s] -- Up-to-date: /home/tang/tang_ws/navigation2/install/interface/share/interface/srv/RefineMap_Request.msg
[0.294s] -- Up-to-date: /home/tang/tang_ws/navigation2/install/interface/share/interface/srv/RefineMap_Response.msg
[0.294s] -- Up-to-date: /home/tang/tang_ws/navigation2/install/interface/share/interface/srv/SavePoses.srv
[0.294s] -- Up-to-date: /home/tang/tang_ws/navigation2/install/interface/share/interface/srv/SavePoses_Request.msg
[0.294s] -- Up-to-date: /home/tang/tang_ws/navigation2/install/interface/share/interface/srv/SavePoses_Response.msg
[0.294s] -- Up-to-date: /home/tang/tang_ws/navigation2/install/interface/share/ament_index/resource_index/package_run_dependencies/interface
[0.294s] -- Up-to-date: /home/tang/tang_ws/navigation2/install/interface/share/ament_index/resource_index/parent_prefix_path/interface
[0.294s] -- Up-to-date: /home/tang/tang_ws/navigation2/install/interface/share/interface/environment/ament_prefix_path.sh
[0.294s] -- Up-to-date: /home/tang/tang_ws/navigation2/install/interface/share/interface/environment/ament_prefix_path.dsv
[0.295s] -- Up-to-date: /home/tang/tang_ws/navigation2/install/interface/share/interface/environment/path.sh
[0.295s] -- Up-to-date: /home/tang/tang_ws/navigation2/install/interface/share/interface/environment/path.dsv
[0.295s] -- Up-to-date: /home/tang/tang_ws/navigation2/install/interface/share/interface/local_setup.bash
[0.295s] -- Up-to-date: /home/tang/tang_ws/navigation2/install/interface/share/interface/local_setup.sh
[0.295s] -- Up-to-date: /home/tang/tang_ws/navigation2/install/interface/share/interface/local_setup.zsh
[0.295s] -- Up-to-date: /home/tang/tang_ws/navigation2/install/interface/share/interface/local_setup.dsv
[0.295s] -- Installing: /home/tang/tang_ws/navigation2/install/interface/share/interface/package.dsv
[0.295s] -- Up-to-date: /home/tang/tang_ws/navigation2/install/interface/share/ament_index/resource_index/packages/interface
[0.296s] -- Up-to-date: /home/tang/tang_ws/navigation2/install/interface/share/interface/cmake/export_interface__rosidl_generator_cExport.cmake
[0.296s] -- Up-to-date: /home/tang/tang_ws/navigation2/install/interface/share/interface/cmake/export_interface__rosidl_generator_cExport-noconfig.cmake
[0.296s] -- Up-to-date: /home/tang/tang_ws/navigation2/install/interface/share/interface/cmake/export_interface__rosidl_typesupport_fastrtps_cExport.cmake
[0.296s] -- Up-to-date: /home/tang/tang_ws/navigation2/install/interface/share/interface/cmake/export_interface__rosidl_typesupport_fastrtps_cExport-noconfig.cmake
[0.296s] -- Up-to-date: /home/tang/tang_ws/navigation2/install/interface/share/interface/cmake/export_interface__rosidl_generator_cppExport.cmake
[0.296s] -- Up-to-date: /home/tang/tang_ws/navigation2/install/interface/share/interface/cmake/export_interface__rosidl_typesupport_fastrtps_cppExport.cmake
[0.297s] -- Up-to-date: /home/tang/tang_ws/navigation2/install/interface/share/interface/cmake/export_interface__rosidl_typesupport_fastrtps_cppExport-noconfig.cmake
[0.297s] -- Up-to-date: /home/tang/tang_ws/navigation2/install/interface/share/interface/cmake/interface__rosidl_typesupport_introspection_cExport.cmake
[0.297s] -- Up-to-date: /home/tang/tang_ws/navigation2/install/interface/share/interface/cmake/interface__rosidl_typesupport_introspection_cExport-noconfig.cmake
[0.297s] -- Up-to-date: /home/tang/tang_ws/navigation2/install/interface/share/interface/cmake/interface__rosidl_typesupport_cExport.cmake
[0.297s] -- Up-to-date: /home/tang/tang_ws/navigation2/install/interface/share/interface/cmake/interface__rosidl_typesupport_cExport-noconfig.cmake
[0.297s] -- Up-to-date: /home/tang/tang_ws/navigation2/install/interface/share/interface/cmake/interface__rosidl_typesupport_introspection_cppExport.cmake
[0.297s] -- Up-to-date: /home/tang/tang_ws/navigation2/install/interface/share/interface/cmake/interface__rosidl_typesupport_introspection_cppExport-noconfig.cmake
[0.297s] -- Up-to-date: /home/tang/tang_ws/navigation2/install/interface/share/interface/cmake/interface__rosidl_typesupport_cppExport.cmake
[0.297s] -- Up-to-date: /home/tang/tang_ws/navigation2/install/interface/share/interface/cmake/interface__rosidl_typesupport_cppExport-noconfig.cmake
[0.298s] -- Up-to-date: /home/tang/tang_ws/navigation2/install/interface/share/interface/cmake/export_interface__rosidl_generator_pyExport.cmake
[0.298s] -- Up-to-date: /home/tang/tang_ws/navigation2/install/interface/share/interface/cmake/export_interface__rosidl_generator_pyExport-noconfig.cmake
[0.298s] -- Up-to-date: /home/tang/tang_ws/navigation2/install/interface/share/interface/cmake/rosidl_cmake-extras.cmake
[0.298s] -- Up-to-date: /home/tang/tang_ws/navigation2/install/interface/share/interface/cmake/ament_cmake_export_dependencies-extras.cmake
[0.298s] -- Up-to-date: /home/tang/tang_ws/navigation2/install/interface/share/interface/cmake/ament_cmake_export_include_directories-extras.cmake
[0.298s] -- Up-to-date: /home/tang/tang_ws/navigation2/install/interface/share/interface/cmake/ament_cmake_export_libraries-extras.cmake
[0.298s] -- Up-to-date: /home/tang/tang_ws/navigation2/install/interface/share/interface/cmake/ament_cmake_export_targets-extras.cmake
[0.298s] -- Up-to-date: /home/tang/tang_ws/navigation2/install/interface/share/interface/cmake/rosidl_cmake_export_typesupport_targets-extras.cmake
[0.298s] -- Up-to-date: /home/tang/tang_ws/navigation2/install/interface/share/interface/cmake/rosidl_cmake_export_typesupport_libraries-extras.cmake
[0.298s] -- Up-to-date: /home/tang/tang_ws/navigation2/install/interface/share/interface/cmake/interfaceConfig.cmake
[0.298s] -- Up-to-date: /home/tang/tang_ws/navigation2/install/interface/share/interface/cmake/interfaceConfig-version.cmake
[0.298s] -- Up-to-date: /home/tang/tang_ws/navigation2/install/interface/share/interface/package.xml
[0.298s] Invoked command in '/home/tang/tang_ws/navigation2/build/interface' returned '0': CMAKE_PREFIX_PATH=${CMAKE_PREFIX_PATH}:/opt/ros/humble /usr/bin/cmake --install /home/tang/tang_ws/navigation2/build/interface
