[35m[1mConsolidate compiler generated dependencies of target wheeltec_mic_aiui[0m
[ 11%] Built target command_recognition
[ 27%] Built target wheeltec_mic
[ 38%] [32mBuilding CXX object CMakeFiles/wheeltec_mic_aiui.dir/src/AudioProvider.cpp.o[0m
[ 38%] [32mBuilding CXX object CMakeFiles/wheeltec_mic_aiui.dir/src/Processor.cpp.o[0m
[ 44%] [32m[1mLinking CXX executable wheeltec_mic_aiui[0m
[100%] Built target wheeltec_mic_aiui
-- Install configuration: ""
-- Up-to-date: /home/tang/voice/ws_voice/install/wheeltec_mic_aiui/share/wheeltec_mic_aiui/launch
-- Up-to-date: /home/tang/voice/ws_voice/install/wheeltec_mic_aiui/share/wheeltec_mic_aiui/launch/mic_start.launch.py
-- Up-to-date: /home/tang/voice/ws_voice/install/wheeltec_mic_aiui/share/wheeltec_mic_aiui/launch/include
-- Up-to-date: /home/tang/voice/ws_voice/install/wheeltec_mic_aiui/share/wheeltec_mic_aiui/launch/include/voi_navigation.launch.py
-- Up-to-date: /home/tang/voice/ws_voice/install/wheeltec_mic_aiui/share/wheeltec_mic_aiui/launch/include/laserfollower.launch.py
-- Up-to-date: /home/tang/voice/ws_voice/install/wheeltec_mic_aiui/share/wheeltec_mic_aiui/launch/include/lasertracker.launch.py
-- Up-to-date: /home/tang/voice/ws_voice/install/wheeltec_mic_aiui/share/wheeltec_mic_aiui/launch/aiui_chat.launch.py
-- Up-to-date: /home/tang/voice/ws_voice/install/wheeltec_mic_aiui/share/wheeltec_mic_aiui/AIUI
-- Up-to-date: /home/tang/voice/ws_voice/install/wheeltec_mic_aiui/share/wheeltec_mic_aiui/AIUI/assets
-- Up-to-date: /home/tang/voice/ws_voice/install/wheeltec_mic_aiui/share/wheeltec_mic_aiui/AIUI/assets/xtts
-- Up-to-date: /home/tang/voice/ws_voice/install/wheeltec_mic_aiui/share/wheeltec_mic_aiui/AIUI/assets/xtts/xiaofei.jet
-- Up-to-date: /home/tang/voice/ws_voice/install/wheeltec_mic_aiui/share/wheeltec_mic_aiui/AIUI/assets/xtts/chongchong.jet
-- Up-to-date: /home/tang/voice/ws_voice/install/wheeltec_mic_aiui/share/wheeltec_mic_aiui/AIUI/assets/xtts/xiaoshi.jet
-- Up-to-date: /home/tang/voice/ws_voice/install/wheeltec_mic_aiui/share/wheeltec_mic_aiui/AIUI/assets/xtts/yifeng.jet
-- Up-to-date: /home/tang/voice/ws_voice/install/wheeltec_mic_aiui/share/wheeltec_mic_aiui/AIUI/assets/xtts/catherine.jet
-- Up-to-date: /home/tang/voice/ws_voice/install/wheeltec_mic_aiui/share/wheeltec_mic_aiui/AIUI/assets/xtts/xiaoying.jet
-- Up-to-date: /home/tang/voice/ws_voice/install/wheeltec_mic_aiui/share/wheeltec_mic_aiui/AIUI/assets/xtts/xiaokun.jet
-- Up-to-date: /home/tang/voice/ws_voice/install/wheeltec_mic_aiui/share/wheeltec_mic_aiui/AIUI/assets/xtts/xiaoxue.jet
-- Up-to-date: /home/tang/voice/ws_voice/install/wheeltec_mic_aiui/share/wheeltec_mic_aiui/AIUI/assets/xtts/xiaoqian.jet
-- Up-to-date: /home/tang/voice/ws_voice/install/wheeltec_mic_aiui/share/wheeltec_mic_aiui/AIUI/assets/xtts/xiaolin.jet
-- Up-to-date: /home/tang/voice/ws_voice/install/wheeltec_mic_aiui/share/wheeltec_mic_aiui/AIUI/assets/xtts/common_CnCn.jet
-- Up-to-date: /home/tang/voice/ws_voice/install/wheeltec_mic_aiui/share/wheeltec_mic_aiui/AIUI/assets/xtts/xiaorong.jet
-- Up-to-date: /home/tang/voice/ws_voice/install/wheeltec_mic_aiui/share/wheeltec_mic_aiui/AIUI/assets/xtts/xiaoyan.jet
-- Up-to-date: /home/tang/voice/ws_voice/install/wheeltec_mic_aiui/share/wheeltec_mic_aiui/AIUI/assets/xtts/xiaowang.jet
-- Up-to-date: /home/tang/voice/ws_voice/install/wheeltec_mic_aiui/share/wheeltec_mic_aiui/AIUI/assets/xtts/xiaoqiang.jet
-- Up-to-date: /home/tang/voice/ws_voice/install/wheeltec_mic_aiui/share/wheeltec_mic_aiui/AIUI/assets/xtts/xiaomei.jet
-- Up-to-date: /home/tang/voice/ws_voice/install/wheeltec_mic_aiui/share/wheeltec_mic_aiui/AIUI/assets/xtts/xiaoyuan.jet
-- Up-to-date: /home/tang/voice/ws_voice/install/wheeltec_mic_aiui/share/wheeltec_mic_aiui/AIUI/assets/xtts/xiaofeng.jet
-- Up-to-date: /home/tang/voice/ws_voice/install/wheeltec_mic_aiui/share/wheeltec_mic_aiui/AIUI/assets/xtts/xiaomeng.jet
-- Up-to-date: /home/tang/voice/ws_voice/install/wheeltec_mic_aiui/share/wheeltec_mic_aiui/AIUI/assets/xtts/xiaofang.jet
-- Up-to-date: /home/tang/voice/ws_voice/install/wheeltec_mic_aiui/share/wheeltec_mic_aiui/AIUI/assets/xtts/john.jet
-- Up-to-date: /home/tang/voice/ws_voice/install/wheeltec_mic_aiui/share/wheeltec_mic_aiui/AIUI/assets/xtts/xiaobao.jet
-- Up-to-date: /home/tang/voice/ws_voice/install/wheeltec_mic_aiui/share/wheeltec_mic_aiui/AIUI/assets/xtts/qianqian.jet
-- Up-to-date: /home/tang/voice/ws_voice/install/wheeltec_mic_aiui/share/wheeltec_mic_aiui/AIUI/assets/xtts/nannan.jet
-- Up-to-date: /home/tang/voice/ws_voice/install/wheeltec_mic_aiui/share/wheeltec_mic_aiui/AIUI/assets/xtts/xiaodong.jet
-- Up-to-date: /home/tang/voice/ws_voice/install/wheeltec_mic_aiui/share/wheeltec_mic_aiui/AIUI/assets/vtn
-- Up-to-date: /home/tang/voice/ws_voice/install/wheeltec_mic_aiui/share/wheeltec_mic_aiui/AIUI/assets/vtn/res.bin
-- Up-to-date: /home/tang/voice/ws_voice/install/wheeltec_mic_aiui/share/wheeltec_mic_aiui/AIUI/assets/vtn/vtn.ini
-- Up-to-date: /home/tang/voice/ws_voice/install/wheeltec_mic_aiui/share/wheeltec_mic_aiui/AIUI/assets/esr
-- Up-to-date: /home/tang/voice/ws_voice/install/wheeltec_mic_aiui/share/wheeltec_mic_aiui/AIUI/assets/esr/contact.jet
-- Up-to-date: /home/tang/voice/ws_voice/install/wheeltec_mic_aiui/share/wheeltec_mic_aiui/AIUI/assets/esr/esr.jet
-- Up-to-date: /home/tang/voice/ws_voice/install/wheeltec_mic_aiui/share/wheeltec_mic_aiui/AIUI/esr_10801
-- Up-to-date: /home/tang/voice/ws_voice/install/wheeltec_mic_aiui/share/wheeltec_mic_aiui/AIUI/esr_10801/esr.log
-- Up-to-date: /home/tang/voice/ws_voice/install/wheeltec_mic_aiui/share/wheeltec_mic_aiui/AIUI/esr_10801/grammar
-- Up-to-date: /home/tang/voice/ws_voice/install/wheeltec_mic_aiui/share/wheeltec_mic_aiui/AIUI/esr_10801/esr.cfg
-- Up-to-date: /home/tang/voice/ws_voice/install/wheeltec_mic_aiui/share/wheeltec_mic_aiui/AIUI/msc
-- Up-to-date: /home/tang/voice/ws_voice/install/wheeltec_mic_aiui/share/wheeltec_mic_aiui/AIUI/msc/msc.cfg
-- Up-to-date: /home/tang/voice/ws_voice/install/wheeltec_mic_aiui/share/wheeltec_mic_aiui/AIUI/msc/40be1a8bba4e1264909677def48f42ee
-- Up-to-date: /home/tang/voice/ws_voice/install/wheeltec_mic_aiui/share/wheeltec_mic_aiui/AIUI/msc/40be1a8bba4e1264909677def48f42ee/local.6.6.0001.0047
-- Up-to-date: /home/tang/voice/ws_voice/install/wheeltec_mic_aiui/share/wheeltec_mic_aiui/AIUI/msc/40be1a8bba4e1264909677def48f42ee/local.6.6.0001.0047/local.cache
-- Up-to-date: /home/tang/voice/ws_voice/install/wheeltec_mic_aiui/share/wheeltec_mic_aiui/AIUI/msc/cfbabf7e57a8366025ab75501d8226d2
-- Up-to-date: /home/tang/voice/ws_voice/install/wheeltec_mic_aiui/share/wheeltec_mic_aiui/AIUI/msc/cfbabf7e57a8366025ab75501d8226d2/local.6.6.0001.0047
-- Up-to-date: /home/tang/voice/ws_voice/install/wheeltec_mic_aiui/share/wheeltec_mic_aiui/AIUI/msc/cfbabf7e57a8366025ab75501d8226d2/local.6.6.0001.0047/local.cache
-- Up-to-date: /home/tang/voice/ws_voice/install/wheeltec_mic_aiui/share/wheeltec_mic_aiui/AIUI/msc/cfbabf7e57a8366025ab75501d8226d2/ns.6.6.0001.0047
-- Up-to-date: /home/tang/voice/ws_voice/install/wheeltec_mic_aiui/share/wheeltec_mic_aiui/AIUI/msc/cfbabf7e57a8366025ab75501d8226d2/ns.6.6.0001.0047/ns.cache
-- Up-to-date: /home/tang/voice/ws_voice/install/wheeltec_mic_aiui/share/wheeltec_mic_aiui/AIUI/msc/aiui.log
-- Up-to-date: /home/tang/voice/ws_voice/install/wheeltec_mic_aiui/share/wheeltec_mic_aiui/AIUI/msc/7b8b82d171b126a5dcdd8e70adb0e4d3
-- Up-to-date: /home/tang/voice/ws_voice/install/wheeltec_mic_aiui/share/wheeltec_mic_aiui/AIUI/msc/7b8b82d171b126a5dcdd8e70adb0e4d3/local.6.6.0001.0047
-- Up-to-date: /home/tang/voice/ws_voice/install/wheeltec_mic_aiui/share/wheeltec_mic_aiui/AIUI/msc/7b8b82d171b126a5dcdd8e70adb0e4d3/local.6.6.0001.0047/local.cache
-- Up-to-date: /home/tang/voice/ws_voice/install/wheeltec_mic_aiui/share/wheeltec_mic_aiui/AIUI/msc/7b8b82d171b126a5dcdd8e70adb0e4d3/ns.6.6.0001.0047
-- Up-to-date: /home/tang/voice/ws_voice/install/wheeltec_mic_aiui/share/wheeltec_mic_aiui/AIUI/msc/7b8b82d171b126a5dcdd8e70adb0e4d3/ns.6.6.0001.0047/ns.cache
-- Up-to-date: /home/tang/voice/ws_voice/install/wheeltec_mic_aiui/share/wheeltec_mic_aiui/AIUI/cfg
-- Up-to-date: /home/tang/voice/ws_voice/install/wheeltec_mic_aiui/share/wheeltec_mic_aiui/AIUI/cfg/aiui.cfg
-- Up-to-date: /home/tang/voice/ws_voice/install/wheeltec_mic_aiui/share/wheeltec_mic_aiui/AIUI/audio
-- Up-to-date: /home/tang/voice/ws_voice/install/wheeltec_mic_aiui/share/wheeltec_mic_aiui/AIUI/audio/test.pcm
-- Installing: /home/tang/voice/ws_voice/install/wheeltec_mic_aiui/lib/wheeltec_mic_aiui/wheeltec_mic_aiui
-- Set runtime path of "/home/tang/voice/ws_voice/install/wheeltec_mic_aiui/lib/wheeltec_mic_aiui/wheeltec_mic_aiui" to ""
-- Up-to-date: /home/tang/voice/ws_voice/install/wheeltec_mic_aiui/lib/wheeltec_mic_aiui/command_recognition
-- Up-to-date: /home/tang/voice/ws_voice/install/wheeltec_mic_aiui/lib/wheeltec_mic_aiui/wheeltec_mic
-- Up-to-date: /home/tang/voice/ws_voice/install/wheeltec_mic_aiui/share/ament_index/resource_index/package_run_dependencies/wheeltec_mic_aiui
-- Up-to-date: /home/tang/voice/ws_voice/install/wheeltec_mic_aiui/share/ament_index/resource_index/parent_prefix_path/wheeltec_mic_aiui
-- Up-to-date: /home/tang/voice/ws_voice/install/wheeltec_mic_aiui/share/wheeltec_mic_aiui/environment/ament_prefix_path.sh
-- Up-to-date: /home/tang/voice/ws_voice/install/wheeltec_mic_aiui/share/wheeltec_mic_aiui/environment/ament_prefix_path.dsv
-- Up-to-date: /home/tang/voice/ws_voice/install/wheeltec_mic_aiui/share/wheeltec_mic_aiui/environment/path.sh
-- Up-to-date: /home/tang/voice/ws_voice/install/wheeltec_mic_aiui/share/wheeltec_mic_aiui/environment/path.dsv
-- Up-to-date: /home/tang/voice/ws_voice/install/wheeltec_mic_aiui/share/wheeltec_mic_aiui/local_setup.bash
-- Up-to-date: /home/tang/voice/ws_voice/install/wheeltec_mic_aiui/share/wheeltec_mic_aiui/local_setup.sh
-- Up-to-date: /home/tang/voice/ws_voice/install/wheeltec_mic_aiui/share/wheeltec_mic_aiui/local_setup.zsh
-- Up-to-date: /home/tang/voice/ws_voice/install/wheeltec_mic_aiui/share/wheeltec_mic_aiui/local_setup.dsv
-- Installing: /home/tang/voice/ws_voice/install/wheeltec_mic_aiui/share/wheeltec_mic_aiui/package.dsv
-- Up-to-date: /home/tang/voice/ws_voice/install/wheeltec_mic_aiui/share/ament_index/resource_index/packages/wheeltec_mic_aiui
-- Up-to-date: /home/tang/voice/ws_voice/install/wheeltec_mic_aiui/share/wheeltec_mic_aiui/cmake/wheeltec_mic_aiuiConfig.cmake
-- Up-to-date: /home/tang/voice/ws_voice/install/wheeltec_mic_aiui/share/wheeltec_mic_aiui/cmake/wheeltec_mic_aiuiConfig-version.cmake
-- Up-to-date: /home/tang/voice/ws_voice/install/wheeltec_mic_aiui/share/wheeltec_mic_aiui/package.xml
