[0.061s] [34mcolcon[0m [1;30mDEBUG[0m [32mCommand line arguments: ['/usr/bin/colcon', 'build'][0m
[0.061s] [34mcolcon[0m [1;30mDEBUG[0m [32mParsed command line arguments: Namespace(log_base=None, log_level=None, verb_name='build', build_base='build', install_base='install', merge_install=False, symlink_install=False, test_result_base=None, continue_on_error=False, executor='parallel', parallel_workers=16, event_handlers=None, ignore_user_meta=False, metas=['./colcon.meta'], base_paths=['.'], packages_ignore=None, packages_ignore_regex=None, paths=None, packages_up_to=None, packages_up_to_regex=None, packages_above=None, packages_above_and_dependencies=None, packages_above_depth=None, packages_select_by_dep=None, packages_skip_by_dep=None, packages_skip_up_to=None, packages_select_build_failed=False, packages_skip_build_finished=False, packages_select_test_failures=False, packages_skip_test_passed=False, packages_select=None, packages_skip=None, packages_select_regex=None, packages_skip_regex=None, packages_start=None, packages_end=None, allow_overriding=[], cmake_args=None, cmake_target=None, cmake_target_skip_unavailable=False, cmake_clean_cache=False, cmake_clean_first=False, cmake_force_configure=False, ament_cmake_args=None, catkin_cmake_args=None, catkin_skip_building_tests=False, verb_parser=<colcon_defaults.argument_parser.defaults.DefaultArgumentsDecorator object at 0x7096ef303c40>, verb_extension=<colcon_core.verb.build.BuildVerb object at 0x7096ef302c20>, main=<bound method BuildVerb.main of <colcon_core.verb.build.BuildVerb object at 0x7096ef302c20>>)[0m
[0.153s] [34mcolcon.colcon_core.package_discovery[0m [1;30mLevel 1[0m discover_packages(colcon_meta) check parameters
[0.153s] [34mcolcon.colcon_core.package_discovery[0m [1;30mLevel 1[0m discover_packages(recursive) check parameters
[0.153s] [34mcolcon.colcon_core.package_discovery[0m [1;30mLevel 1[0m discover_packages(ignore) check parameters
[0.153s] [34mcolcon.colcon_core.package_discovery[0m [1;30mLevel 1[0m discover_packages(path) check parameters
[0.153s] [34mcolcon.colcon_core.package_discovery[0m [1;30mLevel 1[0m discover_packages(colcon_meta) discover
[0.153s] [34mcolcon.colcon_core.package_discovery[0m [1;30mLevel 1[0m discover_packages(recursive) discover
[0.153s] [34mcolcon.colcon_core.package_discovery[0m [1;30mINFO[0m Crawling recursively for packages in '/home/tang/tang_ws/navigation2'
[0.153s] [34mcolcon.colcon_core.package_identification[0m [1;30mLevel 1[0m _identify(.) by extensions ['ignore', 'ignore_ament_install']
[0.153s] [34mcolcon.colcon_core.package_identification[0m [1;30mLevel 1[0m _identify(.) by extension 'ignore'
[0.153s] [34mcolcon.colcon_core.package_identification[0m [1;30mLevel 1[0m _identify(.) by extension 'ignore_ament_install'
[0.153s] [34mcolcon.colcon_core.package_identification[0m [1;30mLevel 1[0m _identify(.) by extensions ['colcon_pkg']
[0.153s] [34mcolcon.colcon_core.package_identification[0m [1;30mLevel 1[0m _identify(.) by extension 'colcon_pkg'
[0.153s] [34mcolcon.colcon_core.package_identification[0m [1;30mLevel 1[0m _identify(.) by extensions ['colcon_meta']
[0.153s] [34mcolcon.colcon_core.package_identification[0m [1;30mLevel 1[0m _identify(.) by extension 'colcon_meta'
[0.153s] [34mcolcon.colcon_core.package_identification[0m [1;30mLevel 1[0m _identify(.) by extensions ['ros']
[0.153s] [34mcolcon.colcon_core.package_identification[0m [1;30mLevel 1[0m _identify(.) by extension 'ros'
[0.165s] [34mcolcon.colcon_core.package_identification[0m [1;30mLevel 1[0m _identify(.) by extensions ['cmake', 'python']
[0.165s] [34mcolcon.colcon_core.package_identification[0m [1;30mLevel 1[0m _identify(.) by extension 'cmake'
[0.165s] [34mcolcon.colcon_core.package_identification[0m [1;30mLevel 1[0m _identify(.) by extension 'python'
[0.165s] [34mcolcon.colcon_core.package_identification[0m [1;30mLevel 1[0m _identify(.) by extensions ['python_setup_py']
[0.165s] [34mcolcon.colcon_core.package_identification[0m [1;30mLevel 1[0m _identify(.) by extension 'python_setup_py'
[0.165s] [34mcolcon.colcon_core.package_identification[0m [1;30mLevel 1[0m _identify(build) by extensions ['ignore', 'ignore_ament_install']
[0.165s] [34mcolcon.colcon_core.package_identification[0m [1;30mLevel 1[0m _identify(build) by extension 'ignore'
[0.165s] [34mcolcon.colcon_core.package_identification[0m [1;30mLevel 1[0m _identify(build) ignored
[0.165s] [34mcolcon.colcon_core.package_identification[0m [1;30mLevel 1[0m _identify(bxi_map) by extensions ['ignore', 'ignore_ament_install']
[0.165s] [34mcolcon.colcon_core.package_identification[0m [1;30mLevel 1[0m _identify(bxi_map) by extension 'ignore'
[0.165s] [34mcolcon.colcon_core.package_identification[0m [1;30mLevel 1[0m _identify(bxi_map) by extension 'ignore_ament_install'
[0.165s] [34mcolcon.colcon_core.package_identification[0m [1;30mLevel 1[0m _identify(bxi_map) by extensions ['colcon_pkg']
[0.165s] [34mcolcon.colcon_core.package_identification[0m [1;30mLevel 1[0m _identify(bxi_map) by extension 'colcon_pkg'
[0.165s] [34mcolcon.colcon_core.package_identification[0m [1;30mLevel 1[0m _identify(bxi_map) by extensions ['colcon_meta']
[0.165s] [34mcolcon.colcon_core.package_identification[0m [1;30mLevel 1[0m _identify(bxi_map) by extension 'colcon_meta'
[0.166s] [34mcolcon.colcon_core.package_identification[0m [1;30mLevel 1[0m _identify(bxi_map) by extensions ['ros']
[0.166s] [34mcolcon.colcon_core.package_identification[0m [1;30mLevel 1[0m _identify(bxi_map) by extension 'ros'
[0.166s] [34mcolcon.colcon_core.package_identification[0m [1;30mLevel 1[0m _identify(bxi_map) by extensions ['cmake', 'python']
[0.166s] [34mcolcon.colcon_core.package_identification[0m [1;30mLevel 1[0m _identify(bxi_map) by extension 'cmake'
[0.166s] [34mcolcon.colcon_core.package_identification[0m [1;30mLevel 1[0m _identify(bxi_map) by extension 'python'
[0.166s] [34mcolcon.colcon_core.package_identification[0m [1;30mLevel 1[0m _identify(bxi_map) by extensions ['python_setup_py']
[0.166s] [34mcolcon.colcon_core.package_identification[0m [1;30mLevel 1[0m _identify(bxi_map) by extension 'python_setup_py'
[0.166s] [34mcolcon.colcon_core.package_identification[0m [1;30mLevel 1[0m _identify(data) by extensions ['ignore', 'ignore_ament_install']
[0.166s] [34mcolcon.colcon_core.package_identification[0m [1;30mLevel 1[0m _identify(data) by extension 'ignore'
[0.166s] [34mcolcon.colcon_core.package_identification[0m [1;30mLevel 1[0m _identify(data) by extension 'ignore_ament_install'
[0.166s] [34mcolcon.colcon_core.package_identification[0m [1;30mLevel 1[0m _identify(data) by extensions ['colcon_pkg']
[0.166s] [34mcolcon.colcon_core.package_identification[0m [1;30mLevel 1[0m _identify(data) by extension 'colcon_pkg'
[0.166s] [34mcolcon.colcon_core.package_identification[0m [1;30mLevel 1[0m _identify(data) by extensions ['colcon_meta']
[0.166s] [34mcolcon.colcon_core.package_identification[0m [1;30mLevel 1[0m _identify(data) by extension 'colcon_meta'
[0.166s] [34mcolcon.colcon_core.package_identification[0m [1;30mLevel 1[0m _identify(data) by extensions ['ros']
[0.166s] [34mcolcon.colcon_core.package_identification[0m [1;30mLevel 1[0m _identify(data) by extension 'ros'
[0.166s] [34mcolcon.colcon_core.package_identification[0m [1;30mLevel 1[0m _identify(data) by extensions ['cmake', 'python']
[0.166s] [34mcolcon.colcon_core.package_identification[0m [1;30mLevel 1[0m _identify(data) by extension 'cmake'
[0.166s] [34mcolcon.colcon_core.package_identification[0m [1;30mLevel 1[0m _identify(data) by extension 'python'
[0.166s] [34mcolcon.colcon_core.package_identification[0m [1;30mLevel 1[0m _identify(data) by extensions ['python_setup_py']
[0.166s] [34mcolcon.colcon_core.package_identification[0m [1;30mLevel 1[0m _identify(data) by extension 'python_setup_py'
[0.166s] [34mcolcon.colcon_core.package_identification[0m [1;30mLevel 1[0m _identify(install) by extensions ['ignore', 'ignore_ament_install']
[0.166s] [34mcolcon.colcon_core.package_identification[0m [1;30mLevel 1[0m _identify(install) by extension 'ignore'
[0.166s] [34mcolcon.colcon_core.package_identification[0m [1;30mLevel 1[0m _identify(install) ignored
[0.166s] [34mcolcon.colcon_core.package_identification[0m [1;30mLevel 1[0m _identify(log) by extensions ['ignore', 'ignore_ament_install']
[0.166s] [34mcolcon.colcon_core.package_identification[0m [1;30mLevel 1[0m _identify(log) by extension 'ignore'
[0.166s] [34mcolcon.colcon_core.package_identification[0m [1;30mLevel 1[0m _identify(log) ignored
[0.166s] [34mcolcon.colcon_core.package_identification[0m [1;30mLevel 1[0m _identify(src) by extensions ['ignore', 'ignore_ament_install']
[0.166s] [34mcolcon.colcon_core.package_identification[0m [1;30mLevel 1[0m _identify(src) by extension 'ignore'
[0.166s] [34mcolcon.colcon_core.package_identification[0m [1;30mLevel 1[0m _identify(src) by extension 'ignore_ament_install'
[0.166s] [34mcolcon.colcon_core.package_identification[0m [1;30mLevel 1[0m _identify(src) by extensions ['colcon_pkg']
[0.166s] [34mcolcon.colcon_core.package_identification[0m [1;30mLevel 1[0m _identify(src) by extension 'colcon_pkg'
[0.166s] [34mcolcon.colcon_core.package_identification[0m [1;30mLevel 1[0m _identify(src) by extensions ['colcon_meta']
[0.166s] [34mcolcon.colcon_core.package_identification[0m [1;30mLevel 1[0m _identify(src) by extension 'colcon_meta'
[0.166s] [34mcolcon.colcon_core.package_identification[0m [1;30mLevel 1[0m _identify(src) by extensions ['ros']
[0.166s] [34mcolcon.colcon_core.package_identification[0m [1;30mLevel 1[0m _identify(src) by extension 'ros'
[0.166s] [34mcolcon.colcon_core.package_identification[0m [1;30mLevel 1[0m _identify(src) by extensions ['cmake', 'python']
[0.166s] [34mcolcon.colcon_core.package_identification[0m [1;30mLevel 1[0m _identify(src) by extension 'cmake'
[0.166s] [34mcolcon.colcon_core.package_identification[0m [1;30mLevel 1[0m _identify(src) by extension 'python'
[0.166s] [34mcolcon.colcon_core.package_identification[0m [1;30mLevel 1[0m _identify(src) by extensions ['python_setup_py']
[0.166s] [34mcolcon.colcon_core.package_identification[0m [1;30mLevel 1[0m _identify(src) by extension 'python_setup_py'
[0.167s] [34mcolcon.colcon_core.package_identification[0m [1;30mLevel 1[0m _identify(src/fastlio2) by extensions ['ignore', 'ignore_ament_install']
[0.167s] [34mcolcon.colcon_core.package_identification[0m [1;30mLevel 1[0m _identify(src/fastlio2) by extension 'ignore'
[0.167s] [34mcolcon.colcon_core.package_identification[0m [1;30mLevel 1[0m _identify(src/fastlio2) by extension 'ignore_ament_install'
[0.167s] [34mcolcon.colcon_core.package_identification[0m [1;30mLevel 1[0m _identify(src/fastlio2) by extensions ['colcon_pkg']
[0.167s] [34mcolcon.colcon_core.package_identification[0m [1;30mLevel 1[0m _identify(src/fastlio2) by extension 'colcon_pkg'
[0.167s] [34mcolcon.colcon_core.package_identification[0m [1;30mLevel 1[0m _identify(src/fastlio2) by extensions ['colcon_meta']
[0.167s] [34mcolcon.colcon_core.package_identification[0m [1;30mLevel 1[0m _identify(src/fastlio2) by extension 'colcon_meta'
[0.167s] [34mcolcon.colcon_core.package_identification[0m [1;30mLevel 1[0m _identify(src/fastlio2) by extensions ['ros']
[0.167s] [34mcolcon.colcon_core.package_identification[0m [1;30mLevel 1[0m _identify(src/fastlio2) by extension 'ros'
[0.168s] [34mcolcon.colcon_core.package_identification[0m [1;30mDEBUG[0m [32mPackage 'src/fastlio2' with type 'ros.ament_cmake' and name 'fastlio2'[0m
[0.169s] [34mcolcon.colcon_core.package_identification[0m [1;30mLevel 1[0m _identify(src/interface) by extensions ['ignore', 'ignore_ament_install']
[0.169s] [34mcolcon.colcon_core.package_identification[0m [1;30mLevel 1[0m _identify(src/interface) by extension 'ignore'
[0.169s] [34mcolcon.colcon_core.package_identification[0m [1;30mLevel 1[0m _identify(src/interface) by extension 'ignore_ament_install'
[0.169s] [34mcolcon.colcon_core.package_identification[0m [1;30mLevel 1[0m _identify(src/interface) by extensions ['colcon_pkg']
[0.169s] [34mcolcon.colcon_core.package_identification[0m [1;30mLevel 1[0m _identify(src/interface) by extension 'colcon_pkg'
[0.169s] [34mcolcon.colcon_core.package_identification[0m [1;30mLevel 1[0m _identify(src/interface) by extensions ['colcon_meta']
[0.169s] [34mcolcon.colcon_core.package_identification[0m [1;30mLevel 1[0m _identify(src/interface) by extension 'colcon_meta'
[0.169s] [34mcolcon.colcon_core.package_identification[0m [1;30mLevel 1[0m _identify(src/interface) by extensions ['ros']
[0.169s] [34mcolcon.colcon_core.package_identification[0m [1;30mLevel 1[0m _identify(src/interface) by extension 'ros'
[0.169s] [34mcolcon.colcon_core.package_identification[0m [1;30mDEBUG[0m [32mPackage 'src/interface' with type 'ros.ament_cmake' and name 'interface'[0m
[0.169s] [34mcolcon.colcon_core.package_identification[0m [1;30mLevel 1[0m _identify(src/livox_ros_driver2) by extensions ['ignore', 'ignore_ament_install']
[0.169s] [34mcolcon.colcon_core.package_identification[0m [1;30mLevel 1[0m _identify(src/livox_ros_driver2) by extension 'ignore'
[0.169s] [34mcolcon.colcon_core.package_identification[0m [1;30mLevel 1[0m _identify(src/livox_ros_driver2) by extension 'ignore_ament_install'
[0.169s] [34mcolcon.colcon_core.package_identification[0m [1;30mLevel 1[0m _identify(src/livox_ros_driver2) by extensions ['colcon_pkg']
[0.169s] [34mcolcon.colcon_core.package_identification[0m [1;30mLevel 1[0m _identify(src/livox_ros_driver2) by extension 'colcon_pkg'
[0.169s] [34mcolcon.colcon_core.package_identification[0m [1;30mLevel 1[0m _identify(src/livox_ros_driver2) by extensions ['colcon_meta']
[0.169s] [34mcolcon.colcon_core.package_identification[0m [1;30mLevel 1[0m _identify(src/livox_ros_driver2) by extension 'colcon_meta'
[0.169s] [34mcolcon.colcon_core.package_identification[0m [1;30mLevel 1[0m _identify(src/livox_ros_driver2) by extensions ['ros']
[0.169s] [34mcolcon.colcon_core.package_identification[0m [1;30mLevel 1[0m _identify(src/livox_ros_driver2) by extension 'ros'
[0.170s] [34mcolcon.colcon_core.package_identification[0m [1;30mDEBUG[0m [32mPackage 'src/livox_ros_driver2' with type 'ros.ament_cmake' and name 'livox_ros_driver2'[0m
[0.170s] [34mcolcon.colcon_core.package_identification[0m [1;30mLevel 1[0m _identify(src/localizer) by extensions ['ignore', 'ignore_ament_install']
[0.170s] [34mcolcon.colcon_core.package_identification[0m [1;30mLevel 1[0m _identify(src/localizer) by extension 'ignore'
[0.170s] [34mcolcon.colcon_core.package_identification[0m [1;30mLevel 1[0m _identify(src/localizer) by extension 'ignore_ament_install'
[0.170s] [34mcolcon.colcon_core.package_identification[0m [1;30mLevel 1[0m _identify(src/localizer) by extensions ['colcon_pkg']
[0.170s] [34mcolcon.colcon_core.package_identification[0m [1;30mLevel 1[0m _identify(src/localizer) by extension 'colcon_pkg'
[0.170s] [34mcolcon.colcon_core.package_identification[0m [1;30mLevel 1[0m _identify(src/localizer) by extensions ['colcon_meta']
[0.170s] [34mcolcon.colcon_core.package_identification[0m [1;30mLevel 1[0m _identify(src/localizer) by extension 'colcon_meta'
[0.170s] [34mcolcon.colcon_core.package_identification[0m [1;30mLevel 1[0m _identify(src/localizer) by extensions ['ros']
[0.170s] [34mcolcon.colcon_core.package_identification[0m [1;30mLevel 1[0m _identify(src/localizer) by extension 'ros'
[0.171s] [34mcolcon.colcon_core.package_identification[0m [1;30mDEBUG[0m [32mPackage 'src/localizer' with type 'ros.ament_cmake' and name 'localizer'[0m
[0.171s] [34mcolcon.colcon_core.package_discovery[0m [1;30mLevel 1[0m discover_packages(recursive) using defaults
[0.171s] [34mcolcon.colcon_core.package_discovery[0m [1;30mLevel 1[0m discover_packages(ignore) discover
[0.171s] [34mcolcon.colcon_core.package_discovery[0m [1;30mLevel 1[0m discover_packages(ignore) using defaults
[0.171s] [34mcolcon.colcon_core.package_discovery[0m [1;30mLevel 1[0m discover_packages(path) discover
[0.171s] [34mcolcon.colcon_core.package_discovery[0m [1;30mLevel 1[0m discover_packages(path) using defaults
[0.180s] [34mcolcon.colcon_core.package_discovery[0m [1;30mLevel 1[0m discover_packages(prefix_path) check parameters
[0.180s] [34mcolcon.colcon_core.package_discovery[0m [1;30mLevel 1[0m discover_packages(prefix_path) discover
[0.181s] [34mcolcon.colcon_installed_package_information.package_discovery[0m [1;30mDEBUG[0m [32mFound 11 installed packages in /opt/bxi/bxi_ros2_pkg[0m
[0.182s] [34mcolcon.colcon_installed_package_information.package_discovery[0m [1;30mDEBUG[0m [32mFound 332 installed packages in /opt/ros/humble[0m
[0.183s] [34mcolcon.colcon_core.package_discovery[0m [1;30mLevel 1[0m discover_packages(prefix_path) using defaults
[0.202s] [34mcolcon.colcon_core.verb[0m [1;30mLevel 5[0m set package 'interface' build argument 'cmake_args' from command line to 'None'
[0.203s] [34mcolcon.colcon_core.verb[0m [1;30mLevel 5[0m set package 'interface' build argument 'cmake_target' from command line to 'None'
[0.203s] [34mcolcon.colcon_core.verb[0m [1;30mLevel 5[0m set package 'interface' build argument 'cmake_target_skip_unavailable' from command line to 'False'
[0.203s] [34mcolcon.colcon_core.verb[0m [1;30mLevel 5[0m set package 'interface' build argument 'cmake_clean_cache' from command line to 'False'
[0.203s] [34mcolcon.colcon_core.verb[0m [1;30mLevel 5[0m set package 'interface' build argument 'cmake_clean_first' from command line to 'False'
[0.203s] [34mcolcon.colcon_core.verb[0m [1;30mLevel 5[0m set package 'interface' build argument 'cmake_force_configure' from command line to 'False'
[0.203s] [34mcolcon.colcon_core.verb[0m [1;30mLevel 5[0m set package 'interface' build argument 'ament_cmake_args' from command line to 'None'
[0.203s] [34mcolcon.colcon_core.verb[0m [1;30mLevel 5[0m set package 'interface' build argument 'catkin_cmake_args' from command line to 'None'
[0.203s] [34mcolcon.colcon_core.verb[0m [1;30mLevel 5[0m set package 'interface' build argument 'catkin_skip_building_tests' from command line to 'False'
[0.203s] [34mcolcon.colcon_core.verb[0m [1;30mDEBUG[0m [32mBuilding package 'interface' with the following arguments: {'ament_cmake_args': None, 'build_base': '/home/tang/tang_ws/navigation2/build/interface', 'catkin_cmake_args': None, 'catkin_skip_building_tests': False, 'cmake_args': None, 'cmake_clean_cache': False, 'cmake_clean_first': False, 'cmake_force_configure': False, 'cmake_target': None, 'cmake_target_skip_unavailable': False, 'install_base': '/home/tang/tang_ws/navigation2/install/interface', 'merge_install': False, 'path': '/home/tang/tang_ws/navigation2/src/interface', 'symlink_install': False, 'test_result_base': None}[0m
[0.203s] [34mcolcon.colcon_core.verb[0m [1;30mLevel 5[0m set package 'livox_ros_driver2' build argument 'cmake_args' from command line to 'None'
[0.203s] [34mcolcon.colcon_core.verb[0m [1;30mLevel 5[0m set package 'livox_ros_driver2' build argument 'cmake_target' from command line to 'None'
[0.203s] [34mcolcon.colcon_core.verb[0m [1;30mLevel 5[0m set package 'livox_ros_driver2' build argument 'cmake_target_skip_unavailable' from command line to 'False'
[0.203s] [34mcolcon.colcon_core.verb[0m [1;30mLevel 5[0m set package 'livox_ros_driver2' build argument 'cmake_clean_cache' from command line to 'False'
[0.203s] [34mcolcon.colcon_core.verb[0m [1;30mLevel 5[0m set package 'livox_ros_driver2' build argument 'cmake_clean_first' from command line to 'False'
[0.203s] [34mcolcon.colcon_core.verb[0m [1;30mLevel 5[0m set package 'livox_ros_driver2' build argument 'cmake_force_configure' from command line to 'False'
[0.203s] [34mcolcon.colcon_core.verb[0m [1;30mLevel 5[0m set package 'livox_ros_driver2' build argument 'ament_cmake_args' from command line to 'None'
[0.203s] [34mcolcon.colcon_core.verb[0m [1;30mLevel 5[0m set package 'livox_ros_driver2' build argument 'catkin_cmake_args' from command line to 'None'
[0.203s] [34mcolcon.colcon_core.verb[0m [1;30mLevel 5[0m set package 'livox_ros_driver2' build argument 'catkin_skip_building_tests' from command line to 'False'
[0.203s] [34mcolcon.colcon_core.verb[0m [1;30mDEBUG[0m [32mBuilding package 'livox_ros_driver2' with the following arguments: {'ament_cmake_args': None, 'build_base': '/home/tang/tang_ws/navigation2/build/livox_ros_driver2', 'catkin_cmake_args': None, 'catkin_skip_building_tests': False, 'cmake_args': None, 'cmake_clean_cache': False, 'cmake_clean_first': False, 'cmake_force_configure': False, 'cmake_target': None, 'cmake_target_skip_unavailable': False, 'install_base': '/home/tang/tang_ws/navigation2/install/livox_ros_driver2', 'merge_install': False, 'path': '/home/tang/tang_ws/navigation2/src/livox_ros_driver2', 'symlink_install': False, 'test_result_base': None}[0m
[0.203s] [34mcolcon.colcon_core.verb[0m [1;30mLevel 5[0m set package 'fastlio2' build argument 'cmake_args' from command line to 'None'
[0.203s] [34mcolcon.colcon_core.verb[0m [1;30mLevel 5[0m set package 'fastlio2' build argument 'cmake_target' from command line to 'None'
[0.203s] [34mcolcon.colcon_core.verb[0m [1;30mLevel 5[0m set package 'fastlio2' build argument 'cmake_target_skip_unavailable' from command line to 'False'
[0.203s] [34mcolcon.colcon_core.verb[0m [1;30mLevel 5[0m set package 'fastlio2' build argument 'cmake_clean_cache' from command line to 'False'
[0.203s] [34mcolcon.colcon_core.verb[0m [1;30mLevel 5[0m set package 'fastlio2' build argument 'cmake_clean_first' from command line to 'False'
[0.203s] [34mcolcon.colcon_core.verb[0m [1;30mLevel 5[0m set package 'fastlio2' build argument 'cmake_force_configure' from command line to 'False'
[0.203s] [34mcolcon.colcon_core.verb[0m [1;30mLevel 5[0m set package 'fastlio2' build argument 'ament_cmake_args' from command line to 'None'
[0.203s] [34mcolcon.colcon_core.verb[0m [1;30mLevel 5[0m set package 'fastlio2' build argument 'catkin_cmake_args' from command line to 'None'
[0.203s] [34mcolcon.colcon_core.verb[0m [1;30mLevel 5[0m set package 'fastlio2' build argument 'catkin_skip_building_tests' from command line to 'False'
[0.203s] [34mcolcon.colcon_core.verb[0m [1;30mDEBUG[0m [32mBuilding package 'fastlio2' with the following arguments: {'ament_cmake_args': None, 'build_base': '/home/tang/tang_ws/navigation2/build/fastlio2', 'catkin_cmake_args': None, 'catkin_skip_building_tests': False, 'cmake_args': None, 'cmake_clean_cache': False, 'cmake_clean_first': False, 'cmake_force_configure': False, 'cmake_target': None, 'cmake_target_skip_unavailable': False, 'install_base': '/home/tang/tang_ws/navigation2/install/fastlio2', 'merge_install': False, 'path': '/home/tang/tang_ws/navigation2/src/fastlio2', 'symlink_install': False, 'test_result_base': None}[0m
[0.203s] [34mcolcon.colcon_core.verb[0m [1;30mLevel 5[0m set package 'localizer' build argument 'cmake_args' from command line to 'None'
[0.203s] [34mcolcon.colcon_core.verb[0m [1;30mLevel 5[0m set package 'localizer' build argument 'cmake_target' from command line to 'None'
[0.203s] [34mcolcon.colcon_core.verb[0m [1;30mLevel 5[0m set package 'localizer' build argument 'cmake_target_skip_unavailable' from command line to 'False'
[0.203s] [34mcolcon.colcon_core.verb[0m [1;30mLevel 5[0m set package 'localizer' build argument 'cmake_clean_cache' from command line to 'False'
[0.203s] [34mcolcon.colcon_core.verb[0m [1;30mLevel 5[0m set package 'localizer' build argument 'cmake_clean_first' from command line to 'False'
[0.203s] [34mcolcon.colcon_core.verb[0m [1;30mLevel 5[0m set package 'localizer' build argument 'cmake_force_configure' from command line to 'False'
[0.203s] [34mcolcon.colcon_core.verb[0m [1;30mLevel 5[0m set package 'localizer' build argument 'ament_cmake_args' from command line to 'None'
[0.203s] [34mcolcon.colcon_core.verb[0m [1;30mLevel 5[0m set package 'localizer' build argument 'catkin_cmake_args' from command line to 'None'
[0.203s] [34mcolcon.colcon_core.verb[0m [1;30mLevel 5[0m set package 'localizer' build argument 'catkin_skip_building_tests' from command line to 'False'
[0.203s] [34mcolcon.colcon_core.verb[0m [1;30mDEBUG[0m [32mBuilding package 'localizer' with the following arguments: {'ament_cmake_args': None, 'build_base': '/home/tang/tang_ws/navigation2/build/localizer', 'catkin_cmake_args': None, 'catkin_skip_building_tests': False, 'cmake_args': None, 'cmake_clean_cache': False, 'cmake_clean_first': False, 'cmake_force_configure': False, 'cmake_target': None, 'cmake_target_skip_unavailable': False, 'install_base': '/home/tang/tang_ws/navigation2/install/localizer', 'merge_install': False, 'path': '/home/tang/tang_ws/navigation2/src/localizer', 'symlink_install': False, 'test_result_base': None}[0m
[0.204s] [34mcolcon.colcon_core.executor[0m [1;30mINFO[0m Executing jobs using 'parallel' executor
[0.204s] [34mcolcon.colcon_parallel_executor.executor.parallel[0m [1;30mDEBUG[0m [32mrun_until_complete[0m
[0.204s] [34mcolcon.colcon_ros.task.ament_cmake.build[0m [1;30mINFO[0m Building ROS package in '/home/tang/tang_ws/navigation2/src/interface' with build type 'ament_cmake'
[0.204s] [34mcolcon.colcon_cmake.task.cmake.build[0m [1;30mINFO[0m Building CMake package in '/home/tang/tang_ws/navigation2/src/interface'
[0.205s] [34mcolcon.colcon_core.plugin_system[0m [1;30mINFO[0m Skipping extension 'colcon_core.shell.bat': Not used on non-Windows systems
[0.206s] [34mcolcon.colcon_core.shell[0m [1;30mINFO[0m Skip shell extension 'powershell' for command environment: Not usable outside of PowerShell
[0.206s] [34mcolcon.colcon_core.shell[0m [1;30mDEBUG[0m [32mSkip shell extension 'dsv' for command environment[0m
[0.207s] [34mcolcon.colcon_ros.task.ament_cmake.build[0m [1;30mINFO[0m Building ROS package in '/home/tang/tang_ws/navigation2/src/livox_ros_driver2' with build type 'ament_cmake'
[0.207s] [34mcolcon.colcon_cmake.task.cmake.build[0m [1;30mINFO[0m Building CMake package in '/home/tang/tang_ws/navigation2/src/livox_ros_driver2'
[0.208s] [34mcolcon.colcon_core.shell[0m [1;30mINFO[0m Skip shell extension 'powershell' for command environment: Not usable outside of PowerShell
[0.208s] [34mcolcon.colcon_core.shell[0m [1;30mDEBUG[0m [32mSkip shell extension 'dsv' for command environment[0m
[0.212s] [34mcolcon.colcon_core.event_handler.log_command[0m [1;30mDEBUG[0m [32mInvoking command in '/home/tang/tang_ws/navigation2/build/interface': CMAKE_PREFIX_PATH=${CMAKE_PREFIX_PATH}:/opt/ros/humble /usr/bin/cmake /home/tang/tang_ws/navigation2/src/interface -DCMAKE_INSTALL_PREFIX=/home/tang/tang_ws/navigation2/install/interface[0m
[0.213s] [34mcolcon.colcon_core.event_handler.log_command[0m [1;30mDEBUG[0m [32mInvoking command in '/home/tang/tang_ws/navigation2/build/livox_ros_driver2': CMAKE_PREFIX_PATH=${CMAKE_PREFIX_PATH}:/opt/ros/humble /usr/bin/cmake /home/tang/tang_ws/navigation2/src/livox_ros_driver2 -DCMAKE_INSTALL_PREFIX=/home/tang/tang_ws/navigation2/install/livox_ros_driver2[0m
[1.413s] [34mcolcon.colcon_core.event_handler.log_command[0m [1;30mDEBUG[0m [32mInvoked command in '/home/tang/tang_ws/navigation2/build/interface' returned '0': CMAKE_PREFIX_PATH=${CMAKE_PREFIX_PATH}:/opt/ros/humble /usr/bin/cmake /home/tang/tang_ws/navigation2/src/interface -DCMAKE_INSTALL_PREFIX=/home/tang/tang_ws/navigation2/install/interface[0m
[1.414s] [34mcolcon.colcon_core.event_handler.log_command[0m [1;30mDEBUG[0m [32mInvoking command in '/home/tang/tang_ws/navigation2/build/interface': CMAKE_PREFIX_PATH=${CMAKE_PREFIX_PATH}:/opt/ros/humble /usr/bin/cmake --build /home/tang/tang_ws/navigation2/build/interface -- -j16 -l16[0m
[3.487s] [34mcolcon.colcon_core.event_handler.log_command[0m [1;30mDEBUG[0m [32mInvoked command in '/home/tang/tang_ws/navigation2/build/livox_ros_driver2' returned '1': CMAKE_PREFIX_PATH=${CMAKE_PREFIX_PATH}:/opt/ros/humble /usr/bin/cmake /home/tang/tang_ws/navigation2/src/livox_ros_driver2 -DCMAKE_INSTALL_PREFIX=/home/tang/tang_ws/navigation2/install/livox_ros_driver2[0m
[3.496s] [34mcolcon.colcon_core.environment[0m [1;30mLevel 1[0m create_environment_scripts_only(livox_ros_driver2)
[3.497s] [34mcolcon.colcon_core.environment[0m [1;30mLevel 1[0m checking '/home/tang/tang_ws/navigation2/install/livox_ros_driver2' for CMake module files
[3.497s] [34mcolcon.colcon_core.environment[0m [1;30mLevel 1[0m checking '/home/tang/tang_ws/navigation2/install/livox_ros_driver2' for CMake config files
[3.497s] [34mcolcon.colcon_core.environment[0m [1;30mLevel 1[0m checking '/home/tang/tang_ws/navigation2/install/livox_ros_driver2/bin'
[3.497s] [34mcolcon.colcon_core.environment[0m [1;30mLevel 1[0m checking '/home/tang/tang_ws/navigation2/install/livox_ros_driver2/lib/pkgconfig/livox_ros_driver2.pc'
[3.497s] [34mcolcon.colcon_core.environment[0m [1;30mLevel 1[0m checking '/home/tang/tang_ws/navigation2/install/livox_ros_driver2/lib/python3.10/site-packages'
[3.497s] [34mcolcon.colcon_core.environment[0m [1;30mLevel 1[0m checking '/home/tang/tang_ws/navigation2/install/livox_ros_driver2/bin'
[3.498s] [34mcolcon.colcon_core.shell[0m [1;30mINFO[0m Creating package script '/home/tang/tang_ws/navigation2/install/livox_ros_driver2/share/livox_ros_driver2/package.ps1'
[3.498s] [34mcolcon.colcon_core.shell[0m [1;30mINFO[0m Creating package descriptor '/home/tang/tang_ws/navigation2/install/livox_ros_driver2/share/livox_ros_driver2/package.dsv'
[3.498s] [34mcolcon.colcon_core.shell[0m [1;30mINFO[0m Creating package script '/home/tang/tang_ws/navigation2/install/livox_ros_driver2/share/livox_ros_driver2/package.sh'
[3.499s] [34mcolcon.colcon_core.shell[0m [1;30mINFO[0m Creating package script '/home/tang/tang_ws/navigation2/install/livox_ros_driver2/share/livox_ros_driver2/package.bash'
[3.499s] [34mcolcon.colcon_core.shell[0m [1;30mINFO[0m Creating package script '/home/tang/tang_ws/navigation2/install/livox_ros_driver2/share/livox_ros_driver2/package.zsh'
[3.499s] [34mcolcon.colcon_core.environment[0m [1;30mLevel 1[0m create_file_with_runtime_dependencies(/home/tang/tang_ws/navigation2/install/livox_ros_driver2/share/colcon-core/packages/livox_ros_driver2)
[3.518s] [34mcolcon.colcon_parallel_executor.executor.parallel[0m [1;30mDEBUG[0m [32mclosing loop[0m
[3.519s] [34mcolcon.colcon_parallel_executor.executor.parallel[0m [1;30mDEBUG[0m [32mloop closed[0m
[3.519s] [34mcolcon.colcon_parallel_executor.executor.parallel[0m [1;30mDEBUG[0m [32mrun_until_complete finished with '1'[0m
[3.519s] [34mcolcon.colcon_core.event_reactor[0m [1;30mDEBUG[0m [32mjoining thread[0m
[3.521s] [34mcolcon.colcon_core.plugin_system[0m [1;30mINFO[0m Skipping extension 'colcon_notification.desktop_notification.terminal_notifier': Not used on non-Darwin systems
[3.522s] [34mcolcon.colcon_core.plugin_system[0m [1;30mINFO[0m Skipping extension 'colcon_notification.desktop_notification.win32': Not used on non-Windows systems
[3.522s] [34mcolcon.colcon_notification.desktop_notification[0m [1;30mINFO[0m Sending desktop notification using 'notify2'
[3.530s] [34mcolcon.colcon_core.event_reactor[0m [1;30mDEBUG[0m [32mjoined thread[0m
[3.531s] [34mcolcon.colcon_core.shell[0m [1;30mINFO[0m Creating prefix script '/home/tang/tang_ws/navigation2/install/local_setup.ps1'
[3.531s] [34mcolcon.colcon_core.shell[0m [1;30mINFO[0m Creating prefix util module '/home/tang/tang_ws/navigation2/install/_local_setup_util_ps1.py'
[3.532s] [34mcolcon.colcon_core.shell[0m [1;30mINFO[0m Creating prefix chain script '/home/tang/tang_ws/navigation2/install/setup.ps1'
[3.532s] [34mcolcon.colcon_core.shell[0m [1;30mINFO[0m Creating prefix script '/home/tang/tang_ws/navigation2/install/local_setup.sh'
[3.533s] [34mcolcon.colcon_core.shell[0m [1;30mINFO[0m Creating prefix util module '/home/tang/tang_ws/navigation2/install/_local_setup_util_sh.py'
[3.533s] [34mcolcon.colcon_core.shell[0m [1;30mINFO[0m Creating prefix chain script '/home/tang/tang_ws/navigation2/install/setup.sh'
[3.533s] [34mcolcon.colcon_core.shell[0m [1;30mINFO[0m Creating prefix script '/home/tang/tang_ws/navigation2/install/local_setup.bash'
[3.534s] [34mcolcon.colcon_core.shell[0m [1;30mINFO[0m Creating prefix chain script '/home/tang/tang_ws/navigation2/install/setup.bash'
[3.534s] [34mcolcon.colcon_core.shell[0m [1;30mINFO[0m Creating prefix script '/home/tang/tang_ws/navigation2/install/local_setup.zsh'
[3.534s] [34mcolcon.colcon_core.shell[0m [1;30mINFO[0m Creating prefix chain script '/home/tang/tang_ws/navigation2/install/setup.zsh'
