[0.008s] Invoking command in '/home/tang/voice/ws_voice/build/wheeltec_mic_ros2': CMAKE_PREFIX_PATH=/home/tang/voice/ws_voice/install/wheeltec_mic_msg:/home/tang/voice/ws_voice/install/wheeltec_mic_ros2:/home/tang/voice/ws_voice/install/voice_pkg:/home/tang/voice/ws_voice/install/serial:/opt/bxi/bxi_ros2_pkg:/opt/ros/humble LD_LIBRARY_PATH=/home/tang/voice/ws_voice/install/wheeltec_mic_msg/lib:/home/tang/voice/ws_voice/install/serial/lib:/usr/local/lib:/usr/local/cuda-12.4/lib64:/usr/lib/x86_64-linux-gnu:/usr/local/lib:/usr/local/cuda-12.4/lib64:/opt/bxi/bxi_ros2_pkg/lib:/opt/ros/humble/opt/rviz_ogre_vendor/lib:/opt/ros/humble/lib/x86_64-linux-gnu:/opt/ros/humble/lib:/usr/lib/x86_64-linux-gnu:/home/.mujoco/mujoco-3.3.3-linux-x86_64/mujoco-3.3.3/bin:/home/tang/.mujoco/mujoco336/mujoco-3.3.6bin:/home/.mujoco/mujoco-3.3.3-linux-x86_64/mujoco-3.3.3/bin:/home/tang/.mujoco/mujoco336/mujoco-3.3.6bin /usr/bin/cmake /home/tang/voice/ws_voice/src/wheeltec_mic/wheeltec_mic_ros2 -DAMENT_CMAKE_SYMLINK_INSTALL=1 -DCMAKE_INSTALL_PREFIX=/home/tang/voice/ws_voice/install/wheeltec_mic_ros2
[0.014s] -- Found ament_cmake: 1.3.12 (/opt/ros/humble/share/ament_cmake/cmake)
[0.098s] -- Override CMake install command with custom implementation using symlinks instead of copying resources
[0.102s] -- Found rosidl_default_generators: 1.2.0 (/opt/ros/humble/share/rosidl_default_generators/cmake)
[0.103s] -- Using all available rosidl_typesupport_c: rosidl_typesupport_fastrtps_c;rosidl_typesupport_introspection_c
[0.105s] -- Found rosidl_adapter: 3.1.7 (/opt/ros/humble/share/rosidl_adapter/cmake)
[0.125s] -- Using all available rosidl_typesupport_cpp: rosidl_typesupport_fastrtps_cpp;rosidl_typesupport_introspection_cpp
[0.146s] -- Found rclcpp: 16.0.15 (/opt/ros/humble/share/rclcpp/cmake)
[0.167s] -- Found rmw_implementation_cmake: 6.1.2 (/opt/ros/humble/share/rmw_implementation_cmake/cmake)
[0.168s] -- Found rmw_cyclonedds_cpp: 1.3.4 (/opt/ros/humble/share/rmw_cyclonedds_cpp/cmake)
[0.178s] -- Using RMW implementation 'rmw_cyclonedds_cpp' as default
[0.205s] -- Found serial: 1.2.1 (/home/tang/voice/ws_voice/install/serial/share/serial/cmake)
[0.205s] -- Found wheeltec_mic_msg: 0.0.0 (/home/tang/voice/ws_voice/install/wheeltec_mic_msg/share/wheeltec_mic_msg/cmake)
[0.212s] -- Found ament_lint_auto: 0.12.14 (/opt/ros/humble/share/ament_lint_auto/cmake)
[0.259s] -- Added test 'copyright' to check source files copyright and LICENSE
[0.261s] -- Added test 'cppcheck' to perform static code analysis on C / C++ code
[0.261s] -- Configured cppcheck include dirs: /home/tang/voice/ws_voice/src/wheeltec_mic/wheeltec_mic_ros2/include
[0.261s] -- Configured cppcheck exclude dirs and/or files: 
[0.263s] -- Added test 'cpplint' to check C / C++ code against the Google style
[0.263s] -- Configured cpplint exclude dirs and/or files: 
[0.263s] -- Added test 'flake8' to check Python code syntax and style conventions
[0.264s] -- Added test 'lint_cmake' to check CMake code style
[0.264s] -- Added test 'pep257' to check Python code against some of the docstring style conventions in PEP 257
[0.267s] -- Added test 'uncrustify' to check C / C++ code style
[0.267s] -- Configured uncrustify additional arguments: 
[0.267s] -- Added test 'xmllint' to check XML markup files
[0.267s] -- Configuring done
[0.279s] -- Generating done
[0.284s] -- Build files have been written to: /home/tang/voice/ws_voice/build/wheeltec_mic_ros2
[0.288s] Invoked command in '/home/tang/voice/ws_voice/build/wheeltec_mic_ros2' returned '0': CMAKE_PREFIX_PATH=/home/tang/voice/ws_voice/install/wheeltec_mic_msg:/home/tang/voice/ws_voice/install/wheeltec_mic_ros2:/home/tang/voice/ws_voice/install/voice_pkg:/home/tang/voice/ws_voice/install/serial:/opt/bxi/bxi_ros2_pkg:/opt/ros/humble LD_LIBRARY_PATH=/home/tang/voice/ws_voice/install/wheeltec_mic_msg/lib:/home/tang/voice/ws_voice/install/serial/lib:/usr/local/lib:/usr/local/cuda-12.4/lib64:/usr/lib/x86_64-linux-gnu:/usr/local/lib:/usr/local/cuda-12.4/lib64:/opt/bxi/bxi_ros2_pkg/lib:/opt/ros/humble/opt/rviz_ogre_vendor/lib:/opt/ros/humble/lib/x86_64-linux-gnu:/opt/ros/humble/lib:/usr/lib/x86_64-linux-gnu:/home/.mujoco/mujoco-3.3.3-linux-x86_64/mujoco-3.3.3/bin:/home/tang/.mujoco/mujoco336/mujoco-3.3.6bin:/home/.mujoco/mujoco-3.3.3-linux-x86_64/mujoco-3.3.3/bin:/home/tang/.mujoco/mujoco336/mujoco-3.3.6bin /usr/bin/cmake /home/tang/voice/ws_voice/src/wheeltec_mic/wheeltec_mic_ros2 -DAMENT_CMAKE_SYMLINK_INSTALL=1 -DCMAKE_INSTALL_PREFIX=/home/tang/voice/ws_voice/install/wheeltec_mic_ros2
[0.289s] Invoking command in '/home/tang/voice/ws_voice/build/wheeltec_mic_ros2': CMAKE_PREFIX_PATH=/home/tang/voice/ws_voice/install/wheeltec_mic_msg:/home/tang/voice/ws_voice/install/wheeltec_mic_ros2:/home/tang/voice/ws_voice/install/voice_pkg:/home/tang/voice/ws_voice/install/serial:/opt/bxi/bxi_ros2_pkg:/opt/ros/humble LD_LIBRARY_PATH=/home/tang/voice/ws_voice/install/wheeltec_mic_msg/lib:/home/tang/voice/ws_voice/install/serial/lib:/usr/local/lib:/usr/local/cuda-12.4/lib64:/usr/lib/x86_64-linux-gnu:/usr/local/lib:/usr/local/cuda-12.4/lib64:/opt/bxi/bxi_ros2_pkg/lib:/opt/ros/humble/opt/rviz_ogre_vendor/lib:/opt/ros/humble/lib/x86_64-linux-gnu:/opt/ros/humble/lib:/usr/lib/x86_64-linux-gnu:/home/.mujoco/mujoco-3.3.3-linux-x86_64/mujoco-3.3.3/bin:/home/tang/.mujoco/mujoco336/mujoco-3.3.6bin:/home/.mujoco/mujoco-3.3.3-linux-x86_64/mujoco-3.3.3/bin:/home/tang/.mujoco/mujoco336/mujoco-3.3.6bin /usr/bin/cmake --build /home/tang/voice/ws_voice/build/wheeltec_mic_ros2 -- -j16 -l16
[0.323s] Consolidate compiler generated dependencies of target node_feedback
[0.323s] Consolidate compiler generated dependencies of target command_recognition
[0.323s] Consolidate compiler generated dependencies of target voice_control
[0.323s] Consolidate compiler generated dependencies of target call_recognition
[0.327s] Consolidate compiler generated dependencies of target wheeltec_mic
[0.333s] [ 27%] Linking CXX executable command_recognition
[0.333s] [ 27%] Linking CXX executable node_feedback
[0.333s] [ 27%] Linking CXX executable call_recognition
[0.333s] [ 36%] Linking CXX executable voice_control
[0.339s] [ 45%] Linking CXX executable wheeltec_mic
[0.729s] [ 63%] Built target wheeltec_mic
[0.930s] [ 72%] Built target call_recognition
[0.969s] [ 81%] Built target node_feedback
[0.972s] [ 90%] Built target voice_control
[0.987s] [100%] Built target command_recognition
[0.994s] Invoked command in '/home/tang/voice/ws_voice/build/wheeltec_mic_ros2' returned '0': CMAKE_PREFIX_PATH=/home/tang/voice/ws_voice/install/wheeltec_mic_msg:/home/tang/voice/ws_voice/install/wheeltec_mic_ros2:/home/tang/voice/ws_voice/install/voice_pkg:/home/tang/voice/ws_voice/install/serial:/opt/bxi/bxi_ros2_pkg:/opt/ros/humble LD_LIBRARY_PATH=/home/tang/voice/ws_voice/install/wheeltec_mic_msg/lib:/home/tang/voice/ws_voice/install/serial/lib:/usr/local/lib:/usr/local/cuda-12.4/lib64:/usr/lib/x86_64-linux-gnu:/usr/local/lib:/usr/local/cuda-12.4/lib64:/opt/bxi/bxi_ros2_pkg/lib:/opt/ros/humble/opt/rviz_ogre_vendor/lib:/opt/ros/humble/lib/x86_64-linux-gnu:/opt/ros/humble/lib:/usr/lib/x86_64-linux-gnu:/home/.mujoco/mujoco-3.3.3-linux-x86_64/mujoco-3.3.3/bin:/home/tang/.mujoco/mujoco336/mujoco-3.3.6bin:/home/.mujoco/mujoco-3.3.3-linux-x86_64/mujoco-3.3.3/bin:/home/tang/.mujoco/mujoco336/mujoco-3.3.6bin /usr/bin/cmake --build /home/tang/voice/ws_voice/build/wheeltec_mic_ros2 -- -j16 -l16
[1.000s] Invoking command in '/home/tang/voice/ws_voice/build/wheeltec_mic_ros2': CMAKE_PREFIX_PATH=/home/tang/voice/ws_voice/install/wheeltec_mic_msg:/home/tang/voice/ws_voice/install/wheeltec_mic_ros2:/home/tang/voice/ws_voice/install/voice_pkg:/home/tang/voice/ws_voice/install/serial:/opt/bxi/bxi_ros2_pkg:/opt/ros/humble LD_LIBRARY_PATH=/home/tang/voice/ws_voice/install/wheeltec_mic_msg/lib:/home/tang/voice/ws_voice/install/serial/lib:/usr/local/lib:/usr/local/cuda-12.4/lib64:/usr/lib/x86_64-linux-gnu:/usr/local/lib:/usr/local/cuda-12.4/lib64:/opt/bxi/bxi_ros2_pkg/lib:/opt/ros/humble/opt/rviz_ogre_vendor/lib:/opt/ros/humble/lib/x86_64-linux-gnu:/opt/ros/humble/lib:/usr/lib/x86_64-linux-gnu:/home/.mujoco/mujoco-3.3.3-linux-x86_64/mujoco-3.3.3/bin:/home/tang/.mujoco/mujoco336/mujoco-3.3.6bin:/home/.mujoco/mujoco-3.3.3-linux-x86_64/mujoco-3.3.3/bin:/home/tang/.mujoco/mujoco336/mujoco-3.3.6bin /usr/bin/cmake --install /home/tang/voice/ws_voice/build/wheeltec_mic_ros2
[1.005s] -- Install configuration: ""
[1.005s] -- Up-to-date: /home/tang/voice/ws_voice/install/wheeltec_mic_ros2/share/wheeltec_mic_ros2/launch
[1.005s] -- Up-to-date: /home/tang/voice/ws_voice/install/wheeltec_mic_ros2/share/wheeltec_mic_ros2/launch/mic_init.launch.py
[1.005s] -- Up-to-date: /home/tang/voice/ws_voice/install/wheeltec_mic_ros2/share/wheeltec_mic_ros2/launch/base.launch.py
[1.005s] -- Up-to-date: /home/tang/voice/ws_voice/install/wheeltec_mic_ros2/share/wheeltec_mic_ros2/config
[1.005s] -- Up-to-date: /home/tang/voice/ws_voice/install/wheeltec_mic_ros2/share/wheeltec_mic_ros2/config/msc
[1.005s] -- Up-to-date: /home/tang/voice/ws_voice/install/wheeltec_mic_ros2/share/wheeltec_mic_ros2/config/msc/msc.log
[1.005s] -- Up-to-date: /home/tang/voice/ws_voice/install/wheeltec_mic_ros2/share/wheeltec_mic_ros2/config/msc/res
[1.005s] -- Up-to-date: /home/tang/voice/ws_voice/install/wheeltec_mic_ros2/share/wheeltec_mic_ros2/config/msc/res/asr
[1.005s] -- Up-to-date: /home/tang/voice/ws_voice/install/wheeltec_mic_ros2/share/wheeltec_mic_ros2/config/msc/res/asr/common.jet
[1.005s] -- Up-to-date: /home/tang/voice/ws_voice/install/wheeltec_mic_ros2/share/wheeltec_mic_ros2/config/msc/res/asr/GrmBuilld
[1.005s] -- Up-to-date: /home/tang/voice/ws_voice/install/wheeltec_mic_ros2/share/wheeltec_mic_ros2/config/msc/res/asr/GrmBuilld/lhheaaaa.d
[1.005s] -- Up-to-date: /home/tang/voice/ws_voice/install/wheeltec_mic_ros2/share/wheeltec_mic_ros2/config/msc/res/asr/GrmBuilld/azcfaaaa.d
[1.005s] -- Up-to-date: /home/tang/voice/ws_voice/install/wheeltec_mic_ros2/share/wheeltec_mic_ros2/config/msc/res/asr/GrmBuilld/bzvskdaa.d
[1.005s] -- Up-to-date: /home/tang/voice/ws_voice/install/wheeltec_mic_ros2/share/wheeltec_mic_ros2/config/msc/res/asr/GrmBuilld/zhdfaaaa.d
[1.005s] -- Up-to-date: /home/tang/voice/ws_voice/install/wheeltec_mic_ros2/share/wheeltec_mic_ros2/config/msc/res/asr/GrmBuilld/rtpyyuba.d
[1.005s] -- Up-to-date: /home/tang/voice/ws_voice/install/wheeltec_mic_ros2/share/wheeltec_mic_ros2/config/msc/res/asr/GrmBuilld/qgieaaaa.d
[1.005s] -- Up-to-date: /home/tang/voice/ws_voice/install/wheeltec_mic_ros2/share/wheeltec_mic_ros2/config/msc/res/asr/GrmBuilld/fyrdwpaa.d
[1.005s] -- Up-to-date: /home/tang/voice/ws_voice/install/wheeltec_mic_ros2/share/wheeltec_mic_ros2/config/msc/res/asr/GrmBuilld/uikawbda.d
[1.005s] -- Up-to-date: /home/tang/voice/ws_voice/install/wheeltec_mic_ros2/share/wheeltec_mic_ros2/config/msc/res/asr/GrmBuilld/rlieaaaa.d
[1.005s] -- Up-to-date: /home/tang/voice/ws_voice/install/wheeltec_mic_ros2/share/wheeltec_mic_ros2/config/msc/res/asr/GrmBuilld/mcaudaaa.d
[1.005s] -- Up-to-date: /home/tang/voice/ws_voice/install/wheeltec_mic_ros2/share/wheeltec_mic_ros2/config/msc/res/asr/GrmBuilld/gcoeaaaa.d
[1.005s] -- Up-to-date: /home/tang/voice/ws_voice/install/wheeltec_mic_ros2/share/wheeltec_mic_ros2/config/msc/res/asr/GrmBuilld/temp
[1.005s] -- Up-to-date: /home/tang/voice/ws_voice/install/wheeltec_mic_ros2/share/wheeltec_mic_ros2/config/msc/res/asr/GrmBuilld/temp/lhheaaaa.d
[1.005s] -- Up-to-date: /home/tang/voice/ws_voice/install/wheeltec_mic_ros2/share/wheeltec_mic_ros2/config/msc/res/asr/GrmBuilld/temp/azcfaaaa.d
[1.005s] -- Up-to-date: /home/tang/voice/ws_voice/install/wheeltec_mic_ros2/share/wheeltec_mic_ros2/config/msc/res/asr/GrmBuilld/temp/bzvskdaa.d
[1.005s] -- Up-to-date: /home/tang/voice/ws_voice/install/wheeltec_mic_ros2/share/wheeltec_mic_ros2/config/msc/res/asr/GrmBuilld/temp/zhdfaaaa.d
[1.005s] -- Up-to-date: /home/tang/voice/ws_voice/install/wheeltec_mic_ros2/share/wheeltec_mic_ros2/config/msc/res/asr/GrmBuilld/temp/rtpyyuba.d
[1.005s] -- Up-to-date: /home/tang/voice/ws_voice/install/wheeltec_mic_ros2/share/wheeltec_mic_ros2/config/msc/res/asr/GrmBuilld/temp/qgieaaaa.d
[1.005s] -- Up-to-date: /home/tang/voice/ws_voice/install/wheeltec_mic_ros2/share/wheeltec_mic_ros2/config/msc/res/asr/GrmBuilld/temp/fyrdwpaa.d
[1.005s] -- Up-to-date: /home/tang/voice/ws_voice/install/wheeltec_mic_ros2/share/wheeltec_mic_ros2/config/msc/res/asr/GrmBuilld/temp/uikawbda.d
[1.005s] -- Up-to-date: /home/tang/voice/ws_voice/install/wheeltec_mic_ros2/share/wheeltec_mic_ros2/config/msc/res/asr/GrmBuilld/temp/rlieaaaa.d
[1.005s] -- Up-to-date: /home/tang/voice/ws_voice/install/wheeltec_mic_ros2/share/wheeltec_mic_ros2/config/msc/res/asr/GrmBuilld/temp/mcaudaaa.d
[1.005s] -- Up-to-date: /home/tang/voice/ws_voice/install/wheeltec_mic_ros2/share/wheeltec_mic_ros2/config/msc/res/asr/GrmBuilld/temp/gcoeaaaa.d
[1.005s] -- Up-to-date: /home/tang/voice/ws_voice/install/wheeltec_mic_ros2/share/wheeltec_mic_ros2/config/msc/res/asr/GrmBuilld/temp/commit
[1.005s] -- Up-to-date: /home/tang/voice/ws_voice/install/wheeltec_mic_ros2/share/wheeltec_mic_ros2/config/msc/res/asr/GrmBuilld/temp/whsnkqba.d
[1.006s] -- Up-to-date: /home/tang/voice/ws_voice/install/wheeltec_mic_ros2/share/wheeltec_mic_ros2/config/msc/res/asr/GrmBuilld/temp/arlfaaaa.d
[1.006s] -- Up-to-date: /home/tang/voice/ws_voice/install/wheeltec_mic_ros2/share/wheeltec_mic_ros2/config/msc/res/asr/GrmBuilld/temp/sqieaaaa.d
[1.006s] -- Up-to-date: /home/tang/voice/ws_voice/install/wheeltec_mic_ros2/share/wheeltec_mic_ros2/config/msc/res/asr/GrmBuilld/temp/rbswtvaa.d
[1.006s] -- Up-to-date: /home/tang/voice/ws_voice/install/wheeltec_mic_ros2/share/wheeltec_mic_ros2/config/msc/res/asr/GrmBuilld/temp/mmheaaaa.d
[1.006s] -- Up-to-date: /home/tang/voice/ws_voice/install/wheeltec_mic_ros2/share/wheeltec_mic_ros2/config/msc/res/asr/GrmBuilld/temp/call.g
[1.006s] -- Up-to-date: /home/tang/voice/ws_voice/install/wheeltec_mic_ros2/share/wheeltec_mic_ros2/config/msc/res/asr/GrmBuilld/temp/kcheaaaa.d
[1.006s] -- Up-to-date: /home/tang/voice/ws_voice/install/wheeltec_mic_ros2/share/wheeltec_mic_ros2/config/msc/res/asr/GrmBuilld/temp/imqhxtba.d
[1.006s] -- Up-to-date: /home/tang/voice/ws_voice/install/wheeltec_mic_ros2/share/wheeltec_mic_ros2/config/msc/res/asr/GrmBuilld/temp/ddykzcaa.d
[1.006s] -- Up-to-date: /home/tang/voice/ws_voice/install/wheeltec_mic_ros2/share/wheeltec_mic_ros2/config/msc/res/asr/GrmBuilld/temp/zwwzwvaa.d
[1.006s] -- Up-to-date: /home/tang/voice/ws_voice/install/wheeltec_mic_ros2/share/wheeltec_mic_ros2/config/msc/res/asr/GrmBuilld/temp/deofaaaa.d
[1.006s] -- Up-to-date: /home/tang/voice/ws_voice/install/wheeltec_mic_ros2/share/wheeltec_mic_ros2/config/msc/res/asr/GrmBuilld/temp/call_16K
[1.006s] -- Up-to-date: /home/tang/voice/ws_voice/install/wheeltec_mic_ros2/share/wheeltec_mic_ros2/config/msc/res/asr/GrmBuilld/whsnkqba.d
[1.006s] -- Up-to-date: /home/tang/voice/ws_voice/install/wheeltec_mic_ros2/share/wheeltec_mic_ros2/config/msc/res/asr/GrmBuilld/arlfaaaa.d
[1.006s] -- Up-to-date: /home/tang/voice/ws_voice/install/wheeltec_mic_ros2/share/wheeltec_mic_ros2/config/msc/res/asr/GrmBuilld/sqieaaaa.d
[1.006s] -- Up-to-date: /home/tang/voice/ws_voice/install/wheeltec_mic_ros2/share/wheeltec_mic_ros2/config/msc/res/asr/GrmBuilld/rbswtvaa.d
[1.006s] -- Up-to-date: /home/tang/voice/ws_voice/install/wheeltec_mic_ros2/share/wheeltec_mic_ros2/config/msc/res/asr/GrmBuilld/mmheaaaa.d
[1.006s] -- Up-to-date: /home/tang/voice/ws_voice/install/wheeltec_mic_ros2/share/wheeltec_mic_ros2/config/msc/res/asr/GrmBuilld/call.g
[1.006s] -- Up-to-date: /home/tang/voice/ws_voice/install/wheeltec_mic_ros2/share/wheeltec_mic_ros2/config/msc/res/asr/GrmBuilld/kcheaaaa.d
[1.006s] -- Up-to-date: /home/tang/voice/ws_voice/install/wheeltec_mic_ros2/share/wheeltec_mic_ros2/config/msc/res/asr/GrmBuilld/imqhxtba.d
[1.006s] -- Up-to-date: /home/tang/voice/ws_voice/install/wheeltec_mic_ros2/share/wheeltec_mic_ros2/config/msc/res/asr/GrmBuilld/ddykzcaa.d
[1.006s] -- Up-to-date: /home/tang/voice/ws_voice/install/wheeltec_mic_ros2/share/wheeltec_mic_ros2/config/msc/res/asr/GrmBuilld/zwwzwvaa.d
[1.006s] -- Up-to-date: /home/tang/voice/ws_voice/install/wheeltec_mic_ros2/share/wheeltec_mic_ros2/config/msc/res/asr/GrmBuilld/deofaaaa.d
[1.006s] -- Up-to-date: /home/tang/voice/ws_voice/install/wheeltec_mic_ros2/share/wheeltec_mic_ros2/config/msc/res/asr/GrmBuilld/call_16K
[1.006s] -- Up-to-date: /home/tang/voice/ws_voice/install/wheeltec_mic_ros2/share/wheeltec_mic_ros2/config/msc/msc.cfg
[1.006s] -- Up-to-date: /home/tang/voice/ws_voice/install/wheeltec_mic_ros2/share/wheeltec_mic_ros2/config/msc/waiter.log
[1.006s] -- Up-to-date: /home/tang/voice/ws_voice/install/wheeltec_mic_ros2/share/wheeltec_mic_ros2/config/msc/isr.log
[1.006s] -- Up-to-date: /home/tang/voice/ws_voice/install/wheeltec_mic_ros2/share/wheeltec_mic_ros2/config/msc/lgi.log
[1.006s] -- Up-to-date: /home/tang/voice/ws_voice/install/wheeltec_mic_ros2/share/wheeltec_mic_ros2/config/msc/grm_lex.log
[1.006s] -- Up-to-date: /home/tang/voice/ws_voice/install/wheeltec_mic_ros2/share/wheeltec_mic_ros2/config/msc/isr_local.log
[1.006s] -- Up-to-date: /home/tang/voice/ws_voice/install/wheeltec_mic_ros2/share/wheeltec_mic_ros2/config/call.bnf
[1.006s] -- Up-to-date: /home/tang/voice/ws_voice/install/wheeltec_mic_ros2/share/wheeltec_mic_ros2/config/recognition_params.yaml
[1.006s] -- Up-to-date: /home/tang/voice/ws_voice/install/wheeltec_mic_ros2/share/wheeltec_mic_ros2/feedback_voice
[1.006s] -- Up-to-date: /home/tang/voice/ws_voice/install/wheeltec_mic_ros2/share/wheeltec_mic_ros2/feedback_voice/voice_control.wav
[1.006s] -- Up-to-date: /home/tang/voice/ws_voice/install/wheeltec_mic_ros2/share/wheeltec_mic_ros2/feedback_voice/navigation_close.wav
[1.006s] -- Up-to-date: /home/tang/voice/ws_voice/install/wheeltec_mic_ros2/share/wheeltec_mic_ros2/feedback_voice/line_open.wav
[1.006s] -- Up-to-date: /home/tang/voice/ws_voice/install/wheeltec_mic_ros2/share/wheeltec_mic_ros2/feedback_voice/3d_mapping_close.wav
[1.006s] -- Up-to-date: /home/tang/voice/ws_voice/install/wheeltec_mic_ros2/share/wheeltec_mic_ros2/feedback_voice/line_close.wav
[1.006s] -- Up-to-date: /home/tang/voice/ws_voice/install/wheeltec_mic_ros2/share/wheeltec_mic_ros2/feedback_voice/stop.wav
[1.006s] -- Up-to-date: /home/tang/voice/ws_voice/install/wheeltec_mic_ros2/share/wheeltec_mic_ros2/feedback_voice/rrt_open.wav
[1.006s] -- Up-to-date: /home/tang/voice/ws_voice/install/wheeltec_mic_ros2/share/wheeltec_mic_ros2/feedback_voice/pure3d_navigation_close.wav
[1.006s] -- Up-to-date: /home/tang/voice/ws_voice/install/wheeltec_mic_ros2/share/wheeltec_mic_ros2/feedback_voice/2d_mapping_close.wav
[1.006s] -- Up-to-date: /home/tang/voice/ws_voice/install/wheeltec_mic_ros2/share/wheeltec_mic_ros2/feedback_voice/find.wav
[1.006s] -- Up-to-date: /home/tang/voice/ws_voice/install/wheeltec_mic_ros2/share/wheeltec_mic_ros2/feedback_voice/visual_open.wav
[1.006s] -- Up-to-date: /home/tang/voice/ws_voice/install/wheeltec_mic_ros2/share/wheeltec_mic_ros2/feedback_voice/sleep.wav
[1.006s] -- Up-to-date: /home/tang/voice/ws_voice/install/wheeltec_mic_ros2/share/wheeltec_mic_ros2/feedback_voice/car_front.wav
[1.006s] -- Up-to-date: /home/tang/voice/ws_voice/install/wheeltec_mic_ros2/share/wheeltec_mic_ros2/feedback_voice/2d_mapping.wav
[1.006s] -- Up-to-date: /home/tang/voice/ws_voice/install/wheeltec_mic_ros2/share/wheeltec_mic_ros2/feedback_voice/2d_navigation_close.wav
[1.007s] -- Up-to-date: /home/tang/voice/ws_voice/install/wheeltec_mic_ros2/share/wheeltec_mic_ros2/feedback_voice/OK.wav
[1.007s] -- Up-to-date: /home/tang/voice/ws_voice/install/wheeltec_mic_ros2/share/wheeltec_mic_ros2/feedback_voice/rrt_close.wav
[1.007s] -- Up-to-date: /home/tang/voice/ws_voice/install/wheeltec_mic_ros2/share/wheeltec_mic_ros2/feedback_voice/pure3d_navigation_open.wav
[1.007s] -- Up-to-date: /home/tang/voice/ws_voice/install/wheeltec_mic_ros2/share/wheeltec_mic_ros2/feedback_voice/turn_right.wav
[1.007s] -- Up-to-date: /home/tang/voice/ws_voice/install/wheeltec_mic_ros2/share/wheeltec_mic_ros2/feedback_voice/awake.wav
[1.007s] -- Up-to-date: /home/tang/voice/ws_voice/install/wheeltec_mic_ros2/share/wheeltec_mic_ros2/feedback_voice/2d_navigation.wav
[1.007s] -- Up-to-date: /home/tang/voice/ws_voice/install/wheeltec_mic_ros2/share/wheeltec_mic_ros2/feedback_voice/3d_navigation_open.wav
[1.007s] -- Up-to-date: /home/tang/voice/ws_voice/install/wheeltec_mic_ros2/share/wheeltec_mic_ros2/feedback_voice/web_close.wav
[1.007s] -- Up-to-date: /home/tang/voice/ws_voice/install/wheeltec_mic_ros2/share/wheeltec_mic_ros2/feedback_voice/web_open.wav
[1.007s] -- Up-to-date: /home/tang/voice/ws_voice/install/wheeltec_mic_ros2/share/wheeltec_mic_ros2/feedback_voice/rplidar_close.wav
[1.007s] -- Up-to-date: /home/tang/voice/ws_voice/install/wheeltec_mic_ros2/share/wheeltec_mic_ros2/feedback_voice/close_node.wav
[1.007s] -- Up-to-date: /home/tang/voice/ws_voice/install/wheeltec_mic_ros2/share/wheeltec_mic_ros2/feedback_voice/classify_close.wav
[1.007s] -- Up-to-date: /home/tang/voice/ws_voice/install/wheeltec_mic_ros2/share/wheeltec_mic_ros2/feedback_voice/car_back.wav
[1.007s] -- Up-to-date: /home/tang/voice/ws_voice/install/wheeltec_mic_ros2/share/wheeltec_mic_ros2/feedback_voice/Tracker.wav
[1.007s] -- Up-to-date: /home/tang/voice/ws_voice/install/wheeltec_mic_ros2/share/wheeltec_mic_ros2/feedback_voice/3d_navigation_close.wav
[1.007s] -- Up-to-date: /home/tang/voice/ws_voice/install/wheeltec_mic_ros2/share/wheeltec_mic_ros2/feedback_voice/classify_open.wav
[1.007s] -- Up-to-date: /home/tang/voice/ws_voice/install/wheeltec_mic_ros2/share/wheeltec_mic_ros2/feedback_voice/reach_goal.wav
[1.007s] -- Up-to-date: /home/tang/voice/ws_voice/install/wheeltec_mic_ros2/share/wheeltec_mic_ros2/feedback_voice/kcf_open.wav
[1.007s] -- Up-to-date: /home/tang/voice/ws_voice/install/wheeltec_mic_ros2/share/wheeltec_mic_ros2/feedback_voice/turn_left.wav
[1.007s] -- Up-to-date: /home/tang/voice/ws_voice/install/wheeltec_mic_ros2/share/wheeltec_mic_ros2/feedback_voice/search_voice.wav
[1.007s] -- Up-to-date: /home/tang/voice/ws_voice/install/wheeltec_mic_ros2/share/wheeltec_mic_ros2/feedback_voice/open_node.wav
[1.007s] -- Up-to-date: /home/tang/voice/ws_voice/install/wheeltec_mic_ros2/share/wheeltec_mic_ros2/feedback_voice/overmap.wav
[1.007s] -- Up-to-date: /home/tang/voice/ws_voice/install/wheeltec_mic_ros2/share/wheeltec_mic_ros2/feedback_voice/pure3d_mapping_close.wav
[1.007s] -- Up-to-date: /home/tang/voice/ws_voice/install/wheeltec_mic_ros2/share/wheeltec_mic_ros2/feedback_voice/AR_open.wav
[1.007s] -- Up-to-date: /home/tang/voice/ws_voice/install/wheeltec_mic_ros2/share/wheeltec_mic_ros2/feedback_voice/visual_close.wav
[1.007s] -- Up-to-date: /home/tang/voice/ws_voice/install/wheeltec_mic_ros2/share/wheeltec_mic_ros2/feedback_voice/AR_close.wav
[1.007s] -- Up-to-date: /home/tang/voice/ws_voice/install/wheeltec_mic_ros2/share/wheeltec_mic_ros2/feedback_voice/3d_mapping_open.wav
[1.007s] -- Up-to-date: /home/tang/voice/ws_voice/install/wheeltec_mic_ros2/share/wheeltec_mic_ros2/feedback_voice/pure3d_mapping_open.wav
[1.007s] -- Up-to-date: /home/tang/voice/ws_voice/install/wheeltec_mic_ros2/share/wheeltec_mic_ros2/feedback_voice/kcf_close.wav
[1.007s] -- Up-to-date: /home/tang/voice/ws_voice/install/wheeltec_mic_ros2/share/wheeltec_mic_ros2/feedback_voice/rplidar_open.wav
[1.007s] -- Execute custom install script
[1.007s] -- Symlinking: /home/tang/voice/ws_voice/install/wheeltec_mic_ros2/lib/wheeltec_mic_ros2/call_recognition
[1.010s] -- Up-to-date symlink: /home/tang/voice/ws_voice/install/wheeltec_mic_ros2/lib/wheeltec_mic_ros2/call_recognition
[1.010s] -- Symlinking: /home/tang/voice/ws_voice/install/wheeltec_mic_ros2/lib/wheeltec_mic_ros2/command_recognition
[1.015s] -- Up-to-date symlink: /home/tang/voice/ws_voice/install/wheeltec_mic_ros2/lib/wheeltec_mic_ros2/command_recognition
[1.015s] -- Symlinking: /home/tang/voice/ws_voice/install/wheeltec_mic_ros2/lib/wheeltec_mic_ros2/node_feedback
[1.022s] -- Up-to-date symlink: /home/tang/voice/ws_voice/install/wheeltec_mic_ros2/lib/wheeltec_mic_ros2/node_feedback
[1.022s] -- Symlinking: /home/tang/voice/ws_voice/install/wheeltec_mic_ros2/lib/wheeltec_mic_ros2/wheeltec_mic
[1.028s] -- Up-to-date symlink: /home/tang/voice/ws_voice/install/wheeltec_mic_ros2/lib/wheeltec_mic_ros2/wheeltec_mic
[1.028s] -- Symlinking: /home/tang/voice/ws_voice/install/wheeltec_mic_ros2/lib/wheeltec_mic_ros2/voice_control
[1.036s] -- Up-to-date symlink: /home/tang/voice/ws_voice/install/wheeltec_mic_ros2/lib/wheeltec_mic_ros2/voice_control
[1.037s] -- Symlinking: /home/tang/voice/ws_voice/install/wheeltec_mic_ros2/share/ament_index/resource_index/package_run_dependencies/wheeltec_mic_ros2
[1.043s] -- Symlinking: /home/tang/voice/ws_voice/install/wheeltec_mic_ros2/share/ament_index/resource_index/parent_prefix_path/wheeltec_mic_ros2
[1.052s] -- Symlinking: /home/tang/voice/ws_voice/install/wheeltec_mic_ros2/share/wheeltec_mic_ros2/environment/ament_prefix_path.sh
[1.058s] -- Symlinking: /home/tang/voice/ws_voice/install/wheeltec_mic_ros2/share/wheeltec_mic_ros2/environment/ament_prefix_path.dsv
[1.065s] -- Symlinking: /home/tang/voice/ws_voice/install/wheeltec_mic_ros2/share/wheeltec_mic_ros2/environment/path.sh
[1.075s] -- Symlinking: /home/tang/voice/ws_voice/install/wheeltec_mic_ros2/share/wheeltec_mic_ros2/environment/path.dsv
[1.082s] -- Symlinking: /home/tang/voice/ws_voice/install/wheeltec_mic_ros2/share/wheeltec_mic_ros2/local_setup.bash
[1.088s] -- Symlinking: /home/tang/voice/ws_voice/install/wheeltec_mic_ros2/share/wheeltec_mic_ros2/local_setup.sh
[1.094s] -- Symlinking: /home/tang/voice/ws_voice/install/wheeltec_mic_ros2/share/wheeltec_mic_ros2/local_setup.zsh
[1.099s] -- Symlinking: /home/tang/voice/ws_voice/install/wheeltec_mic_ros2/share/wheeltec_mic_ros2/local_setup.dsv
[1.104s] -- Symlinking: /home/tang/voice/ws_voice/install/wheeltec_mic_ros2/share/wheeltec_mic_ros2/package.dsv
[1.108s] -- Symlinking: /home/tang/voice/ws_voice/install/wheeltec_mic_ros2/share/ament_index/resource_index/packages/wheeltec_mic_ros2
[1.114s] -- Symlinking: /home/tang/voice/ws_voice/install/wheeltec_mic_ros2/share/wheeltec_mic_ros2/cmake/wheeltec_mic_ros2Config.cmake
[1.120s] -- Symlinking: /home/tang/voice/ws_voice/install/wheeltec_mic_ros2/share/wheeltec_mic_ros2/cmake/wheeltec_mic_ros2Config-version.cmake
[1.125s] -- Symlinking: /home/tang/voice/ws_voice/install/wheeltec_mic_ros2/share/wheeltec_mic_ros2/package.xml
[1.133s] Invoked command in '/home/tang/voice/ws_voice/build/wheeltec_mic_ros2' returned '0': CMAKE_PREFIX_PATH=/home/tang/voice/ws_voice/install/wheeltec_mic_msg:/home/tang/voice/ws_voice/install/wheeltec_mic_ros2:/home/tang/voice/ws_voice/install/voice_pkg:/home/tang/voice/ws_voice/install/serial:/opt/bxi/bxi_ros2_pkg:/opt/ros/humble LD_LIBRARY_PATH=/home/tang/voice/ws_voice/install/wheeltec_mic_msg/lib:/home/tang/voice/ws_voice/install/serial/lib:/usr/local/lib:/usr/local/cuda-12.4/lib64:/usr/lib/x86_64-linux-gnu:/usr/local/lib:/usr/local/cuda-12.4/lib64:/opt/bxi/bxi_ros2_pkg/lib:/opt/ros/humble/opt/rviz_ogre_vendor/lib:/opt/ros/humble/lib/x86_64-linux-gnu:/opt/ros/humble/lib:/usr/lib/x86_64-linux-gnu:/home/.mujoco/mujoco-3.3.3-linux-x86_64/mujoco-3.3.3/bin:/home/tang/.mujoco/mujoco336/mujoco-3.3.6bin:/home/.mujoco/mujoco-3.3.3-linux-x86_64/mujoco-3.3.3/bin:/home/tang/.mujoco/mujoco336/mujoco-3.3.6bin /usr/bin/cmake --install /home/tang/voice/ws_voice/build/wheeltec_mic_ros2
