[0.008s] Invoking command in '/home/tang/voice/ws_voice/build/wheeltec_mic_ros2': AMENT_PREFIX_PATH=/home/tang/voice/ws_voice/install/wheeltec_mic_msg:${AMENT_PREFIX_PATH} CMAKE_PREFIX_PATH=/home/tang/voice/ws_voice/install/wheeltec_mic_msg:/opt/bxi/bxi_ros2_pkg:/opt/ros/humble LD_LIBRARY_PATH=/home/tang/voice/ws_voice/install/wheeltec_mic_msg/lib:/usr/local/lib:/usr/local/cuda-12.4/lib64:/opt/bxi/bxi_ros2_pkg/lib:/opt/ros/humble/opt/rviz_ogre_vendor/lib:/opt/ros/humble/lib/x86_64-linux-gnu:/opt/ros/humble/lib:/usr/lib/x86_64-linux-gnu:/home/.mujoco/mujoco-3.3.3-linux-x86_64/mujoco-3.3.3/bin:/home/tang/.mujoco/mujoco336/mujoco-3.3.6bin PYTHONPATH=/home/tang/voice/ws_voice/install/wheeltec_mic_msg/local/lib/python3.10/dist-packages:${PYTHONPATH} /usr/bin/cmake --build /home/tang/voice/ws_voice/build/wheeltec_mic_ros2 -- -j16 -l16
[0.025s] -- Found ament_cmake: 1.3.12 (/opt/ros/humble/share/ament_cmake/cmake)
[0.105s] -- Override CMake install command with custom implementation using symlinks instead of copying resources
[0.109s] -- Found rosidl_default_generators: 1.2.0 (/opt/ros/humble/share/rosidl_default_generators/cmake)
[0.110s] -- Using all available rosidl_typesupport_c: rosidl_typesupport_fastrtps_c;rosidl_typesupport_introspection_c
[0.111s] -- Found rosidl_adapter: 3.1.7 (/opt/ros/humble/share/rosidl_adapter/cmake)
[0.128s] -- Using all available rosidl_typesupport_cpp: rosidl_typesupport_fastrtps_cpp;rosidl_typesupport_introspection_cpp
[0.141s] -- Found rclcpp: 16.0.15 (/opt/ros/humble/share/rclcpp/cmake)
[0.160s] -- Found rmw_implementation_cmake: 6.1.2 (/opt/ros/humble/share/rmw_implementation_cmake/cmake)
[0.161s] -- Found rmw_cyclonedds_cpp: 1.3.4 (/opt/ros/humble/share/rmw_cyclonedds_cpp/cmake)
[0.171s] -- Using RMW implementation 'rmw_cyclonedds_cpp' as default
[0.196s] -- Found serial: 1.2.1 (/home/tang/voice/ws_voice/install/serial/share/serial/cmake)
[0.197s] -- Found wheeltec_mic_msg: 0.0.0 (/home/tang/voice/ws_voice/install/wheeltec_mic_msg/share/wheeltec_mic_msg/cmake)
[0.203s] -- Found ament_lint_auto: 0.12.14 (/opt/ros/humble/share/ament_lint_auto/cmake)
[0.249s] -- Added test 'copyright' to check source files copyright and LICENSE
[0.251s] -- Added test 'cppcheck' to perform static code analysis on C / C++ code
[0.252s] -- Configured cppcheck include dirs: /home/tang/voice/ws_voice/src/wheeltec_mic/wheeltec_mic_ros2/include
[0.252s] -- Configured cppcheck exclude dirs and/or files: 
[0.254s] -- Added test 'cpplint' to check C / C++ code against the Google style
[0.254s] -- Configured cpplint exclude dirs and/or files: 
[0.254s] -- Added test 'flake8' to check Python code syntax and style conventions
[0.255s] -- Added test 'lint_cmake' to check CMake code style
[0.255s] -- Added test 'pep257' to check Python code against some of the docstring style conventions in PEP 257
[0.257s] -- Added test 'uncrustify' to check C / C++ code style
[0.257s] -- Configured uncrustify additional arguments: 
[0.257s] -- Added test 'xmllint' to check XML markup files
[0.258s] -- Configuring done
[0.269s] -- Generating done
[0.274s] -- Build files have been written to: /home/tang/voice/ws_voice/build/wheeltec_mic_ros2
[0.296s] Consolidate compiler generated dependencies of target call_recognition
[0.296s] Consolidate compiler generated dependencies of target node_feedback
[0.296s] Consolidate compiler generated dependencies of target voice_control
[0.297s] Consolidate compiler generated dependencies of target wheeltec_mic
[0.298s] Consolidate compiler generated dependencies of target command_recognition
[0.305s] [ 54%] Built target node_feedback
[0.305s] [ 54%] Built target call_recognition
[0.305s] [ 54%] Built target voice_control
[0.306s] [ 63%] Linking CXX executable wheeltec_mic
[0.308s] [ 81%] Built target command_recognition
[0.492s] [100%] Built target wheeltec_mic
[0.507s] Invoked command in '/home/tang/voice/ws_voice/build/wheeltec_mic_ros2' returned '0': AMENT_PREFIX_PATH=/home/tang/voice/ws_voice/install/wheeltec_mic_msg:${AMENT_PREFIX_PATH} CMAKE_PREFIX_PATH=/home/tang/voice/ws_voice/install/wheeltec_mic_msg:/opt/bxi/bxi_ros2_pkg:/opt/ros/humble LD_LIBRARY_PATH=/home/tang/voice/ws_voice/install/wheeltec_mic_msg/lib:/usr/local/lib:/usr/local/cuda-12.4/lib64:/opt/bxi/bxi_ros2_pkg/lib:/opt/ros/humble/opt/rviz_ogre_vendor/lib:/opt/ros/humble/lib/x86_64-linux-gnu:/opt/ros/humble/lib:/usr/lib/x86_64-linux-gnu:/home/.mujoco/mujoco-3.3.3-linux-x86_64/mujoco-3.3.3/bin:/home/tang/.mujoco/mujoco336/mujoco-3.3.6bin PYTHONPATH=/home/tang/voice/ws_voice/install/wheeltec_mic_msg/local/lib/python3.10/dist-packages:${PYTHONPATH} /usr/bin/cmake --build /home/tang/voice/ws_voice/build/wheeltec_mic_ros2 -- -j16 -l16
[0.513s] Invoking command in '/home/tang/voice/ws_voice/build/wheeltec_mic_ros2': AMENT_PREFIX_PATH=/home/tang/voice/ws_voice/install/wheeltec_mic_msg:${AMENT_PREFIX_PATH} CMAKE_PREFIX_PATH=/home/tang/voice/ws_voice/install/wheeltec_mic_msg:/opt/bxi/bxi_ros2_pkg:/opt/ros/humble LD_LIBRARY_PATH=/home/tang/voice/ws_voice/install/wheeltec_mic_msg/lib:/usr/local/lib:/usr/local/cuda-12.4/lib64:/opt/bxi/bxi_ros2_pkg/lib:/opt/ros/humble/opt/rviz_ogre_vendor/lib:/opt/ros/humble/lib/x86_64-linux-gnu:/opt/ros/humble/lib:/usr/lib/x86_64-linux-gnu:/home/.mujoco/mujoco-3.3.3-linux-x86_64/mujoco-3.3.3/bin:/home/tang/.mujoco/mujoco336/mujoco-3.3.6bin PYTHONPATH=/home/tang/voice/ws_voice/install/wheeltec_mic_msg/local/lib/python3.10/dist-packages:${PYTHONPATH} /usr/bin/cmake --install /home/tang/voice/ws_voice/build/wheeltec_mic_ros2
[0.520s] -- Install configuration: ""
[0.520s] -- Up-to-date: /home/tang/voice/ws_voice/install/wheeltec_mic_ros2/share/wheeltec_mic_ros2/launch
[0.520s] -- Installing: /home/tang/voice/ws_voice/install/wheeltec_mic_ros2/share/wheeltec_mic_ros2/launch/mic_init.launch.py
[0.520s] -- Up-to-date: /home/tang/voice/ws_voice/install/wheeltec_mic_ros2/share/wheeltec_mic_ros2/launch/base.launch.py
[0.520s] -- Up-to-date: /home/tang/voice/ws_voice/install/wheeltec_mic_ros2/share/wheeltec_mic_ros2/config
[0.520s] -- Up-to-date: /home/tang/voice/ws_voice/install/wheeltec_mic_ros2/share/wheeltec_mic_ros2/config/msc
[0.520s] -- Up-to-date: /home/tang/voice/ws_voice/install/wheeltec_mic_ros2/share/wheeltec_mic_ros2/config/msc/msc.log
[0.520s] -- Up-to-date: /home/tang/voice/ws_voice/install/wheeltec_mic_ros2/share/wheeltec_mic_ros2/config/msc/res
[0.520s] -- Up-to-date: /home/tang/voice/ws_voice/install/wheeltec_mic_ros2/share/wheeltec_mic_ros2/config/msc/res/asr
[0.520s] -- Up-to-date: /home/tang/voice/ws_voice/install/wheeltec_mic_ros2/share/wheeltec_mic_ros2/config/msc/res/asr/common.jet
[0.520s] -- Up-to-date: /home/tang/voice/ws_voice/install/wheeltec_mic_ros2/share/wheeltec_mic_ros2/config/msc/res/asr/GrmBuilld
[0.520s] -- Up-to-date: /home/tang/voice/ws_voice/install/wheeltec_mic_ros2/share/wheeltec_mic_ros2/config/msc/res/asr/GrmBuilld/lhheaaaa.d
[0.520s] -- Up-to-date: /home/tang/voice/ws_voice/install/wheeltec_mic_ros2/share/wheeltec_mic_ros2/config/msc/res/asr/GrmBuilld/azcfaaaa.d
[0.521s] -- Up-to-date: /home/tang/voice/ws_voice/install/wheeltec_mic_ros2/share/wheeltec_mic_ros2/config/msc/res/asr/GrmBuilld/bzvskdaa.d
[0.521s] -- Up-to-date: /home/tang/voice/ws_voice/install/wheeltec_mic_ros2/share/wheeltec_mic_ros2/config/msc/res/asr/GrmBuilld/zhdfaaaa.d
[0.521s] -- Up-to-date: /home/tang/voice/ws_voice/install/wheeltec_mic_ros2/share/wheeltec_mic_ros2/config/msc/res/asr/GrmBuilld/rtpyyuba.d
[0.521s] -- Up-to-date: /home/tang/voice/ws_voice/install/wheeltec_mic_ros2/share/wheeltec_mic_ros2/config/msc/res/asr/GrmBuilld/qgieaaaa.d
[0.521s] -- Up-to-date: /home/tang/voice/ws_voice/install/wheeltec_mic_ros2/share/wheeltec_mic_ros2/config/msc/res/asr/GrmBuilld/fyrdwpaa.d
[0.521s] -- Up-to-date: /home/tang/voice/ws_voice/install/wheeltec_mic_ros2/share/wheeltec_mic_ros2/config/msc/res/asr/GrmBuilld/uikawbda.d
[0.521s] -- Up-to-date: /home/tang/voice/ws_voice/install/wheeltec_mic_ros2/share/wheeltec_mic_ros2/config/msc/res/asr/GrmBuilld/rlieaaaa.d
[0.521s] -- Up-to-date: /home/tang/voice/ws_voice/install/wheeltec_mic_ros2/share/wheeltec_mic_ros2/config/msc/res/asr/GrmBuilld/mcaudaaa.d
[0.521s] -- Up-to-date: /home/tang/voice/ws_voice/install/wheeltec_mic_ros2/share/wheeltec_mic_ros2/config/msc/res/asr/GrmBuilld/gcoeaaaa.d
[0.522s] -- Up-to-date: /home/tang/voice/ws_voice/install/wheeltec_mic_ros2/share/wheeltec_mic_ros2/config/msc/res/asr/GrmBuilld/temp
[0.522s] -- Up-to-date: /home/tang/voice/ws_voice/install/wheeltec_mic_ros2/share/wheeltec_mic_ros2/config/msc/res/asr/GrmBuilld/temp/lhheaaaa.d
[0.522s] -- Up-to-date: /home/tang/voice/ws_voice/install/wheeltec_mic_ros2/share/wheeltec_mic_ros2/config/msc/res/asr/GrmBuilld/temp/azcfaaaa.d
[0.522s] -- Up-to-date: /home/tang/voice/ws_voice/install/wheeltec_mic_ros2/share/wheeltec_mic_ros2/config/msc/res/asr/GrmBuilld/temp/bzvskdaa.d
[0.522s] -- Up-to-date: /home/tang/voice/ws_voice/install/wheeltec_mic_ros2/share/wheeltec_mic_ros2/config/msc/res/asr/GrmBuilld/temp/zhdfaaaa.d
[0.522s] -- Up-to-date: /home/tang/voice/ws_voice/install/wheeltec_mic_ros2/share/wheeltec_mic_ros2/config/msc/res/asr/GrmBuilld/temp/rtpyyuba.d
[0.522s] -- Up-to-date: /home/tang/voice/ws_voice/install/wheeltec_mic_ros2/share/wheeltec_mic_ros2/config/msc/res/asr/GrmBuilld/temp/qgieaaaa.d
[0.522s] -- Up-to-date: /home/tang/voice/ws_voice/install/wheeltec_mic_ros2/share/wheeltec_mic_ros2/config/msc/res/asr/GrmBuilld/temp/fyrdwpaa.d
[0.522s] -- Up-to-date: /home/tang/voice/ws_voice/install/wheeltec_mic_ros2/share/wheeltec_mic_ros2/config/msc/res/asr/GrmBuilld/temp/uikawbda.d
[0.522s] -- Up-to-date: /home/tang/voice/ws_voice/install/wheeltec_mic_ros2/share/wheeltec_mic_ros2/config/msc/res/asr/GrmBuilld/temp/rlieaaaa.d
[0.522s] -- Up-to-date: /home/tang/voice/ws_voice/install/wheeltec_mic_ros2/share/wheeltec_mic_ros2/config/msc/res/asr/GrmBuilld/temp/mcaudaaa.d
[0.522s] -- Up-to-date: /home/tang/voice/ws_voice/install/wheeltec_mic_ros2/share/wheeltec_mic_ros2/config/msc/res/asr/GrmBuilld/temp/gcoeaaaa.d
[0.522s] -- Up-to-date: /home/tang/voice/ws_voice/install/wheeltec_mic_ros2/share/wheeltec_mic_ros2/config/msc/res/asr/GrmBuilld/temp/commit
[0.522s] -- Up-to-date: /home/tang/voice/ws_voice/install/wheeltec_mic_ros2/share/wheeltec_mic_ros2/config/msc/res/asr/GrmBuilld/temp/whsnkqba.d
[0.522s] -- Up-to-date: /home/tang/voice/ws_voice/install/wheeltec_mic_ros2/share/wheeltec_mic_ros2/config/msc/res/asr/GrmBuilld/temp/arlfaaaa.d
[0.522s] -- Up-to-date: /home/tang/voice/ws_voice/install/wheeltec_mic_ros2/share/wheeltec_mic_ros2/config/msc/res/asr/GrmBuilld/temp/sqieaaaa.d
[0.522s] -- Up-to-date: /home/tang/voice/ws_voice/install/wheeltec_mic_ros2/share/wheeltec_mic_ros2/config/msc/res/asr/GrmBuilld/temp/rbswtvaa.d
[0.522s] -- Up-to-date: /home/tang/voice/ws_voice/install/wheeltec_mic_ros2/share/wheeltec_mic_ros2/config/msc/res/asr/GrmBuilld/temp/mmheaaaa.d
[0.522s] -- Up-to-date: /home/tang/voice/ws_voice/install/wheeltec_mic_ros2/share/wheeltec_mic_ros2/config/msc/res/asr/GrmBuilld/temp/call.g
[0.522s] -- Up-to-date: /home/tang/voice/ws_voice/install/wheeltec_mic_ros2/share/wheeltec_mic_ros2/config/msc/res/asr/GrmBuilld/temp/kcheaaaa.d
[0.522s] -- Up-to-date: /home/tang/voice/ws_voice/install/wheeltec_mic_ros2/share/wheeltec_mic_ros2/config/msc/res/asr/GrmBuilld/temp/imqhxtba.d
[0.522s] -- Up-to-date: /home/tang/voice/ws_voice/install/wheeltec_mic_ros2/share/wheeltec_mic_ros2/config/msc/res/asr/GrmBuilld/temp/ddykzcaa.d
[0.522s] -- Up-to-date: /home/tang/voice/ws_voice/install/wheeltec_mic_ros2/share/wheeltec_mic_ros2/config/msc/res/asr/GrmBuilld/temp/zwwzwvaa.d
[0.522s] -- Up-to-date: /home/tang/voice/ws_voice/install/wheeltec_mic_ros2/share/wheeltec_mic_ros2/config/msc/res/asr/GrmBuilld/temp/deofaaaa.d
[0.522s] -- Up-to-date: /home/tang/voice/ws_voice/install/wheeltec_mic_ros2/share/wheeltec_mic_ros2/config/msc/res/asr/GrmBuilld/temp/call_16K
[0.522s] -- Up-to-date: /home/tang/voice/ws_voice/install/wheeltec_mic_ros2/share/wheeltec_mic_ros2/config/msc/res/asr/GrmBuilld/whsnkqba.d
[0.522s] -- Up-to-date: /home/tang/voice/ws_voice/install/wheeltec_mic_ros2/share/wheeltec_mic_ros2/config/msc/res/asr/GrmBuilld/arlfaaaa.d
[0.522s] -- Up-to-date: /home/tang/voice/ws_voice/install/wheeltec_mic_ros2/share/wheeltec_mic_ros2/config/msc/res/asr/GrmBuilld/sqieaaaa.d
[0.522s] -- Up-to-date: /home/tang/voice/ws_voice/install/wheeltec_mic_ros2/share/wheeltec_mic_ros2/config/msc/res/asr/GrmBuilld/rbswtvaa.d
[0.522s] -- Up-to-date: /home/tang/voice/ws_voice/install/wheeltec_mic_ros2/share/wheeltec_mic_ros2/config/msc/res/asr/GrmBuilld/mmheaaaa.d
[0.522s] -- Up-to-date: /home/tang/voice/ws_voice/install/wheeltec_mic_ros2/share/wheeltec_mic_ros2/config/msc/res/asr/GrmBuilld/call.g
[0.522s] -- Up-to-date: /home/tang/voice/ws_voice/install/wheeltec_mic_ros2/share/wheeltec_mic_ros2/config/msc/res/asr/GrmBuilld/kcheaaaa.d
[0.522s] -- Up-to-date: /home/tang/voice/ws_voice/install/wheeltec_mic_ros2/share/wheeltec_mic_ros2/config/msc/res/asr/GrmBuilld/imqhxtba.d
[0.522s] -- Up-to-date: /home/tang/voice/ws_voice/install/wheeltec_mic_ros2/share/wheeltec_mic_ros2/config/msc/res/asr/GrmBuilld/ddykzcaa.d
[0.522s] -- Up-to-date: /home/tang/voice/ws_voice/install/wheeltec_mic_ros2/share/wheeltec_mic_ros2/config/msc/res/asr/GrmBuilld/zwwzwvaa.d
[0.522s] -- Up-to-date: /home/tang/voice/ws_voice/install/wheeltec_mic_ros2/share/wheeltec_mic_ros2/config/msc/res/asr/GrmBuilld/deofaaaa.d
[0.522s] -- Up-to-date: /home/tang/voice/ws_voice/install/wheeltec_mic_ros2/share/wheeltec_mic_ros2/config/msc/res/asr/GrmBuilld/call_16K
[0.522s] -- Up-to-date: /home/tang/voice/ws_voice/install/wheeltec_mic_ros2/share/wheeltec_mic_ros2/config/msc/msc.cfg
[0.522s] -- Up-to-date: /home/tang/voice/ws_voice/install/wheeltec_mic_ros2/share/wheeltec_mic_ros2/config/msc/waiter.log
[0.522s] -- Up-to-date: /home/tang/voice/ws_voice/install/wheeltec_mic_ros2/share/wheeltec_mic_ros2/config/msc/isr.log
[0.522s] -- Up-to-date: /home/tang/voice/ws_voice/install/wheeltec_mic_ros2/share/wheeltec_mic_ros2/config/msc/lgi.log
[0.522s] -- Up-to-date: /home/tang/voice/ws_voice/install/wheeltec_mic_ros2/share/wheeltec_mic_ros2/config/msc/grm_lex.log
[0.523s] -- Up-to-date: /home/tang/voice/ws_voice/install/wheeltec_mic_ros2/share/wheeltec_mic_ros2/config/msc/isr_local.log
[0.523s] -- Up-to-date: /home/tang/voice/ws_voice/install/wheeltec_mic_ros2/share/wheeltec_mic_ros2/config/call.bnf
[0.523s] -- Up-to-date: /home/tang/voice/ws_voice/install/wheeltec_mic_ros2/share/wheeltec_mic_ros2/config/recognition_params.yaml
[0.523s] -- Up-to-date: /home/tang/voice/ws_voice/install/wheeltec_mic_ros2/share/wheeltec_mic_ros2/feedback_voice
[0.523s] -- Up-to-date: /home/tang/voice/ws_voice/install/wheeltec_mic_ros2/share/wheeltec_mic_ros2/feedback_voice/voice_control.wav
[0.523s] -- Up-to-date: /home/tang/voice/ws_voice/install/wheeltec_mic_ros2/share/wheeltec_mic_ros2/feedback_voice/navigation_close.wav
[0.523s] -- Up-to-date: /home/tang/voice/ws_voice/install/wheeltec_mic_ros2/share/wheeltec_mic_ros2/feedback_voice/line_open.wav
[0.523s] -- Up-to-date: /home/tang/voice/ws_voice/install/wheeltec_mic_ros2/share/wheeltec_mic_ros2/feedback_voice/3d_mapping_close.wav
[0.523s] -- Up-to-date: /home/tang/voice/ws_voice/install/wheeltec_mic_ros2/share/wheeltec_mic_ros2/feedback_voice/line_close.wav
[0.523s] -- Up-to-date: /home/tang/voice/ws_voice/install/wheeltec_mic_ros2/share/wheeltec_mic_ros2/feedback_voice/stop.wav
[0.523s] -- Up-to-date: /home/tang/voice/ws_voice/install/wheeltec_mic_ros2/share/wheeltec_mic_ros2/feedback_voice/rrt_open.wav
[0.523s] -- Up-to-date: /home/tang/voice/ws_voice/install/wheeltec_mic_ros2/share/wheeltec_mic_ros2/feedback_voice/pure3d_navigation_close.wav
[0.523s] -- Up-to-date: /home/tang/voice/ws_voice/install/wheeltec_mic_ros2/share/wheeltec_mic_ros2/feedback_voice/2d_mapping_close.wav
[0.523s] -- Up-to-date: /home/tang/voice/ws_voice/install/wheeltec_mic_ros2/share/wheeltec_mic_ros2/feedback_voice/find.wav
[0.523s] -- Up-to-date: /home/tang/voice/ws_voice/install/wheeltec_mic_ros2/share/wheeltec_mic_ros2/feedback_voice/visual_open.wav
[0.523s] -- Up-to-date: /home/tang/voice/ws_voice/install/wheeltec_mic_ros2/share/wheeltec_mic_ros2/feedback_voice/sleep.wav
[0.523s] -- Up-to-date: /home/tang/voice/ws_voice/install/wheeltec_mic_ros2/share/wheeltec_mic_ros2/feedback_voice/car_front.wav
[0.523s] -- Up-to-date: /home/tang/voice/ws_voice/install/wheeltec_mic_ros2/share/wheeltec_mic_ros2/feedback_voice/2d_mapping.wav
[0.523s] -- Up-to-date: /home/tang/voice/ws_voice/install/wheeltec_mic_ros2/share/wheeltec_mic_ros2/feedback_voice/2d_navigation_close.wav
[0.523s] -- Up-to-date: /home/tang/voice/ws_voice/install/wheeltec_mic_ros2/share/wheeltec_mic_ros2/feedback_voice/OK.wav
[0.523s] -- Up-to-date: /home/tang/voice/ws_voice/install/wheeltec_mic_ros2/share/wheeltec_mic_ros2/feedback_voice/rrt_close.wav
[0.523s] -- Up-to-date: /home/tang/voice/ws_voice/install/wheeltec_mic_ros2/share/wheeltec_mic_ros2/feedback_voice/pure3d_navigation_open.wav
[0.523s] -- Up-to-date: /home/tang/voice/ws_voice/install/wheeltec_mic_ros2/share/wheeltec_mic_ros2/feedback_voice/turn_right.wav
[0.523s] -- Up-to-date: /home/tang/voice/ws_voice/install/wheeltec_mic_ros2/share/wheeltec_mic_ros2/feedback_voice/awake.wav
[0.523s] -- Up-to-date: /home/tang/voice/ws_voice/install/wheeltec_mic_ros2/share/wheeltec_mic_ros2/feedback_voice/2d_navigation.wav
[0.523s] -- Up-to-date: /home/tang/voice/ws_voice/install/wheeltec_mic_ros2/share/wheeltec_mic_ros2/feedback_voice/3d_navigation_open.wav
[0.523s] -- Up-to-date: /home/tang/voice/ws_voice/install/wheeltec_mic_ros2/share/wheeltec_mic_ros2/feedback_voice/web_close.wav
[0.523s] -- Up-to-date: /home/tang/voice/ws_voice/install/wheeltec_mic_ros2/share/wheeltec_mic_ros2/feedback_voice/web_open.wav
[0.523s] -- Up-to-date: /home/tang/voice/ws_voice/install/wheeltec_mic_ros2/share/wheeltec_mic_ros2/feedback_voice/rplidar_close.wav
[0.523s] -- Up-to-date: /home/tang/voice/ws_voice/install/wheeltec_mic_ros2/share/wheeltec_mic_ros2/feedback_voice/close_node.wav
[0.523s] -- Up-to-date: /home/tang/voice/ws_voice/install/wheeltec_mic_ros2/share/wheeltec_mic_ros2/feedback_voice/classify_close.wav
[0.523s] -- Up-to-date: /home/tang/voice/ws_voice/install/wheeltec_mic_ros2/share/wheeltec_mic_ros2/feedback_voice/car_back.wav
[0.523s] -- Up-to-date: /home/tang/voice/ws_voice/install/wheeltec_mic_ros2/share/wheeltec_mic_ros2/feedback_voice/Tracker.wav
[0.524s] -- Up-to-date: /home/tang/voice/ws_voice/install/wheeltec_mic_ros2/share/wheeltec_mic_ros2/feedback_voice/3d_navigation_close.wav
[0.524s] -- Up-to-date: /home/tang/voice/ws_voice/install/wheeltec_mic_ros2/share/wheeltec_mic_ros2/feedback_voice/classify_open.wav
[0.524s] -- Up-to-date: /home/tang/voice/ws_voice/install/wheeltec_mic_ros2/share/wheeltec_mic_ros2/feedback_voice/reach_goal.wav
[0.524s] -- Up-to-date: /home/tang/voice/ws_voice/install/wheeltec_mic_ros2/share/wheeltec_mic_ros2/feedback_voice/kcf_open.wav
[0.524s] -- Up-to-date: /home/tang/voice/ws_voice/install/wheeltec_mic_ros2/share/wheeltec_mic_ros2/feedback_voice/turn_left.wav
[0.524s] -- Up-to-date: /home/tang/voice/ws_voice/install/wheeltec_mic_ros2/share/wheeltec_mic_ros2/feedback_voice/search_voice.wav
[0.524s] -- Up-to-date: /home/tang/voice/ws_voice/install/wheeltec_mic_ros2/share/wheeltec_mic_ros2/feedback_voice/open_node.wav
[0.524s] -- Up-to-date: /home/tang/voice/ws_voice/install/wheeltec_mic_ros2/share/wheeltec_mic_ros2/feedback_voice/overmap.wav
[0.524s] -- Up-to-date: /home/tang/voice/ws_voice/install/wheeltec_mic_ros2/share/wheeltec_mic_ros2/feedback_voice/pure3d_mapping_close.wav
[0.524s] -- Up-to-date: /home/tang/voice/ws_voice/install/wheeltec_mic_ros2/share/wheeltec_mic_ros2/feedback_voice/AR_open.wav
[0.524s] -- Up-to-date: /home/tang/voice/ws_voice/install/wheeltec_mic_ros2/share/wheeltec_mic_ros2/feedback_voice/visual_close.wav
[0.524s] -- Up-to-date: /home/tang/voice/ws_voice/install/wheeltec_mic_ros2/share/wheeltec_mic_ros2/feedback_voice/AR_close.wav
[0.524s] -- Up-to-date: /home/tang/voice/ws_voice/install/wheeltec_mic_ros2/share/wheeltec_mic_ros2/feedback_voice/3d_mapping_open.wav
[0.524s] -- Up-to-date: /home/tang/voice/ws_voice/install/wheeltec_mic_ros2/share/wheeltec_mic_ros2/feedback_voice/pure3d_mapping_open.wav
[0.524s] -- Up-to-date: /home/tang/voice/ws_voice/install/wheeltec_mic_ros2/share/wheeltec_mic_ros2/feedback_voice/kcf_close.wav
[0.524s] -- Up-to-date: /home/tang/voice/ws_voice/install/wheeltec_mic_ros2/share/wheeltec_mic_ros2/feedback_voice/rplidar_open.wav
[0.524s] -- Execute custom install script
[0.524s] -- Up-to-date symlink: /home/tang/voice/ws_voice/install/wheeltec_mic_ros2/lib/wheeltec_mic_ros2/call_recognition
[0.524s] -- Up-to-date symlink: /home/tang/voice/ws_voice/install/wheeltec_mic_ros2/lib/wheeltec_mic_ros2/call_recognition
[0.524s] -- Up-to-date symlink: /home/tang/voice/ws_voice/install/wheeltec_mic_ros2/lib/wheeltec_mic_ros2/command_recognition
[0.524s] -- Up-to-date symlink: /home/tang/voice/ws_voice/install/wheeltec_mic_ros2/lib/wheeltec_mic_ros2/command_recognition
[0.524s] -- Up-to-date symlink: /home/tang/voice/ws_voice/install/wheeltec_mic_ros2/lib/wheeltec_mic_ros2/node_feedback
[0.524s] -- Up-to-date symlink: /home/tang/voice/ws_voice/install/wheeltec_mic_ros2/lib/wheeltec_mic_ros2/node_feedback
[0.524s] -- Up-to-date symlink: /home/tang/voice/ws_voice/install/wheeltec_mic_ros2/lib/wheeltec_mic_ros2/wheeltec_mic
[0.524s] -- Up-to-date symlink: /home/tang/voice/ws_voice/install/wheeltec_mic_ros2/lib/wheeltec_mic_ros2/wheeltec_mic
[0.524s] -- Up-to-date symlink: /home/tang/voice/ws_voice/install/wheeltec_mic_ros2/lib/wheeltec_mic_ros2/voice_control
[0.524s] -- Up-to-date symlink: /home/tang/voice/ws_voice/install/wheeltec_mic_ros2/lib/wheeltec_mic_ros2/voice_control
[0.524s] -- Up-to-date symlink: /home/tang/voice/ws_voice/install/wheeltec_mic_ros2/share/ament_index/resource_index/package_run_dependencies/wheeltec_mic_ros2
[0.524s] -- Up-to-date symlink: /home/tang/voice/ws_voice/install/wheeltec_mic_ros2/share/ament_index/resource_index/parent_prefix_path/wheeltec_mic_ros2
[0.524s] -- Up-to-date symlink: /home/tang/voice/ws_voice/install/wheeltec_mic_ros2/share/wheeltec_mic_ros2/environment/ament_prefix_path.sh
[0.524s] -- Up-to-date symlink: /home/tang/voice/ws_voice/install/wheeltec_mic_ros2/share/wheeltec_mic_ros2/environment/ament_prefix_path.dsv
[0.524s] -- Up-to-date symlink: /home/tang/voice/ws_voice/install/wheeltec_mic_ros2/share/wheeltec_mic_ros2/environment/path.sh
[0.524s] -- Up-to-date symlink: /home/tang/voice/ws_voice/install/wheeltec_mic_ros2/share/wheeltec_mic_ros2/environment/path.dsv
[0.524s] -- Up-to-date symlink: /home/tang/voice/ws_voice/install/wheeltec_mic_ros2/share/wheeltec_mic_ros2/local_setup.bash
[0.524s] -- Up-to-date symlink: /home/tang/voice/ws_voice/install/wheeltec_mic_ros2/share/wheeltec_mic_ros2/local_setup.sh
[0.525s] -- Up-to-date symlink: /home/tang/voice/ws_voice/install/wheeltec_mic_ros2/share/wheeltec_mic_ros2/local_setup.zsh
[0.525s] -- Up-to-date symlink: /home/tang/voice/ws_voice/install/wheeltec_mic_ros2/share/wheeltec_mic_ros2/local_setup.dsv
[0.525s] -- Symlinking: /home/tang/voice/ws_voice/install/wheeltec_mic_ros2/share/wheeltec_mic_ros2/package.dsv
[0.532s] -- Up-to-date symlink: /home/tang/voice/ws_voice/install/wheeltec_mic_ros2/share/ament_index/resource_index/packages/wheeltec_mic_ros2
[0.532s] -- Up-to-date symlink: /home/tang/voice/ws_voice/install/wheeltec_mic_ros2/share/wheeltec_mic_ros2/cmake/wheeltec_mic_ros2Config.cmake
[0.532s] -- Up-to-date symlink: /home/tang/voice/ws_voice/install/wheeltec_mic_ros2/share/wheeltec_mic_ros2/cmake/wheeltec_mic_ros2Config-version.cmake
[0.532s] -- Up-to-date symlink: /home/tang/voice/ws_voice/install/wheeltec_mic_ros2/share/wheeltec_mic_ros2/package.xml
[0.533s] Invoked command in '/home/tang/voice/ws_voice/build/wheeltec_mic_ros2' returned '0': AMENT_PREFIX_PATH=/home/tang/voice/ws_voice/install/wheeltec_mic_msg:${AMENT_PREFIX_PATH} CMAKE_PREFIX_PATH=/home/tang/voice/ws_voice/install/wheeltec_mic_msg:/opt/bxi/bxi_ros2_pkg:/opt/ros/humble LD_LIBRARY_PATH=/home/tang/voice/ws_voice/install/wheeltec_mic_msg/lib:/usr/local/lib:/usr/local/cuda-12.4/lib64:/opt/bxi/bxi_ros2_pkg/lib:/opt/ros/humble/opt/rviz_ogre_vendor/lib:/opt/ros/humble/lib/x86_64-linux-gnu:/opt/ros/humble/lib:/usr/lib/x86_64-linux-gnu:/home/.mujoco/mujoco-3.3.3-linux-x86_64/mujoco-3.3.3/bin:/home/tang/.mujoco/mujoco336/mujoco-3.3.6bin PYTHONPATH=/home/tang/voice/ws_voice/install/wheeltec_mic_msg/local/lib/python3.10/dist-packages:${PYTHONPATH} /usr/bin/cmake --install /home/tang/voice/ws_voice/build/wheeltec_mic_ros2
