[0.008s] Invoking command in '/home/tang/voice/ws_voice/build/wheeltec_mic_ros2': AMENT_PREFIX_PATH=/home/tang/voice/ws_voice/install/wheeltec_mic_msg:${AMENT_PREFIX_PATH} CMAKE_PREFIX_PATH=/home/tang/voice/ws_voice/install/wheeltec_mic_msg:/opt/bxi/bxi_ros2_pkg:/opt/ros/humble LD_LIBRARY_PATH=/home/tang/voice/ws_voice/install/wheeltec_mic_msg/lib:/usr/local/lib:/usr/local/cuda-12.4/lib64:/opt/bxi/bxi_ros2_pkg/lib:/opt/ros/humble/opt/rviz_ogre_vendor/lib:/opt/ros/humble/lib/x86_64-linux-gnu:/opt/ros/humble/lib:/usr/lib/x86_64-linux-gnu:/home/.mujoco/mujoco-3.3.3-linux-x86_64/mujoco-3.3.3/bin:/home/tang/.mujoco/mujoco336/mujoco-3.3.6bin PYTHONPATH=/home/tang/voice/ws_voice/install/wheeltec_mic_msg/local/lib/python3.10/dist-packages:${PYTHONPATH} /usr/bin/cmake --build /home/tang/voice/ws_voice/build/wheeltec_mic_ros2 -- -j16 -l16
[0.025s] -- Found ament_cmake: 1.3.12 (/opt/ros/humble/share/ament_cmake/cmake)
[0.109s] -- Override CMake install command with custom implementation using symlinks instead of copying resources
[0.113s] -- Found rosidl_default_generators: 1.2.0 (/opt/ros/humble/share/rosidl_default_generators/cmake)
[0.114s] -- Using all available rosidl_typesupport_c: rosidl_typesupport_fastrtps_c;rosidl_typesupport_introspection_c
[0.115s] -- Found rosidl_adapter: 3.1.7 (/opt/ros/humble/share/rosidl_adapter/cmake)
[0.132s] -- Using all available rosidl_typesupport_cpp: rosidl_typesupport_fastrtps_cpp;rosidl_typesupport_introspection_cpp
[0.145s] -- Found rclcpp: 16.0.15 (/opt/ros/humble/share/rclcpp/cmake)
[0.164s] -- Found rmw_implementation_cmake: 6.1.2 (/opt/ros/humble/share/rmw_implementation_cmake/cmake)
[0.165s] -- Found rmw_cyclonedds_cpp: 1.3.4 (/opt/ros/humble/share/rmw_cyclonedds_cpp/cmake)
[0.174s] -- Using RMW implementation 'rmw_cyclonedds_cpp' as default
[0.200s] -- Found serial: 1.2.1 (/home/tang/voice/ws_voice/install/serial/share/serial/cmake)
[0.202s] -- Found wheeltec_mic_msg: 0.0.0 (/home/tang/voice/ws_voice/install/wheeltec_mic_msg/share/wheeltec_mic_msg/cmake)
[0.208s] -- Found ament_lint_auto: 0.12.14 (/opt/ros/humble/share/ament_lint_auto/cmake)
[0.254s] -- Added test 'copyright' to check source files copyright and LICENSE
[0.256s] -- Added test 'cppcheck' to perform static code analysis on C / C++ code
[0.256s] -- Configured cppcheck include dirs: /home/tang/voice/ws_voice/src/wheeltec_mic/wheeltec_mic_ros2/include
[0.256s] -- Configured cppcheck exclude dirs and/or files: 
[0.258s] -- Added test 'cpplint' to check C / C++ code against the Google style
[0.258s] -- Configured cpplint exclude dirs and/or files: 
[0.259s] -- Added test 'flake8' to check Python code syntax and style conventions
[0.259s] -- Added test 'lint_cmake' to check CMake code style
[0.260s] -- Added test 'pep257' to check Python code against some of the docstring style conventions in PEP 257
[0.262s] -- Added test 'uncrustify' to check C / C++ code style
[0.262s] -- Configured uncrustify additional arguments: 
[0.262s] -- Added test 'xmllint' to check XML markup files
[0.263s] -- Configuring done
[0.274s] -- Generating done
[0.278s] -- Build files have been written to: /home/tang/voice/ws_voice/build/wheeltec_mic_ros2
[0.293s] [35m[1mConsolidate compiler generated dependencies of target node_feedback[0m
[0.294s] [35m[1mConsolidate compiler generated dependencies of target command_recognition[0m
[0.294s] [35m[1mConsolidate compiler generated dependencies of target call_recognition[0m
[0.294s] [35m[1mConsolidate compiler generated dependencies of target voice_control[0m
[0.294s] [35m[1mConsolidate compiler generated dependencies of target wheeltec_mic[0m
[0.304s] [ 54%] Built target command_recognition
[0.304s] [ 54%] Built target voice_control
[0.304s] [ 54%] Built target node_feedback
[0.307s] [ 63%] [32mBuilding CXX object CMakeFiles/wheeltec_mic.dir/src/wheeltec_mic.cpp.o[0m
[0.307s] [ 81%] Built target call_recognition
[0.309s] [ 90%] [32mBuilding CXX object CMakeFiles/wheeltec_mic.dir/src/ros2_service.cpp.o[0m
[1.630s] [01m[K/home/tang/voice/ws_voice/src/wheeltec_mic/wheeltec_mic_ros2/src/ros2_service.cpp:[m[K In member function ‘[01m[Kbool Wheeltec_Mic::getDeviceTypeCallback(const std::shared_ptr<wheeltec_mic_msg::srv::GetDeviceType_Request_<std::allocator<void> > >&, std::shared_ptr<wheeltec_mic_msg::srv::GetDeviceType_Response_<std::allocator<void> > >&)[m[K’:
[1.630s] [01m[K/home/tang/voice/ws_voice/src/wheeltec_mic/wheeltec_mic_ros2/src/ros2_service.cpp:36:112:[m[K [01;35m[Kwarning: [m[Kunused parameter ‘[01m[Krequest[m[K’ [[01;35m[K]8;;https://gcc.gnu.org/onlinedocs/gcc/Warning-Options.html#index-Wunused-parameter-Wunused-parameter]8;;[m[K]
[1.630s]    36 | bool Wheeltec_Mic::getDeviceTypeCallback([01;35m[Kconst std::shared_ptr<wheeltec_mic_msg::srv::GetDeviceType::Request>& request[m[K,
[1.630s]       |                                          [01;35m[K~~~~~~~~~~~~~~~~~~~~~~~~~~~~~~~~~~~~~~~~~~~~~~~~~~~~~~~~~~~~~~~~~~~~~~^~~~~~~[m[K
[1.630s] [01m[K/home/tang/voice/ws_voice/src/wheeltec_mic/wheeltec_mic_ros2/src/ros2_service.cpp:[m[K In member function ‘[01m[Kbool Wheeltec_Mic::setAwakeWordCallback(const std::shared_ptr<wheeltec_mic_msg::srv::SetAwakeWord_Request_<std::allocator<void> > >&, std::shared_ptr<wheeltec_mic_msg::srv::SetAwakeWord_Response_<std::allocator<void> > >&)[m[K’:
[1.630s] [01m[K/home/tang/voice/ws_voice/src/wheeltec_mic/wheeltec_mic_ros2/src/ros2_service.cpp:68:100:[m[K [01;35m[Kwarning: [m[Kunused parameter ‘[01m[Kresponse[m[K’ [[01;35m[K]8;;https://gcc.gnu.org/onlinedocs/gcc/Warning-Options.html#index-Wunused-parameter-Wunused-parameter]8;;[m[K]
[1.630s]    68 |                                    [01;35m[Kstd::shared_ptr<wheeltec_mic_msg::srv::SetAwakeWord::Response>& response[m[K){
[1.630s]       |                                    [01;35m[K~~~~~~~~~~~~~~~~~~~~~~~~~~~~~~~~~~~~~~~~~~~~~~~~~~~~~~~~~~~~~~~~^~~~~~~~[m[K
[2.907s] [100%] [32m[1mLinking CXX executable wheeltec_mic[0m
[3.042s] /usr/bin/ld: CMakeFiles/wheeltec_mic.dir/src/wheeltec_mic.cpp.o: in function `Wheeltec_Mic::Get_Serial_Data()':
[3.042s] wheeltec_mic.cpp:(.text+0xa3a): undefined reference to `serial::Serial::read(unsigned char*, unsigned long)'
[3.042s] /usr/bin/ld: wheeltec_mic.cpp:(.text+0xa81): undefined reference to `serial::Serial::available()'
[3.042s] /usr/bin/ld: CMakeFiles/wheeltec_mic.dir/src/wheeltec_mic.cpp.o: in function `Wheeltec_Mic::handle_serial_error()':
[3.042s] wheeltec_mic.cpp:(.text+0xd17): undefined reference to `serial::Serial::close()'
[3.042s] /usr/bin/ld: wheeltec_mic.cpp:(.text+0xea6): undefined reference to `serial::Serial::open()'
[3.042s] /usr/bin/ld: wheeltec_mic.cpp:(.text+0xebb): undefined reference to `serial::Serial::isOpen() const'
[3.043s] /usr/bin/ld: wheeltec_mic.cpp:(.text+0xed8): undefined reference to `serial::Serial::flush()'
[3.043s] /usr/bin/ld: CMakeFiles/wheeltec_mic.dir/src/wheeltec_mic.cpp.o: in function `Wheeltec_Mic::initialize_serial()':
[3.043s] wheeltec_mic.cpp:(.text+0x1664): undefined reference to `serial::Serial::isOpen() const'
[3.043s] /usr/bin/ld: wheeltec_mic.cpp:(.text+0x167d): undefined reference to `serial::Serial::close()'
[3.043s] /usr/bin/ld: wheeltec_mic.cpp:(.text+0x16a3): undefined reference to `serial::Serial::setPort(std::__cxx11::basic_string<char, std::char_traits<char>, std::allocator<char> > const&)'
[3.043s] /usr/bin/ld: wheeltec_mic.cpp:(.text+0x16c7): undefined reference to `serial::Serial::setBaudrate(unsigned int)'
[3.043s] /usr/bin/ld: wheeltec_mic.cpp:(.text+0x16e7): undefined reference to `serial::Serial::setTimeout(serial::Timeout&)'
[3.043s] /usr/bin/ld: wheeltec_mic.cpp:(.text+0x16fc): undefined reference to `serial::Serial::open()'
[3.043s] /usr/bin/ld: wheeltec_mic.cpp:(.text+0x1711): undefined reference to `serial::Serial::isOpen() const'
[3.043s] /usr/bin/ld: wheeltec_mic.cpp:(.text+0x172e): undefined reference to `serial::Serial::flush()'
[3.043s] /usr/bin/ld: CMakeFiles/wheeltec_mic.dir/src/wheeltec_mic.cpp.o: in function `Wheeltec_Mic::Wheeltec_Mic(std::__cxx11::basic_string<char, std::char_traits<char>, std::allocator<char> > const&)':
[3.043s] wheeltec_mic.cpp:(.text+0x1eea): undefined reference to `serial::Serial::Serial(std::__cxx11::basic_string<char, std::char_traits<char>, std::allocator<char> > const&, unsigned int, serial::Timeout, serial::bytesize_t, serial::parity_t, serial::stopbits_t, serial::flowcontrol_t)'
[3.043s] /usr/bin/ld: wheeltec_mic.cpp:(.text+0x2952): undefined reference to `serial::Serial::~Serial()'
[3.043s] /usr/bin/ld: CMakeFiles/wheeltec_mic.dir/src/wheeltec_mic.cpp.o: in function `Wheeltec_Mic::~Wheeltec_Mic()':
[3.043s] wheeltec_mic.cpp:(.text+0x2b43): undefined reference to `serial::Serial::close()'
[3.043s] /usr/bin/ld: wheeltec_mic.cpp:(.text+0x2c54): undefined reference to `serial::Serial::~Serial()'
[3.047s] /usr/bin/ld: CMakeFiles/wheeltec_mic.dir/src/ros2_service.cpp.o: in function `Wheeltec_Mic::Send_Serial_Data(ServicePacket&)':
[3.047s] ros2_service.cpp:(.text+0x13c7): undefined reference to `serial::Serial::write(std::__cxx11::basic_string<char, std::char_traits<char>, std::allocator<char> > const&)'
[3.058s] collect2: error: ld returned 1 exit status
[3.059s] gmake[2]: *** [CMakeFiles/wheeltec_mic.dir/build.make:184：wheeltec_mic] 错误 1
[3.059s] gmake[1]: *** [CMakeFiles/Makefile2:223：CMakeFiles/wheeltec_mic.dir/all] 错误 2
[3.060s] gmake: *** [Makefile:146：all] 错误 2
[3.062s] Invoked command in '/home/tang/voice/ws_voice/build/wheeltec_mic_ros2' returned '2': AMENT_PREFIX_PATH=/home/tang/voice/ws_voice/install/wheeltec_mic_msg:${AMENT_PREFIX_PATH} CMAKE_PREFIX_PATH=/home/tang/voice/ws_voice/install/wheeltec_mic_msg:/opt/bxi/bxi_ros2_pkg:/opt/ros/humble LD_LIBRARY_PATH=/home/tang/voice/ws_voice/install/wheeltec_mic_msg/lib:/usr/local/lib:/usr/local/cuda-12.4/lib64:/opt/bxi/bxi_ros2_pkg/lib:/opt/ros/humble/opt/rviz_ogre_vendor/lib:/opt/ros/humble/lib/x86_64-linux-gnu:/opt/ros/humble/lib:/usr/lib/x86_64-linux-gnu:/home/.mujoco/mujoco-3.3.3-linux-x86_64/mujoco-3.3.3/bin:/home/tang/.mujoco/mujoco336/mujoco-3.3.6bin PYTHONPATH=/home/tang/voice/ws_voice/install/wheeltec_mic_msg/local/lib/python3.10/dist-packages:${PYTHONPATH} /usr/bin/cmake --build /home/tang/voice/ws_voice/build/wheeltec_mic_ros2 -- -j16 -l16
