[0.057s] [34mcolcon[0m [1;30mDEBUG[0m [32mCommand line arguments: ['/usr/bin/colcon', 'build'][0m
[0.057s] [34mcolcon[0m [1;30mDEBUG[0m [32mParsed command line arguments: Namespace(log_base=None, log_level=None, verb_name='build', build_base='build', install_base='install', merge_install=False, symlink_install=False, test_result_base=None, continue_on_error=False, executor='parallel', parallel_workers=16, event_handlers=None, ignore_user_meta=False, metas=['./colcon.meta'], base_paths=['.'], packages_ignore=None, packages_ignore_regex=None, paths=None, packages_up_to=None, packages_up_to_regex=None, packages_above=None, packages_above_and_dependencies=None, packages_above_depth=None, packages_select_by_dep=None, packages_skip_by_dep=None, packages_skip_up_to=None, packages_select_build_failed=False, packages_skip_build_finished=False, packages_select_test_failures=False, packages_skip_test_passed=False, packages_select=None, packages_skip=None, packages_select_regex=None, packages_skip_regex=None, packages_start=None, packages_end=None, allow_overriding=[], cmake_args=None, cmake_target=None, cmake_target_skip_unavailable=False, cmake_clean_cache=False, cmake_clean_first=False, cmake_force_configure=False, ament_cmake_args=None, catkin_cmake_args=None, catkin_skip_building_tests=False, verb_parser=<colcon_defaults.argument_parser.defaults.DefaultArgumentsDecorator object at 0x7b66e68fefb0>, verb_extension=<colcon_core.verb.build.BuildVerb object at 0x7b66e68fdf90>, main=<bound method BuildVerb.main of <colcon_core.verb.build.BuildVerb object at 0x7b66e68fdf90>>)[0m
[0.145s] [34mcolcon.colcon_core.package_discovery[0m [1;30mLevel 1[0m discover_packages(colcon_meta) check parameters
[0.145s] [34mcolcon.colcon_core.package_discovery[0m [1;30mLevel 1[0m discover_packages(recursive) check parameters
[0.145s] [34mcolcon.colcon_core.package_discovery[0m [1;30mLevel 1[0m discover_packages(ignore) check parameters
[0.145s] [34mcolcon.colcon_core.package_discovery[0m [1;30mLevel 1[0m discover_packages(path) check parameters
[0.145s] [34mcolcon.colcon_core.package_discovery[0m [1;30mLevel 1[0m discover_packages(colcon_meta) discover
[0.145s] [34mcolcon.colcon_core.package_discovery[0m [1;30mLevel 1[0m discover_packages(recursive) discover
[0.145s] [34mcolcon.colcon_core.package_discovery[0m [1;30mINFO[0m Crawling recursively for packages in '/home/tang/voice/ws_voice'
[0.145s] [34mcolcon.colcon_core.package_identification[0m [1;30mLevel 1[0m _identify(.) by extensions ['ignore', 'ignore_ament_install']
[0.145s] [34mcolcon.colcon_core.package_identification[0m [1;30mLevel 1[0m _identify(.) by extension 'ignore'
[0.145s] [34mcolcon.colcon_core.package_identification[0m [1;30mLevel 1[0m _identify(.) by extension 'ignore_ament_install'
[0.145s] [34mcolcon.colcon_core.package_identification[0m [1;30mLevel 1[0m _identify(.) by extensions ['colcon_pkg']
[0.145s] [34mcolcon.colcon_core.package_identification[0m [1;30mLevel 1[0m _identify(.) by extension 'colcon_pkg'
[0.145s] [34mcolcon.colcon_core.package_identification[0m [1;30mLevel 1[0m _identify(.) by extensions ['colcon_meta']
[0.145s] [34mcolcon.colcon_core.package_identification[0m [1;30mLevel 1[0m _identify(.) by extension 'colcon_meta'
[0.145s] [34mcolcon.colcon_core.package_identification[0m [1;30mLevel 1[0m _identify(.) by extensions ['ros']
[0.145s] [34mcolcon.colcon_core.package_identification[0m [1;30mLevel 1[0m _identify(.) by extension 'ros'
[0.151s] [34mcolcon.colcon_core.package_identification[0m [1;30mLevel 1[0m _identify(.) by extensions ['cmake', 'python']
[0.151s] [34mcolcon.colcon_core.package_identification[0m [1;30mLevel 1[0m _identify(.) by extension 'cmake'
[0.151s] [34mcolcon.colcon_core.package_identification[0m [1;30mLevel 1[0m _identify(.) by extension 'python'
[0.151s] [34mcolcon.colcon_core.package_identification[0m [1;30mLevel 1[0m _identify(.) by extensions ['python_setup_py']
[0.151s] [34mcolcon.colcon_core.package_identification[0m [1;30mLevel 1[0m _identify(.) by extension 'python_setup_py'
[0.151s] [34mcolcon.colcon_core.package_identification[0m [1;30mLevel 1[0m _identify(build) by extensions ['ignore', 'ignore_ament_install']
[0.151s] [34mcolcon.colcon_core.package_identification[0m [1;30mLevel 1[0m _identify(build) by extension 'ignore'
[0.151s] [34mcolcon.colcon_core.package_identification[0m [1;30mLevel 1[0m _identify(build) ignored
[0.151s] [34mcolcon.colcon_core.package_identification[0m [1;30mLevel 1[0m _identify(install) by extensions ['ignore', 'ignore_ament_install']
[0.151s] [34mcolcon.colcon_core.package_identification[0m [1;30mLevel 1[0m _identify(install) by extension 'ignore'
[0.151s] [34mcolcon.colcon_core.package_identification[0m [1;30mLevel 1[0m _identify(install) ignored
[0.152s] [34mcolcon.colcon_core.package_identification[0m [1;30mLevel 1[0m _identify(log) by extensions ['ignore', 'ignore_ament_install']
[0.152s] [34mcolcon.colcon_core.package_identification[0m [1;30mLevel 1[0m _identify(log) by extension 'ignore'
[0.152s] [34mcolcon.colcon_core.package_identification[0m [1;30mLevel 1[0m _identify(log) ignored
[0.152s] [34mcolcon.colcon_core.package_identification[0m [1;30mLevel 1[0m _identify(src) by extensions ['ignore', 'ignore_ament_install']
[0.152s] [34mcolcon.colcon_core.package_identification[0m [1;30mLevel 1[0m _identify(src) by extension 'ignore'
[0.152s] [34mcolcon.colcon_core.package_identification[0m [1;30mLevel 1[0m _identify(src) by extension 'ignore_ament_install'
[0.152s] [34mcolcon.colcon_core.package_identification[0m [1;30mLevel 1[0m _identify(src) by extensions ['colcon_pkg']
[0.152s] [34mcolcon.colcon_core.package_identification[0m [1;30mLevel 1[0m _identify(src) by extension 'colcon_pkg'
[0.152s] [34mcolcon.colcon_core.package_identification[0m [1;30mLevel 1[0m _identify(src) by extensions ['colcon_meta']
[0.152s] [34mcolcon.colcon_core.package_identification[0m [1;30mLevel 1[0m _identify(src) by extension 'colcon_meta'
[0.152s] [34mcolcon.colcon_core.package_identification[0m [1;30mLevel 1[0m _identify(src) by extensions ['ros']
[0.152s] [34mcolcon.colcon_core.package_identification[0m [1;30mLevel 1[0m _identify(src) by extension 'ros'
[0.152s] [34mcolcon.colcon_core.package_identification[0m [1;30mLevel 1[0m _identify(src) by extensions ['cmake', 'python']
[0.152s] [34mcolcon.colcon_core.package_identification[0m [1;30mLevel 1[0m _identify(src) by extension 'cmake'
[0.152s] [34mcolcon.colcon_core.package_identification[0m [1;30mLevel 1[0m _identify(src) by extension 'python'
[0.152s] [34mcolcon.colcon_core.package_identification[0m [1;30mLevel 1[0m _identify(src) by extensions ['python_setup_py']
[0.152s] [34mcolcon.colcon_core.package_identification[0m [1;30mLevel 1[0m _identify(src) by extension 'python_setup_py'
[0.152s] [34mcolcon.colcon_core.package_identification[0m [1;30mLevel 1[0m _identify(src/voice_pkg) by extensions ['ignore', 'ignore_ament_install']
[0.152s] [34mcolcon.colcon_core.package_identification[0m [1;30mLevel 1[0m _identify(src/voice_pkg) by extension 'ignore'
[0.152s] [34mcolcon.colcon_core.package_identification[0m [1;30mLevel 1[0m _identify(src/voice_pkg) by extension 'ignore_ament_install'
[0.152s] [34mcolcon.colcon_core.package_identification[0m [1;30mLevel 1[0m _identify(src/voice_pkg) by extensions ['colcon_pkg']
[0.152s] [34mcolcon.colcon_core.package_identification[0m [1;30mLevel 1[0m _identify(src/voice_pkg) by extension 'colcon_pkg'
[0.152s] [34mcolcon.colcon_core.package_identification[0m [1;30mLevel 1[0m _identify(src/voice_pkg) by extensions ['colcon_meta']
[0.152s] [34mcolcon.colcon_core.package_identification[0m [1;30mLevel 1[0m _identify(src/voice_pkg) by extension 'colcon_meta'
[0.152s] [34mcolcon.colcon_core.package_identification[0m [1;30mLevel 1[0m _identify(src/voice_pkg) by extensions ['ros']
[0.152s] [34mcolcon.colcon_core.package_identification[0m [1;30mLevel 1[0m _identify(src/voice_pkg) by extension 'ros'
[0.154s] [34mcolcon.colcon_core.package_identification[0m [1;30mDEBUG[0m [32mPackage 'src/voice_pkg' with type 'ros.ament_cmake' and name 'voice_pkg'[0m
[0.154s] [34mcolcon.colcon_core.package_identification[0m [1;30mLevel 1[0m _identify(src/wheeltec_mic) by extensions ['ignore', 'ignore_ament_install']
[0.154s] [34mcolcon.colcon_core.package_identification[0m [1;30mLevel 1[0m _identify(src/wheeltec_mic) by extension 'ignore'
[0.154s] [34mcolcon.colcon_core.package_identification[0m [1;30mLevel 1[0m _identify(src/wheeltec_mic) by extension 'ignore_ament_install'
[0.154s] [34mcolcon.colcon_core.package_identification[0m [1;30mLevel 1[0m _identify(src/wheeltec_mic) by extensions ['colcon_pkg']
[0.154s] [34mcolcon.colcon_core.package_identification[0m [1;30mLevel 1[0m _identify(src/wheeltec_mic) by extension 'colcon_pkg'
[0.154s] [34mcolcon.colcon_core.package_identification[0m [1;30mLevel 1[0m _identify(src/wheeltec_mic) by extensions ['colcon_meta']
[0.154s] [34mcolcon.colcon_core.package_identification[0m [1;30mLevel 1[0m _identify(src/wheeltec_mic) by extension 'colcon_meta'
[0.154s] [34mcolcon.colcon_core.package_identification[0m [1;30mLevel 1[0m _identify(src/wheeltec_mic) by extensions ['ros']
[0.154s] [34mcolcon.colcon_core.package_identification[0m [1;30mLevel 1[0m _identify(src/wheeltec_mic) by extension 'ros'
[0.154s] [34mcolcon.colcon_core.package_identification[0m [1;30mLevel 1[0m _identify(src/wheeltec_mic) by extensions ['cmake', 'python']
[0.154s] [34mcolcon.colcon_core.package_identification[0m [1;30mLevel 1[0m _identify(src/wheeltec_mic) by extension 'cmake'
[0.154s] [34mcolcon.colcon_core.package_identification[0m [1;30mLevel 1[0m _identify(src/wheeltec_mic) by extension 'python'
[0.154s] [34mcolcon.colcon_core.package_identification[0m [1;30mLevel 1[0m _identify(src/wheeltec_mic) by extensions ['python_setup_py']
[0.154s] [34mcolcon.colcon_core.package_identification[0m [1;30mLevel 1[0m _identify(src/wheeltec_mic) by extension 'python_setup_py'
[0.154s] [34mcolcon.colcon_core.package_identification[0m [1;30mLevel 1[0m _identify(src/wheeltec_mic/wheeltec_mic_msg) by extensions ['ignore', 'ignore_ament_install']
[0.154s] [34mcolcon.colcon_core.package_identification[0m [1;30mLevel 1[0m _identify(src/wheeltec_mic/wheeltec_mic_msg) by extension 'ignore'
[0.154s] [34mcolcon.colcon_core.package_identification[0m [1;30mLevel 1[0m _identify(src/wheeltec_mic/wheeltec_mic_msg) by extension 'ignore_ament_install'
[0.154s] [34mcolcon.colcon_core.package_identification[0m [1;30mLevel 1[0m _identify(src/wheeltec_mic/wheeltec_mic_msg) by extensions ['colcon_pkg']
[0.154s] [34mcolcon.colcon_core.package_identification[0m [1;30mLevel 1[0m _identify(src/wheeltec_mic/wheeltec_mic_msg) by extension 'colcon_pkg'
[0.154s] [34mcolcon.colcon_core.package_identification[0m [1;30mLevel 1[0m _identify(src/wheeltec_mic/wheeltec_mic_msg) by extensions ['colcon_meta']
[0.154s] [34mcolcon.colcon_core.package_identification[0m [1;30mLevel 1[0m _identify(src/wheeltec_mic/wheeltec_mic_msg) by extension 'colcon_meta'
[0.154s] [34mcolcon.colcon_core.package_identification[0m [1;30mLevel 1[0m _identify(src/wheeltec_mic/wheeltec_mic_msg) by extensions ['ros']
[0.154s] [34mcolcon.colcon_core.package_identification[0m [1;30mLevel 1[0m _identify(src/wheeltec_mic/wheeltec_mic_msg) by extension 'ros'
[0.155s] [34mcolcon.colcon_core.package_identification[0m [1;30mDEBUG[0m [32mPackage 'src/wheeltec_mic/wheeltec_mic_msg' with type 'ros.ament_cmake' and name 'wheeltec_mic_msg'[0m
[0.155s] [34mcolcon.colcon_core.package_identification[0m [1;30mLevel 1[0m _identify(src/wheeltec_mic/wheeltec_mic_ros2) by extensions ['ignore', 'ignore_ament_install']
[0.155s] [34mcolcon.colcon_core.package_identification[0m [1;30mLevel 1[0m _identify(src/wheeltec_mic/wheeltec_mic_ros2) by extension 'ignore'
[0.155s] [34mcolcon.colcon_core.package_identification[0m [1;30mLevel 1[0m _identify(src/wheeltec_mic/wheeltec_mic_ros2) by extension 'ignore_ament_install'
[0.155s] [34mcolcon.colcon_core.package_identification[0m [1;30mLevel 1[0m _identify(src/wheeltec_mic/wheeltec_mic_ros2) by extensions ['colcon_pkg']
[0.155s] [34mcolcon.colcon_core.package_identification[0m [1;30mLevel 1[0m _identify(src/wheeltec_mic/wheeltec_mic_ros2) by extension 'colcon_pkg'
[0.155s] [34mcolcon.colcon_core.package_identification[0m [1;30mLevel 1[0m _identify(src/wheeltec_mic/wheeltec_mic_ros2) by extensions ['colcon_meta']
[0.155s] [34mcolcon.colcon_core.package_identification[0m [1;30mLevel 1[0m _identify(src/wheeltec_mic/wheeltec_mic_ros2) by extension 'colcon_meta'
[0.155s] [34mcolcon.colcon_core.package_identification[0m [1;30mLevel 1[0m _identify(src/wheeltec_mic/wheeltec_mic_ros2) by extensions ['ros']
[0.155s] [34mcolcon.colcon_core.package_identification[0m [1;30mLevel 1[0m _identify(src/wheeltec_mic/wheeltec_mic_ros2) by extension 'ros'
[0.155s] [34mcolcon.colcon_core.package_identification[0m [1;30mDEBUG[0m [32mPackage 'src/wheeltec_mic/wheeltec_mic_ros2' with type 'ros.ament_cmake' and name 'wheeltec_mic_ros2'[0m
[0.155s] [34mcolcon.colcon_core.package_discovery[0m [1;30mLevel 1[0m discover_packages(recursive) using defaults
[0.155s] [34mcolcon.colcon_core.package_discovery[0m [1;30mLevel 1[0m discover_packages(ignore) discover
[0.155s] [34mcolcon.colcon_core.package_discovery[0m [1;30mLevel 1[0m discover_packages(ignore) using defaults
[0.155s] [34mcolcon.colcon_core.package_discovery[0m [1;30mLevel 1[0m discover_packages(path) discover
[0.155s] [34mcolcon.colcon_core.package_discovery[0m [1;30mLevel 1[0m discover_packages(path) using defaults
[0.171s] [34mcolcon.colcon_core.package_discovery[0m [1;30mLevel 1[0m discover_packages(prefix_path) check parameters
[0.171s] [34mcolcon.colcon_core.package_discovery[0m [1;30mLevel 1[0m discover_packages(prefix_path) discover
[0.172s] [34mcolcon.colcon_ros.prefix_path.ament[0m [1;30mWARNING[0m [33mThe path '/home/tang/voice/ws_voice/install/voice_pkg' in the environment variable AMENT_PREFIX_PATH doesn't exist[0m
[0.172s] [34mcolcon.colcon_ros.prefix_path.catkin[0m [1;30mWARNING[0m [33mThe path '/home/tang/voice/ws_voice/install/voice_pkg' in the environment variable CMAKE_PREFIX_PATH doesn't exist[0m
[0.172s] [34mcolcon.colcon_installed_package_information.package_discovery[0m [1;30mDEBUG[0m [32mFound 0 installed packages in /home/tang/voice/ws_voice/install[0m
[0.172s] [34mcolcon.colcon_installed_package_information.package_discovery[0m [1;30mDEBUG[0m [32mFound 11 installed packages in /opt/bxi/bxi_ros2_pkg[0m
[0.173s] [34mcolcon.colcon_installed_package_information.package_discovery[0m [1;30mDEBUG[0m [32mFound 326 installed packages in /opt/ros/humble[0m
[0.174s] [34mcolcon.colcon_core.package_discovery[0m [1;30mLevel 1[0m discover_packages(prefix_path) using defaults
[0.194s] [34mcolcon.colcon_core.verb[0m [1;30mLevel 5[0m set package 'voice_pkg' build argument 'cmake_args' from command line to 'None'
[0.194s] [34mcolcon.colcon_core.verb[0m [1;30mLevel 5[0m set package 'voice_pkg' build argument 'cmake_target' from command line to 'None'
[0.194s] [34mcolcon.colcon_core.verb[0m [1;30mLevel 5[0m set package 'voice_pkg' build argument 'cmake_target_skip_unavailable' from command line to 'False'
[0.194s] [34mcolcon.colcon_core.verb[0m [1;30mLevel 5[0m set package 'voice_pkg' build argument 'cmake_clean_cache' from command line to 'False'
[0.194s] [34mcolcon.colcon_core.verb[0m [1;30mLevel 5[0m set package 'voice_pkg' build argument 'cmake_clean_first' from command line to 'False'
[0.194s] [34mcolcon.colcon_core.verb[0m [1;30mLevel 5[0m set package 'voice_pkg' build argument 'cmake_force_configure' from command line to 'False'
[0.194s] [34mcolcon.colcon_core.verb[0m [1;30mLevel 5[0m set package 'voice_pkg' build argument 'ament_cmake_args' from command line to 'None'
[0.194s] [34mcolcon.colcon_core.verb[0m [1;30mLevel 5[0m set package 'voice_pkg' build argument 'catkin_cmake_args' from command line to 'None'
[0.194s] [34mcolcon.colcon_core.verb[0m [1;30mLevel 5[0m set package 'voice_pkg' build argument 'catkin_skip_building_tests' from command line to 'False'
[0.194s] [34mcolcon.colcon_core.verb[0m [1;30mDEBUG[0m [32mBuilding package 'voice_pkg' with the following arguments: {'ament_cmake_args': None, 'build_base': '/home/tang/voice/ws_voice/build/voice_pkg', 'catkin_cmake_args': None, 'catkin_skip_building_tests': False, 'cmake_args': None, 'cmake_clean_cache': False, 'cmake_clean_first': False, 'cmake_force_configure': False, 'cmake_target': None, 'cmake_target_skip_unavailable': False, 'install_base': '/home/tang/voice/ws_voice/install/voice_pkg', 'merge_install': False, 'path': '/home/tang/voice/ws_voice/src/voice_pkg', 'symlink_install': False, 'test_result_base': None}[0m
[0.194s] [34mcolcon.colcon_core.verb[0m [1;30mLevel 5[0m set package 'wheeltec_mic_msg' build argument 'cmake_args' from command line to 'None'
[0.194s] [34mcolcon.colcon_core.verb[0m [1;30mLevel 5[0m set package 'wheeltec_mic_msg' build argument 'cmake_target' from command line to 'None'
[0.194s] [34mcolcon.colcon_core.verb[0m [1;30mLevel 5[0m set package 'wheeltec_mic_msg' build argument 'cmake_target_skip_unavailable' from command line to 'False'
[0.194s] [34mcolcon.colcon_core.verb[0m [1;30mLevel 5[0m set package 'wheeltec_mic_msg' build argument 'cmake_clean_cache' from command line to 'False'
[0.194s] [34mcolcon.colcon_core.verb[0m [1;30mLevel 5[0m set package 'wheeltec_mic_msg' build argument 'cmake_clean_first' from command line to 'False'
[0.194s] [34mcolcon.colcon_core.verb[0m [1;30mLevel 5[0m set package 'wheeltec_mic_msg' build argument 'cmake_force_configure' from command line to 'False'
[0.194s] [34mcolcon.colcon_core.verb[0m [1;30mLevel 5[0m set package 'wheeltec_mic_msg' build argument 'ament_cmake_args' from command line to 'None'
[0.194s] [34mcolcon.colcon_core.verb[0m [1;30mLevel 5[0m set package 'wheeltec_mic_msg' build argument 'catkin_cmake_args' from command line to 'None'
[0.194s] [34mcolcon.colcon_core.verb[0m [1;30mLevel 5[0m set package 'wheeltec_mic_msg' build argument 'catkin_skip_building_tests' from command line to 'False'
[0.194s] [34mcolcon.colcon_core.verb[0m [1;30mDEBUG[0m [32mBuilding package 'wheeltec_mic_msg' with the following arguments: {'ament_cmake_args': None, 'build_base': '/home/tang/voice/ws_voice/build/wheeltec_mic_msg', 'catkin_cmake_args': None, 'catkin_skip_building_tests': False, 'cmake_args': None, 'cmake_clean_cache': False, 'cmake_clean_first': False, 'cmake_force_configure': False, 'cmake_target': None, 'cmake_target_skip_unavailable': False, 'install_base': '/home/tang/voice/ws_voice/install/wheeltec_mic_msg', 'merge_install': False, 'path': '/home/tang/voice/ws_voice/src/wheeltec_mic/wheeltec_mic_msg', 'symlink_install': False, 'test_result_base': None}[0m
[0.195s] [34mcolcon.colcon_core.verb[0m [1;30mLevel 5[0m set package 'wheeltec_mic_ros2' build argument 'cmake_args' from command line to 'None'
[0.195s] [34mcolcon.colcon_core.verb[0m [1;30mLevel 5[0m set package 'wheeltec_mic_ros2' build argument 'cmake_target' from command line to 'None'
[0.195s] [34mcolcon.colcon_core.verb[0m [1;30mLevel 5[0m set package 'wheeltec_mic_ros2' build argument 'cmake_target_skip_unavailable' from command line to 'False'
[0.195s] [34mcolcon.colcon_core.verb[0m [1;30mLevel 5[0m set package 'wheeltec_mic_ros2' build argument 'cmake_clean_cache' from command line to 'False'
[0.195s] [34mcolcon.colcon_core.verb[0m [1;30mLevel 5[0m set package 'wheeltec_mic_ros2' build argument 'cmake_clean_first' from command line to 'False'
[0.195s] [34mcolcon.colcon_core.verb[0m [1;30mLevel 5[0m set package 'wheeltec_mic_ros2' build argument 'cmake_force_configure' from command line to 'False'
[0.195s] [34mcolcon.colcon_core.verb[0m [1;30mLevel 5[0m set package 'wheeltec_mic_ros2' build argument 'ament_cmake_args' from command line to 'None'
[0.195s] [34mcolcon.colcon_core.verb[0m [1;30mLevel 5[0m set package 'wheeltec_mic_ros2' build argument 'catkin_cmake_args' from command line to 'None'
[0.195s] [34mcolcon.colcon_core.verb[0m [1;30mLevel 5[0m set package 'wheeltec_mic_ros2' build argument 'catkin_skip_building_tests' from command line to 'False'
[0.195s] [34mcolcon.colcon_core.verb[0m [1;30mDEBUG[0m [32mBuilding package 'wheeltec_mic_ros2' with the following arguments: {'ament_cmake_args': None, 'build_base': '/home/tang/voice/ws_voice/build/wheeltec_mic_ros2', 'catkin_cmake_args': None, 'catkin_skip_building_tests': False, 'cmake_args': None, 'cmake_clean_cache': False, 'cmake_clean_first': False, 'cmake_force_configure': False, 'cmake_target': None, 'cmake_target_skip_unavailable': False, 'install_base': '/home/tang/voice/ws_voice/install/wheeltec_mic_ros2', 'merge_install': False, 'path': '/home/tang/voice/ws_voice/src/wheeltec_mic/wheeltec_mic_ros2', 'symlink_install': False, 'test_result_base': None}[0m
[0.195s] [34mcolcon.colcon_core.executor[0m [1;30mINFO[0m Executing jobs using 'parallel' executor
[0.195s] [34mcolcon.colcon_parallel_executor.executor.parallel[0m [1;30mDEBUG[0m [32mrun_until_complete[0m
[0.196s] [34mcolcon.colcon_ros.task.ament_cmake.build[0m [1;30mINFO[0m Building ROS package in '/home/tang/voice/ws_voice/src/wheeltec_mic/wheeltec_mic_msg' with build type 'ament_cmake'
[0.196s] [34mcolcon.colcon_cmake.task.cmake.build[0m [1;30mINFO[0m Building CMake package in '/home/tang/voice/ws_voice/src/wheeltec_mic/wheeltec_mic_msg'
[0.197s] [34mcolcon.colcon_core.plugin_system[0m [1;30mINFO[0m Skipping extension 'colcon_core.shell.bat': Not used on non-Windows systems
[0.197s] [34mcolcon.colcon_core.shell[0m [1;30mINFO[0m Skip shell extension 'powershell' for command environment: Not usable outside of PowerShell
[0.197s] [34mcolcon.colcon_core.shell[0m [1;30mDEBUG[0m [32mSkip shell extension 'dsv' for command environment[0m
[0.199s] [34mcolcon.colcon_ros.task.ament_cmake.build[0m [1;30mINFO[0m Building ROS package in '/home/tang/voice/ws_voice/src/voice_pkg' with build type 'ament_cmake'
[0.199s] [34mcolcon.colcon_cmake.task.cmake.build[0m [1;30mINFO[0m Building CMake package in '/home/tang/voice/ws_voice/src/voice_pkg'
[0.199s] [34mcolcon.colcon_core.shell[0m [1;30mINFO[0m Skip shell extension 'powershell' for command environment: Not usable outside of PowerShell
[0.199s] [34mcolcon.colcon_core.shell[0m [1;30mDEBUG[0m [32mSkip shell extension 'dsv' for command environment[0m
[0.203s] [34mcolcon.colcon_core.event_handler.log_command[0m [1;30mDEBUG[0m [32mInvoking command in '/home/tang/voice/ws_voice/build/wheeltec_mic_msg': CMAKE_PREFIX_PATH=${CMAKE_PREFIX_PATH}:/opt/ros/humble /usr/bin/cmake /home/tang/voice/ws_voice/src/wheeltec_mic/wheeltec_mic_msg -DCMAKE_INSTALL_PREFIX=/home/tang/voice/ws_voice/install/wheeltec_mic_msg[0m
[0.205s] [34mcolcon.colcon_core.event_handler.log_command[0m [1;30mDEBUG[0m [32mInvoking command in '/home/tang/voice/ws_voice/build/voice_pkg': CMAKE_PREFIX_PATH=${CMAKE_PREFIX_PATH}:/opt/ros/humble /usr/bin/cmake /home/tang/voice/ws_voice/src/voice_pkg -DCMAKE_INSTALL_PREFIX=/home/tang/voice/ws_voice/install/voice_pkg[0m
[0.847s] [34mcolcon.colcon_core.event_handler.log_command[0m [1;30mDEBUG[0m [32mInvoked command in '/home/tang/voice/ws_voice/build/voice_pkg' returned '0': CMAKE_PREFIX_PATH=${CMAKE_PREFIX_PATH}:/opt/ros/humble /usr/bin/cmake /home/tang/voice/ws_voice/src/voice_pkg -DCMAKE_INSTALL_PREFIX=/home/tang/voice/ws_voice/install/voice_pkg[0m
[0.848s] [34mcolcon.colcon_core.event_handler.log_command[0m [1;30mDEBUG[0m [32mInvoking command in '/home/tang/voice/ws_voice/build/voice_pkg': CMAKE_PREFIX_PATH=${CMAKE_PREFIX_PATH}:/opt/ros/humble /usr/bin/cmake --build /home/tang/voice/ws_voice/build/voice_pkg -- -j16 -l16[0m
[1.420s] [34mcolcon.colcon_core.event_handler.log_command[0m [1;30mDEBUG[0m [32mInvoked command in '/home/tang/voice/ws_voice/build/wheeltec_mic_msg' returned '0': CMAKE_PREFIX_PATH=${CMAKE_PREFIX_PATH}:/opt/ros/humble /usr/bin/cmake /home/tang/voice/ws_voice/src/wheeltec_mic/wheeltec_mic_msg -DCMAKE_INSTALL_PREFIX=/home/tang/voice/ws_voice/install/wheeltec_mic_msg[0m
[1.420s] [34mcolcon.colcon_core.event_handler.log_command[0m [1;30mDEBUG[0m [32mInvoking command in '/home/tang/voice/ws_voice/build/wheeltec_mic_msg': CMAKE_PREFIX_PATH=${CMAKE_PREFIX_PATH}:/opt/ros/humble /usr/bin/cmake --build /home/tang/voice/ws_voice/build/wheeltec_mic_msg -- -j16 -l16[0m
[4.113s] [34mcolcon.colcon_core.event_handler.log_command[0m [1;30mDEBUG[0m [32mInvoked command in '/home/tang/voice/ws_voice/build/wheeltec_mic_msg' returned '0': CMAKE_PREFIX_PATH=${CMAKE_PREFIX_PATH}:/opt/ros/humble /usr/bin/cmake --build /home/tang/voice/ws_voice/build/wheeltec_mic_msg -- -j16 -l16[0m
[4.120s] [34mcolcon.colcon_core.event_handler.log_command[0m [1;30mDEBUG[0m [32mInvoking command in '/home/tang/voice/ws_voice/build/wheeltec_mic_msg': CMAKE_PREFIX_PATH=${CMAKE_PREFIX_PATH}:/opt/ros/humble /usr/bin/cmake --install /home/tang/voice/ws_voice/build/wheeltec_mic_msg[0m
[4.172s] [34mcolcon.colcon_core.environment[0m [1;30mLevel 1[0m create_environment_scripts_only(wheeltec_mic_msg)
[4.172s] [34mcolcon.colcon_core.event_handler.log_command[0m [1;30mDEBUG[0m [32mInvoked command in '/home/tang/voice/ws_voice/build/wheeltec_mic_msg' returned '0': CMAKE_PREFIX_PATH=${CMAKE_PREFIX_PATH}:/opt/ros/humble /usr/bin/cmake --install /home/tang/voice/ws_voice/build/wheeltec_mic_msg[0m
[4.173s] [34mcolcon.colcon_core.environment[0m [1;30mLevel 1[0m checking '/home/tang/voice/ws_voice/install/wheeltec_mic_msg' for CMake module files
[4.174s] [34mcolcon.colcon_core.environment[0m [1;30mLevel 1[0m checking '/home/tang/voice/ws_voice/install/wheeltec_mic_msg' for CMake config files
[4.174s] [34mcolcon.colcon_core.shell[0m [1;30mLevel 1[0m create_environment_hook('wheeltec_mic_msg', 'cmake_prefix_path')
[4.174s] [34mcolcon.colcon_core.shell[0m [1;30mINFO[0m Creating environment hook '/home/tang/voice/ws_voice/install/wheeltec_mic_msg/share/wheeltec_mic_msg/hook/cmake_prefix_path.ps1'
[4.174s] [34mcolcon.colcon_core.shell[0m [1;30mINFO[0m Creating environment descriptor '/home/tang/voice/ws_voice/install/wheeltec_mic_msg/share/wheeltec_mic_msg/hook/cmake_prefix_path.dsv'
[4.175s] [34mcolcon.colcon_core.shell[0m [1;30mINFO[0m Creating environment hook '/home/tang/voice/ws_voice/install/wheeltec_mic_msg/share/wheeltec_mic_msg/hook/cmake_prefix_path.sh'
[4.175s] [34mcolcon.colcon_core.environment[0m [1;30mLevel 1[0m checking '/home/tang/voice/ws_voice/install/wheeltec_mic_msg/lib'
[4.175s] [34mcolcon.colcon_core.shell[0m [1;30mLevel 1[0m create_environment_hook('wheeltec_mic_msg', 'ld_library_path_lib')
[4.175s] [34mcolcon.colcon_core.shell[0m [1;30mINFO[0m Creating environment hook '/home/tang/voice/ws_voice/install/wheeltec_mic_msg/share/wheeltec_mic_msg/hook/ld_library_path_lib.ps1'
[4.175s] [34mcolcon.colcon_core.shell[0m [1;30mINFO[0m Creating environment descriptor '/home/tang/voice/ws_voice/install/wheeltec_mic_msg/share/wheeltec_mic_msg/hook/ld_library_path_lib.dsv'
[4.176s] [34mcolcon.colcon_core.shell[0m [1;30mINFO[0m Creating environment hook '/home/tang/voice/ws_voice/install/wheeltec_mic_msg/share/wheeltec_mic_msg/hook/ld_library_path_lib.sh'
[4.176s] [34mcolcon.colcon_core.environment[0m [1;30mLevel 1[0m checking '/home/tang/voice/ws_voice/install/wheeltec_mic_msg/bin'
[4.176s] [34mcolcon.colcon_core.environment[0m [1;30mLevel 1[0m checking '/home/tang/voice/ws_voice/install/wheeltec_mic_msg/lib/pkgconfig/wheeltec_mic_msg.pc'
[4.176s] [34mcolcon.colcon_core.environment[0m [1;30mLevel 1[0m checking '/home/tang/voice/ws_voice/install/wheeltec_mic_msg/lib/python3.10/site-packages'
[4.176s] [34mcolcon.colcon_core.environment[0m [1;30mLevel 1[0m checking '/home/tang/voice/ws_voice/install/wheeltec_mic_msg/bin'
[4.176s] [34mcolcon.colcon_core.shell[0m [1;30mINFO[0m Creating package script '/home/tang/voice/ws_voice/install/wheeltec_mic_msg/share/wheeltec_mic_msg/package.ps1'
[4.177s] [34mcolcon.colcon_core.shell[0m [1;30mINFO[0m Creating package descriptor '/home/tang/voice/ws_voice/install/wheeltec_mic_msg/share/wheeltec_mic_msg/package.dsv'
[4.177s] [34mcolcon.colcon_core.shell[0m [1;30mINFO[0m Creating package script '/home/tang/voice/ws_voice/install/wheeltec_mic_msg/share/wheeltec_mic_msg/package.sh'
[4.178s] [34mcolcon.colcon_core.shell[0m [1;30mINFO[0m Creating package script '/home/tang/voice/ws_voice/install/wheeltec_mic_msg/share/wheeltec_mic_msg/package.bash'
[4.178s] [34mcolcon.colcon_core.shell[0m [1;30mINFO[0m Creating package script '/home/tang/voice/ws_voice/install/wheeltec_mic_msg/share/wheeltec_mic_msg/package.zsh'
[4.178s] [34mcolcon.colcon_core.environment[0m [1;30mLevel 1[0m create_file_with_runtime_dependencies(/home/tang/voice/ws_voice/install/wheeltec_mic_msg/share/colcon-core/packages/wheeltec_mic_msg)
[4.179s] [34mcolcon.colcon_core.environment[0m [1;30mLevel 1[0m create_environment_scripts_only(wheeltec_mic_msg)
[4.179s] [34mcolcon.colcon_core.environment[0m [1;30mLevel 1[0m checking '/home/tang/voice/ws_voice/install/wheeltec_mic_msg' for CMake module files
[4.179s] [34mcolcon.colcon_core.environment[0m [1;30mLevel 1[0m checking '/home/tang/voice/ws_voice/install/wheeltec_mic_msg' for CMake config files
[4.179s] [34mcolcon.colcon_core.shell[0m [1;30mLevel 1[0m create_environment_hook('wheeltec_mic_msg', 'cmake_prefix_path')
[4.179s] [34mcolcon.colcon_core.shell[0m [1;30mINFO[0m Creating environment hook '/home/tang/voice/ws_voice/install/wheeltec_mic_msg/share/wheeltec_mic_msg/hook/cmake_prefix_path.ps1'
[4.180s] [34mcolcon.colcon_core.shell[0m [1;30mINFO[0m Creating environment descriptor '/home/tang/voice/ws_voice/install/wheeltec_mic_msg/share/wheeltec_mic_msg/hook/cmake_prefix_path.dsv'
[4.180s] [34mcolcon.colcon_core.shell[0m [1;30mINFO[0m Creating environment hook '/home/tang/voice/ws_voice/install/wheeltec_mic_msg/share/wheeltec_mic_msg/hook/cmake_prefix_path.sh'
[4.180s] [34mcolcon.colcon_core.environment[0m [1;30mLevel 1[0m checking '/home/tang/voice/ws_voice/install/wheeltec_mic_msg/lib'
[4.180s] [34mcolcon.colcon_core.shell[0m [1;30mLevel 1[0m create_environment_hook('wheeltec_mic_msg', 'ld_library_path_lib')
[4.180s] [34mcolcon.colcon_core.shell[0m [1;30mINFO[0m Creating environment hook '/home/tang/voice/ws_voice/install/wheeltec_mic_msg/share/wheeltec_mic_msg/hook/ld_library_path_lib.ps1'
[4.180s] [34mcolcon.colcon_core.shell[0m [1;30mINFO[0m Creating environment descriptor '/home/tang/voice/ws_voice/install/wheeltec_mic_msg/share/wheeltec_mic_msg/hook/ld_library_path_lib.dsv'
[4.180s] [34mcolcon.colcon_core.shell[0m [1;30mINFO[0m Creating environment hook '/home/tang/voice/ws_voice/install/wheeltec_mic_msg/share/wheeltec_mic_msg/hook/ld_library_path_lib.sh'
[4.181s] [34mcolcon.colcon_core.environment[0m [1;30mLevel 1[0m checking '/home/tang/voice/ws_voice/install/wheeltec_mic_msg/bin'
[4.181s] [34mcolcon.colcon_core.environment[0m [1;30mLevel 1[0m checking '/home/tang/voice/ws_voice/install/wheeltec_mic_msg/lib/pkgconfig/wheeltec_mic_msg.pc'
[4.181s] [34mcolcon.colcon_core.environment[0m [1;30mLevel 1[0m checking '/home/tang/voice/ws_voice/install/wheeltec_mic_msg/lib/python3.10/site-packages'
[4.181s] [34mcolcon.colcon_core.environment[0m [1;30mLevel 1[0m checking '/home/tang/voice/ws_voice/install/wheeltec_mic_msg/bin'
[4.181s] [34mcolcon.colcon_core.shell[0m [1;30mINFO[0m Creating package script '/home/tang/voice/ws_voice/install/wheeltec_mic_msg/share/wheeltec_mic_msg/package.ps1'
[4.181s] [34mcolcon.colcon_core.shell[0m [1;30mINFO[0m Creating package descriptor '/home/tang/voice/ws_voice/install/wheeltec_mic_msg/share/wheeltec_mic_msg/package.dsv'
[4.182s] [34mcolcon.colcon_core.shell[0m [1;30mINFO[0m Creating package script '/home/tang/voice/ws_voice/install/wheeltec_mic_msg/share/wheeltec_mic_msg/package.sh'
[4.182s] [34mcolcon.colcon_core.shell[0m [1;30mINFO[0m Creating package script '/home/tang/voice/ws_voice/install/wheeltec_mic_msg/share/wheeltec_mic_msg/package.bash'
[4.182s] [34mcolcon.colcon_core.shell[0m [1;30mINFO[0m Creating package script '/home/tang/voice/ws_voice/install/wheeltec_mic_msg/share/wheeltec_mic_msg/package.zsh'
[4.182s] [34mcolcon.colcon_core.environment[0m [1;30mLevel 1[0m create_file_with_runtime_dependencies(/home/tang/voice/ws_voice/install/wheeltec_mic_msg/share/colcon-core/packages/wheeltec_mic_msg)
[4.182s] [34mcolcon.colcon_ros.task.ament_cmake.build[0m [1;30mINFO[0m Building ROS package in '/home/tang/voice/ws_voice/src/wheeltec_mic/wheeltec_mic_ros2' with build type 'ament_cmake'
[4.182s] [34mcolcon.colcon_cmake.task.cmake.build[0m [1;30mINFO[0m Building CMake package in '/home/tang/voice/ws_voice/src/wheeltec_mic/wheeltec_mic_ros2'
[4.182s] [34mcolcon.colcon_core.shell[0m [1;30mINFO[0m Skip shell extension 'powershell' for command environment: Not usable outside of PowerShell
[4.182s] [34mcolcon.colcon_core.shell[0m [1;30mDEBUG[0m [32mSkip shell extension 'dsv' for command environment[0m
[4.190s] [34mcolcon.colcon_core.event_handler.log_command[0m [1;30mDEBUG[0m [32mInvoking command in '/home/tang/voice/ws_voice/build/wheeltec_mic_ros2': AMENT_PREFIX_PATH=/home/tang/voice/ws_voice/install/wheeltec_mic_msg:${AMENT_PREFIX_PATH} CMAKE_PREFIX_PATH=/home/tang/voice/ws_voice/install/wheeltec_mic_msg:/home/tang/voice/ws_voice/install/voice_pkg:/opt/bxi/bxi_ros2_pkg:/opt/ros/humble LD_LIBRARY_PATH=/home/tang/voice/ws_voice/install/wheeltec_mic_msg/lib:/usr/local/lib:/usr/local/cuda-12.4/lib64:/usr/lib/x86_64-linux-gnu:/usr/local/lib:/usr/local/cuda-12.4/lib64:/opt/bxi/bxi_ros2_pkg/lib:/opt/ros/humble/opt/rviz_ogre_vendor/lib:/opt/ros/humble/lib/x86_64-linux-gnu:/opt/ros/humble/lib:/usr/lib/x86_64-linux-gnu:/home/.mujoco/mujoco-3.3.3-linux-x86_64/mujoco-3.3.3/bin:/home/tang/.mujoco/mujoco336/mujoco-3.3.6bin:/home/.mujoco/mujoco-3.3.3-linux-x86_64/mujoco-3.3.3/bin:/home/tang/.mujoco/mujoco336/mujoco-3.3.6bin PYTHONPATH=/home/tang/voice/ws_voice/install/wheeltec_mic_msg/local/lib/python3.10/dist-packages:${PYTHONPATH} /usr/bin/cmake /home/tang/voice/ws_voice/src/wheeltec_mic/wheeltec_mic_ros2 -DCMAKE_INSTALL_PREFIX=/home/tang/voice/ws_voice/install/wheeltec_mic_ros2[0m
[4.353s] [34mcolcon.colcon_core.event_handler.log_command[0m [1;30mDEBUG[0m [32mInvoked command in '/home/tang/voice/ws_voice/build/voice_pkg' returned '0': CMAKE_PREFIX_PATH=${CMAKE_PREFIX_PATH}:/opt/ros/humble /usr/bin/cmake --build /home/tang/voice/ws_voice/build/voice_pkg -- -j16 -l16[0m
[4.353s] [34mcolcon.colcon_core.event_handler.log_command[0m [1;30mDEBUG[0m [32mInvoking command in '/home/tang/voice/ws_voice/build/voice_pkg': CMAKE_PREFIX_PATH=${CMAKE_PREFIX_PATH}:/opt/ros/humble /usr/bin/cmake --install /home/tang/voice/ws_voice/build/voice_pkg[0m
[4.367s] [34mcolcon.colcon_core.environment[0m [1;30mLevel 1[0m create_environment_scripts_only(voice_pkg)
[4.367s] [34mcolcon.colcon_core.environment[0m [1;30mLevel 1[0m checking '/home/tang/voice/ws_voice/install/voice_pkg' for CMake module files
[4.368s] [34mcolcon.colcon_core.event_handler.log_command[0m [1;30mDEBUG[0m [32mInvoked command in '/home/tang/voice/ws_voice/build/voice_pkg' returned '0': CMAKE_PREFIX_PATH=${CMAKE_PREFIX_PATH}:/opt/ros/humble /usr/bin/cmake --install /home/tang/voice/ws_voice/build/voice_pkg[0m
[4.368s] [34mcolcon.colcon_core.environment[0m [1;30mLevel 1[0m checking '/home/tang/voice/ws_voice/install/voice_pkg' for CMake config files
[4.368s] [34mcolcon.colcon_core.shell[0m [1;30mLevel 1[0m create_environment_hook('voice_pkg', 'cmake_prefix_path')
[4.368s] [34mcolcon.colcon_core.shell[0m [1;30mINFO[0m Creating environment hook '/home/tang/voice/ws_voice/install/voice_pkg/share/voice_pkg/hook/cmake_prefix_path.ps1'
[4.368s] [34mcolcon.colcon_core.shell[0m [1;30mINFO[0m Creating environment descriptor '/home/tang/voice/ws_voice/install/voice_pkg/share/voice_pkg/hook/cmake_prefix_path.dsv'
[4.368s] [34mcolcon.colcon_core.shell[0m [1;30mINFO[0m Creating environment hook '/home/tang/voice/ws_voice/install/voice_pkg/share/voice_pkg/hook/cmake_prefix_path.sh'
[4.369s] [34mcolcon.colcon_core.environment[0m [1;30mLevel 1[0m checking '/home/tang/voice/ws_voice/install/voice_pkg/lib'
[4.369s] [34mcolcon.colcon_core.environment[0m [1;30mLevel 1[0m checking '/home/tang/voice/ws_voice/install/voice_pkg/bin'
[4.369s] [34mcolcon.colcon_core.environment[0m [1;30mLevel 1[0m checking '/home/tang/voice/ws_voice/install/voice_pkg/lib/pkgconfig/voice_pkg.pc'
[4.369s] [34mcolcon.colcon_core.environment[0m [1;30mLevel 1[0m checking '/home/tang/voice/ws_voice/install/voice_pkg/lib/python3.10/site-packages'
[4.369s] [34mcolcon.colcon_core.environment[0m [1;30mLevel 1[0m checking '/home/tang/voice/ws_voice/install/voice_pkg/bin'
[4.369s] [34mcolcon.colcon_core.shell[0m [1;30mINFO[0m Creating package script '/home/tang/voice/ws_voice/install/voice_pkg/share/voice_pkg/package.ps1'
[4.369s] [34mcolcon.colcon_core.shell[0m [1;30mINFO[0m Creating package descriptor '/home/tang/voice/ws_voice/install/voice_pkg/share/voice_pkg/package.dsv'
[4.370s] [34mcolcon.colcon_core.shell[0m [1;30mINFO[0m Creating package script '/home/tang/voice/ws_voice/install/voice_pkg/share/voice_pkg/package.sh'
[4.370s] [34mcolcon.colcon_core.shell[0m [1;30mINFO[0m Creating package script '/home/tang/voice/ws_voice/install/voice_pkg/share/voice_pkg/package.bash'
[4.370s] [34mcolcon.colcon_core.shell[0m [1;30mINFO[0m Creating package script '/home/tang/voice/ws_voice/install/voice_pkg/share/voice_pkg/package.zsh'
[4.370s] [34mcolcon.colcon_core.environment[0m [1;30mLevel 1[0m create_file_with_runtime_dependencies(/home/tang/voice/ws_voice/install/voice_pkg/share/colcon-core/packages/voice_pkg)
[4.370s] [34mcolcon.colcon_core.environment[0m [1;30mLevel 1[0m create_environment_scripts_only(voice_pkg)
[4.371s] [34mcolcon.colcon_core.environment[0m [1;30mLevel 1[0m checking '/home/tang/voice/ws_voice/install/voice_pkg' for CMake module files
[4.371s] [34mcolcon.colcon_core.environment[0m [1;30mLevel 1[0m checking '/home/tang/voice/ws_voice/install/voice_pkg' for CMake config files
[4.371s] [34mcolcon.colcon_core.shell[0m [1;30mLevel 1[0m create_environment_hook('voice_pkg', 'cmake_prefix_path')
[4.371s] [34mcolcon.colcon_core.shell[0m [1;30mINFO[0m Creating environment hook '/home/tang/voice/ws_voice/install/voice_pkg/share/voice_pkg/hook/cmake_prefix_path.ps1'
[4.371s] [34mcolcon.colcon_core.shell[0m [1;30mINFO[0m Creating environment descriptor '/home/tang/voice/ws_voice/install/voice_pkg/share/voice_pkg/hook/cmake_prefix_path.dsv'
[4.371s] [34mcolcon.colcon_core.shell[0m [1;30mINFO[0m Creating environment hook '/home/tang/voice/ws_voice/install/voice_pkg/share/voice_pkg/hook/cmake_prefix_path.sh'
[4.372s] [34mcolcon.colcon_core.environment[0m [1;30mLevel 1[0m checking '/home/tang/voice/ws_voice/install/voice_pkg/lib'
[4.372s] [34mcolcon.colcon_core.environment[0m [1;30mLevel 1[0m checking '/home/tang/voice/ws_voice/install/voice_pkg/bin'
[4.372s] [34mcolcon.colcon_core.environment[0m [1;30mLevel 1[0m checking '/home/tang/voice/ws_voice/install/voice_pkg/lib/pkgconfig/voice_pkg.pc'
[4.372s] [34mcolcon.colcon_core.environment[0m [1;30mLevel 1[0m checking '/home/tang/voice/ws_voice/install/voice_pkg/lib/python3.10/site-packages'
[4.372s] [34mcolcon.colcon_core.environment[0m [1;30mLevel 1[0m checking '/home/tang/voice/ws_voice/install/voice_pkg/bin'
[4.372s] [34mcolcon.colcon_core.shell[0m [1;30mINFO[0m Creating package script '/home/tang/voice/ws_voice/install/voice_pkg/share/voice_pkg/package.ps1'
[4.372s] [34mcolcon.colcon_core.shell[0m [1;30mINFO[0m Creating package descriptor '/home/tang/voice/ws_voice/install/voice_pkg/share/voice_pkg/package.dsv'
[4.372s] [34mcolcon.colcon_core.shell[0m [1;30mINFO[0m Creating package script '/home/tang/voice/ws_voice/install/voice_pkg/share/voice_pkg/package.sh'
[4.373s] [34mcolcon.colcon_core.shell[0m [1;30mINFO[0m Creating package script '/home/tang/voice/ws_voice/install/voice_pkg/share/voice_pkg/package.bash'
[4.373s] [34mcolcon.colcon_core.shell[0m [1;30mINFO[0m Creating package script '/home/tang/voice/ws_voice/install/voice_pkg/share/voice_pkg/package.zsh'
[4.373s] [34mcolcon.colcon_core.environment[0m [1;30mLevel 1[0m create_file_with_runtime_dependencies(/home/tang/voice/ws_voice/install/voice_pkg/share/colcon-core/packages/voice_pkg)
[4.781s] [34mcolcon.colcon_core.event_handler.log_command[0m [1;30mDEBUG[0m [32mInvoked command in '/home/tang/voice/ws_voice/build/wheeltec_mic_ros2' returned '1': AMENT_PREFIX_PATH=/home/tang/voice/ws_voice/install/wheeltec_mic_msg:${AMENT_PREFIX_PATH} CMAKE_PREFIX_PATH=/home/tang/voice/ws_voice/install/wheeltec_mic_msg:/home/tang/voice/ws_voice/install/voice_pkg:/opt/bxi/bxi_ros2_pkg:/opt/ros/humble LD_LIBRARY_PATH=/home/tang/voice/ws_voice/install/wheeltec_mic_msg/lib:/usr/local/lib:/usr/local/cuda-12.4/lib64:/usr/lib/x86_64-linux-gnu:/usr/local/lib:/usr/local/cuda-12.4/lib64:/opt/bxi/bxi_ros2_pkg/lib:/opt/ros/humble/opt/rviz_ogre_vendor/lib:/opt/ros/humble/lib/x86_64-linux-gnu:/opt/ros/humble/lib:/usr/lib/x86_64-linux-gnu:/home/.mujoco/mujoco-3.3.3-linux-x86_64/mujoco-3.3.3/bin:/home/tang/.mujoco/mujoco336/mujoco-3.3.6bin:/home/.mujoco/mujoco-3.3.3-linux-x86_64/mujoco-3.3.3/bin:/home/tang/.mujoco/mujoco336/mujoco-3.3.6bin PYTHONPATH=/home/tang/voice/ws_voice/install/wheeltec_mic_msg/local/lib/python3.10/dist-packages:${PYTHONPATH} /usr/bin/cmake /home/tang/voice/ws_voice/src/wheeltec_mic/wheeltec_mic_ros2 -DCMAKE_INSTALL_PREFIX=/home/tang/voice/ws_voice/install/wheeltec_mic_ros2[0m
[4.788s] [34mcolcon.colcon_core.environment[0m [1;30mLevel 1[0m create_environment_scripts_only(wheeltec_mic_ros2)
[4.789s] [34mcolcon.colcon_core.environment[0m [1;30mLevel 1[0m checking '/home/tang/voice/ws_voice/install/wheeltec_mic_ros2' for CMake module files
[4.789s] [34mcolcon.colcon_core.environment[0m [1;30mLevel 1[0m checking '/home/tang/voice/ws_voice/install/wheeltec_mic_ros2' for CMake config files
[4.789s] [34mcolcon.colcon_core.environment[0m [1;30mLevel 1[0m checking '/home/tang/voice/ws_voice/install/wheeltec_mic_ros2/bin'
[4.789s] [34mcolcon.colcon_core.environment[0m [1;30mLevel 1[0m checking '/home/tang/voice/ws_voice/install/wheeltec_mic_ros2/lib/pkgconfig/wheeltec_mic_ros2.pc'
[4.789s] [34mcolcon.colcon_core.environment[0m [1;30mLevel 1[0m checking '/home/tang/voice/ws_voice/install/wheeltec_mic_ros2/lib/python3.10/site-packages'
[4.790s] [34mcolcon.colcon_core.environment[0m [1;30mLevel 1[0m checking '/home/tang/voice/ws_voice/install/wheeltec_mic_ros2/bin'
[4.790s] [34mcolcon.colcon_core.shell[0m [1;30mINFO[0m Creating package script '/home/tang/voice/ws_voice/install/wheeltec_mic_ros2/share/wheeltec_mic_ros2/package.ps1'
[4.790s] [34mcolcon.colcon_core.shell[0m [1;30mINFO[0m Creating package descriptor '/home/tang/voice/ws_voice/install/wheeltec_mic_ros2/share/wheeltec_mic_ros2/package.dsv'
[4.791s] [34mcolcon.colcon_core.shell[0m [1;30mINFO[0m Creating package script '/home/tang/voice/ws_voice/install/wheeltec_mic_ros2/share/wheeltec_mic_ros2/package.sh'
[4.791s] [34mcolcon.colcon_core.shell[0m [1;30mINFO[0m Creating package script '/home/tang/voice/ws_voice/install/wheeltec_mic_ros2/share/wheeltec_mic_ros2/package.bash'
[4.791s] [34mcolcon.colcon_core.shell[0m [1;30mINFO[0m Creating package script '/home/tang/voice/ws_voice/install/wheeltec_mic_ros2/share/wheeltec_mic_ros2/package.zsh'
[4.792s] [34mcolcon.colcon_core.environment[0m [1;30mLevel 1[0m create_file_with_runtime_dependencies(/home/tang/voice/ws_voice/install/wheeltec_mic_ros2/share/colcon-core/packages/wheeltec_mic_ros2)
[4.802s] [34mcolcon.colcon_parallel_executor.executor.parallel[0m [1;30mDEBUG[0m [32mclosing loop[0m
[4.802s] [34mcolcon.colcon_parallel_executor.executor.parallel[0m [1;30mDEBUG[0m [32mloop closed[0m
[4.802s] [34mcolcon.colcon_parallel_executor.executor.parallel[0m [1;30mDEBUG[0m [32mrun_until_complete finished with '1'[0m
[4.802s] [34mcolcon.colcon_core.event_reactor[0m [1;30mDEBUG[0m [32mjoining thread[0m
[4.805s] [34mcolcon.colcon_core.plugin_system[0m [1;30mINFO[0m Skipping extension 'colcon_notification.desktop_notification.terminal_notifier': Not used on non-Darwin systems
[4.805s] [34mcolcon.colcon_core.plugin_system[0m [1;30mINFO[0m Skipping extension 'colcon_notification.desktop_notification.win32': Not used on non-Windows systems
[4.805s] [34mcolcon.colcon_notification.desktop_notification[0m [1;30mINFO[0m Sending desktop notification using 'notify2'
[4.811s] [34mcolcon.colcon_core.event_reactor[0m [1;30mDEBUG[0m [32mjoined thread[0m
[4.812s] [34mcolcon.colcon_core.shell[0m [1;30mINFO[0m Creating prefix script '/home/tang/voice/ws_voice/install/local_setup.ps1'
[4.812s] [34mcolcon.colcon_core.shell[0m [1;30mINFO[0m Creating prefix util module '/home/tang/voice/ws_voice/install/_local_setup_util_ps1.py'
[4.813s] [34mcolcon.colcon_core.shell[0m [1;30mINFO[0m Creating prefix chain script '/home/tang/voice/ws_voice/install/setup.ps1'
[4.813s] [34mcolcon.colcon_core.shell[0m [1;30mINFO[0m Creating prefix script '/home/tang/voice/ws_voice/install/local_setup.sh'
[4.814s] [34mcolcon.colcon_core.shell[0m [1;30mINFO[0m Creating prefix util module '/home/tang/voice/ws_voice/install/_local_setup_util_sh.py'
[4.814s] [34mcolcon.colcon_core.shell[0m [1;30mINFO[0m Creating prefix chain script '/home/tang/voice/ws_voice/install/setup.sh'
[4.814s] [34mcolcon.colcon_core.shell[0m [1;30mINFO[0m Creating prefix script '/home/tang/voice/ws_voice/install/local_setup.bash'
[4.815s] [34mcolcon.colcon_core.shell[0m [1;30mINFO[0m Creating prefix chain script '/home/tang/voice/ws_voice/install/setup.bash'
[4.815s] [34mcolcon.colcon_core.shell[0m [1;30mINFO[0m Creating prefix script '/home/tang/voice/ws_voice/install/local_setup.zsh'
[4.815s] [34mcolcon.colcon_core.shell[0m [1;30mINFO[0m Creating prefix chain script '/home/tang/voice/ws_voice/install/setup.zsh'
