[0.009s] Invoking command in '/home/tang/voice/ws_voice/build/wheeltec_mic_msg': CMAKE_PREFIX_PATH=${CMAKE_PREFIX_PATH}:/opt/ros/humble /usr/bin/cmake --build /home/tang/voice/ws_voice/build/wheeltec_mic_msg -- -j16 -l16
[0.043s] [  1%] Built target wheeltec_mic_msg__cpp
[0.044s] [ 12%] Built target wheeltec_mic_msg__rosidl_generator_c
[0.049s] [ 12%] Built target ament_cmake_python_copy_wheeltec_mic_msg
[0.058s] [ 24%] Built target wheeltec_mic_msg__rosidl_typesupport_introspection_cpp
[0.061s] [ 55%] Built target wheeltec_mic_msg__rosidl_typesupport_fastrtps_cpp
[0.061s] [ 55%] Built target wheeltec_mic_msg__rosidl_typesupport_cpp
[0.061s] [ 65%] Built target wheeltec_mic_msg__rosidl_typesupport_c
[0.061s] [ 70%] Built target wheeltec_mic_msg__rosidl_typesupport_introspection_c
[0.062s] [ 81%] Built target wheeltec_mic_msg__rosidl_typesupport_fastrtps_c
[0.075s] [ 81%] Built target wheeltec_mic_msg
[0.090s] [ 82%] Built target wheeltec_mic_msg__py
[0.108s] [ 92%] Built target wheeltec_mic_msg__rosidl_generator_py
[0.123s] [ 94%] Built target wheeltec_mic_msg__rosidl_typesupport_fastrtps_c__pyext
[0.124s] [ 97%] Built target wheeltec_mic_msg__rosidl_typesupport_introspection_c__pyext
[0.124s] [100%] Built target wheeltec_mic_msg__rosidl_typesupport_c__pyext
[0.182s] running egg_info
[0.183s] writing wheeltec_mic_msg.egg-info/PKG-INFO
[0.183s] writing dependency_links to wheeltec_mic_msg.egg-info/dependency_links.txt
[0.183s] writing top-level names to wheeltec_mic_msg.egg-info/top_level.txt
[0.185s] reading manifest file 'wheeltec_mic_msg.egg-info/SOURCES.txt'
[0.185s] writing manifest file 'wheeltec_mic_msg.egg-info/SOURCES.txt'
[0.201s] [100%] Built target ament_cmake_python_build_wheeltec_mic_msg_egg
[0.209s] Invoked command in '/home/tang/voice/ws_voice/build/wheeltec_mic_msg' returned '0': CMAKE_PREFIX_PATH=${CMAKE_PREFIX_PATH}:/opt/ros/humble /usr/bin/cmake --build /home/tang/voice/ws_voice/build/wheeltec_mic_msg -- -j16 -l16
[0.210s] Invoking command in '/home/tang/voice/ws_voice/build/wheeltec_mic_msg': CMAKE_PREFIX_PATH=${CMAKE_PREFIX_PATH}:/opt/ros/humble /usr/bin/cmake --install /home/tang/voice/ws_voice/build/wheeltec_mic_msg
[0.214s] -- Install configuration: ""
[0.214s] -- Up-to-date: /home/tang/voice/ws_voice/install/wheeltec_mic_msg/share/ament_index/resource_index/rosidl_interfaces/wheeltec_mic_msg
[0.214s] -- Up-to-date: /home/tang/voice/ws_voice/install/wheeltec_mic_msg/include/wheeltec_mic_msg/wheeltec_mic_msg
[0.214s] -- Up-to-date: /home/tang/voice/ws_voice/install/wheeltec_mic_msg/include/wheeltec_mic_msg/wheeltec_mic_msg/srv
[0.214s] -- Up-to-date: /home/tang/voice/ws_voice/install/wheeltec_mic_msg/include/wheeltec_mic_msg/wheeltec_mic_msg/srv/switch_mic.h
[0.214s] -- Up-to-date: /home/tang/voice/ws_voice/install/wheeltec_mic_msg/include/wheeltec_mic_msg/wheeltec_mic_msg/srv/set_major_mic.h
[0.214s] -- Up-to-date: /home/tang/voice/ws_voice/install/wheeltec_mic_msg/include/wheeltec_mic_msg/wheeltec_mic_msg/srv/get_device_type.h
[0.215s] -- Up-to-date: /home/tang/voice/ws_voice/install/wheeltec_mic_msg/include/wheeltec_mic_msg/wheeltec_mic_msg/srv/get_offline_result.h
[0.215s] -- Up-to-date: /home/tang/voice/ws_voice/install/wheeltec_mic_msg/include/wheeltec_mic_msg/wheeltec_mic_msg/srv/detail
[0.215s] -- Up-to-date: /home/tang/voice/ws_voice/install/wheeltec_mic_msg/include/wheeltec_mic_msg/wheeltec_mic_msg/srv/detail/get_device_type__functions.c
[0.215s] -- Up-to-date: /home/tang/voice/ws_voice/install/wheeltec_mic_msg/include/wheeltec_mic_msg/wheeltec_mic_msg/srv/detail/switch_mic__type_support.h
[0.215s] -- Up-to-date: /home/tang/voice/ws_voice/install/wheeltec_mic_msg/include/wheeltec_mic_msg/wheeltec_mic_msg/srv/detail/set_awake_word__functions.h
[0.215s] -- Up-to-date: /home/tang/voice/ws_voice/install/wheeltec_mic_msg/include/wheeltec_mic_msg/wheeltec_mic_msg/srv/detail/get_device_type__functions.h
[0.215s] -- Up-to-date: /home/tang/voice/ws_voice/install/wheeltec_mic_msg/include/wheeltec_mic_msg/wheeltec_mic_msg/srv/detail/get_device_type__type_support.h
[0.215s] -- Up-to-date: /home/tang/voice/ws_voice/install/wheeltec_mic_msg/include/wheeltec_mic_msg/wheeltec_mic_msg/srv/detail/set_major_mic__functions.c
[0.215s] -- Up-to-date: /home/tang/voice/ws_voice/install/wheeltec_mic_msg/include/wheeltec_mic_msg/wheeltec_mic_msg/srv/detail/set_awake_word__struct.h
[0.215s] -- Up-to-date: /home/tang/voice/ws_voice/install/wheeltec_mic_msg/include/wheeltec_mic_msg/wheeltec_mic_msg/srv/detail/set_major_mic__type_support.h
[0.215s] -- Up-to-date: /home/tang/voice/ws_voice/install/wheeltec_mic_msg/include/wheeltec_mic_msg/wheeltec_mic_msg/srv/detail/set_awake_word__type_support.h
[0.215s] -- Up-to-date: /home/tang/voice/ws_voice/install/wheeltec_mic_msg/include/wheeltec_mic_msg/wheeltec_mic_msg/srv/detail/get_offline_result__functions.c
[0.215s] -- Up-to-date: /home/tang/voice/ws_voice/install/wheeltec_mic_msg/include/wheeltec_mic_msg/wheeltec_mic_msg/srv/detail/set_awake_word__functions.c
[0.215s] -- Up-to-date: /home/tang/voice/ws_voice/install/wheeltec_mic_msg/include/wheeltec_mic_msg/wheeltec_mic_msg/srv/detail/switch_mic__functions.h
[0.215s] -- Up-to-date: /home/tang/voice/ws_voice/install/wheeltec_mic_msg/include/wheeltec_mic_msg/wheeltec_mic_msg/srv/detail/set_major_mic__functions.h
[0.215s] -- Up-to-date: /home/tang/voice/ws_voice/install/wheeltec_mic_msg/include/wheeltec_mic_msg/wheeltec_mic_msg/srv/detail/get_offline_result__struct.h
[0.215s] -- Up-to-date: /home/tang/voice/ws_voice/install/wheeltec_mic_msg/include/wheeltec_mic_msg/wheeltec_mic_msg/srv/detail/set_major_mic__struct.h
[0.215s] -- Up-to-date: /home/tang/voice/ws_voice/install/wheeltec_mic_msg/include/wheeltec_mic_msg/wheeltec_mic_msg/srv/detail/switch_mic__struct.h
[0.215s] -- Up-to-date: /home/tang/voice/ws_voice/install/wheeltec_mic_msg/include/wheeltec_mic_msg/wheeltec_mic_msg/srv/detail/get_device_type__struct.h
[0.215s] -- Up-to-date: /home/tang/voice/ws_voice/install/wheeltec_mic_msg/include/wheeltec_mic_msg/wheeltec_mic_msg/srv/detail/switch_mic__functions.c
[0.215s] -- Up-to-date: /home/tang/voice/ws_voice/install/wheeltec_mic_msg/include/wheeltec_mic_msg/wheeltec_mic_msg/srv/detail/get_offline_result__functions.h
[0.215s] -- Up-to-date: /home/tang/voice/ws_voice/install/wheeltec_mic_msg/include/wheeltec_mic_msg/wheeltec_mic_msg/srv/detail/get_offline_result__type_support.h
[0.215s] -- Up-to-date: /home/tang/voice/ws_voice/install/wheeltec_mic_msg/include/wheeltec_mic_msg/wheeltec_mic_msg/srv/set_awake_word.h
[0.215s] -- Up-to-date: /home/tang/voice/ws_voice/install/wheeltec_mic_msg/include/wheeltec_mic_msg/wheeltec_mic_msg/msg
[0.215s] -- Up-to-date: /home/tang/voice/ws_voice/install/wheeltec_mic_msg/include/wheeltec_mic_msg/wheeltec_mic_msg/msg/rosidl_generator_c__visibility_control.h
[0.215s] -- Up-to-date: /home/tang/voice/ws_voice/install/wheeltec_mic_msg/include/wheeltec_mic_msg/wheeltec_mic_msg/msg/motion_control.h
[0.215s] -- Up-to-date: /home/tang/voice/ws_voice/install/wheeltec_mic_msg/include/wheeltec_mic_msg/wheeltec_mic_msg/msg/detail
[0.215s] -- Up-to-date: /home/tang/voice/ws_voice/install/wheeltec_mic_msg/include/wheeltec_mic_msg/wheeltec_mic_msg/msg/detail/pcm_msg__functions.c
[0.215s] -- Up-to-date: /home/tang/voice/ws_voice/install/wheeltec_mic_msg/include/wheeltec_mic_msg/wheeltec_mic_msg/msg/detail/motion_control__struct.h
[0.215s] -- Up-to-date: /home/tang/voice/ws_voice/install/wheeltec_mic_msg/include/wheeltec_mic_msg/wheeltec_mic_msg/msg/detail/motion_control__functions.c
[0.215s] -- Up-to-date: /home/tang/voice/ws_voice/install/wheeltec_mic_msg/include/wheeltec_mic_msg/wheeltec_mic_msg/msg/detail/pcm_msg__type_support.h
[0.215s] -- Up-to-date: /home/tang/voice/ws_voice/install/wheeltec_mic_msg/include/wheeltec_mic_msg/wheeltec_mic_msg/msg/detail/pcm_msg__struct.h
[0.215s] -- Up-to-date: /home/tang/voice/ws_voice/install/wheeltec_mic_msg/include/wheeltec_mic_msg/wheeltec_mic_msg/msg/detail/pcm_msg__functions.h
[0.215s] -- Up-to-date: /home/tang/voice/ws_voice/install/wheeltec_mic_msg/include/wheeltec_mic_msg/wheeltec_mic_msg/msg/detail/motion_control__functions.h
[0.216s] -- Up-to-date: /home/tang/voice/ws_voice/install/wheeltec_mic_msg/include/wheeltec_mic_msg/wheeltec_mic_msg/msg/detail/motion_control__type_support.h
[0.216s] -- Up-to-date: /home/tang/voice/ws_voice/install/wheeltec_mic_msg/include/wheeltec_mic_msg/wheeltec_mic_msg/msg/pcm_msg.h
[0.216s] -- Up-to-date: /home/tang/voice/ws_voice/install/wheeltec_mic_msg/share/wheeltec_mic_msg/environment/library_path.sh
[0.216s] -- Up-to-date: /home/tang/voice/ws_voice/install/wheeltec_mic_msg/share/wheeltec_mic_msg/environment/library_path.dsv
[0.216s] -- Up-to-date: /home/tang/voice/ws_voice/install/wheeltec_mic_msg/lib/libwheeltec_mic_msg__rosidl_generator_c.so
[0.216s] -- Up-to-date: /home/tang/voice/ws_voice/install/wheeltec_mic_msg/include/wheeltec_mic_msg/wheeltec_mic_msg
[0.216s] -- Up-to-date: /home/tang/voice/ws_voice/install/wheeltec_mic_msg/include/wheeltec_mic_msg/wheeltec_mic_msg/srv
[0.216s] -- Up-to-date: /home/tang/voice/ws_voice/install/wheeltec_mic_msg/include/wheeltec_mic_msg/wheeltec_mic_msg/srv/detail
[0.216s] -- Up-to-date: /home/tang/voice/ws_voice/install/wheeltec_mic_msg/include/wheeltec_mic_msg/wheeltec_mic_msg/srv/detail/switch_mic__rosidl_typesupport_fastrtps_c.h
[0.216s] -- Up-to-date: /home/tang/voice/ws_voice/install/wheeltec_mic_msg/include/wheeltec_mic_msg/wheeltec_mic_msg/srv/detail/set_major_mic__rosidl_typesupport_fastrtps_c.h
[0.216s] -- Up-to-date: /home/tang/voice/ws_voice/install/wheeltec_mic_msg/include/wheeltec_mic_msg/wheeltec_mic_msg/srv/detail/set_awake_word__rosidl_typesupport_fastrtps_c.h
[0.216s] -- Up-to-date: /home/tang/voice/ws_voice/install/wheeltec_mic_msg/include/wheeltec_mic_msg/wheeltec_mic_msg/srv/detail/get_offline_result__rosidl_typesupport_fastrtps_c.h
[0.216s] -- Up-to-date: /home/tang/voice/ws_voice/install/wheeltec_mic_msg/include/wheeltec_mic_msg/wheeltec_mic_msg/srv/detail/get_device_type__rosidl_typesupport_fastrtps_c.h
[0.216s] -- Up-to-date: /home/tang/voice/ws_voice/install/wheeltec_mic_msg/include/wheeltec_mic_msg/wheeltec_mic_msg/msg
[0.216s] -- Up-to-date: /home/tang/voice/ws_voice/install/wheeltec_mic_msg/include/wheeltec_mic_msg/wheeltec_mic_msg/msg/rosidl_typesupport_fastrtps_c__visibility_control.h
[0.216s] -- Up-to-date: /home/tang/voice/ws_voice/install/wheeltec_mic_msg/include/wheeltec_mic_msg/wheeltec_mic_msg/msg/detail
[0.216s] -- Up-to-date: /home/tang/voice/ws_voice/install/wheeltec_mic_msg/include/wheeltec_mic_msg/wheeltec_mic_msg/msg/detail/pcm_msg__rosidl_typesupport_fastrtps_c.h
[0.216s] -- Up-to-date: /home/tang/voice/ws_voice/install/wheeltec_mic_msg/include/wheeltec_mic_msg/wheeltec_mic_msg/msg/detail/motion_control__rosidl_typesupport_fastrtps_c.h
[0.216s] -- Up-to-date: /home/tang/voice/ws_voice/install/wheeltec_mic_msg/lib/libwheeltec_mic_msg__rosidl_typesupport_fastrtps_c.so
[0.216s] -- Up-to-date: /home/tang/voice/ws_voice/install/wheeltec_mic_msg/include/wheeltec_mic_msg/wheeltec_mic_msg
[0.216s] -- Up-to-date: /home/tang/voice/ws_voice/install/wheeltec_mic_msg/include/wheeltec_mic_msg/wheeltec_mic_msg/srv
[0.216s] -- Up-to-date: /home/tang/voice/ws_voice/install/wheeltec_mic_msg/include/wheeltec_mic_msg/wheeltec_mic_msg/srv/set_awake_word.hpp
[0.216s] -- Up-to-date: /home/tang/voice/ws_voice/install/wheeltec_mic_msg/include/wheeltec_mic_msg/wheeltec_mic_msg/srv/get_offline_result.hpp
[0.216s] -- Up-to-date: /home/tang/voice/ws_voice/install/wheeltec_mic_msg/include/wheeltec_mic_msg/wheeltec_mic_msg/srv/set_major_mic.hpp
[0.216s] -- Up-to-date: /home/tang/voice/ws_voice/install/wheeltec_mic_msg/include/wheeltec_mic_msg/wheeltec_mic_msg/srv/detail
[0.216s] -- Up-to-date: /home/tang/voice/ws_voice/install/wheeltec_mic_msg/include/wheeltec_mic_msg/wheeltec_mic_msg/srv/detail/set_awake_word__builder.hpp
[0.216s] -- Up-to-date: /home/tang/voice/ws_voice/install/wheeltec_mic_msg/include/wheeltec_mic_msg/wheeltec_mic_msg/srv/detail/switch_mic__traits.hpp
[0.216s] -- Up-to-date: /home/tang/voice/ws_voice/install/wheeltec_mic_msg/include/wheeltec_mic_msg/wheeltec_mic_msg/srv/detail/set_awake_word__struct.hpp
[0.216s] -- Up-to-date: /home/tang/voice/ws_voice/install/wheeltec_mic_msg/include/wheeltec_mic_msg/wheeltec_mic_msg/srv/detail/set_major_mic__type_support.hpp
[0.216s] -- Up-to-date: /home/tang/voice/ws_voice/install/wheeltec_mic_msg/include/wheeltec_mic_msg/wheeltec_mic_msg/srv/detail/get_device_type__builder.hpp
[0.216s] -- Up-to-date: /home/tang/voice/ws_voice/install/wheeltec_mic_msg/include/wheeltec_mic_msg/wheeltec_mic_msg/srv/detail/switch_mic__builder.hpp
[0.216s] -- Up-to-date: /home/tang/voice/ws_voice/install/wheeltec_mic_msg/include/wheeltec_mic_msg/wheeltec_mic_msg/srv/detail/set_major_mic__struct.hpp
[0.216s] -- Up-to-date: /home/tang/voice/ws_voice/install/wheeltec_mic_msg/include/wheeltec_mic_msg/wheeltec_mic_msg/srv/detail/set_major_mic__traits.hpp
[0.216s] -- Up-to-date: /home/tang/voice/ws_voice/install/wheeltec_mic_msg/include/wheeltec_mic_msg/wheeltec_mic_msg/srv/detail/get_device_type__type_support.hpp
[0.217s] -- Up-to-date: /home/tang/voice/ws_voice/install/wheeltec_mic_msg/include/wheeltec_mic_msg/wheeltec_mic_msg/srv/detail/set_awake_word__type_support.hpp
[0.217s] -- Up-to-date: /home/tang/voice/ws_voice/install/wheeltec_mic_msg/include/wheeltec_mic_msg/wheeltec_mic_msg/srv/detail/get_offline_result__struct.hpp
[0.217s] -- Up-to-date: /home/tang/voice/ws_voice/install/wheeltec_mic_msg/include/wheeltec_mic_msg/wheeltec_mic_msg/srv/detail/get_offline_result__traits.hpp
[0.217s] -- Up-to-date: /home/tang/voice/ws_voice/install/wheeltec_mic_msg/include/wheeltec_mic_msg/wheeltec_mic_msg/srv/detail/get_device_type__struct.hpp
[0.217s] -- Up-to-date: /home/tang/voice/ws_voice/install/wheeltec_mic_msg/include/wheeltec_mic_msg/wheeltec_mic_msg/srv/detail/get_offline_result__builder.hpp
[0.217s] -- Up-to-date: /home/tang/voice/ws_voice/install/wheeltec_mic_msg/include/wheeltec_mic_msg/wheeltec_mic_msg/srv/detail/get_offline_result__type_support.hpp
[0.217s] -- Up-to-date: /home/tang/voice/ws_voice/install/wheeltec_mic_msg/include/wheeltec_mic_msg/wheeltec_mic_msg/srv/detail/switch_mic__type_support.hpp
[0.217s] -- Up-to-date: /home/tang/voice/ws_voice/install/wheeltec_mic_msg/include/wheeltec_mic_msg/wheeltec_mic_msg/srv/detail/set_awake_word__traits.hpp
[0.217s] -- Up-to-date: /home/tang/voice/ws_voice/install/wheeltec_mic_msg/include/wheeltec_mic_msg/wheeltec_mic_msg/srv/detail/set_major_mic__builder.hpp
[0.217s] -- Up-to-date: /home/tang/voice/ws_voice/install/wheeltec_mic_msg/include/wheeltec_mic_msg/wheeltec_mic_msg/srv/detail/switch_mic__struct.hpp
[0.217s] -- Up-to-date: /home/tang/voice/ws_voice/install/wheeltec_mic_msg/include/wheeltec_mic_msg/wheeltec_mic_msg/srv/detail/get_device_type__traits.hpp
[0.217s] -- Up-to-date: /home/tang/voice/ws_voice/install/wheeltec_mic_msg/include/wheeltec_mic_msg/wheeltec_mic_msg/srv/switch_mic.hpp
[0.217s] -- Up-to-date: /home/tang/voice/ws_voice/install/wheeltec_mic_msg/include/wheeltec_mic_msg/wheeltec_mic_msg/srv/get_device_type.hpp
[0.217s] -- Up-to-date: /home/tang/voice/ws_voice/install/wheeltec_mic_msg/include/wheeltec_mic_msg/wheeltec_mic_msg/msg
[0.217s] -- Up-to-date: /home/tang/voice/ws_voice/install/wheeltec_mic_msg/include/wheeltec_mic_msg/wheeltec_mic_msg/msg/detail
[0.217s] -- Up-to-date: /home/tang/voice/ws_voice/install/wheeltec_mic_msg/include/wheeltec_mic_msg/wheeltec_mic_msg/msg/detail/motion_control__struct.hpp
[0.217s] -- Up-to-date: /home/tang/voice/ws_voice/install/wheeltec_mic_msg/include/wheeltec_mic_msg/wheeltec_mic_msg/msg/detail/motion_control__type_support.hpp
[0.217s] -- Up-to-date: /home/tang/voice/ws_voice/install/wheeltec_mic_msg/include/wheeltec_mic_msg/wheeltec_mic_msg/msg/detail/pcm_msg__builder.hpp
[0.217s] -- Up-to-date: /home/tang/voice/ws_voice/install/wheeltec_mic_msg/include/wheeltec_mic_msg/wheeltec_mic_msg/msg/detail/pcm_msg__struct.hpp
[0.217s] -- Up-to-date: /home/tang/voice/ws_voice/install/wheeltec_mic_msg/include/wheeltec_mic_msg/wheeltec_mic_msg/msg/detail/pcm_msg__type_support.hpp
[0.217s] -- Up-to-date: /home/tang/voice/ws_voice/install/wheeltec_mic_msg/include/wheeltec_mic_msg/wheeltec_mic_msg/msg/detail/motion_control__builder.hpp
[0.217s] -- Up-to-date: /home/tang/voice/ws_voice/install/wheeltec_mic_msg/include/wheeltec_mic_msg/wheeltec_mic_msg/msg/detail/pcm_msg__traits.hpp
[0.217s] -- Up-to-date: /home/tang/voice/ws_voice/install/wheeltec_mic_msg/include/wheeltec_mic_msg/wheeltec_mic_msg/msg/detail/motion_control__traits.hpp
[0.217s] -- Up-to-date: /home/tang/voice/ws_voice/install/wheeltec_mic_msg/include/wheeltec_mic_msg/wheeltec_mic_msg/msg/rosidl_generator_cpp__visibility_control.hpp
[0.217s] -- Up-to-date: /home/tang/voice/ws_voice/install/wheeltec_mic_msg/include/wheeltec_mic_msg/wheeltec_mic_msg/msg/motion_control.hpp
[0.217s] -- Up-to-date: /home/tang/voice/ws_voice/install/wheeltec_mic_msg/include/wheeltec_mic_msg/wheeltec_mic_msg/msg/pcm_msg.hpp
[0.217s] -- Up-to-date: /home/tang/voice/ws_voice/install/wheeltec_mic_msg/include/wheeltec_mic_msg/wheeltec_mic_msg
[0.217s] -- Up-to-date: /home/tang/voice/ws_voice/install/wheeltec_mic_msg/include/wheeltec_mic_msg/wheeltec_mic_msg/srv
[0.218s] -- Up-to-date: /home/tang/voice/ws_voice/install/wheeltec_mic_msg/include/wheeltec_mic_msg/wheeltec_mic_msg/srv/detail
[0.218s] -- Up-to-date: /home/tang/voice/ws_voice/install/wheeltec_mic_msg/include/wheeltec_mic_msg/wheeltec_mic_msg/srv/detail/get_device_type__rosidl_typesupport_fastrtps_cpp.hpp
[0.218s] -- Up-to-date: /home/tang/voice/ws_voice/install/wheeltec_mic_msg/include/wheeltec_mic_msg/wheeltec_mic_msg/srv/detail/dds_fastrtps
[0.218s] -- Up-to-date: /home/tang/voice/ws_voice/install/wheeltec_mic_msg/include/wheeltec_mic_msg/wheeltec_mic_msg/srv/detail/set_major_mic__rosidl_typesupport_fastrtps_cpp.hpp
[0.218s] -- Up-to-date: /home/tang/voice/ws_voice/install/wheeltec_mic_msg/include/wheeltec_mic_msg/wheeltec_mic_msg/srv/detail/get_offline_result__rosidl_typesupport_fastrtps_cpp.hpp
[0.218s] -- Up-to-date: /home/tang/voice/ws_voice/install/wheeltec_mic_msg/include/wheeltec_mic_msg/wheeltec_mic_msg/srv/detail/set_awake_word__rosidl_typesupport_fastrtps_cpp.hpp
[0.218s] -- Up-to-date: /home/tang/voice/ws_voice/install/wheeltec_mic_msg/include/wheeltec_mic_msg/wheeltec_mic_msg/srv/detail/switch_mic__rosidl_typesupport_fastrtps_cpp.hpp
[0.218s] -- Up-to-date: /home/tang/voice/ws_voice/install/wheeltec_mic_msg/include/wheeltec_mic_msg/wheeltec_mic_msg/msg
[0.218s] -- Up-to-date: /home/tang/voice/ws_voice/install/wheeltec_mic_msg/include/wheeltec_mic_msg/wheeltec_mic_msg/msg/rosidl_typesupport_fastrtps_cpp__visibility_control.h
[0.218s] -- Up-to-date: /home/tang/voice/ws_voice/install/wheeltec_mic_msg/include/wheeltec_mic_msg/wheeltec_mic_msg/msg/detail
[0.218s] -- Up-to-date: /home/tang/voice/ws_voice/install/wheeltec_mic_msg/include/wheeltec_mic_msg/wheeltec_mic_msg/msg/detail/dds_fastrtps
[0.218s] -- Up-to-date: /home/tang/voice/ws_voice/install/wheeltec_mic_msg/include/wheeltec_mic_msg/wheeltec_mic_msg/msg/detail/pcm_msg__rosidl_typesupport_fastrtps_cpp.hpp
[0.218s] -- Up-to-date: /home/tang/voice/ws_voice/install/wheeltec_mic_msg/include/wheeltec_mic_msg/wheeltec_mic_msg/msg/detail/motion_control__rosidl_typesupport_fastrtps_cpp.hpp
[0.218s] -- Up-to-date: /home/tang/voice/ws_voice/install/wheeltec_mic_msg/lib/libwheeltec_mic_msg__rosidl_typesupport_fastrtps_cpp.so
[0.218s] -- Up-to-date: /home/tang/voice/ws_voice/install/wheeltec_mic_msg/include/wheeltec_mic_msg/wheeltec_mic_msg
[0.218s] -- Up-to-date: /home/tang/voice/ws_voice/install/wheeltec_mic_msg/include/wheeltec_mic_msg/wheeltec_mic_msg/srv
[0.218s] -- Up-to-date: /home/tang/voice/ws_voice/install/wheeltec_mic_msg/include/wheeltec_mic_msg/wheeltec_mic_msg/srv/detail
[0.218s] -- Up-to-date: /home/tang/voice/ws_voice/install/wheeltec_mic_msg/include/wheeltec_mic_msg/wheeltec_mic_msg/srv/detail/set_awake_word__type_support.c
[0.218s] -- Up-to-date: /home/tang/voice/ws_voice/install/wheeltec_mic_msg/include/wheeltec_mic_msg/wheeltec_mic_msg/srv/detail/get_offline_result__type_support.c
[0.218s] -- Up-to-date: /home/tang/voice/ws_voice/install/wheeltec_mic_msg/include/wheeltec_mic_msg/wheeltec_mic_msg/srv/detail/switch_mic__type_support.c
[0.218s] -- Up-to-date: /home/tang/voice/ws_voice/install/wheeltec_mic_msg/include/wheeltec_mic_msg/wheeltec_mic_msg/srv/detail/get_device_type__rosidl_typesupport_introspection_c.h
[0.218s] -- Up-to-date: /home/tang/voice/ws_voice/install/wheeltec_mic_msg/include/wheeltec_mic_msg/wheeltec_mic_msg/srv/detail/switch_mic__rosidl_typesupport_introspection_c.h
[0.218s] -- Up-to-date: /home/tang/voice/ws_voice/install/wheeltec_mic_msg/include/wheeltec_mic_msg/wheeltec_mic_msg/srv/detail/get_device_type__type_support.c
[0.218s] -- Up-to-date: /home/tang/voice/ws_voice/install/wheeltec_mic_msg/include/wheeltec_mic_msg/wheeltec_mic_msg/srv/detail/set_major_mic__rosidl_typesupport_introspection_c.h
[0.218s] -- Up-to-date: /home/tang/voice/ws_voice/install/wheeltec_mic_msg/include/wheeltec_mic_msg/wheeltec_mic_msg/srv/detail/get_offline_result__rosidl_typesupport_introspection_c.h
[0.218s] -- Up-to-date: /home/tang/voice/ws_voice/install/wheeltec_mic_msg/include/wheeltec_mic_msg/wheeltec_mic_msg/srv/detail/set_major_mic__type_support.c
[0.218s] -- Up-to-date: /home/tang/voice/ws_voice/install/wheeltec_mic_msg/include/wheeltec_mic_msg/wheeltec_mic_msg/srv/detail/set_awake_word__rosidl_typesupport_introspection_c.h
[0.218s] -- Up-to-date: /home/tang/voice/ws_voice/install/wheeltec_mic_msg/include/wheeltec_mic_msg/wheeltec_mic_msg/msg
[0.218s] -- Up-to-date: /home/tang/voice/ws_voice/install/wheeltec_mic_msg/include/wheeltec_mic_msg/wheeltec_mic_msg/msg/rosidl_typesupport_introspection_c__visibility_control.h
[0.218s] -- Up-to-date: /home/tang/voice/ws_voice/install/wheeltec_mic_msg/include/wheeltec_mic_msg/wheeltec_mic_msg/msg/detail
[0.218s] -- Up-to-date: /home/tang/voice/ws_voice/install/wheeltec_mic_msg/include/wheeltec_mic_msg/wheeltec_mic_msg/msg/detail/motion_control__type_support.c
[0.218s] -- Up-to-date: /home/tang/voice/ws_voice/install/wheeltec_mic_msg/include/wheeltec_mic_msg/wheeltec_mic_msg/msg/detail/pcm_msg__type_support.c
[0.218s] -- Up-to-date: /home/tang/voice/ws_voice/install/wheeltec_mic_msg/include/wheeltec_mic_msg/wheeltec_mic_msg/msg/detail/motion_control__rosidl_typesupport_introspection_c.h
[0.218s] -- Up-to-date: /home/tang/voice/ws_voice/install/wheeltec_mic_msg/include/wheeltec_mic_msg/wheeltec_mic_msg/msg/detail/pcm_msg__rosidl_typesupport_introspection_c.h
[0.218s] -- Up-to-date: /home/tang/voice/ws_voice/install/wheeltec_mic_msg/lib/libwheeltec_mic_msg__rosidl_typesupport_introspection_c.so
[0.218s] -- Up-to-date: /home/tang/voice/ws_voice/install/wheeltec_mic_msg/lib/libwheeltec_mic_msg__rosidl_typesupport_c.so
[0.218s] -- Up-to-date: /home/tang/voice/ws_voice/install/wheeltec_mic_msg/include/wheeltec_mic_msg/wheeltec_mic_msg
[0.218s] -- Up-to-date: /home/tang/voice/ws_voice/install/wheeltec_mic_msg/include/wheeltec_mic_msg/wheeltec_mic_msg/srv
[0.218s] -- Up-to-date: /home/tang/voice/ws_voice/install/wheeltec_mic_msg/include/wheeltec_mic_msg/wheeltec_mic_msg/srv/detail
[0.218s] -- Up-to-date: /home/tang/voice/ws_voice/install/wheeltec_mic_msg/include/wheeltec_mic_msg/wheeltec_mic_msg/srv/detail/switch_mic__rosidl_typesupport_introspection_cpp.hpp
[0.218s] -- Up-to-date: /home/tang/voice/ws_voice/install/wheeltec_mic_msg/include/wheeltec_mic_msg/wheeltec_mic_msg/srv/detail/get_offline_result__rosidl_typesupport_introspection_cpp.hpp
[0.218s] -- Up-to-date: /home/tang/voice/ws_voice/install/wheeltec_mic_msg/include/wheeltec_mic_msg/wheeltec_mic_msg/srv/detail/set_major_mic__type_support.cpp
[0.218s] -- Up-to-date: /home/tang/voice/ws_voice/install/wheeltec_mic_msg/include/wheeltec_mic_msg/wheeltec_mic_msg/srv/detail/set_awake_word__type_support.cpp
[0.218s] -- Up-to-date: /home/tang/voice/ws_voice/install/wheeltec_mic_msg/include/wheeltec_mic_msg/wheeltec_mic_msg/srv/detail/get_offline_result__type_support.cpp
[0.218s] -- Up-to-date: /home/tang/voice/ws_voice/install/wheeltec_mic_msg/include/wheeltec_mic_msg/wheeltec_mic_msg/srv/detail/get_device_type__rosidl_typesupport_introspection_cpp.hpp
[0.219s] -- Up-to-date: /home/tang/voice/ws_voice/install/wheeltec_mic_msg/include/wheeltec_mic_msg/wheeltec_mic_msg/srv/detail/set_major_mic__rosidl_typesupport_introspection_cpp.hpp
[0.219s] -- Up-to-date: /home/tang/voice/ws_voice/install/wheeltec_mic_msg/include/wheeltec_mic_msg/wheeltec_mic_msg/srv/detail/set_awake_word__rosidl_typesupport_introspection_cpp.hpp
[0.219s] -- Up-to-date: /home/tang/voice/ws_voice/install/wheeltec_mic_msg/include/wheeltec_mic_msg/wheeltec_mic_msg/srv/detail/get_device_type__type_support.cpp
[0.219s] -- Up-to-date: /home/tang/voice/ws_voice/install/wheeltec_mic_msg/include/wheeltec_mic_msg/wheeltec_mic_msg/srv/detail/switch_mic__type_support.cpp
[0.219s] -- Up-to-date: /home/tang/voice/ws_voice/install/wheeltec_mic_msg/include/wheeltec_mic_msg/wheeltec_mic_msg/msg
[0.219s] -- Up-to-date: /home/tang/voice/ws_voice/install/wheeltec_mic_msg/include/wheeltec_mic_msg/wheeltec_mic_msg/msg/detail
[0.219s] -- Up-to-date: /home/tang/voice/ws_voice/install/wheeltec_mic_msg/include/wheeltec_mic_msg/wheeltec_mic_msg/msg/detail/pcm_msg__rosidl_typesupport_introspection_cpp.hpp
[0.219s] -- Up-to-date: /home/tang/voice/ws_voice/install/wheeltec_mic_msg/include/wheeltec_mic_msg/wheeltec_mic_msg/msg/detail/motion_control__type_support.cpp
[0.219s] -- Up-to-date: /home/tang/voice/ws_voice/install/wheeltec_mic_msg/include/wheeltec_mic_msg/wheeltec_mic_msg/msg/detail/motion_control__rosidl_typesupport_introspection_cpp.hpp
[0.219s] -- Up-to-date: /home/tang/voice/ws_voice/install/wheeltec_mic_msg/include/wheeltec_mic_msg/wheeltec_mic_msg/msg/detail/pcm_msg__type_support.cpp
[0.219s] -- Up-to-date: /home/tang/voice/ws_voice/install/wheeltec_mic_msg/lib/libwheeltec_mic_msg__rosidl_typesupport_introspection_cpp.so
[0.219s] -- Up-to-date: /home/tang/voice/ws_voice/install/wheeltec_mic_msg/lib/libwheeltec_mic_msg__rosidl_typesupport_cpp.so
[0.219s] -- Up-to-date: /home/tang/voice/ws_voice/install/wheeltec_mic_msg/share/wheeltec_mic_msg/environment/pythonpath.sh
[0.219s] -- Up-to-date: /home/tang/voice/ws_voice/install/wheeltec_mic_msg/share/wheeltec_mic_msg/environment/pythonpath.dsv
[0.219s] -- Up-to-date: /home/tang/voice/ws_voice/install/wheeltec_mic_msg/local/lib/python3.10/dist-packages/wheeltec_mic_msg-0.0.0-py3.10.egg-info
[0.219s] -- Installing: /home/tang/voice/ws_voice/install/wheeltec_mic_msg/local/lib/python3.10/dist-packages/wheeltec_mic_msg-0.0.0-py3.10.egg-info/PKG-INFO
[0.219s] -- Installing: /home/tang/voice/ws_voice/install/wheeltec_mic_msg/local/lib/python3.10/dist-packages/wheeltec_mic_msg-0.0.0-py3.10.egg-info/dependency_links.txt
[0.219s] -- Installing: /home/tang/voice/ws_voice/install/wheeltec_mic_msg/local/lib/python3.10/dist-packages/wheeltec_mic_msg-0.0.0-py3.10.egg-info/top_level.txt
[0.219s] -- Installing: /home/tang/voice/ws_voice/install/wheeltec_mic_msg/local/lib/python3.10/dist-packages/wheeltec_mic_msg-0.0.0-py3.10.egg-info/SOURCES.txt
[0.219s] -- Up-to-date: /home/tang/voice/ws_voice/install/wheeltec_mic_msg/local/lib/python3.10/dist-packages/wheeltec_mic_msg
[0.219s] -- Up-to-date: /home/tang/voice/ws_voice/install/wheeltec_mic_msg/local/lib/python3.10/dist-packages/wheeltec_mic_msg/wheeltec_mic_msg_s__rosidl_typesupport_fastrtps_c.cpython-310-x86_64-linux-gnu.so
[0.219s] -- Up-to-date: /home/tang/voice/ws_voice/install/wheeltec_mic_msg/local/lib/python3.10/dist-packages/wheeltec_mic_msg/wheeltec_mic_msg_s__rosidl_typesupport_introspection_c.cpython-310-x86_64-linux-gnu.so
[0.219s] -- Up-to-date: /home/tang/voice/ws_voice/install/wheeltec_mic_msg/local/lib/python3.10/dist-packages/wheeltec_mic_msg/libwheeltec_mic_msg__rosidl_generator_py.so
[0.219s] -- Up-to-date: /home/tang/voice/ws_voice/install/wheeltec_mic_msg/local/lib/python3.10/dist-packages/wheeltec_mic_msg/srv
[0.219s] -- Up-to-date: /home/tang/voice/ws_voice/install/wheeltec_mic_msg/local/lib/python3.10/dist-packages/wheeltec_mic_msg/srv/_set_awake_word.py
[0.219s] -- Up-to-date: /home/tang/voice/ws_voice/install/wheeltec_mic_msg/local/lib/python3.10/dist-packages/wheeltec_mic_msg/srv/_set_major_mic.py
[0.219s] -- Up-to-date: /home/tang/voice/ws_voice/install/wheeltec_mic_msg/local/lib/python3.10/dist-packages/wheeltec_mic_msg/srv/_get_offline_result.py
[0.219s] -- Up-to-date: /home/tang/voice/ws_voice/install/wheeltec_mic_msg/local/lib/python3.10/dist-packages/wheeltec_mic_msg/srv/_switch_mic.py
[0.219s] -- Up-to-date: /home/tang/voice/ws_voice/install/wheeltec_mic_msg/local/lib/python3.10/dist-packages/wheeltec_mic_msg/srv/_set_major_mic_s.c
[0.219s] -- Up-to-date: /home/tang/voice/ws_voice/install/wheeltec_mic_msg/local/lib/python3.10/dist-packages/wheeltec_mic_msg/srv/_switch_mic_s.c
[0.219s] -- Up-to-date: /home/tang/voice/ws_voice/install/wheeltec_mic_msg/local/lib/python3.10/dist-packages/wheeltec_mic_msg/srv/_set_awake_word_s.c
[0.219s] -- Up-to-date: /home/tang/voice/ws_voice/install/wheeltec_mic_msg/local/lib/python3.10/dist-packages/wheeltec_mic_msg/srv/__init__.py
[0.219s] -- Up-to-date: /home/tang/voice/ws_voice/install/wheeltec_mic_msg/local/lib/python3.10/dist-packages/wheeltec_mic_msg/srv/_get_device_type_s.c
[0.219s] -- Up-to-date: /home/tang/voice/ws_voice/install/wheeltec_mic_msg/local/lib/python3.10/dist-packages/wheeltec_mic_msg/srv/_get_offline_result_s.c
[0.219s] -- Up-to-date: /home/tang/voice/ws_voice/install/wheeltec_mic_msg/local/lib/python3.10/dist-packages/wheeltec_mic_msg/srv/_get_device_type.py
[0.219s] -- Up-to-date: /home/tang/voice/ws_voice/install/wheeltec_mic_msg/local/lib/python3.10/dist-packages/wheeltec_mic_msg/msg
[0.219s] -- Up-to-date: /home/tang/voice/ws_voice/install/wheeltec_mic_msg/local/lib/python3.10/dist-packages/wheeltec_mic_msg/msg/_motion_control_s.c
[0.219s] -- Up-to-date: /home/tang/voice/ws_voice/install/wheeltec_mic_msg/local/lib/python3.10/dist-packages/wheeltec_mic_msg/msg/_pcm_msg_s.c
[0.219s] -- Up-to-date: /home/tang/voice/ws_voice/install/wheeltec_mic_msg/local/lib/python3.10/dist-packages/wheeltec_mic_msg/msg/__init__.py
[0.219s] -- Up-to-date: /home/tang/voice/ws_voice/install/wheeltec_mic_msg/local/lib/python3.10/dist-packages/wheeltec_mic_msg/msg/_pcm_msg.py
[0.219s] -- Up-to-date: /home/tang/voice/ws_voice/install/wheeltec_mic_msg/local/lib/python3.10/dist-packages/wheeltec_mic_msg/msg/_motion_control.py
[0.219s] -- Up-to-date: /home/tang/voice/ws_voice/install/wheeltec_mic_msg/local/lib/python3.10/dist-packages/wheeltec_mic_msg/_wheeltec_mic_msg_s.ep.rosidl_typesupport_c.c
[0.219s] -- Up-to-date: /home/tang/voice/ws_voice/install/wheeltec_mic_msg/local/lib/python3.10/dist-packages/wheeltec_mic_msg/__init__.py
[0.219s] -- Up-to-date: /home/tang/voice/ws_voice/install/wheeltec_mic_msg/local/lib/python3.10/dist-packages/wheeltec_mic_msg/wheeltec_mic_msg_s__rosidl_typesupport_c.cpython-310-x86_64-linux-gnu.so
[0.219s] -- Up-to-date: /home/tang/voice/ws_voice/install/wheeltec_mic_msg/local/lib/python3.10/dist-packages/wheeltec_mic_msg/_wheeltec_mic_msg_s.ep.rosidl_typesupport_fastrtps_c.c
[0.220s] -- Up-to-date: /home/tang/voice/ws_voice/install/wheeltec_mic_msg/local/lib/python3.10/dist-packages/wheeltec_mic_msg/_wheeltec_mic_msg_s.ep.rosidl_typesupport_introspection_c.c
[0.238s] Listing '/home/tang/voice/ws_voice/install/wheeltec_mic_msg/local/lib/python3.10/dist-packages/wheeltec_mic_msg'...
[0.238s] Listing '/home/tang/voice/ws_voice/install/wheeltec_mic_msg/local/lib/python3.10/dist-packages/wheeltec_mic_msg/msg'...
[0.238s] Listing '/home/tang/voice/ws_voice/install/wheeltec_mic_msg/local/lib/python3.10/dist-packages/wheeltec_mic_msg/srv'...
[0.240s] -- Up-to-date: /home/tang/voice/ws_voice/install/wheeltec_mic_msg/local/lib/python3.10/dist-packages/wheeltec_mic_msg/wheeltec_mic_msg_s__rosidl_typesupport_fastrtps_c.cpython-310-x86_64-linux-gnu.so
[0.240s] -- Up-to-date: /home/tang/voice/ws_voice/install/wheeltec_mic_msg/local/lib/python3.10/dist-packages/wheeltec_mic_msg/wheeltec_mic_msg_s__rosidl_typesupport_introspection_c.cpython-310-x86_64-linux-gnu.so
[0.241s] -- Up-to-date: /home/tang/voice/ws_voice/install/wheeltec_mic_msg/local/lib/python3.10/dist-packages/wheeltec_mic_msg/wheeltec_mic_msg_s__rosidl_typesupport_c.cpython-310-x86_64-linux-gnu.so
[0.241s] -- Up-to-date: /home/tang/voice/ws_voice/install/wheeltec_mic_msg/lib/libwheeltec_mic_msg__rosidl_generator_py.so
[0.241s] -- Up-to-date: /home/tang/voice/ws_voice/install/wheeltec_mic_msg/share/wheeltec_mic_msg/msg/PcmMsg.idl
[0.241s] -- Up-to-date: /home/tang/voice/ws_voice/install/wheeltec_mic_msg/share/wheeltec_mic_msg/msg/MotionControl.idl
[0.241s] -- Up-to-date: /home/tang/voice/ws_voice/install/wheeltec_mic_msg/share/wheeltec_mic_msg/srv/GetDeviceType.idl
[0.241s] -- Up-to-date: /home/tang/voice/ws_voice/install/wheeltec_mic_msg/share/wheeltec_mic_msg/srv/GetOfflineResult.idl
[0.241s] -- Up-to-date: /home/tang/voice/ws_voice/install/wheeltec_mic_msg/share/wheeltec_mic_msg/srv/SetAwakeWord.idl
[0.241s] -- Up-to-date: /home/tang/voice/ws_voice/install/wheeltec_mic_msg/share/wheeltec_mic_msg/srv/SetMajorMic.idl
[0.241s] -- Up-to-date: /home/tang/voice/ws_voice/install/wheeltec_mic_msg/share/wheeltec_mic_msg/srv/SwitchMic.idl
[0.241s] -- Up-to-date: /home/tang/voice/ws_voice/install/wheeltec_mic_msg/share/wheeltec_mic_msg/msg/PcmMsg.msg
[0.241s] -- Up-to-date: /home/tang/voice/ws_voice/install/wheeltec_mic_msg/share/wheeltec_mic_msg/msg/MotionControl.msg
[0.241s] -- Up-to-date: /home/tang/voice/ws_voice/install/wheeltec_mic_msg/share/wheeltec_mic_msg/srv/GetDeviceType.srv
[0.241s] -- Up-to-date: /home/tang/voice/ws_voice/install/wheeltec_mic_msg/share/wheeltec_mic_msg/srv/GetDeviceType_Request.msg
[0.241s] -- Up-to-date: /home/tang/voice/ws_voice/install/wheeltec_mic_msg/share/wheeltec_mic_msg/srv/GetDeviceType_Response.msg
[0.241s] -- Up-to-date: /home/tang/voice/ws_voice/install/wheeltec_mic_msg/share/wheeltec_mic_msg/srv/GetOfflineResult.srv
[0.241s] -- Up-to-date: /home/tang/voice/ws_voice/install/wheeltec_mic_msg/share/wheeltec_mic_msg/srv/GetOfflineResult_Request.msg
[0.241s] -- Up-to-date: /home/tang/voice/ws_voice/install/wheeltec_mic_msg/share/wheeltec_mic_msg/srv/GetOfflineResult_Response.msg
[0.241s] -- Up-to-date: /home/tang/voice/ws_voice/install/wheeltec_mic_msg/share/wheeltec_mic_msg/srv/SetAwakeWord.srv
[0.241s] -- Up-to-date: /home/tang/voice/ws_voice/install/wheeltec_mic_msg/share/wheeltec_mic_msg/srv/SetAwakeWord_Request.msg
[0.241s] -- Up-to-date: /home/tang/voice/ws_voice/install/wheeltec_mic_msg/share/wheeltec_mic_msg/srv/SetAwakeWord_Response.msg
[0.241s] -- Up-to-date: /home/tang/voice/ws_voice/install/wheeltec_mic_msg/share/wheeltec_mic_msg/srv/SetMajorMic.srv
[0.241s] -- Up-to-date: /home/tang/voice/ws_voice/install/wheeltec_mic_msg/share/wheeltec_mic_msg/srv/SetMajorMic_Request.msg
[0.241s] -- Up-to-date: /home/tang/voice/ws_voice/install/wheeltec_mic_msg/share/wheeltec_mic_msg/srv/SetMajorMic_Response.msg
[0.241s] -- Up-to-date: /home/tang/voice/ws_voice/install/wheeltec_mic_msg/share/wheeltec_mic_msg/srv/SwitchMic.srv
[0.241s] -- Up-to-date: /home/tang/voice/ws_voice/install/wheeltec_mic_msg/share/wheeltec_mic_msg/srv/SwitchMic_Request.msg
[0.242s] -- Up-to-date: /home/tang/voice/ws_voice/install/wheeltec_mic_msg/share/wheeltec_mic_msg/srv/SwitchMic_Response.msg
[0.242s] -- Up-to-date: /home/tang/voice/ws_voice/install/wheeltec_mic_msg/share/ament_index/resource_index/package_run_dependencies/wheeltec_mic_msg
[0.242s] -- Up-to-date: /home/tang/voice/ws_voice/install/wheeltec_mic_msg/share/ament_index/resource_index/parent_prefix_path/wheeltec_mic_msg
[0.242s] -- Up-to-date: /home/tang/voice/ws_voice/install/wheeltec_mic_msg/share/wheeltec_mic_msg/environment/ament_prefix_path.sh
[0.242s] -- Up-to-date: /home/tang/voice/ws_voice/install/wheeltec_mic_msg/share/wheeltec_mic_msg/environment/ament_prefix_path.dsv
[0.242s] -- Up-to-date: /home/tang/voice/ws_voice/install/wheeltec_mic_msg/share/wheeltec_mic_msg/environment/path.sh
[0.242s] -- Up-to-date: /home/tang/voice/ws_voice/install/wheeltec_mic_msg/share/wheeltec_mic_msg/environment/path.dsv
[0.242s] -- Up-to-date: /home/tang/voice/ws_voice/install/wheeltec_mic_msg/share/wheeltec_mic_msg/local_setup.bash
[0.242s] -- Up-to-date: /home/tang/voice/ws_voice/install/wheeltec_mic_msg/share/wheeltec_mic_msg/local_setup.sh
[0.242s] -- Up-to-date: /home/tang/voice/ws_voice/install/wheeltec_mic_msg/share/wheeltec_mic_msg/local_setup.zsh
[0.242s] -- Up-to-date: /home/tang/voice/ws_voice/install/wheeltec_mic_msg/share/wheeltec_mic_msg/local_setup.dsv
[0.242s] -- Installing: /home/tang/voice/ws_voice/install/wheeltec_mic_msg/share/wheeltec_mic_msg/package.dsv
[0.242s] -- Up-to-date: /home/tang/voice/ws_voice/install/wheeltec_mic_msg/share/ament_index/resource_index/packages/wheeltec_mic_msg
[0.242s] -- Up-to-date: /home/tang/voice/ws_voice/install/wheeltec_mic_msg/share/wheeltec_mic_msg/cmake/export_wheeltec_mic_msg__rosidl_generator_cExport.cmake
[0.242s] -- Up-to-date: /home/tang/voice/ws_voice/install/wheeltec_mic_msg/share/wheeltec_mic_msg/cmake/export_wheeltec_mic_msg__rosidl_generator_cExport-noconfig.cmake
[0.242s] -- Up-to-date: /home/tang/voice/ws_voice/install/wheeltec_mic_msg/share/wheeltec_mic_msg/cmake/export_wheeltec_mic_msg__rosidl_typesupport_fastrtps_cExport.cmake
[0.242s] -- Up-to-date: /home/tang/voice/ws_voice/install/wheeltec_mic_msg/share/wheeltec_mic_msg/cmake/export_wheeltec_mic_msg__rosidl_typesupport_fastrtps_cExport-noconfig.cmake
[0.242s] -- Up-to-date: /home/tang/voice/ws_voice/install/wheeltec_mic_msg/share/wheeltec_mic_msg/cmake/export_wheeltec_mic_msg__rosidl_generator_cppExport.cmake
[0.242s] -- Up-to-date: /home/tang/voice/ws_voice/install/wheeltec_mic_msg/share/wheeltec_mic_msg/cmake/export_wheeltec_mic_msg__rosidl_typesupport_fastrtps_cppExport.cmake
[0.242s] -- Up-to-date: /home/tang/voice/ws_voice/install/wheeltec_mic_msg/share/wheeltec_mic_msg/cmake/export_wheeltec_mic_msg__rosidl_typesupport_fastrtps_cppExport-noconfig.cmake
[0.242s] -- Up-to-date: /home/tang/voice/ws_voice/install/wheeltec_mic_msg/share/wheeltec_mic_msg/cmake/wheeltec_mic_msg__rosidl_typesupport_introspection_cExport.cmake
[0.242s] -- Up-to-date: /home/tang/voice/ws_voice/install/wheeltec_mic_msg/share/wheeltec_mic_msg/cmake/wheeltec_mic_msg__rosidl_typesupport_introspection_cExport-noconfig.cmake
[0.242s] -- Up-to-date: /home/tang/voice/ws_voice/install/wheeltec_mic_msg/share/wheeltec_mic_msg/cmake/wheeltec_mic_msg__rosidl_typesupport_cExport.cmake
[0.242s] -- Up-to-date: /home/tang/voice/ws_voice/install/wheeltec_mic_msg/share/wheeltec_mic_msg/cmake/wheeltec_mic_msg__rosidl_typesupport_cExport-noconfig.cmake
[0.242s] -- Up-to-date: /home/tang/voice/ws_voice/install/wheeltec_mic_msg/share/wheeltec_mic_msg/cmake/wheeltec_mic_msg__rosidl_typesupport_introspection_cppExport.cmake
[0.242s] -- Up-to-date: /home/tang/voice/ws_voice/install/wheeltec_mic_msg/share/wheeltec_mic_msg/cmake/wheeltec_mic_msg__rosidl_typesupport_introspection_cppExport-noconfig.cmake
[0.242s] -- Up-to-date: /home/tang/voice/ws_voice/install/wheeltec_mic_msg/share/wheeltec_mic_msg/cmake/wheeltec_mic_msg__rosidl_typesupport_cppExport.cmake
[0.242s] -- Up-to-date: /home/tang/voice/ws_voice/install/wheeltec_mic_msg/share/wheeltec_mic_msg/cmake/wheeltec_mic_msg__rosidl_typesupport_cppExport-noconfig.cmake
[0.242s] -- Up-to-date: /home/tang/voice/ws_voice/install/wheeltec_mic_msg/share/wheeltec_mic_msg/cmake/export_wheeltec_mic_msg__rosidl_generator_pyExport.cmake
[0.242s] -- Up-to-date: /home/tang/voice/ws_voice/install/wheeltec_mic_msg/share/wheeltec_mic_msg/cmake/export_wheeltec_mic_msg__rosidl_generator_pyExport-noconfig.cmake
[0.242s] -- Up-to-date: /home/tang/voice/ws_voice/install/wheeltec_mic_msg/share/wheeltec_mic_msg/cmake/rosidl_cmake-extras.cmake
[0.242s] -- Up-to-date: /home/tang/voice/ws_voice/install/wheeltec_mic_msg/share/wheeltec_mic_msg/cmake/ament_cmake_export_dependencies-extras.cmake
[0.242s] -- Up-to-date: /home/tang/voice/ws_voice/install/wheeltec_mic_msg/share/wheeltec_mic_msg/cmake/ament_cmake_export_include_directories-extras.cmake
[0.242s] -- Up-to-date: /home/tang/voice/ws_voice/install/wheeltec_mic_msg/share/wheeltec_mic_msg/cmake/ament_cmake_export_libraries-extras.cmake
[0.243s] -- Up-to-date: /home/tang/voice/ws_voice/install/wheeltec_mic_msg/share/wheeltec_mic_msg/cmake/ament_cmake_export_targets-extras.cmake
[0.243s] -- Up-to-date: /home/tang/voice/ws_voice/install/wheeltec_mic_msg/share/wheeltec_mic_msg/cmake/rosidl_cmake_export_typesupport_targets-extras.cmake
[0.243s] -- Up-to-date: /home/tang/voice/ws_voice/install/wheeltec_mic_msg/share/wheeltec_mic_msg/cmake/rosidl_cmake_export_typesupport_libraries-extras.cmake
[0.243s] -- Up-to-date: /home/tang/voice/ws_voice/install/wheeltec_mic_msg/share/wheeltec_mic_msg/cmake/wheeltec_mic_msgConfig.cmake
[0.243s] -- Up-to-date: /home/tang/voice/ws_voice/install/wheeltec_mic_msg/share/wheeltec_mic_msg/cmake/wheeltec_mic_msgConfig-version.cmake
[0.243s] -- Up-to-date: /home/tang/voice/ws_voice/install/wheeltec_mic_msg/share/wheeltec_mic_msg/package.xml
[0.244s] Invoked command in '/home/tang/voice/ws_voice/build/wheeltec_mic_msg' returned '0': CMAKE_PREFIX_PATH=${CMAKE_PREFIX_PATH}:/opt/ros/humble /usr/bin/cmake --install /home/tang/voice/ws_voice/build/wheeltec_mic_msg
